09-28-14:39:03:054  : 相机 Send: System.Byte[]，成功
09-28-14:39:20:478  : 相机 Send: System.Byte[]，成功
09-28-14:39:33:616  : 相机 Received: 84 50 59 53 44 49 50 55 46 48 46 48 46 49 58 50 51 57 49 50
09-28-14:40:03:168  : 相机 Send: System.Byte[]，成功
09-28-14:59:19:924  : 相机 Send: System.Byte[]，成功
09-28-14:59:19:924  : 相机 Received: 84 50 59 51 44 49 50 55 46 48 46 48 46 49 58 50 52 48 57 53
09-28-14:59:30:811  : 相机 Send: System.Byte[]，成功
09-28-14:59:41:528  : 相机 Received: 84 50 59 53 44 49 50 55 46 48 46 48 46 49 58 50 52 48 57 53
09-28-14:59:52:633  : 相机 Received: 67 67 68 49 44 57 57 57 44 57 57 57 44 57 57 57 44 57 57 57 44 57 57 57 44 57 57 57 44 57 57 57 44 57 57 57 44 57 57 57 44 57 57 57 44 57 57 57 44 57 57 57 44 57 57 57 44 57 57 57 44 57 57 57 44 57 57 57 44 57 57 57 44 57 57 57
09-28-14:59:52:633  : 相机 Send: System.Byte[]，成功
09-28-15:00:51:098  : 相机 Received: 84 50 59 51 44 49 50 55 46 48 46 48 46 49 58 50 52 48 57 53
09-28-15:01:01:117  : 相机 Send: System.Byte[]，成功
09-28-15:01:11:144  : 相机 Send: System.Byte[]，成功
09-28-15:01:21:185  : 相机 Send: System.Byte[]，成功
09-28-15:14:10:122  : 相机 Send: System.Byte[]，成功
09-28-15:14:40:765  : 相机 Received: 67 67 68 49 44 48 46 52 50 49 44 52 52 46 48 53 52
09-28-15:14:40:765  : 相机 Send: System.Byte[]，成功
09-28-15:18:22:502  : 相机 Send: System.Byte[]，成功
09-28-15:18:22:502  : 相机 Received: 84 50 59 51 44 49 50 55 46 48 46 48 46 49 58 50 52 48 57 53
09-28-15:18:32:498  : 相机 Send: System.Byte[]，成功
09-28-15:18:42:528  : 相机 Received: 84 50 59 53 44 49 50 55 46 48 46 48 46 49 58 50 52 48 57 53
09-28-15:18:52:595  : 相机 Received: 67 67 68 49 44 57 57 57 44 57 57 57 44 57 57 57 44 57 57 57 44 57 57 57 44 57 57 57 44 57 57 57 44 57 57 57 44 57 57 57 44 57 57 57 44 57 57 57 44 57 57 57 44 57 57 57 44 57 57 57 44 57 57 57 44 57 57 57 44 57 57 57 44 57 57 57
09-28-15:18:52:595  : 相机 Send: System.Byte[]，成功
09-28-15:51:20:520  : 相机 Send: System.Byte[]，成功
09-28-15:51:30:546  : 相机 Send: System.Byte[]，成功
09-28-15:51:40:558  : 相机 Send: System.Byte[]，成功
09-28-15:51:40:558  : 相机 Received: 84 50 59 53 44 49 50 55 46 48 46 48 46 49 58 50 52 48 57 53
09-28-15:51:50:676  : 相机 Received: 67 67 68 49 44 57 57 57 44 57 57 57 44 57 57 57 44 57 57 57 44 57 57 57 44 57 57 57 44 57 57 57 44 57 57 57 44 57 57 57 44 57 57 57 44 57 57 57 44 57 57 57 44 57 57 57 44 57 57 57 44 57 57 57 44 57 57 57 44 57 57 57 44 57 57 57
09-28-15:51:50:676  : 相机 Send: System.Byte[]，成功
09-28-16:24:13:048  : 相机 Received: 84 49 59 49 44 49 50 55 46 48 46 48 46 49 58 50 52 48 57 53
09-28-16:24:43:703  : 相机 Received: 67 67 68 49 44 48 46 52 56 51 44 52 51 46 56 52 54
09-28-16:24:43:703  : 相机 Send: System.Byte[]，成功
09-28-16:27:14:352  : 相机 Received: 84 50 59 51 44 49 50 55 46 48 46 48 46 49 58 50 52 48 57 53
09-28-16:27:24:355  : 相机 Received: 84 50 59 52 44 49 50 55 46 48 46 48 46 49 58 50 52 48 57 53
09-28-16:27:34:380  : 相机 Send: System.Byte[]，成功
09-28-16:27:44:431  : 相机 Received: 67 67 68 49 44 57 57 57 44 57 57 57 44 57 57 57 44 57 57 57 44 57 57 57 44 57 57 57 44 57 57 57 44 57 57 57 44 57 57 57 44 57 57 57 44 57 57 57 44 57 57 57 44 57 57 57 44 57 57 57 44 57 57 57 44 57 57 57 44 57 57 57 44 57 57 57
09-28-16:27:44:431  : 相机 Send: System.Byte[]，成功
09-28-16:38:35:003  : 相机 Received: 84 49 59 49 44 49 50 55 46 48 46 48 46 49 58 50 52 48 57 53
09-28-16:39:05:675  : 相机 Received: 67 67 68 49 44 57 57 57 44 57 57 57
09-28-16:39:05:675  : 相机 Send: System.Byte[]，成功
09-28-16:39:42:324  : 相机 Send: System.Byte[]，成功
09-28-16:40:13:011  : 相机 Send: System.Byte[]，成功
09-28-16:40:13:011  : 相机 Received: 67 67 68 49 44 48 46 51 56 54 44 52 51 46 57 56 55
09-28-16:43:58:486  : 相机 Received: 84 50 59 51 44 49 50 55 46 48 46 48 46 49 58 50 52 48 57 53
09-28-16:43:58:486  : 相机 Send: System.Byte[]，成功
09-28-16:44:08:473  : 相机 Send: System.Byte[]，成功
09-28-16:44:18:489  : 相机 Received: 84 50 59 53 44 49 50 55 46 48 46 48 46 49 58 50 52 48 57 53
09-28-16:44:28:565  : 相机 Received: 67 67 68 49 44 57 57 57 44 57 57 57 44 57 57 57 44 57 57 57 44 57 57 57 44 57 57 57 44 57 57 57 44 57 57 57 44 57 57 57 44 57 57 57 44 57 57 57 44 57 57 57 44 57 57 57 44 57 57 57 44 57 57 57 44 57 57 57 44 57 57 57 44 57 57 57
09-28-16:44:28:565  : 相机 Send: System.Byte[]，成功
09-28-17:10:20:324  : 相机 Received: 84 50 59 51 44 49 50 55 46 48 46 48 46 49 58 50 52 48 57 53
09-28-17:10:30:336  : 相机 Received: 84 50 59 52 44 49 50 55 46 48 46 48 46 49 58 50 52 48 57 53
09-28-17:10:40:348  : 相机 Received: 84 50 59 53 44 49 50 55 46 48 46 48 46 49 58 50 52 48 57 53
09-28-17:10:40:348  : 相机 Send: System.Byte[]，成功
09-28-17:10:50:428  : 相机 Received: 67 67 68 49 44 57 57 57 44 57 57 57 44 57 57 57 44 57 57 57 44 57 57 57 44 57 57 57 44 57 57 57 44 57 57 57 44 57 57 57 44 57 57 57 44 57 57 57 44 57 57 57 44 57 57 57 44 57 57 57 44 57 57 57 44 57 57 57 44 57 57 57 44 57 57 57
09-28-17:10:50:428  : 相机 Send: System.Byte[]，成功
09-28-17:17:15:035  : 相机 Received: 84 50 59 51 44 49 50 55 46 48 46 48 46 49 58 50 52 48 57 53
09-28-17:17:15:035  : 相机 Send: System.Byte[]，成功
09-28-17:17:25:045  : 相机 Received: 84 50 59 52 44 49 50 55 46 48 46 48 46 49 58 50 52 48 57 53
09-28-17:17:35:053  : 相机 Received: 84 50 59 53 44 49 50 55 46 48 46 48 46 49 58 50 52 48 57 53
09-28-17:17:35:053  : 相机 Send: System.Byte[]，成功
09-28-17:17:45:248  : 相机 Received: 67 67 68 49 44 48 46 48 48 56 44 48 46 51 52 49 44 48 46 48 50 49 44 48 46 48 48 57 44 48 46 48 49 50 44 48 46 48 56 44 48 46 48 48 56 44 48 46 49 55 57 44 48 46 48 49 55 44 48 46 49 56 53 44 48 46 50 52 57 44 48 46 50 52 55 44 48 46 50 51 55 44 49 46 49 48 50 44 48 46 52 51 51 44 48 46 51 49 50 44 50 46 50 48 54 44 49 46 51 54 50
09-28-17:17:45:248  : 相机 Send: System.Byte[]，成功
09-28-17:22:11:857  : 相机 Received: 84 49 59 49 44 49 50 55 46 48 46 48 46 49 58 50 52 48 57 53
09-28-17:22:42:462  : 相机 Received: 67 67 68 49 44 45 48 46 56 51 54 44 52 51 46 54 56 56
09-28-17:22:42:463  : 相机 Send: System.Byte[]，成功
09-28-17:23:17:978  : 相机 Send: System.Byte[]，成功
09-28-17:23:48:592  : 相机 Received: 67 67 68 49 44 48 46 52 52 57 44 52 51 46 56 49 51
09-28-17:23:48:593  : 相机 Send: System.Byte[]，成功
09-28-17:29:39:658  : 相机 Received: 84 49 59 49 44 49 50 55 46 48 46 48 46 49 58 50 52 48 57 53
09-28-17:30:10:308  : 相机 Received: 67 67 68 49 44 48 46 51 49 53 44 52 51 46 56 50 52
09-28-17:30:10:308  : 相机 Send: System.Byte[]，成功
09-28-17:30:47:983  : 相机 Send: System.Byte[]，成功
09-28-17:31:18:644  : 相机 Received: 67 67 68 49 44 48 46 51 49 52 44 52 51 46 56 50 52
09-28-17:31:18:645  : 相机 Send: System.Byte[]，成功
09-28-17:34:53:877  : 相机 Send: System.Byte[]，成功
09-28-17:35:03:874  : 相机 Received: 84 50 59 52 44 49 50 55 46 48 46 48 46 49 58 50 52 48 57 53
09-28-17:35:03:874  : 相机 Send: System.Byte[]，成功
09-28-17:35:13:885  : 相机 Send: System.Byte[]，成功
09-28-17:35:24:024  : 相机 Received: 67 67 68 49 44 57 57 57 44 57 57 57 44 57 57 57 44 57 57 57 44 57 57 57 44 57 57 57 44 57 57 57 44 57 57 57 44 57 57 57 44 57 57 57 44 57 57 57 44 57 57 57 44 57 57 57 44 57 57 57 44 57 57 57 44 57 57 57 44 57 57 57 44 57 57 57
09-28-17:35:24:024  : 相机 Send: System.Byte[]，成功
09-28-17:38:48:399  : 相机 Received: 84 50 59 51 44 49 50 55 46 48 46 48 46 49 58 50 52 48 57 53
09-28-17:38:58:414  : 相机 Send: System.Byte[]，成功
09-28-17:39:08:413  : 相机 Received: 84 50 59 53 44 49 50 55 46 48 46 48 46 49 58 50 52 48 57 53
09-28-17:39:18:468  : 相机 Received: 67 67 68 49 44 57 57 57 44 57 57 57 44 57 57 57 44 57 57 57 44 57 57 57 44 57 57 57 44 57 57 57 44 57 57 57 44 57 57 57 44 57 57 57 44 57 57 57 44 57 57 57 44 57 57 57 44 57 57 57 44 57 57 57 44 57 57 57 44 57 57 57 44 57 57 57
09-28-17:39:18:468  : 相机 Send: System.Byte[]，成功
09-28-17:44:55:784  : 相机 Received: 84 50 59 51 44 49 50 55 46 48 46 48 46 49 58 50 52 48 57 53
09-28-17:44:55:785  : 相机 Send: System.Byte[]，成功
09-28-17:45:05:801  : 相机 Received: 84 50 59 52 44 49 50 55 46 48 46 48 46 49 58 50 52 48 57 53
09-28-17:45:15:793  : 相机 Send: System.Byte[]，成功
09-28-17:45:25:925  : 相机 Send: System.Byte[]，成功
09-28-17:49:44:778  : 相机 Received: 84 50 59 51 44 49 50 55 46 48 46 48 46 49 58 50 52 48 57 53
09-28-17:49:44:778  : 相机 Send: System.Byte[]，成功
09-28-17:49:54:800  : 相机 Received: 84 50 59 52 44 49 50 55 46 48 46 48 46 49 58 50 52 48 57 53
09-28-17:50:04:805  : 相机 Received: 84 50 59 53 44 49 50 55 46 48 46 48 46 49 58 50 52 48 57 53
09-28-17:50:14:936  : 相机 Received: 67 67 68 49 44 48 46 48 48 54 44 48 46 53 50 54 44 48 46 48 51 56 44 48 46 48 51 53 44 48 46 48 49 50 44 48 46 48 53 52 44 48 46 48 54 52 44 49 46 48 51 52 44 48 46 48 54 49 44 48 46 50 55 44 48 46 50 50 49 44 48 46 50 56 55 44 48 46 51 51 53 44 49 46 50 49 49 44 48 46 52 54 56 44 48 46 50 57 52 44 48 46 54 50 52 44 48 46 51 51 49
09-28-17:50:14:936  : 相机 Send: System.Byte[]，成功
