10-14-09:10:14:025  : 相机 Received: 84 49 59 49 44 49 50 55 46 48 46 48 46 49 58 50 53 49 55
10-14-09:10:30:489  : 相机 Received: 67 67 68 49 44 48 46 52 51 56 44 52 51 46 54 53 53 44 50 46 49 53 53 44 50 46 50 50 52 44 45 56 46 55 52 44 50 46 49 56 57
10-14-09:11:52:590  : 相机 Received: 67 67 68 49 44 50 46 51 50 52 44 50 46 50 57 55 44 51 46 48 52 56 44 51 46 48 53 52 44 45 49 51 46 52 50 51 44 50 46 51 49 49
10-14-09:11:52:590  : 相机 Send: System.Byte[]，成功
10-14-09:21:18:201  : 相机 Send: System.Byte[]，成功
10-14-09:21:34:666  : 相机 Received: 67 67 68 49 44 48 46 51 54 44 52 51 46 55 44 50 46 48 48 52 44 50 46 49 57 49 44 45 56 46 56 55 55 44 50 46 48 57 56
10-14-09:22:47:882  : 相机 Received: 67 67 68 49 44 50 46 48 51 49 44 50 46 49 54 49 44 51 46 48 52 56 44 51 46 48 52 55 44 45 49 51 46 48 57 51 44 50 46 48 57 54
10-14-09:22:47:882  : 相机 Send: System.Byte[]，成功
10-14-09:30:48:881  : 相机 Received: 84 49 59 49 44 49 50 55 46 48 46 48 46 49 58 50 53 49 55
10-14-09:31:05:366  : 相机 Received: 67 67 68 49 44 48 46 51 55 44 52 51 46 55 52 49 44 50 46 48 50 57 44 50 46 49 54 52 44 45 55 46 50 50 57 44 50 46 48 57 54
10-14-09:32:21:331  : 相机 Received: 67 67 68 49 44 50 46 48 53 53 44 50 46 49 54 55 44 51 46 48 52 53 44 51 46 48 53 55 44 45 49 50 46 57 51 51 44 50 46 49 49 49
10-14-09:32:21:331  : 相机 Send: System.Byte[]，成功
10-14-09:39:43:601  : 相机 Send: System.Byte[]，成功
10-14-09:40:00:050  : 相机 Send: System.Byte[]，成功
10-14-09:41:11:776  : 相机 Received: 67 67 68 49 44 50 46 48 49 51 44 50 46 49 55 50 44 51 46 48 53 55 44 51 46 48 54 55 44 45 49 52 46 50 55 50 44 50 46 48 57 50
10-14-09:41:11:776  : 相机 Send: System.Byte[]，成功
10-14-09:49:45:834  : 相机 Received: 84 49 59 49 44 49 50 55 46 48 46 48 46 49 58 50 53 49 55
10-14-09:49:45:834  : 相机 Send: System.Byte[]，成功
10-14-09:50:02:282  : 相机 Send: System.Byte[]，成功
10-14-09:52:59:422  : 相机 Received: 67 67 68 49 44 50 46 48 50 57 44 50 46 49 56 44 51 46 48 53 56 44 51 46 48 53 44 45 49 51 46 48 48 55 44 50 46 49 48 52
10-14-09:52:59:422  : 相机 Send: System.Byte[]，成功
10-14-10:01:36:344  : 相机 Received: 84 49 59 49 44 49 50 55 46 48 46 48 46 49 58 50 53 49 55
10-14-10:01:52:783  : 相机 Send: System.Byte[]，成功
10-14-10:01:52:783  : 相机 Received: 67 67 68 49 44 48 46 50 56 49 44 52 51 46 55 54 56 44 49 46 56 56 55 44 50 46 49 49 56 44 45 57 46 50 49 55 44 50 46 48 48 51
10-14-10:03:05:467  : 相机 Received: 67 67 68 49 44 50 46 48 50 52 44 50 46 49 56 49 44 51 46 48 53 56 44 51 46 48 52 51 44 45 49 51 46 48 53 50 44 50 46 49 48 51
10-14-10:03:05:467  : 相机 Send: System.Byte[]，成功
10-14-10:13:14:621  : 相机 Received: 84 49 59 49 44 49 50 55 46 48 46 48 46 49 58 50 53 49 55
10-14-10:13:31:078  : 相机 Send: System.Byte[]，成功
10-14-10:14:40:787  : 相机 Received: 67 67 68 49 44 50 46 48 51 57 44 50 46 49 55 55 44 51 46 48 51 51 44 51 46 48 54 49 44 45 49 50 46 55 54 57 44 50 46 49 48 56
10-14-10:14:40:788  : 相机 Send: System.Byte[]，成功
10-14-11:22:24:132  : 相机 Send: System.Byte[]，成功
10-14-11:22:40:581  : 相机 Received: 67 67 68 49 44 48 46 50 57 51 44 52 52 46 49 55 52 44 51 46 51 53 49 44 51 46 51 52 49 44 45 56 46 56 48 54 44 50 46 48 49 53
10-14-11:22:40:581  : 相机 Send: System.Byte[]，成功
10-14-11:23:47:124  : 相机 Received: 67 67 68 49 44 49 46 57 54 49 44 50 46 49 50 52 44 51 46 48 55 57 44 51 46 48 53 51 44 45 49 50 46 55 57 50 44 50 46 48 52 51
10-14-11:23:47:125  : 相机 Send: System.Byte[]，成功
10-14-13:20:22:221  : 相机 Send: System.Byte[]，成功
10-14-13:20:38:775  : 相机 Received: 67 67 68 49 44 48 46 51 51 57 44 52 51 46 53 50 53 44 51 46 51 53 53 44 51 46 51 54 52 44 45 57 46 51 49 50 44 50 46 48 54 50
10-14-13:21:39:890  : 相机 Received: 67 67 68 49 44 50 46 49 55 50 44 50 46 50 49 52 44 51 46 48 54 50 44 51 46 48 52 51 44 45 49 51 46 52 49 52 44 50 46 49 57 51
10-14-13:21:39:891  : 相机 Send: System.Byte[]，成功
10-14-13:27:09:074  : 相机 Received: 84 49 59 49 44 49 50 55 46 48 46 48 46 49 58 50 53 49 55
10-14-13:27:25:515  : 相机 Received: 67 67 68 49 44 48 46 50 50 57 44 52 51 46 55 52 53 44 51 46 51 54 55 44 51 46 51 55 50 44 45 55 46 54 57 54 44 49 46 57 53
10-14-13:27:25:515  : 相机 Send: System.Byte[]，成功
10-14-13:28:29:282  : 相机 Received: 67 67 68 49 44 49 46 57 52 56 44 50 46 49 49 50 44 51 46 48 54 50 44 51 46 48 53 55 44 45 49 51 46 49 53 57 44 50 46 48 51
10-14-13:28:29:282  : 相机 Send: System.Byte[]，成功
10-14-13:40:56:351  : 相机 Received: 84 49 59 49 44 49 50 55 46 48 46 48 46 49 58 50 53 49 55
10-14-13:41:12:880  : 相机 Send: System.Byte[]，成功
10-14-13:42:32:010  : 相机 Received: 67 67 68 49 44 49 46 57 55 50 44 50 46 49 51 54 44 51 46 48 52 55 44 51 46 48 55 44 45 49 51 46 49 48 52 44 50 46 48 53 52
10-14-13:42:32:010  : 相机 Send: System.Byte[]，成功
10-14-13:46:52:262  : 相机 Received: 84 49 59 49 44 49 50 55 46 48 46 48 46 49 58 50 53 49 55
10-14-13:47:08:682  : 相机 Received: 67 67 68 49 44 48 46 50 57 50 44 52 51 46 55 55 51 44 51 46 51 53 52 44 51 46 51 53 49 44 45 56 46 55 57 57 44 50 46 48 48 53
10-14-13:48:22:695  : 相机 Received: 67 67 68 49 44 49 46 57 57 52 44 50 46 49 53 53 44 51 46 48 54 44 51 46 48 52 55 44 45 49 50 46 57 55 56 44 50 46 48 55 52
10-14-13:48:22:696  : 相机 Send: System.Byte[]，成功
10-14-15:24:39:909  : 相机 Send: System.Byte[]，成功
10-14-15:24:39:909  : 相机 Received: 84 49 59 49 44 49 50 55 46 48 46 48 46 49 58 49 49 54 54
10-14-15:24:56:341  : 相机 Received: 67 67 68 49 44 48 46 52 48 54 44 52 51 46 56 51 49 44 51 46 51 55 44 51 46 51 56 56 44 45 57 46 48 49 56 44 50 46 49 49 57
10-14-15:24:56:341  : 相机 Send: System.Byte[]，成功
10-14-15:26:13:037  : 相机 Received: 67 67 68 49 44 50 46 49 57 55 44 50 46 50 54 52 44 51 46 48 53 51 44 51 46 48 53 53 44 45 49 50 46 54 49 56 44 50 46 50 51
10-14-15:26:13:037  : 相机 Send: System.Byte[]，成功
10-14-15:31:21:673  : 相机 Send: System.Byte[]，成功
10-14-15:31:21:673  : 相机 Received: 67 67 68 49 44 50 46 49 55 50 44 50 46 50 53 54 44 51 46 48 52 54 44 51 46 48 55 44 45 49 51 46 50 53 50 44 50 46 50 49 52
10-14-15:32:03:076  : 相机 Received: 67 67 68 49 44 50 46 49 55 54 44 50 46 50 53 52 44 51 46 48 53 54 44 51 46 48 54 56 44 45 49 51 46 50 57 51 44 50 46 50 49 53
10-14-15:32:03:076  : 相机 Send: System.Byte[]，成功
10-14-15:40:10:051  : 相机 Send: System.Byte[]，成功
10-14-15:40:20:044  : 相机 Send: System.Byte[]，成功
10-14-15:40:30:058  : 相机 Send: System.Byte[]，成功
10-14-15:40:40:118  : 相机 Received: 67 67 68 49 44 51 46 50 52 54 44 51 46 53 53 57 44 48 46 48 51 51 44 48 46 51 55 54 44 51 46 53 55 57 44 51 46 54 57 53 44 48 46 48 55 54 44 48 46 50 55 51 44 51 46 54 50 44 51 46 50 50 54 44 48 46 50 48 53 44 48 46 48 48 51 44 51 46 51 48 54 44 51 46 48 51 55 44 48 46 48 50 56 44 48 46 52 48 55 44 49 46 54 54 49 44 49 46 52 54
10-14-15:40:40:118  : 相机 Send: System.Byte[]，成功
10-14-15:53:12:627  : 相机 Send: System.Byte[]，成功
10-14-15:53:12:627  : 相机 Received: 84 49 59 49 44 49 50 55 46 48 46 48 46 49 58 49 53 52 53
10-14-15:53:29:075  : 相机 Received: 67 67 68 49 44 48 46 51 55 52 44 52 51 46 55 56 57 44 51 46 51 53 50 44 51 46 51 52 57 44 45 57 46 50 52 49 44 50 46 48 57 54
10-14-15:53:29:075  : 相机 Send: System.Byte[]，成功
10-14-15:54:53:111  : 相机 Received: 67 67 68 49 44 50 46 49 49 57 44 50 46 49 57 52 44 51 46 48 50 53 44 51 46 48 54 51 44 45 49 50 46 57 57 55 44 50 46 49 53 54
10-14-15:54:53:111  : 相机 Send: System.Byte[]，成功
10-14-15:59:26:193  : 相机 Received: 84 50 59 51 44 49 50 55 46 48 46 48 46 49 58 49 53 52 53
10-14-15:59:36:215  : 相机 Send: System.Byte[]，成功
10-14-15:59:46:233  : 相机 Send: System.Byte[]，成功
10-14-15:59:56:281  : 相机 Send: System.Byte[]，成功
10-14-16:28:30:998  : 相机 Send: System.Byte[]，成功
10-14-16:28:30:999  : 相机 Received: 84 49 59 49 44 49 50 55 46 48 46 48 46 49 58 49 49 52 54
10-14-16:28:47:485  : 相机 Received: 67 67 68 49 44 48 46 51 55 56 44 52 52 46 50 51 52 44 51 46 51 54 50 44 51 46 51 54 50 44 45 56 46 56 57 56 44 50 46 48 55 55
10-14-16:28:47:485  : 相机 Send: System.Byte[]，成功
10-14-16:31:43:585  : 相机 Received: 67 67 68 49 44 50 46 49 56 56 44 50 46 50 48 55 44 51 46 48 53 53 44 51 46 48 52 56 44 45 49 50 46 52 54 54 44 50 46 49 57 56
10-14-16:31:43:586  : 相机 Send: System.Byte[]，成功
10-14-16:53:48:563  : 相机 Send: System.Byte[]，成功
10-14-16:53:48:563  : 相机 Received: 84 50 59 51 44 49 50 55 46 48 46 48 46 49 58 49 50 54 50
10-14-16:53:58:589  : 相机 Received: 84 50 59 52 44 49 50 55 46 48 46 48 46 49 58 49 50 54 50
10-14-16:53:58:589  : 相机 Send: System.Byte[]，成功
10-14-16:54:08:574  : 相机 Send: System.Byte[]，成功
10-14-16:54:18:649  : 相机 Received: 67 67 68 49 44 51 46 50 53 44 51 46 52 49 50 44 48 46 48 51 51 44 48 46 51 55 54 44 51 46 53 51 51 44 51 46 54 49 56 44 48 46 48 55 54 44 48 46 50 55 51 44 51 46 52 52 55 44 51 46 50 55 54 44 48 46 50 48 53 44 48 46 48 48 51 44 51 46 51 52 56 44 51 46 50 49 44 48 46 48 50 56 44 48 46 52 48 55 44 49 46 52 48 57 44 48 46 55 56 52
10-14-16:54:18:649  : 相机 Send: System.Byte[]，成功
10-14-16:58:45:245  : 相机 Received: 84 49 59 49 44 49 50 55 46 48 46 48 46 49 58 49 50 54 50
10-14-16:58:45:245  : 相机 Send: System.Byte[]，成功
10-14-16:59:01:743  : 相机 Received: 67 67 68 49 44 48 46 51 55 56 44 52 51 46 55 53 49 44 51 46 51 53 55 44 51 46 51 56 44 45 57 46 55 55 51 44 50 46 48 55 56
10-14-16:59:01:743  : 相机 Send: System.Byte[]，成功
10-14-17:00:07:261  : 相机 Received: 67 67 68 49 44 50 46 49 55 49 44 50 46 50 55 44 51 46 48 50 55 44 51 46 48 54 52 44 45 49 50 46 48 56 51 44 50 46 50 50
10-14-17:00:07:262  : 相机 Send: System.Byte[]，成功
10-14-17:04:55:455  : 相机 Send: System.Byte[]，成功
10-14-17:05:05:480  : 相机 Send: System.Byte[]，成功
10-14-17:05:15:494  : 相机 Send: System.Byte[]，成功
10-14-17:05:25:525  : 相机 Received: 67 67 68 49 44 57 57 57 44 57 57 57 44 57 57 57 44 57 57 57 44 57 57 57 44 57 57 57 44 57 57 57 44 57 57 57 44 57 57 57 44 57 57 57 44 57 57 57 44 57 57 57 44 57 57 57 44 57 57 57 44 57 57 57 44 57 57 57 44 57 57 57 44 57 57 57
10-14-17:05:25:525  : 相机 Send: System.Byte[]，成功
10-14-18:25:15:088  : 相机 Send: System.Byte[]，成功
10-14-18:25:15:088  : 相机 Received: 84 49 59 49 44 49 50 55 46 48 46 48 46 49 58 51 56 57 49 49
10-14-18:25:31:527  : 相机 Received: 67 67 68 49 44 48 46 51 57 54 44 52 51 46 57 56 55 44 51 46 51 52 50 44 51 46 51 53 54 44 45 56 46 54 57 52 44 50 46 48 57 54
10-14-18:25:31:527  : 相机 Send: System.Byte[]，成功
10-14-18:27:20:024  : 相机 Received: 67 67 68 49 44 50 46 50 54 44 50 46 51 55 54 44 51 46 48 50 52 44 51 46 48 53 56 44 45 49 53 46 56 50 53 44 50 46 51 49 55
10-14-18:27:20:025  : 相机 Send: System.Byte[]，成功
10-14-18:29:36:641  : 相机 Send: System.Byte[]，成功
10-14-18:29:46:666  : 相机 Received: 84 50 59 52 44 49 50 55 46 48 46 48 46 49 58 51 56 57 49 49
10-14-18:29:46:666  : 相机 Send: System.Byte[]，成功
10-14-18:29:56:661  : 相机 Received: 84 50 59 53 44 49 50 55 46 48 46 48 46 49 58 51 56 57 49 49
10-14-18:30:06:728  : 相机 Received: 67 67 68 49 44 51 46 50 53 51 44 51 46 51 54 56 44 48 46 48 51 51 44 48 46 51 55 54 44 51 46 54 56 44 51 46 51 57 44 48 46 48 55 54 44 48 46 50 55 51 44 51 46 52 55 49 44 51 46 50 56 50 44 48 46 50 48 53 44 48 46 48 48 51 44 51 46 51 51 49 44 51 46 49 54 56 44 48 46 48 50 56 44 48 46 52 48 55 44 49 46 51 53 56 44 49 46 51 53 57
10-14-18:36:07:937  : 相机 Received: 84 49 59 49 44 49 50 55 46 48 46 48 46 49 58 51 56 57 49 49
10-14-18:36:24:406  : 相机 Send: System.Byte[]，成功
10-14-18:37:39:518  : 相机 Received: 67 67 68 49 44 50 46 49 55 54 44 50 46 50 50 53 44 51 46 48 53 49 44 51 46 48 53 50 44 45 49 50 46 57 55 55 44 50 46 50
10-14-18:37:39:518  : 相机 Send: System.Byte[]，成功
10-14-18:39:43:165  : 相机 Received: 84 50 59 51 44 49 50 55 46 48 46 48 46 49 58 51 56 57 49 49
10-14-18:39:43:165  : 相机 Send: System.Byte[]，成功
10-14-18:39:53:183  : 相机 Received: 84 50 59 52 44 49 50 55 46 48 46 48 46 49 58 51 56 57 49 49
10-14-18:39:53:184  : 相机 Send: System.Byte[]，成功
10-14-18:40:03:196  : 相机 Send: System.Byte[]，成功
10-14-18:40:13:256  : 相机 Received: 67 67 68 49 44 51 46 50 54 50 44 51 46 52 50 52 44 48 46 48 51 51 44 48 46 51 55 54 44 51 46 53 55 57 44 51 46 53 52 51 44 48 46 48 55 54 44 48 46 50 55 51 44 51 46 52 51 52 44 51 46 50 51 52 44 48 46 50 48 53 44 48 46 48 48 51 44 51 46 51 52 51 44 51 46 49 56 53 44 48 46 48 50 56 44 48 46 52 48 55 44 49 46 51 53 52 44 49 46 50 53 53
10-14-18:45:56:907  : 相机 Send: System.Byte[]，成功
10-14-18:46:13:365  : 相机 Received: 67 67 68 49 44 48 46 51 57 52 44 52 51 46 55 53 51 44 51 46 51 53 54 44 51 46 51 53 49 44 45 57 46 50 52 53 44 50 46 48 56 51
10-14-18:46:13:365  : 相机 Send: System.Byte[]，成功
10-14-18:47:14:718  : 相机 Received: 67 67 68 49 44 50 46 50 52 44 50 46 51 49 44 51 46 48 51 55 44 51 46 48 52 57 44 45 49 50 46 57 52 57 44 50 46 50 55 53
10-14-18:47:14:718  : 相机 Send: System.Byte[]，成功
10-14-18:49:27:257  : 相机 Received: 84 50 59 51 44 49 50 55 46 48 46 48 46 49 58 51 56 57 49 49
10-14-18:49:37:270  : 相机 Received: 84 50 59 52 44 49 50 55 46 48 46 48 46 49 58 51 56 57 49 49
10-14-18:49:47:291  : 相机 Received: 84 50 59 53 44 49 50 55 46 48 46 48 46 49 58 51 56 57 49 49
10-14-18:49:57:343  : 相机 Received: 67 67 68 49 44 51 46 50 57 55 44 51 46 52 49 44 48 46 48 51 51 44 48 46 51 55 54 44 51 46 53 49 50 44 51 46 51 52 54 44 48 46 48 55 54 44 48 46 50 55 51 44 51 46 52 56 53 44 51 46 51 50 56 44 48 46 50 48 53 44 48 46 48 48 51 44 51 46 51 52 49 44 51 46 49 54 57 44 48 46 48 50 56 44 48 46 52 48 55 44 49 46 52 53 52 44 48 46 53 48 52
10-14-18:49:57:343  : 相机 Send: System.Byte[]，成功
