09-30-11:30:14:715  : 相机 Send: System.Byte[]，成功
09-30-11:30:14:716  : 相机 Received: 84 49 59 49 44 49 50 55 46 48 46 48 46 49 58 51 52 53 52 57
09-30-11:30:45:352  : 相机 Received: 67 67 68 49 44 48 46 52 53 56 44 52 52 46 48 50 52
09-30-11:35:05:050  : 相机 Received: 84 50 59 51 44 49 50 55 46 48 46 48 46 49 58 51 52 53 52 57
09-30-11:35:15:044  : 相机 Received: 84 50 59 52 44 49 50 55 46 48 46 48 46 49 58 51 52 53 52 57
09-30-11:35:25:052  : 相机 Received: 84 50 59 53 44 49 50 55 46 48 46 48 46 49 58 51 52 53 52 57
09-30-11:35:35:229  : 相机 Received: 67 67 68 49 44 48 46 49 50 49 44 48 46 48 51 51 44 48 46 50 57 53 44 48 46 48 51 49 44 48 46 51 48 50 44 48 46 48 48 56 44 48 46 50 57 53 44 48 46 48 48 52 44 48 46 54 51 54 44 48 46 49 52 49 44 48 46 48 56 54 44 48 46 48 48 49 44 48 46 50 54 50 44 48 46 55 48 51 44 48 46 51 51 51 44 48 46 50 48 56 44 49 46 49 57 55 44 48 46 54 57 50
09-30-11:38:32:465  : 相机 Send: System.Byte[]，成功
09-30-11:38:32:466  : 相机 Received: 84 50 59 51 44 49 50 55 46 48 46 48 46 49 58 51 52 54 56 56
09-30-11:38:42:590  : 相机 Send: System.Byte[]，成功
09-30-11:38:52:817  : 相机 Received: 84 50 59 53 44 49 50 55 46 48 46 48 46 49 58 51 52 54 56 56
09-30-11:38:52:817  : 相机 Send: System.Byte[]，成功
09-30-11:41:57:932  : 相机 Received: 84 50 59 51 44 49 50 55 46 48 46 48 46 49 58 51 52 54 56 56
09-30-11:42:07:948  : 相机 Received: 84 50 59 52 44 49 50 55 46 48 46 48 46 49 58 51 52 54 56 56
09-30-11:42:07:948  : 相机 Send: System.Byte[]，成功
09-30-11:42:07:952  : 相机 Received: 84 50 44 48
09-30-11:42:17:956  : 相机 Received: 84 50 59 53 44 49 50 55 46 48 46 48 46 49 58 51 52 54 56 56
09-30-11:42:17:957  : 相机 Received: 84 50 44 48
09-30-11:42:28:083  : 相机 Send: System.Byte[]，成功
09-30-13:41:23:007  : 相机 Send: System.Byte[]，成功
09-30-13:41:23:008  : 相机 Received: 84 49 59 49 44 49 50 55 46 48 46 48 46 49 58 50 56 56 51
09-30-13:41:53:604  : 相机 Received: 67 67 68 49 44 48 46 51 53 54 44 52 51 46 56 53 53
09-30-13:41:53:605  : 相机 Send: System.Byte[]，成功
09-30-13:45:42:783  : 相机 Received: 84 50 59 51 44 49 50 55 46 48 46 48 46 49 58 50 56 56 51
09-30-13:45:52:799  : 相机 Received: 84 50 59 52 44 49 50 55 46 48 46 48 46 49 58 50 56 56 51
09-30-13:46:02:808  : 相机 Send: System.Byte[]，成功
09-30-13:46:02:808  : 相机 Received: 84 50 59 53 44 49 50 55 46 48 46 48 46 49 58 50 56 56 51
09-30-13:46:12:959  : 相机 Send: System.Byte[]，成功
09-30-13:54:56:850  : 相机 Send: System.Byte[]，成功
09-30-13:55:27:445  : 相机 Send: System.Byte[]，成功
09-30-13:59:14:370  : 相机 Received: 84 50 59 51 44 49 50 55 46 48 46 48 46 49 58 50 56 56 51
09-30-13:59:14:370  : 相机 Send: System.Byte[]，成功
09-30-13:59:24:392  : 相机 Received: 84 50 59 52 44 49 50 55 46 48 46 48 46 49 58 50 56 56 51
09-30-13:59:24:392  : 相机 Send: System.Byte[]，成功
09-30-13:59:34:391  : 相机 Received: 84 50 59 53 44 49 50 55 46 48 46 48 46 49 58 50 56 56 51
09-30-13:59:44:442  : 相机 Received: 67 67 68 49 44 57 57 57 44 57 57 57 44 57 57 57 44 57 57 57 44 57 57 57 44 57 57 57 44 57 57 57 44 57 57 57 44 57 57 57 44 57 57 57 44 57 57 57 44 57 57 57 44 57 57 57 44 57 57 57 44 57 57 57 44 57 57 57 44 57 57 57 44 57 57 57
09-30-13:59:44:442  : 相机 Send: System.Byte[]，成功
09-30-14:06:31:970  : 相机 Send: System.Byte[]，成功
09-30-14:07:02:570  : 相机 Received: 67 67 68 49 44 48 46 51 53 51 44 52 51 46 57 48 54
09-30-14:11:02:485  : 相机 Received: 84 50 59 51 44 49 50 55 46 48 46 48 46 49 58 50 56 56 51
09-30-14:11:02:485  : 相机 Send: System.Byte[]，成功
09-30-14:11:12:494  : 相机 Received: 84 50 59 52 44 49 50 55 46 48 46 48 46 49 58 50 56 56 51
09-30-14:11:22:514  : 相机 Send: System.Byte[]，成功
09-30-14:11:32:546  : 相机 Received: 67 67 68 49 44 57 57 57 44 57 57 57 44 57 57 57 44 57 57 57 44 57 57 57 44 57 57 57 44 57 57 57 44 57 57 57 44 57 57 57 44 57 57 57 44 57 57 57 44 57 57 57 44 57 57 57 44 57 57 57 44 57 57 57 44 57 57 57 44 57 57 57 44 57 57 57
09-30-14:11:32:546  : 相机 Send: System.Byte[]，成功
09-30-14:17:36:892  : 相机 Send: System.Byte[]，成功
09-30-14:18:07:515  : 相机 Received: 67 67 68 49 44 48 46 51 53 56 44 52 52 46 48 51 51
09-30-14:18:07:515  : 相机 Send: System.Byte[]，成功
09-30-14:21:56:844  : 相机 Send: System.Byte[]，成功
09-30-14:22:06:836  : 相机 Send: System.Byte[]，成功
09-30-14:22:16:855  : 相机 Send: System.Byte[]，成功
09-30-14:22:26:995  : 相机 Received: 67 67 68 49 44 48 46 50 52 44 48 46 50 54 54 44 48 46 48 48 52 44 48 46 48 57 56 44 48 46 50 48 54 44 48 46 48 49 44 48 46 52 56 53 44 48 46 48 49 50 44 48 46 48 50 55 44 48 46 51 55 56 44 48 46 51 50 53 44 48 46 48 49 55 44 48 46 53 50 50 44 49 46 48 57 49 44 48 46 48 56 51 44 48 46 48 56 53 44 52 46 52 49 57 44 49 46 49 57 53
09-30-14:22:26:996  : 相机 Send: System.Byte[]，成功
09-30-14:27:44:479  : 相机 Send: System.Byte[]，成功
09-30-14:28:15:094  : 相机 Received: 67 67 68 49 44 48 46 51 51 53 44 52 51 46 57 49 50
09-30-14:32:21:312  : 相机 Received: 84 50 59 51 44 49 50 55 46 48 46 48 46 49 58 50 56 56 51
09-30-14:32:21:312  : 相机 Send: System.Byte[]，成功
09-30-14:32:31:353  : 相机 Received: 84 50 59 52 44 49 50 55 46 48 46 48 46 49 58 50 56 56 51
09-30-14:32:31:354  : 相机 Send: System.Byte[]，成功
09-30-14:32:41:349  : 相机 Received: 84 50 59 53 44 49 50 55 46 48 46 48 46 49 58 50 56 56 51
09-30-14:32:51:371  : 相机 Received: 67 67 68 49 44 57 57 57 44 57 57 57 44 57 57 57 44 57 57 57 44 57 57 57 44 57 57 57 44 57 57 57 44 57 57 57 44 57 57 57 44 57 57 57 44 57 57 57 44 57 57 57 44 57 57 57 44 57 57 57 44 57 57 57 44 57 57 57 44 57 57 57 44 57 57 57
09-30-14:32:51:371  : 相机 Send: System.Byte[]，成功
09-30-14:38:25:598  : 相机 Send: System.Byte[]，成功
09-30-14:38:56:216  : 相机 Received: 67 67 68 49 44 57 57 57 44 57 57 57
09-30-14:38:56:216  : 相机 Send: System.Byte[]，成功
09-30-14:46:17:115  : 相机 Send: System.Byte[]，成功
09-30-14:46:17:120  : 相机 Received: 84 49 59 49 44 49 50 55 46 48 46 48 46 49 58 52 57 55 49 56
09-30-14:46:47:691  : 相机 Send: System.Byte[]，成功
09-30-14:47:41:595  : 相机 Received: 84 49 59 49 44 49 50 55 46 48 46 48 46 49 58 52 57 55 49 56
09-30-14:48:12:219  : 相机 Send: System.Byte[]，成功
09-30-14:48:12:219  : 相机 Received: 67 67 68 49 44 48 46 50 57 44 52 52 46 49 50 51
09-30-14:51:55:934  : 相机 Send: System.Byte[]，成功
09-30-14:51:55:934  : 相机 Received: 84 50 59 51 44 49 50 55 46 48 46 48 46 49 58 52 57 55 49 56
09-30-14:52:05:932  : 相机 Send: System.Byte[]，成功
09-30-14:52:15:955  : 相机 Received: 84 50 59 53 44 49 50 55 46 48 46 48 46 49 58 52 57 55 49 56
09-30-14:52:26:116  : 相机 Received: 67 67 68 49 44 48 46 48 53 56 44 48 46 50 49 53 44 48 46 48 48 53 44 48 46 48 53 52 44 48 46 48 56 51 44 48 46 48 50 56 44 48 46 52 49 56 44 48 46 48 51 55 44 48 46 49 49 56 44 48 46 50 55 57 44 48 46 50 52 55 44 48 46 48 49 54 44 48 46 51 51 56 44 49 46 48 55 53 44 48 46 48 55 56 44 48 46 49 50 50 44 49 46 49 55 55 44 48 46 55 57 53
09-30-14:52:26:116  : 相机 Send: System.Byte[]，成功
09-30-14:56:44:070  : 相机 Received: 84 50 59 51 44 49 50 55 46 48 46 48 46 49 58 52 57 55 49 56
09-30-14:56:54:071  : 相机 Received: 84 50 59 52 44 49 50 55 46 48 46 48 46 49 58 52 57 55 49 56
09-30-14:57:04:073  : 相机 Send: System.Byte[]，成功
09-30-14:57:14:169  : 相机 Received: 67 67 68 49 44 57 57 57 44 57 57 57 44 57 57 57 44 57 57 57 44 57 57 57 44 57 57 57 44 57 57 57 44 57 57 57 44 57 57 57 44 57 57 57 44 57 57 57 44 57 57 57 44 57 57 57 44 57 57 57 44 57 57 57 44 57 57 57 44 57 57 57 44 57 57 57
09-30-14:57:14:170  : 相机 Send: System.Byte[]，成功
09-30-14:57:53:836  : 相机 Send: System.Byte[]，成功
09-30-14:58:03:853  : 相机 Send: System.Byte[]，成功
09-30-14:58:13:860  : 相机 Received: 84 50 59 53 44 49 50 55 46 48 46 48 46 49 58 52 57 55 49 56
09-30-14:58:24:031  : 相机 Received: 67 67 68 49 44 48 46 48 50 57 44 48 46 50 50 56 44 48 46 48 48 51 44 48 46 48 51 52 44 48 46 49 50 52 44 48 46 48 50 49 44 48 46 49 50 49 44 48 46 48 54 44 48 46 48 57 50 44 48 46 50 53 56 44 48 46 50 53 57 44 48 46 48 49 53 44 48 46 48 51 57 44 49 46 49 54 56 44 48 46 48 48 56 44 48 46 48 56 49 44 49 46 49 54 54 44 48 46 56 50 53
09-30-14:58:24:031  : 相机 Send: System.Byte[]，成功
09-30-15:02:17:724  : 相机 Received: 84 49 59 49 44 49 50 55 46 48 46 48 46 49 58 52 57 55 49 56
09-30-15:02:48:325  : 相机 Received: 67 67 68 49 44 48 46 51 48 56 44 52 51 46 56 56 50
09-30-15:02:48:325  : 相机 Send: System.Byte[]，成功
09-30-15:06:37:436  : 相机 Send: System.Byte[]，成功
09-30-15:06:47:449  : 相机 Send: System.Byte[]，成功
09-30-15:06:57:457  : 相机 Send: System.Byte[]，成功
09-30-15:07:07:512  : 相机 Received: 67 67 68 49 44 57 57 57 44 57 57 57 44 57 57 57 44 57 57 57 44 57 57 57 44 57 57 57 44 57 57 57 44 57 57 57 44 57 57 57 44 57 57 57 44 57 57 57 44 57 57 57 44 57 57 57 44 57 57 57 44 57 57 57 44 57 57 57 44 57 57 57 44 57 57 57
09-30-15:07:07:512  : 相机 Send: System.Byte[]，成功
09-30-15:07:51:016  : 相机 Received: 84 50 59 51 44 49 50 55 46 48 46 48 46 49 58 52 57 55 49 56
09-30-15:07:51:017  : 相机 Send: System.Byte[]，成功
09-30-15:08:01:021  : 相机 Received: 84 50 59 52 44 49 50 55 46 48 46 48 46 49 58 52 57 55 49 56
09-30-15:08:11:039  : 相机 Received: 84 50 59 53 44 49 50 55 46 48 46 48 46 49 58 52 57 55 49 56
09-30-15:08:21:173  : 相机 Received: 67 67 68 49 44 48 46 48 52 49 44 48 46 50 49 51 44 48 46 48 48 52 44 48 46 49 48 50 44 48 46 49 52 54 44 48 46 49 49 53 44 48 46 49 51 55 44 48 46 48 52 49 44 48 46 48 50 56 44 48 46 52 48 51 44 48 46 51 49 44 48 46 48 49 50 44 48 46 48 54 44 49 46 50 49 51 44 48 46 48 48 55 44 48 46 48 57 49 44 49 44 48 46 56 55 50
09-30-15:08:21:173  : 相机 Send: System.Byte[]，成功
09-30-15:14:17:886  : 相机 Received: 84 49 59 49 44 49 50 55 46 48 46 48 46 49 58 52 57 55 49 56
09-30-15:14:48:489  : 相机 Received: 67 67 68 49 44 48 46 51 55 57 44 52 52 46 48 54 49
09-30-15:14:48:489  : 相机 Send: System.Byte[]，成功
09-30-15:18:56:820  : 相机 Send: System.Byte[]，成功
09-30-15:19:06:840  : 相机 Received: 84 50 59 52 44 49 50 55 46 48 46 48 46 49 58 52 57 55 49 56
09-30-15:19:16:851  : 相机 Received: 84 50 59 53 44 49 50 55 46 48 46 48 46 49 58 52 57 55 49 56
09-30-15:19:16:851  : 相机 Send: System.Byte[]，成功
09-30-15:19:26:998  : 相机 Send: System.Byte[]，成功
09-30-15:19:26:998  : 相机 Received: 67 67 68 49 44 48 46 48 51 57 44 48 46 50 53 54 44 48 46 48 48 54 44 48 46 49 48 55 44 48 46 49 49 57 44 48 46 49 49 53 44 48 46 49 54 52 44 48 46 48 54 44 48 46 49 51 57 44 48 46 51 51 53 44 48 46 49 56 54 44 48 46 48 49 51 44 48 46 49 48 52 44 49 46 49 48 57 44 48 46 48 48 56 44 48 46 50 50 49 44 49 46 48 55 49 44 48 46 53 55 53
09-30-15:24:06:205  : 相机 Send: System.Byte[]，成功
09-30-15:24:36:807  : 相机 Send: System.Byte[]，成功
09-30-15:24:36:807  : 相机 Received: 67 67 68 49 44 48 46 51 51 50 44 52 51 46 57 52 54
09-30-15:28:35:006  : 相机 Received: 84 50 59 51 44 49 50 55 46 48 46 48 46 49 58 52 57 55 49 56
09-30-15:28:45:027  : 相机 Received: 84 50 59 52 44 49 50 55 46 48 46 48 46 49 58 52 57 55 49 56
09-30-15:28:55:033  : 相机 Send: System.Byte[]，成功
09-30-15:29:05:199  : 相机 Send: System.Byte[]，成功
09-30-15:29:05:199  : 相机 Received: 67 67 68 49 44 48 46 48 50 53 44 48 46 49 57 57 44 48 46 48 48 50 44 48 46 48 57 49 44 48 46 48 55 51 44 48 46 48 55 49 44 48 46 48 57 50 44 48 46 48 50 55 44 48 46 48 57 55 44 48 46 51 52 56 44 48 46 49 49 49 44 48 46 48 49 51 44 48 46 48 56 56 44 49 46 50 49 54 44 48 46 48 48 54 44 48 46 49 56 50 44 49 46 49 57 50 44 49 46 48 52 50
09-30-15:34:09:751  : 相机 Received: 84 49 59 49 44 49 50 55 46 48 46 48 46 49 58 52 57 55 49 56
09-30-15:34:40:363  : 相机 Send: System.Byte[]，成功
09-30-15:34:40:363  : 相机 Received: 67 67 68 49 44 48 46 50 57 52 44 52 52 46 49 49 57
09-30-15:38:38:739  : 相机 Received: 84 50 59 51 44 49 50 55 46 48 46 48 46 49 58 52 57 55 49 56
09-30-15:38:48:732  : 相机 Send: System.Byte[]，成功
09-30-15:38:58:746  : 相机 Received: 84 50 59 53 44 49 50 55 46 48 46 48 46 49 58 52 57 55 49 56
09-30-15:39:08:871  : 相机 Received: 67 67 68 49 44 48 46 48 50 54 44 48 46 50 50 52 44 48 46 48 48 51 44 48 46 48 56 54 44 48 46 48 48 53 44 48 46 49 55 44 48 46 49 49 56 44 48 46 48 49 51 44 48 46 48 57 51 44 48 46 51 56 53 44 48 46 49 52 52 44 48 46 48 48 56 44 48 46 49 54 53 44 49 46 50 52 49 44 48 46 48 48 56 44 48 46 50 51 49 44 49 46 49 48 49 44 48 46 56 55 49
09-30-15:47:54:839  : 相机 Send: System.Byte[]，成功
09-30-15:47:54:839  : 相机 Received: 84 49 59 49 44 49 50 55 46 48 46 48 46 49 58 52 57 55 49 56
09-30-15:48:25:450  : 相机 Send: System.Byte[]，成功
09-30-15:48:25:450  : 相机 Received: 67 67 68 49 44 48 46 51 52 57 44 52 51 46 57 52 49
09-30-15:52:26:512  : 相机 Received: 84 50 59 51 44 49 50 55 46 48 46 48 46 49 58 52 57 55 49 56
09-30-15:52:36:527  : 相机 Send: System.Byte[]，成功
09-30-15:52:46:548  : 相机 Received: 84 50 59 53 44 49 50 55 46 48 46 48 46 49 58 52 57 55 49 56
09-30-15:52:56:676  : 相机 Received: 67 67 68 49 44 57 57 57 44 57 57 57 44 57 57 57 44 57 57 57 44 57 57 57 44 57 57 57 44 57 57 57 44 57 57 57 44 57 57 57 44 57 57 57 44 57 57 57 44 57 57 57 44 57 57 57 44 57 57 57 44 57 57 57 44 57 57 57 44 57 57 57 44 57 57 57
09-30-15:52:56:677  : 相机 Send: System.Byte[]，成功
09-30-16:01:32:419  : 相机 Received: 84 50 59 51 44 49 50 55 46 48 46 48 46 49 58 52 57 55 49 56
09-30-16:01:42:433  : 相机 Received: 84 50 59 52 44 49 50 55 46 48 46 48 46 49 58 52 57 55 49 56
09-30-16:01:52:435  : 相机 Received: 84 50 59 53 44 49 50 55 46 48 46 48 46 49 58 52 57 55 49 56
09-30-16:01:52:435  : 相机 Send: System.Byte[]，成功
09-30-16:02:02:595  : 相机 Received: 67 67 68 49 44 48 46 48 49 54 44 48 46 51 54 55 44 48 46 48 50 44 48 46 49 48 49 44 48 46 48 48 50 44 48 46 48 48 52 44 48 46 48 49 55 44 48 46 50 50 53 44 48 46 49 54 51 44 48 46 51 50 57 44 48 46 48 50 53 44 48 46 48 48 53 44 48 46 49 52 44 48 46 56 53 53 44 48 46 51 48 50 44 48 46 57 50 56 44 48 46 53 54 44 48 46 54 48 55
09-30-16:02:02:595  : 相机 Send: System.Byte[]，成功
09-30-16:05:55:843  : 相机 Send: System.Byte[]，成功
09-30-16:06:26:457  : 相机 Received: 67 67 68 49 44 48 46 51 53 52 44 52 52
09-30-16:06:26:457  : 相机 Send: System.Byte[]，成功
09-30-16:10:25:589  : 相机 Received: 84 50 59 51 44 49 50 55 46 48 46 48 46 49 58 52 57 55 49 56
09-30-16:10:35:618  : 相机 Send: System.Byte[]，成功
09-30-16:10:45:628  : 相机 Send: System.Byte[]，成功
09-30-16:10:55:765  : 相机 Send: System.Byte[]，成功
09-30-16:10:55:765  : 相机 Received: 67 67 68 49 44 48 46 48 49 44 48 46 51 54 55 44 48 46 48 50 52 44 48 46 48 49 50 44 48 46 48 49 53 44 48 46 48 49 55 44 48 46 49 48 49 44 48 46 50 56 44 48 46 49 55 44 48 46 50 57 54 44 48 46 48 53 49 44 48 46 48 48 52 44 48 46 50 56 50 44 48 46 49 51 57 44 48 46 52 44 48 46 56 54 56 44 49 46 49 51 53 44 48 46 54 53
09-30-16:15:27:687  : 相机 Received: 84 49 59 49 44 49 50 55 46 48 46 48 46 49 58 52 57 55 49 56
09-30-16:15:58:290  : 相机 Received: 67 67 68 49 44 48 46 51 51 51 44 52 51 46 56 48 52
09-30-16:15:58:290  : 相机 Send: System.Byte[]，成功
09-30-16:20:47:333  : 相机 Received: 84 50 59 51 44 49 50 55 46 48 46 48 46 49 58 52 57 55 49 56
09-30-16:20:57:351  : 相机 Received: 84 50 59 52 44 49 50 55 46 48 46 48 46 49 58 52 57 55 49 56
09-30-16:21:07:359  : 相机 Received: 84 50 59 53 44 49 50 55 46 48 46 48 46 49 58 52 57 55 49 56
09-30-16:21:07:359  : 相机 Send: System.Byte[]，成功
09-30-16:21:17:487  : 相机 Received: 67 67 68 49 44 48 46 48 49 49 44 48 46 52 48 56 44 48 46 48 49 55 44 48 46 48 55 56 44 48 46 48 48 51 44 48 46 48 48 52 44 48 46 48 52 44 48 46 50 54 55 44 48 46 50 48 49 44 48 46 50 55 52 44 48 46 48 50 49 44 48 46 48 48 53 44 48 46 50 48 55 44 48 46 51 56 50 44 48 46 48 49 51 44 48 46 51 57 52 44 49 49 50 46 55 48 50 44 48 46 55 54 54
09-30-16:21:17:488  : 相机 Send: System.Byte[]，成功
09-30-16:26:07:944  : 相机 Received: 84 49 59 49 44 49 50 55 46 48 46 48 46 49 58 52 57 55 49 56
09-30-16:26:38:551  : 相机 Send: System.Byte[]，成功
09-30-16:26:38:551  : 相机 Received: 67 67 68 49 44 48 46 51 53 44 52 52 46 48 48 50
09-30-16:31:12:454  : 相机 Received: 84 50 59 51 44 49 50 55 46 48 46 48 46 49 58 52 57 55 49 56
09-30-16:31:22:482  : 相机 Send: System.Byte[]，成功
09-30-16:31:22:482  : 相机 Received: 84 50 59 52 44 49 50 55 46 48 46 48 46 49 58 52 57 55 49 56
09-30-16:31:32:477  : 相机 Send: System.Byte[]，成功
09-30-16:31:42:625  : 相机 Received: 67 67 68 49 44 48 46 48 49 50 44 48 46 51 57 51 44 48 46 48 49 53 44 48 46 48 55 44 48 46 48 48 50 44 48 46 48 49 50 44 48 46 48 50 56 44 48 46 50 48 51 44 48 46 49 56 52 44 48 46 51 48 50 44 48 46 48 55 52 44 48 46 48 48 51 44 48 46 50 55 54 44 48 46 55 56 57 44 48 46 52 51 50 44 48 46 56 50 52 44 48 46 53 55 55 44 48 46 55 49 50
09-30-16:31:42:625  : 相机 Send: System.Byte[]，成功
09-30-16:36:02:696  : 相机 Received: 84 49 59 49 44 49 50 55 46 48 46 48 46 49 58 52 57 55 49 56
09-30-16:36:33:300  : 相机 Send: System.Byte[]，成功
09-30-16:40:56:208  : 相机 Send: System.Byte[]，成功
09-30-16:41:06:213  : 相机 Send: System.Byte[]，成功
09-30-16:41:16:225  : 相机 Send: System.Byte[]，成功
09-30-16:41:26:371  : 相机 Received: 67 67 68 49 44 57 57 57 44 57 57 57 44 57 57 57 44 57 57 57 44 57 57 57 44 57 57 57 44 57 57 57 44 57 57 57 44 57 57 57 44 57 57 57 44 57 57 57 44 57 57 57 44 57 57 57 44 57 57 57 44 57 57 57 44 57 57 57 44 57 57 57 44 57 57 57
09-30-16:41:26:371  : 相机 Send: System.Byte[]，成功
09-30-16:44:58:730  : 相机 Send: System.Byte[]，成功
09-30-16:45:08:746  : 相机 Send: System.Byte[]，成功
09-30-16:45:18:748  : 相机 Send: System.Byte[]，成功
09-30-16:45:28:864  : 相机 Received: 67 67 68 49 44 57 57 57 44 57 57 57 44 57 57 57 44 57 57 57 44 57 57 57 44 57 57 57 44 57 57 57 44 57 57 57 44 57 57 57 44 57 57 57 44 57 57 57 44 57 57 57 44 57 57 57 44 57 57 57 44 57 57 57 44 57 57 57 44 57 57 57 44 57 57 57
09-30-16:45:28:864  : 相机 Send: System.Byte[]，成功
09-30-16:47:36:449  : 相机 Received: 84 50 59 51 44 49 50 55 46 48 46 48 46 49 58 52 57 55 49 56
09-30-16:47:46:464  : 相机 Send: System.Byte[]，成功
09-30-16:47:56:473  : 相机 Received: 84 50 59 53 44 49 50 55 46 48 46 48 46 49 58 52 57 55 49 56
09-30-16:47:56:473  : 相机 Send: System.Byte[]，成功
09-30-16:48:06:600  : 相机 Send: System.Byte[]，成功
09-30-16:48:06:600  : 相机 Received: 67 67 68 49 44 48 46 48 49 50 44 48 46 51 52 50 44 48 46 49 50 44 48 46 49 48 54 44 48 46 48 48 57 44 48 46 48 49 53 44 48 46 50 54 53 44 48 46 50 53 54 44 48 46 50 51 55 44 48 46 49 56 57 44 48 46 49 51 50 44 48 46 48 48 53 44 48 46 51 54 56 44 48 46 52 51 49 44 48 46 48 49 52 44 48 46 51 52 51 44 49 46 48 48 56 44 49 46 48 57
09-30-16:51:43:367  : 相机 Received: 84 49 59 49 44 49 50 55 46 48 46 48 46 49 58 52 57 55 49 56
09-30-16:52:13:982  : 相机 Received: 67 67 68 49 44 48 46 51 57 50 44 52 52 46 48 56 51
09-30-16:52:13:982  : 相机 Send: System.Byte[]，成功
09-30-16:56:03:502  : 相机 Send: System.Byte[]，成功
09-30-16:56:13:515  : 相机 Send: System.Byte[]，成功
09-30-16:56:23:535  : 相机 Received: 84 50 59 53 44 49 50 55 46 48 46 48 46 49 58 52 57 55 49 56
09-30-16:56:33:666  : 相机 Received: 67 67 68 49 44 48 46 48 48 56 44 48 46 51 53 53 44 48 46 48 55 57 44 48 46 48 49 53 44 48 46 48 54 55 44 48 46 48 53 50 44 48 46 48 57 55 44 48 46 52 44 48 46 50 51 52 44 48 46 50 53 55 44 48 46 48 56 52 44 48 46 48 48 53 44 48 46 48 52 57 44 48 46 51 50 49 44 48 46 48 49 50 44 48 46 51 54 57 44 48 46 54 50 44 48 46 54 49
09-30-17:00:00:300  : 相机 Received: 84 49 59 49 44 49 50 55 46 48 46 48 46 49 58 52 57 55 49 56
09-30-17:00:30:886  : 相机 Received: 67 67 68 49 44 48 46 51 55 52 44 52 51 46 57 57 50
09-30-17:00:30:886  : 相机 Send: System.Byte[]，成功
09-30-17:04:18:576  : 相机 Send: System.Byte[]，成功
09-30-17:04:18:576  : 相机 Received: 84 50 59 51 44 49 50 55 46 48 46 48 46 49 58 52 57 55 49 56
09-30-17:04:28:602  : 相机 Send: System.Byte[]，成功
09-30-17:04:38:598  : 相机 Received: 84 50 59 53 44 49 50 55 46 48 46 48 46 49 58 52 57 55 49 56
09-30-17:04:38:598  : 相机 Send: System.Byte[]，成功
09-30-17:04:48:731  : 相机 Received: 67 67 68 49 44 48 46 48 50 49 44 48 46 50 57 53 44 48 46 49 50 51 44 48 46 48 56 50 44 48 46 48 48 56 44 48 46 50 50 56 44 48 46 49 48 49 44 48 46 49 56 57 44 48 46 50 52 51 44 48 46 50 51 51 44 48 46 49 54 44 48 46 48 48 55 44 48 46 51 50 51 44 48 46 53 49 56 44 48 46 48 49 55 44 48 46 50 55 44 49 46 49 48 57 44 48 46 54 55
09-30-17:04:48:731  : 相机 Send: System.Byte[]，成功
09-30-17:08:13:536  : 相机 Send: System.Byte[]，成功
09-30-17:08:44:148  : 相机 Received: 67 67 68 49 44 48 46 51 53 44 52 51 46 56 48 53
09-30-17:08:44:148  : 相机 Send: System.Byte[]，成功
09-30-17:12:30:716  : 相机 Send: System.Byte[]，成功
09-30-17:12:40:731  : 相机 Received: 84 50 59 52 44 49 50 55 46 48 46 48 46 49 58 52 57 55 49 56
09-30-17:12:50:742  : 相机 Send: System.Byte[]，成功
09-30-17:12:50:742  : 相机 Received: 84 50 59 53 44 49 50 55 46 48 46 48 46 49 58 52 57 55 49 56
09-30-17:13:00:869  : 相机 Received: 67 67 68 49 44 48 46 48 51 50 44 48 46 50 51 57 44 48 46 49 50 52 44 48 46 48 53 50 44 48 46 48 49 50 44 48 46 48 49 52 44 48 46 48 54 56 44 48 46 50 50 53 44 48 46 50 54 49 44 48 46 49 50 54 44 48 46 48 51 52 44 48 46 48 48 51 44 48 46 48 55 52 44 48 46 57 48 56 44 48 46 49 51 54 44 48 46 50 52 55 44 49 46 50 49 51 44 48 46 51 57 51
09-30-17:13:00:869  : 相机 Send: System.Byte[]，成功
09-30-17:17:22:649  : 相机 Send: System.Byte[]，成功
09-30-17:17:53:250  : 相机 Send: System.Byte[]，成功
09-30-17:17:53:250  : 相机 Received: 67 67 68 49 44 48 46 52 53 55 44 52 52 46 52 50 54
09-30-17:21:53:217  : 相机 Received: 84 50 59 51 44 49 50 55 46 48 46 48 46 49 58 52 57 55 49 56
09-30-17:22:03:239  : 相机 Received: 84 50 59 52 44 49 50 55 46 48 46 48 46 49 58 52 57 55 49 56
09-30-17:22:13:242  : 相机 Send: System.Byte[]，成功
09-30-17:22:23:375  : 相机 Received: 67 67 68 49 44 57 57 57 44 57 57 57 44 57 57 57 44 57 57 57 44 57 57 57 44 57 57 57 44 57 57 57 44 57 57 57 44 57 57 57 44 57 57 57 44 57 57 57 44 57 57 57 44 57 57 57 44 57 57 57 44 57 57 57 44 57 57 57 44 57 57 57 44 57 57 57
09-30-17:22:23:376  : 相机 Send: System.Byte[]，成功
09-30-17:26:51:900  : 相机 Received: 84 50 59 51 44 49 50 55 46 48 46 48 46 49 58 52 57 55 49 56
09-30-17:27:01:927  : 相机 Received: 84 50 59 52 44 49 50 55 46 48 46 48 46 49 58 52 57 55 49 56
09-30-17:27:01:927  : 相机 Send: System.Byte[]，成功
09-30-17:27:11:933  : 相机 Send: System.Byte[]，成功
09-30-17:27:11:933  : 相机 Received: 84 50 59 53 44 49 50 55 46 48 46 48 46 49 58 52 57 55 49 56
09-30-17:27:22:079  : 相机 Received: 67 67 68 49 44 48 46 48 50 44 48 46 50 51 51 44 48 46 48 53 56 44 48 46 48 51 49 44 48 46 48 50 44 48 46 48 48 56 44 48 46 48 52 50 44 48 46 49 57 54 44 48 46 49 53 53 44 48 46 50 52 56 44 48 46 48 56 55 44 48 46 48 48 55 44 48 46 49 52 56 44 48 46 57 54 49 44 48 46 48 49 55 44 48 46 50 53 53 44 50 46 48 54 50 44 48 46 55 50 54
09-30-17:31:48:755  : 相机 Received: 84 49 59 49 44 49 50 55 46 48 46 48 46 49 58 52 57 55 49 56
09-30-17:32:19:358  : 相机 Send: System.Byte[]，成功
09-30-17:34:57:726  : 相机 Send: System.Byte[]，成功
09-30-17:35:28:346  : 相机 Received: 67 67 68 49 44 48 46 51 52 56 44 52 51 46 57 55 52
09-30-17:35:28:346  : 相机 Send: System.Byte[]，成功
09-30-17:39:19:432  : 相机 Send: System.Byte[]，成功
09-30-17:39:29:436  : 相机 Received: 84 50 59 52 44 49 50 55 46 48 46 48 46 49 58 52 57 55 49 56
09-30-17:39:39:447  : 相机 Received: 84 50 59 53 44 49 50 55 46 48 46 48 46 49 58 52 57 55 49 56
09-30-17:39:49:595  : 相机 Received: 67 67 68 49 44 57 57 57 44 57 57 57 44 57 57 57 44 57 57 57 44 57 57 57 44 57 57 57 44 57 57 57 44 57 57 57 44 57 57 57 44 57 57 57 44 57 57 57 44 57 57 57 44 57 57 57 44 57 57 57 44 57 57 57 44 57 57 57 44 57 57 57 44 57 57 57
09-30-17:39:49:595  : 相机 Send: System.Byte[]，成功
