10-11-13:36:15:063  : 相机 Received: 84 49 59 49 44 49 50 55 46 48 46 48 46 49 58 52 57 55 51 49
10-11-13:36:45:701  : 相机 Received: 67 67 68 49 44 48 46 52 50 54 44 52 51 46 56 53
10-11-13:36:45:701  : 相机 Send: System.Byte[]，成功
10-11-13:38:35:315  : 相机 Received: 84 49 59 49 44 49 50 55 46 48 46 48 46 49 58 52 57 55 51 49
10-11-13:39:05:921  : 相机 Send: System.Byte[]，成功
10-11-13:49:04:408  : 相机 Send: System.Byte[]，成功
10-11-13:49:04:408  : 相机 Received: 84 49 59 49 44 49 50 55 46 48 46 48 46 49 58 52 57 55 51 49
10-11-13:49:35:017  : 相机 Send: System.Byte[]，成功
10-11-13:49:35:017  : 相机 Received: 67 67 68 49 44 48 46 51 48 56 44 52 51 46 55 54 53
10-11-13:55:32:521  : 相机 Received: 84 49 59 49 44 49 50 55 46 48 46 48 46 49 58 52 57 55 51 49
10-11-13:56:03:129  : 相机 Received: 67 67 68 49 44 48 46 51 53 49 44 52 51 46 56 51 57
10-11-13:56:03:129  : 相机 Send: System.Byte[]，成功
10-11-14:00:23:659  : 相机 Send: System.Byte[]，成功
10-11-14:00:33:681  : 相机 Received: 84 50 59 52 44 49 50 55 46 48 46 48 46 49 58 52 57 55 51 49
10-11-14:00:43:682  : 相机 Received: 84 50 59 53 44 49 50 55 46 48 46 48 46 49 58 52 57 55 51 49
10-11-14:00:43:682  : 相机 Send: System.Byte[]，成功
10-11-14:00:53:731  : 相机 Received: 67 67 68 49 44 51 46 50 55 53 44 51 46 50 55 49 44 48 46 48 51 51 44 48 46 51 55 54 44 51 46 51 50 50 44 51 46 53 48 57 44 48 46 48 55 54 44 48 46 50 55 51 44 51 46 53 51 56 44 51 46 49 54 50 44 48 46 50 48 53 44 48 46 48 48 51 44 51 46 49 56 57 44 51 46 50 48 56 44 48 46 48 50 56 44 48 46 52 48 55 44 49 46 57 55 54 44 48 46 57 48 54
10-11-14:00:53:732  : 相机 Send: System.Byte[]，成功
10-11-14:07:51:346  : 相机 Send: System.Byte[]，成功
10-11-14:08:21:957  : 相机 Received: 67 67 68 49 44 48 46 51 51 54 44 52 51 46 57 48 57
10-11-14:08:21:957  : 相机 Send: System.Byte[]，成功
10-11-14:13:03:376  : 相机 Received: 84 49 59 49 44 49 50 55 46 48 46 48 46 49 58 52 57 55 51 49
10-11-14:13:34:006  : 相机 Received: 67 67 68 49 44 57 57 57 44 57 57 57
10-11-14:13:34:006  : 相机 Send: System.Byte[]，成功
10-11-14:14:15:188  : 相机 Received: 84 49 59 49 44 49 50 55 46 48 46 48 46 49 58 52 57 55 51 49
10-11-14:14:45:818  : 相机 Received: 67 67 68 49 44 48 46 51 56 54 44 52 52 46 50 54 56
10-11-14:14:45:819  : 相机 Send: System.Byte[]，成功
10-11-14:18:20:302  : 相机 Send: System.Byte[]，成功
10-11-14:18:30:311  : 相机 Send: System.Byte[]，成功
10-11-14:18:40:325  : 相机 Send: System.Byte[]，成功
10-11-14:18:40:325  : 相机 Received: 84 50 59 53 44 49 50 55 46 48 46 48 46 49 58 52 57 55 51 49
10-11-14:18:50:376  : 相机 Send: System.Byte[]，成功
10-11-14:25:45:175  : 相机 Received: 84 49 59 49 44 49 50 55 46 48 46 48 46 49 58 52 57 55 51 49
10-11-14:25:45:175  : 相机 Send: System.Byte[]，成功
10-11-14:26:15:797  : 相机 Received: 67 67 68 49 44 48 46 52 53 56 44 52 51 46 57 48 52
10-11-14:30:25:123  : 相机 Send: System.Byte[]，成功
10-11-14:30:35:114  : 相机 Send: System.Byte[]，成功
10-11-14:30:45:118  : 相机 Received: 84 50 59 53 44 49 50 55 46 48 46 48 46 49 58 52 57 55 51 49
10-11-14:30:55:200  : 相机 Received: 67 67 68 49 44 57 57 57 44 57 57 57 44 57 57 57 44 57 57 57 44 57 57 57 44 57 57 57 44 57 57 57 44 57 57 57 44 57 57 57 44 57 57 57 44 57 57 57 44 57 57 57 44 57 57 57 44 57 57 57 44 57 57 57 44 57 57 57 44 57 57 57 44 57 57 57
10-11-14:30:55:200  : 相机 Send: System.Byte[]，成功
10-11-14:44:49:639  : 相机 Send: System.Byte[]，成功
10-11-14:45:20:263  : 相机 Send: System.Byte[]，成功
10-11-14:48:58:799  : 相机 Received: 84 50 59 51 44 49 50 55 46 48 46 48 46 49 58 52 57 55 51 49
10-11-14:49:08:808  : 相机 Send: System.Byte[]，成功
10-11-14:49:18:819  : 相机 Received: 84 50 59 53 44 49 50 55 46 48 46 48 46 49 58 52 57 55 51 49
10-11-14:49:28:870  : 相机 Send: System.Byte[]，成功
10-11-14:49:28:870  : 相机 Received: 67 67 68 49 44 51 46 52 54 51 44 51 46 51 53 44 48 46 48 51 51 44 48 46 51 55 54 44 51 46 51 56 52 44 51 46 54 48 51 44 48 46 48 55 54 44 48 46 50 55 51 44 51 46 53 49 57 44 51 46 50 55 55 44 48 46 50 48 53 44 48 46 48 48 51 44 51 46 50 54 49 44 51 46 49 57 55 44 48 46 48 50 56 44 48 46 52 48 55 44 49 46 57 55 54 44 48 46 57 48 54
10-11-14:56:58:963  : 相机 Send: System.Byte[]，成功
10-11-14:57:29:620  : 相机 Received: 67 67 68 49 44 48 46 50 57 50 44 52 51 46 54 52 56
10-11-14:57:29:621  : 相机 Send: System.Byte[]，成功
10-11-15:00:52:665  : 相机 Send: System.Byte[]，成功
10-11-15:01:02:674  : 相机 Received: 84 50 59 52 44 49 50 55 46 48 46 48 46 49 58 52 57 55 51 49
10-11-15:01:12:688  : 相机 Send: System.Byte[]，成功
10-11-15:01:22:722  : 相机 Received: 67 67 68 49 44 57 57 57 44 57 57 57 44 57 57 57 44 57 57 57 44 57 57 57 44 57 57 57 44 57 57 57 44 57 57 57 44 57 57 57 44 57 57 57 44 57 57 57 44 57 57 57 44 57 57 57 44 57 57 57 44 57 57 57 44 57 57 57 44 57 57 57 44 57 57 57
10-11-15:01:22:723  : 相机 Send: System.Byte[]，成功
10-11-15:16:03:521  : 相机 Received: 84 49 59 49 44 49 50 55 46 48 46 48 46 49 58 52 57 55 51 49
10-11-15:16:34:156  : 相机 Received: 67 67 68 49 44 48 46 52 52 57 44 52 51 46 56 57
10-11-15:16:34:156  : 相机 Send: System.Byte[]，成功
10-11-15:21:47:324  : 相机 Received: 84 50 59 51 44 49 50 55 46 48 46 48 46 49 58 52 57 55 51 49
10-11-15:21:47:324  : 相机 Send: System.Byte[]，成功
10-11-15:21:57:344  : 相机 Send: System.Byte[]，成功
10-11-15:22:07:345  : 相机 Send: System.Byte[]，成功
10-11-15:22:17:395  : 相机 Send: System.Byte[]，成功
10-11-15:22:17:395  : 相机 Received: 67 67 68 49 44 51 46 51 56 53 44 51 46 50 52 54 44 48 46 48 51 51 44 48 46 51 55 54 44 50 46 56 54 56 44 51 46 51 56 50 44 48 46 48 55 54 44 48 46 50 55 51 44 51 46 52 56 57 44 51 46 49 53 56 44 48 46 50 48 53 44 48 46 48 48 51 44 51 46 51 54 57 44 51 46 51 49 57 44 48 46 48 50 56 44 48 46 52 48 55 44 49 46 57 55 54 44 48 46 57 48 54
10-11-15:35:23:700  : 相机 Received: 84 49 59 49 44 49 50 55 46 48 46 48 46 49 58 52 57 55 51 49
10-11-15:35:23:700  : 相机 Send: System.Byte[]，成功
10-11-15:35:54:307  : 相机 Received: 67 67 68 49 44 48 46 52 48 56 44 52 51 46 56 57 53
10-11-15:35:54:307  : 相机 Send: System.Byte[]，成功
10-11-15:39:18:448  : 相机 Send: System.Byte[]，成功
10-11-15:39:28:446  : 相机 Received: 84 50 59 52 44 49 50 55 46 48 46 48 46 49 58 52 57 55 51 49
10-11-15:39:38:449  : 相机 Send: System.Byte[]，成功
10-11-15:39:48:500  : 相机 Received: 67 67 68 49 44 51 46 50 52 53 44 51 46 51 51 44 48 46 48 51 51 44 48 46 51 55 54 44 51 46 51 55 50 44 51 46 51 56 57 44 48 46 48 55 54 44 48 46 50 55 51 44 51 46 54 50 53 44 51 46 49 53 54 44 48 46 50 48 53 44 48 46 48 48 51 44 51 46 50 48 57 44 51 46 50 49 53 44 48 46 48 50 56 44 48 46 52 48 55 44 49 46 57 55 54 44 48 46 57 48 54
10-11-15:48:27:995  : 相机 Send: System.Byte[]，成功
10-11-15:48:58:613  : 相机 Received: 67 67 68 49 44 48 46 51 57 56 44 52 51 46 56 54 52
10-11-15:52:28:131  : 相机 Send: System.Byte[]，成功
10-11-15:52:38:151  : 相机 Send: System.Byte[]，成功
10-11-15:52:48:174  : 相机 Received: 84 50 59 53 44 49 50 55 46 48 46 48 46 49 58 52 57 55 51 49
10-11-15:52:58:314  : 相机 Received: 67 67 68 49 44 51 46 52 53 44 51 46 51 49 55 44 48 46 48 51 51 44 48 46 51 55 54 44 51 46 51 51 55 44 51 46 55 51 55 44 48 46 48 55 54 44 48 46 50 55 51 44 51 46 53 49 57 44 51 46 55 53 54 44 48 46 50 48 53 44 48 46 48 48 51 44 51 46 56 55 50 44 51 46 52 50 57 44 48 46 48 50 56 44 48 46 52 48 55 44 49 46 57 55 54 44 48 46 57 48 54
10-11-15:52:58:314  : 相机 Send: System.Byte[]，成功
10-11-16:10:05:469  : 相机 Send: System.Byte[]，成功
10-11-16:10:36:078  : 相机 Received: 67 67 68 49 44 48 46 50 48 50 44 52 51 46 56 48 56
10-11-16:10:36:078  : 相机 Send: System.Byte[]，成功
10-11-16:15:02:849  : 相机 Send: System.Byte[]，成功
10-11-16:15:02:849  : 相机 Received: 84 50 59 51 44 49 50 55 46 48 46 48 46 49 58 52 57 55 51 49
10-11-16:15:12:855  : 相机 Received: 84 50 59 52 44 49 50 55 46 48 46 48 46 49 58 52 57 55 51 49
10-11-16:15:22:874  : 相机 Received: 84 50 59 53 44 49 50 55 46 48 46 48 46 49 58 52 57 55 51 49
10-11-16:15:32:927  : 相机 Send: System.Byte[]，成功
10-11-16:15:32:927  : 相机 Received: 67 67 68 49 44 51 46 52 52 49 44 51 46 50 55 52 44 48 46 48 51 51 44 48 46 51 55 54 44 51 46 51 53 51 44 51 46 55 55 51 44 48 46 48 55 54 44 48 46 50 55 51 44 51 46 55 48 50 44 51 46 51 49 57 44 48 46 50 48 53 44 48 46 48 48 51 44 50 46 56 51 53 44 51 46 50 56 55 44 48 46 48 50 56 44 48 46 52 48 55 44 48 46 54 57 52 44 49 46 56 50 55
10-11-16:27:56:585  : 相机 Received: 84 49 59 49 44 49 50 55 46 48 46 48 46 49 58 52 57 55 51 49
10-11-16:28:27:192  : 相机 Received: 67 67 68 49 44 48 46 50 56 56 44 52 52 46 49 57 49
10-11-16:41:35:725  : 相机 Received: 84 50 59 51 44 49 50 55 46 48 46 48 46 49 58 52 57 55 51 49
10-11-16:41:35:725  : 相机 Send: System.Byte[]，成功
10-11-16:41:45:733  : 相机 Received: 84 50 59 52 44 49 50 55 46 48 46 48 46 49 58 52 57 55 51 49
10-11-16:41:55:741  : 相机 Received: 84 50 59 53 44 49 50 55 46 48 46 48 46 49 58 52 57 55 51 49
10-11-16:42:05:799  : 相机 Received: 67 67 68 49 44 51 46 50 48 49 44 51 46 52 50 55 44 48 46 48 51 51 44 48 46 51 55 54 44 51 46 52 54 49 44 51 46 52 53 54 44 48 46 48 55 54 44 48 46 50 55 51 44 51 46 52 57 44 50 46 56 52 56 44 48 46 50 48 53 44 48 46 48 48 51 44 51 46 50 56 57 44 51 46 50 54 49 44 48 46 48 50 56 44 48 46 52 48 55 44 48 46 50 57 55 44 50 46 50 51 52
10-11-16:42:05:799  : 相机 Send: System.Byte[]，成功
10-11-17:03:15:165  : 相机 Send: System.Byte[]，成功
10-11-17:03:45:778  : 相机 Received: 67 67 68 49 44 48 46 50 51 55 44 52 51 46 53 56
10-11-17:07:30:943  : 相机 Received: 84 50 59 51 44 49 50 55 46 48 46 48 46 49 58 52 57 55 51 49
10-11-17:07:30:943  : 相机 Send: System.Byte[]，成功
10-11-17:07:40:949  : 相机 Received: 84 50 59 52 44 49 50 55 46 48 46 48 46 49 58 52 57 55 51 49
10-11-17:07:50:963  : 相机 Send: System.Byte[]，成功
10-11-17:08:01:028  : 相机 Send: System.Byte[]，成功
10-11-17:08:01:028  : 相机 Received: 67 67 68 49 44 51 46 50 56 54 44 51 46 51 53 49 44 48 46 48 51 51 44 48 46 51 55 54 44 51 46 51 55 52 44 51 46 51 53 55 44 48 46 48 55 54 44 48 46 50 55 51 44 51 46 51 53 56 44 51 46 50 48 49 44 48 46 50 48 53 44 48 46 48 48 51 44 51 46 50 56 50 44 51 46 50 52 53 44 48 46 48 50 56 44 48 46 52 48 55 44 49 46 48 52 49 44 49 46 54 52 52
10-11-18:07:02:456  : 相机 Send: System.Byte[]，成功
10-11-18:07:02:460  : 相机 Received: 84 49 59 49 44 49 50 55 46 48 46 48 46 49 58 52 57 55 50 50
10-11-18:07:33:042  : 相机 Received: 67 67 68 49 44 48 46 50 53 54 44 52 51 46 57 52 57
10-11-18:11:37:758  : 相机 Send: System.Byte[]，成功
10-11-18:11:47:769  : 相机 Send: System.Byte[]，成功
10-11-18:11:57:795  : 相机 Received: 84 50 59 53 44 49 50 55 46 48 46 48 46 49 58 52 57 55 50 50
10-11-18:12:07:840  : 相机 Send: System.Byte[]，成功
10-11-18:12:07:840  : 相机 Received: 67 67 68 49 44 51 46 52 52 50 44 51 46 50 56 55 44 48 46 48 51 51 44 48 46 51 55 54 44 51 46 50 52 54 44 51 46 51 57 56 44 48 46 48 55 54 44 48 46 50 55 51 44 51 46 51 48 55 44 51 46 50 57 49 44 48 46 50 48 53 44 48 46 48 48 51 44 51 46 50 50 49 44 51 46 52 51 54 44 48 46 48 50 56 44 48 46 52 48 55 44 48 46 49 53 55 44 51 46 56 52 57
10-11-18:14:38:796  : 相机 Send: System.Byte[]，成功
10-11-18:15:09:407  : 相机 Received: 67 67 68 49 44 48 46 51 57 51 44 52 51 46 50 57 50
10-11-18:15:09:407  : 相机 Send: System.Byte[]，成功
10-11-18:18:43:851  : 相机 Send: System.Byte[]，成功
10-11-18:18:43:851  : 相机 Received: 84 50 59 51 44 49 50 55 46 48 46 48 46 49 58 52 57 55 50 50
10-11-18:18:53:862  : 相机 Send: System.Byte[]，成功
10-11-18:18:53:862  : 相机 Received: 84 50 59 52 44 49 50 55 46 48 46 48 46 49 58 52 57 55 50 50
10-11-18:19:03:873  : 相机 Received: 84 50 59 53 44 49 50 55 46 48 46 48 46 49 58 52 57 55 50 50
10-11-18:19:13:925  : 相机 Received: 67 67 68 49 44 51 46 52 53 50 44 51 46 50 55 53 44 48 46 48 51 51 44 48 46 51 55 54 44 51 46 50 56 49 44 51 46 51 54 52 44 48 46 48 55 54 44 48 46 50 55 51 44 51 46 50 54 51 44 51 46 51 48 56 44 48 46 50 48 53 44 48 46 48 48 51 44 50 46 56 50 50 44 51 46 50 49 55 44 48 46 48 50 56 44 48 46 52 48 55 44 50 46 55 50 55 44 51 46 57 55 50
10-11-18:19:13:925  : 相机 Send: System.Byte[]，成功
10-11-18:28:30:511  : 相机 Received: 84 49 59 49 44 49 50 55 46 48 46 48 46 49 58 52 57 55 50 50
10-11-18:29:01:111  : 相机 Send: System.Byte[]，成功
10-11-18:36:06:154  : 相机 Send: System.Byte[]，成功
10-11-18:36:16:192  : 相机 Received: 84 50 59 52 44 49 50 55 46 48 46 48 46 49 58 52 57 55 50 50
10-11-18:36:26:186  : 相机 Received: 84 50 59 53 44 49 50 55 46 48 46 48 46 49 58 52 57 55 50 50
10-11-18:36:36:238  : 相机 Received: 67 67 68 49 44 51 46 52 52 56 44 51 46 50 56 44 48 46 48 51 51 44 48 46 51 55 54 44 51 46 50 56 44 51 46 49 52 53 44 48 46 48 55 54 44 48 46 50 55 51 44 51 46 50 55 51 44 50 46 53 56 55 44 48 46 50 48 53 44 48 46 48 48 51 44 51 46 50 53 53 44 51 46 52 51 54 44 48 46 48 50 56 44 48 46 52 48 55 44 48 46 54 50 54 44 55 46 57 49 50
10-11-18:36:36:238  : 相机 Send: System.Byte[]，成功
10-11-18:42:15:322  : 相机 Received: 84 49 59 49 44 49 50 55 46 48 46 48 46 49 58 52 57 55 50 50
10-11-18:42:45:912  : 相机 Send: System.Byte[]，成功
10-11-18:42:45:912  : 相机 Received: 67 67 68 49 44 48 46 51 56 50 44 52 52 46 49 48 53
10-11-18:48:04:631  : 相机 Send: System.Byte[]，成功
10-11-18:48:14:634  : 相机 Received: 84 50 59 52 44 49 50 55 46 48 46 48 46 49 58 52 57 55 50 50
10-11-18:48:24:648  : 相机 Received: 84 50 59 53 44 49 50 55 46 48 46 48 46 49 58 52 57 55 50 50
10-11-18:48:34:721  : 相机 Received: 67 67 68 49 44 57 57 57 44 57 57 57 44 57 57 57 44 57 57 57 44 57 57 57 44 57 57 57 44 57 57 57 44 57 57 57 44 57 57 57 44 57 57 57 44 57 57 57 44 57 57 57 44 57 57 57 44 57 57 57 44 57 57 57 44 57 57 57 44 57 57 57 44 57 57 57
10-11-18:48:34:722  : 相机 Send: System.Byte[]，成功
10-11-18:49:17:122  : 相机 Received: 84 50 59 51 44 49 50 55 46 48 46 48 46 49 58 52 57 55 50 50
10-11-18:49:27:144  : 相机 Received: 84 50 59 52 44 49 50 55 46 48 46 48 46 49 58 52 57 55 50 50
10-11-18:49:37:146  : 相机 Send: System.Byte[]，成功
10-11-18:49:47:210  : 相机 Received: 67 67 68 49 44 57 57 57 44 57 57 57 44 57 57 57 44 57 57 57 44 57 57 57 44 57 57 57 44 57 57 57 44 57 57 57 44 57 57 57 44 57 57 57 44 57 57 57 44 57 57 57 44 57 57 57 44 57 57 57 44 57 57 57 44 57 57 57 44 57 57 57 44 57 57 57
10-11-18:49:47:210  : 相机 Send: System.Byte[]，成功
10-11-18:50:49:831  : 相机 Received: 84 50 59 51 44 49 50 55 46 48 46 48 46 49 58 52 57 55 50 50
10-11-18:50:59:838  : 相机 Send: System.Byte[]，成功
10-11-18:51:09:848  : 相机 Send: System.Byte[]，成功
10-11-18:51:19:944  : 相机 Received: 67 67 68 49 44 57 57 57 44 57 57 57 44 57 57 57 44 57 57 57 44 57 57 57 44 57 57 57 44 57 57 57 44 57 57 57 44 57 57 57 44 57 57 57 44 57 57 57 44 57 57 57 44 57 57 57 44 57 57 57 44 57 57 57 44 57 57 57 44 57 57 57 44 57 57 57
10-11-18:51:19:944  : 相机 Send: System.Byte[]，成功
10-11-18:57:58:439  : 相机 Received: 84 49 59 49 44 49 50 55 46 48 46 48 46 49 58 52 57 55 50 50
10-11-18:57:58:440  : 相机 Send: System.Byte[]，成功
10-11-18:58:29:063  : 相机 Received: 67 67 68 49 44 48 46 51 55 51 44 52 51 46 54 54 53
10-11-18:58:29:063  : 相机 Send: System.Byte[]，成功
10-11-19:01:46:777  : 相机 Received: 84 50 59 51 44 49 50 55 46 48 46 48 46 49 58 52 57 55 50 50
10-11-19:01:46:777  : 相机 Send: System.Byte[]，成功
10-11-19:01:56:787  : 相机 Send: System.Byte[]，成功
10-11-19:02:06:786  : 相机 Received: 84 50 59 53 44 49 50 55 46 48 46 48 46 49 58 52 57 55 50 50
10-11-19:02:16:849  : 相机 Send: System.Byte[]，成功
10-11-19:02:16:849  : 相机 Received: 67 67 68 49 44 51 46 52 57 50 44 51 46 51 52 49 44 48 46 48 51 51 44 48 46 51 55 54 44 51 46 50 54 54 44 51 46 51 56 51 44 48 46 48 55 54 44 48 46 50 55 51 44 51 46 52 55 44 51 46 55 55 51 44 48 46 50 48 53 44 48 46 48 48 51 44 51 46 54 49 55 44 51 46 51 57 57 44 48 46 48 50 56 44 48 46 52 48 55 44 50 46 53 50 50 44 51 46 55 53 54
10-11-19:06:17:427  : 相机 Send: System.Byte[]，成功
10-11-19:06:48:038  : 相机 Received: 67 67 68 49 44 48 46 50 49 53 44 52 51 46 54 55 52
10-11-19:06:48:038  : 相机 Send: System.Byte[]，成功
10-11-19:07:31:186  : 相机 Received: 84 49 59 49 44 49 50 55 46 48 46 48 46 49 58 52 57 55 50 50
10-11-19:08:01:806  : 相机 Received: 67 67 68 49 44 48 46 50 49 44 52 51 46 54 53 49
10-11-19:08:01:806  : 相机 Send: System.Byte[]，成功
10-11-19:11:44:818  : 相机 Send: System.Byte[]，成功
10-11-19:11:54:812  : 相机 Received: 84 50 59 52 44 49 50 55 46 48 46 48 46 49 58 52 57 55 50 50
10-11-19:12:04:826  : 相机 Received: 84 50 59 53 44 49 50 55 46 48 46 48 46 49 58 52 57 55 50 50
10-11-19:12:14:873  : 相机 Send: System.Byte[]，成功
10-11-19:12:14:873  : 相机 Received: 67 67 68 49 44 51 46 52 55 57 44 51 46 53 54 44 48 46 48 51 51 44 48 46 51 55 54 44 51 46 51 54 54 44 51 46 54 49 44 48 46 48 55 54 44 48 46 50 55 51 44 51 46 57 50 49 44 51 46 52 48 51 44 48 46 50 48 53 44 48 46 48 48 51 44 50 46 55 51 51 44 51 46 50 54 54 44 48 46 48 50 56 44 48 46 52 48 55 44 49 46 48 49 53 44 49 46 57 55 52
10-11-19:13:10:898  : 相机 Send: System.Byte[]，成功
10-11-19:13:20:917  : 相机 Send: System.Byte[]，成功
10-11-19:13:30:929  : 相机 Received: 84 50 59 53 44 49 50 55 46 48 46 48 46 49 58 52 57 55 50 50
10-11-19:13:41:005  : 相机 Received: 67 67 68 49 44 51 46 52 51 50 44 51 46 53 55 44 48 46 48 51 51 44 48 46 51 55 54 44 51 46 51 55 49 44 51 46 52 50 56 44 48 46 48 55 54 44 48 46 50 55 51 44 51 46 57 49 54 44 51 46 52 49 52 44 48 46 50 48 53 44 48 46 48 48 51 44 50 46 55 52 49 44 51 46 51 49 50 44 48 46 48 50 56 44 48 46 52 48 55 44 48 46 56 57 49 44 50 46 48 54 51
10-11-19:13:41:005  : 相机 Send: System.Byte[]，成功
10-11-19:26:40:891  : 相机 Send: System.Byte[]，成功
10-11-19:27:11:490  : 相机 Send: System.Byte[]，成功
10-11-19:30:44:832  : 相机 Received: 84 50 59 51 44 49 50 55 46 48 46 48 46 49 58 52 57 55 50 50
10-11-19:30:54:831  : 相机 Received: 84 50 59 52 44 49 50 55 46 48 46 48 46 49 58 52 57 55 50 50
10-11-19:31:04:840  : 相机 Received: 84 50 59 53 44 49 50 55 46 48 46 48 46 49 58 52 57 55 50 50
10-11-19:31:14:903  : 相机 Received: 67 67 68 49 44 51 46 51 48 50 44 51 46 51 50 57 44 48 46 48 51 51 44 48 46 51 55 54 44 51 46 51 55 44 51 46 52 48 56 44 48 46 48 55 54 44 48 46 50 55 51 44 51 46 51 55 57 44 51 46 49 57 53 44 48 46 50 48 53 44 48 46 48 48 51 44 51 46 52 53 56 44 51 46 50 53 50 44 48 46 48 50 56 44 48 46 52 48 55 44 49 46 49 55 56 44 49 46 57 52 49
10-11-19:31:14:903  : 相机 Send: System.Byte[]，成功
10-11-19:34:32:223  : 相机 Send: System.Byte[]，成功
10-11-19:35:02:825  : 相机 Received: 67 67 68 49 44 48 46 49 57 54 44 52 52 46 49 52 51
10-11-19:35:02:825  : 相机 Send: System.Byte[]，成功
10-11-19:39:09:883  : 相机 Send: System.Byte[]，成功
10-11-19:39:19:902  : 相机 Received: 84 50 59 52 44 49 50 55 46 48 46 48 46 49 58 52 57 55 50 50
10-11-19:39:19:902  : 相机 Send: System.Byte[]，成功
10-11-19:39:29:916  : 相机 Received: 84 50 59 53 44 49 50 55 46 48 46 48 46 49 58 52 57 55 50 50
10-11-19:39:29:916  : 相机 Send: System.Byte[]，成功
10-11-19:39:39:959  : 相机 Received: 67 67 68 49 44 51 46 51 56 57 44 51 46 50 51 49 44 48 46 48 51 51 44 48 46 51 55 54 44 51 46 49 52 56 44 51 46 51 50 49 44 48 46 48 55 54 44 48 46 50 55 51 44 51 46 49 55 50 44 51 46 49 53 51 44 48 46 50 48 53 44 48 46 48 48 51 44 51 46 48 57 49 44 51 46 49 49 56 44 48 46 48 50 56 44 48 46 52 48 55 44 49 46 56 48 50 44 49 46 48 51 53
10-11-19:41:24:144  : 相机 Send: System.Byte[]，成功
10-11-19:41:54:753  : 相机 Send: System.Byte[]，成功
10-11-19:45:13:869  : 相机 Send: System.Byte[]，成功
10-11-19:45:23:883  : 相机 Received: 84 50 59 52 44 49 50 55 46 48 46 48 46 49 58 52 57 55 50 50
10-11-19:45:33:887  : 相机 Send: System.Byte[]，成功
10-11-19:45:43:948  : 相机 Send: System.Byte[]，成功
