07-27-13:46:47:169  : 相机 Send: System.Byte[]，成功
07-27-13:46:47:169  : 相机 Received: 51 68 79 75 44 48 46 56 56 52 44 48 46 56 55 57 44 48 46 56 56 44 49 46 53 50 44 49 46 53 49 57 44 49 46 53 50 55 44 49 46 53 51 49 44 49 46 53 50 50 44 49 46 53 49 57 44 49 46 53 50 51 44 49 46 53 50 44 48 46 54 51 57 44 48 46 54 52 51 44 48 46 54 54 51 44 48 46 54 53 52 44 48 46 54 51 49 44 48 46 54 50 56 44 48 46 54 55
07-27-13:46:50:133  : 相机 Received: 84 51 59 53 44 49 50 55 46 48 46 48 46 49 58 53 50 54 56 56
07-27-13:46:50:597  : 相机 Send: System.Byte[]，成功
07-27-13:47:02:216  : 相机 Received: 51 68 79 75 44 57 57 57 44 57 57 57
07-27-13:47:05:025  : 相机 Send: System.Byte[]，成功
07-27-13:47:08:528  : 相机 Received: 67 67 68 49 44 57 57 57 44 57 57 57 44 57 57 57 44 57 57 57 44 57 57 57 44 57 57 57 44 57 57 57 44 57 57 57 44 57 57 57 44 57 57 57 44 57 57 57 44 32 57 57 57 44 57 57 57 44 57 57 57 44 57 57 57 44 57 57 57 44 57 57 57 44 57 57 57 44 57 57 57 44 57 57 57 44 57 57 57 44 32 57 57 57 44 57 57 57 44 57 57 57 44 57 57 57 44 57 57 57 44 57 57 57 44 57 57 57 44 57 57 57 44 57 57 57 44 57 57 57 44 32 57 57 57 44 57 57 57 44 57 57 57 44 57 57 57 44 57 57 57 44 57 57 57 44 57 57 57 44 57 57 57 44 57 57 57 44 57 57 57 44 32 57 57 57 44 57 57 57 44 57 57 57 44 57 57 57
07-27-13:48:07:110  : 相机 Received: 51 68 79 75 44 48 46 56 56 52 44 48 46 56 55 57 44 48 46 56 56 44 49 46 53 50 44 49 46 53 49 57 44 49 46 53 50 55 44 49 46 53 51 49 44 49 46 53 50 50 44 49 46 53 49 57 44 49 46 53 50 51 44 49 46 53 50 44 48 46 54 51 57 44 48 46 54 52 51 44 48 46 54 54 51 44 48 46 54 53 52 44 48 46 54 51 49 44 48 46 54 50 56 44 48 46 54 55
07-27-13:48:07:110  : 相机 Send: System.Byte[]，成功
07-27-13:48:09:725  : 相机 Received: 84 51 59 53 44 49 50 55 46 48 46 48 46 49 58 53 50 54 56 56
07-27-13:48:09:725  : 相机 Send: System.Byte[]，成功
07-27-13:48:10:595  : 相机 Received: 67 67 68 49 44 57 57 57 44 57 57 57 44 57 57 57 44 57 57 57 44 57 57 57 44 57 57 57 44 57 57 57 44 57 57 57 44 57 57 57 44 57 57 57 44 57 57 57 44 32 57 57 57 44 57 57 57 44 57 57 57 44 57 57 57 44 57 57 57 44 57 57 57 44 57 57 57 44 57 57 57 44 57 57 57 44 57 57 57 44 32 57 57 57 44 57 57 57 44 57 57 57 44 57 57 57 44 57 57 57 44 57 57 57 44 57 57 57 44 57 57 57 44 57 57 57 44 57 57 57 44 32 57 57 57 44 57 57 57 44 57 57 57 44 57 57 57 44 57 57 57 44 57 57 57 44 57 57 57 44 57 57 57 44 57 57 57 44 57 57 57 44 32 57 57 57 44 57 57 57 44 57 57 57 44 57 57 57
07-27-13:48:10:595  : 相机 Send: System.Byte[]，成功
07-27-13:50:34:195  : 相机 Received: 51 68 79 75 44 48 44 48
07-27-13:50:34:195  : 相机 Send: System.Byte[]，成功
07-27-13:50:37:122  : 相机 Send: System.Byte[]，成功
07-27-13:50:40:837  : 相机 Received: 67 67 68 49 44 57 57 57 44 57 57 57 44 57 57 57 44 57 57 57 44 57 57 57 44 57 57 57 44 57 57 57 44 57 57 57 44 57 57 57 44 57 57 57 44 57 57 57 44 32 57 57 57 44 57 57 57 44 57 57 57 44 57 57 57 44 57 57 57 44 57 57 57 44 57 57 57 44 57 57 57 44 57 57 57 44 57 57 57 44 32 57 57 57 44 57 57 57 44 57 57 57 44 57 57 57 44 57 57 57 44 57 57 57 44 57 57 57 44 57 57 57 44 57 57 57 44 57 57 57 44 32 57 57 57 44 57 57 57 44 57 57 57 44 57 57 57 44 57 57 57 44 57 57 57 44 57 57 57 44 57 57 57 44 57 57 57 44 57 57 57 44 32 57 57 57 44 57 57 57 44 57 57 57 44 57 57 57
07-27-13:50:40:844  : 相机 Send: System.Byte[]，成功
07-27-13:50:55:673  : 相机 Received: 51 68 79 75 44 48 46 56 56 52 44 48 46 56 55 57 44 48 46 56 56 44 49 46 53 50 44 49 46 53 49 57 44 49 46 53 50 55 44 49 46 53 51 49 44 49 46 53 50 50 44 49 46 53 49 57 44 49 46 53 50 51 44 49 46 53 50 44 48 46 54 51 57 44 48 46 54 52 51 44 48 46 54 54 51 44 48 46 54 53 52 44 48 46 54 51 49 44 48 46 54 50 56 44 48 46 54 55
07-27-13:50:55:673  : 相机 Send: System.Byte[]，成功
07-27-13:50:58:616  : 相机 Received: 84 51 59 53 44 49 50 55 46 48 46 48 46 49 58 53 50 54 56 56
07-27-13:50:58:617  : 相机 Send: System.Byte[]，成功
07-27-13:50:59:310  : 相机 Received: 67 67 68 49 44 57 57 57 44 57 57 57 44 57 57 57 44 57 57 57 44 57 57 57 44 57 57 57 44 57 57 57 44 57 57 57 44 57 57 57 44 57 57 57 44 57 57 57 44 32 57 57 57 44 57 57 57 44 57 57 57 44 57 57 57 44 57 57 57 44 57 57 57 44 57 57 57 44 57 57 57 44 57 57 57 44 57 57 57 44 32 57 57 57 44 57 57 57 44 57 57 57 44 57 57 57 44 57 57 57 44 57 57 57 44 57 57 57 44 57 57 57 44 57 57 57 44 57 57 57 44 32 57 57 57 44 57 57 57 44 57 57 57 44 57 57 57 44 57 57 57 44 57 57 57 44 57 57 57 44 57 57 57 44 57 57 57 44 57 57 57 44 32 57 57 57 44 57 57 57 44 57 57 57 44 57 57 57
07-27-13:51:38:380  : 相机 Send: System.Byte[]，失败
07-27-13:52:29:429  : 相机 Send: System.Byte[]，成功
07-27-13:52:29:429  : 相机 Received: 84 51 59 53 44 49 50 55 46 48 46 48 46 49 58 53 50 54 56 56
07-27-13:52:33:160  : 相机 Received: 67 67 68 49 44 57 57 57 44 57 57 57 44 57 57 57 44 57 57 57 44 57 57 57 44 57 57 57 44 57 57 57 44 57 57 57 44 57 57 57 44 57 57 57 44 57 57 57 44 32 57 57 57 44 57 57 57 44 57 57 57 44 57 57 57 44 57 57 57 44 57 57 57 44 57 57 57 44 57 57 57 44 57 57 57 44 57 57 57 44 32 57 57 57 44 57 57 57 44 57 57 57 44 57 57 57 44 57 57 57 44 57 57 57 44 57 57 57 44 57 57 57 44 57 57 57 44 57 57 57 44 32 57 57 57 44 57 57 57 44 57 57 57 44 57 57 57 44 57 57 57 44 57 57 57 44 57 57 57 44 57 57 57 44 57 57 57 44 57 57 57 44 32 57 57 57 44 57 57 57 44 57 57 57 44 57 57 57
07-27-13:52:50:887  : 相机 Received: 51 68 79 75 44 48 46 56 56 52 44 48 46 56 55 57 44 48 46 56 56 44 49 46 53 50 44 49 46 53 49 57 44 49 46 53 50 55 44 49 46 53 51 49 44 49 46 53 50 50 44 49 46 53 49 57 44 49 46 53 50 51 44 49 46 53 50 44 48 46 54 51 57 44 48 46 54 52 51 44 48 46 54 54 51 44 48 46 54 53 52 44 48 46 54 51 49 44 48 46 54 50 56 44 48 46 54 55
07-27-13:52:53:811  : 相机 Send: System.Byte[]，成功
07-27-13:52:54:518  : 相机 Send: System.Byte[]，成功
07-27-13:52:54:518  : 相机 Received: 67 67 68 49 44 57 57 57 44 57 57 57 44 57 57 57 44 57 57 57 44 57 57 57 44 57 57 57 44 57 57 57 44 57 57 57 44 57 57 57 44 57 57 57 44 57 57 57 44 32 57 57 57 44 57 57 57 44 57 57 57 44 57 57 57 44 57 57 57 44 57 57 57 44 57 57 57 44 57 57 57 44 57 57 57 44 57 57 57 44 32 57 57 57 44 57 57 57 44 57 57 57 44 57 57 57 44 57 57 57 44 57 57 57 44 57 57 57 44 57 57 57 44 57 57 57 44 57 57 57 44 32 57 57 57 44 57 57 57 44 57 57 57 44 57 57 57 44 57 57 57 44 57 57 57 44 57 57 57 44 57 57 57 44 57 57 57 44 57 57 57 44 32 57 57 57 44 57 57 57 44 57 57 57 44 57 57 57
07-27-13:53:17:426  : 相机 Send: System.Byte[]，成功
07-27-13:53:17:426  : 相机 Received: 51 68 79 75 44 57 57 57 44 57 57 57
07-27-13:53:20:338  : 相机 Send: System.Byte[]，成功
07-27-13:53:20:338  : 相机 Received: 84 51 59 53 44 49 50 55 46 48 46 48 46 49 58 53 50 54 56 56
07-27-13:53:24:054  : 相机 Received: 67 67 68 49 44 57 57 57 44 57 57 57 44 57 57 57 44 57 57 57 44 57 57 57 44 57 57 57 44 57 57 57 44 57 57 57 44 57 57 57 44 57 57 57 44 57 57 57 44 32 57 57 57 44 57 57 57 44 57 57 57 44 57 57 57 44 57 57 57 44 57 57 57 44 57 57 57 44 57 57 57 44 57 57 57 44 57 57 57 44 32 57 57 57 44 57 57 57 44 57 57 57 44 57 57 57 44 57 57 57 44 57 57 57 44 57 57 57 44 57 57 57 44 57 57 57 44 57 57 57 44 32 57 57 57 44 57 57 57 44 57 57 57 44 57 57 57 44 57 57 57 44 57 57 57 44 57 57 57 44 57 57 57 44 57 57 57 44 57 57 57 44 32 57 57 57 44 57 57 57 44 57 57 57 44 57 57 57
07-27-13:53:24:054  : 相机 Send: System.Byte[]，成功
07-27-13:57:19:007  : 相机 Send: System.Byte[]，成功
07-27-13:57:19:007  : 相机 Received: 51 68 79 75 44 48 46 56 56 52 44 48 46 56 55 57 44 48 46 56 56 44 49 46 53 50 44 49 46 53 49 57 44 49 46 53 50 55 44 49 46 53 51 49 44 49 46 53 50 50 44 49 46 53 49 57 44 49 46 53 50 51 44 49 46 53 50 44 48 46 54 51 57 44 48 46 54 52 51 44 48 46 54 54 51 44 48 46 54 53 52 44 48 46 54 51 49 44 48 46 54 50 56 44 48 46 54 55
07-27-13:57:21:413  : 相机 Send: System.Byte[]，成功
07-27-13:57:22:350  : 相机 Send: System.Byte[]，成功
07-27-13:57:22:350  : 相机 Received: 67 67 68 49 44 57 57 57 44 57 57 57 44 57 57 57 44 57 57 57 44 57 57 57 44 57 57 57 44 57 57 57 44 57 57 57 44 57 57 57 44 57 57 57 44 57 57 57 44 32 57 57 57 44 57 57 57 44 57 57 57 44 57 57 57 44 57 57 57 44 57 57 57 44 57 57 57 44 57 57 57 44 57 57 57 44 57 57 57 44 32 57 57 57 44 57 57 57 44 57 57 57 44 57 57 57 44 57 57 57 44 57 57 57 44 57 57 57 44 57 57 57 44 57 57 57 44 57 57 57 44 32 57 57 57 44 57 57 57 44 57 57 57 44 57 57 57 44 57 57 57 44 57 57 57 44 57 57 57 44 57 57 57 44 57 57 57 44 57 57 57 44 32 57 57 57 44 57 57 57 44 57 57 57 44 57 57 57
07-27-13:58:17:150  : 相机 Send: System.Byte[]，失败
07-27-13:58:32:255  : 相机 Received: 51 68 79 75 44 57 57 57 44 57 57 57
07-27-13:59:57:423  : 相机 Send: System.Byte[]，成功
07-27-13:59:57:423  : 相机 Received: 51 68 79 75 44 48 46 56 56 52 44 48 46 56 55 57 44 48 46 56 56 44 49 46 53 50 44 49 46 53 49 57 44 49 46 53 50 55 44 49 46 53 51 49 44 49 46 53 50 50 44 49 46 53 49 57 44 49 46 53 50 51 44 49 46 53 50 44 48 46 54 51 57 44 48 46 54 52 51 44 48 46 54 54 51 44 48 46 54 53 52 44 48 46 54 51 49 44 48 46 54 50 56 44 48 46 54 55
07-27-14:00:00:391  : 相机 Received: 84 51 59 53 44 49 50 55 46 48 46 48 46 49 58 53 50 55 54 51
07-27-14:00:00:391  : 相机 Send: System.Byte[]，成功
07-27-14:00:01:063  : 相机 Received: 67 67 68 49 44 57 57 57 44 57 57 57 44 57 57 57 44 57 57 57 44 57 57 57 44 57 57 57 44 57 57 57 44 57 57 57 44 57 57 57 44 57 57 57 44 57 57 57 44 32 57 57 57 44 57 57 57 44 57 57 57 44 57 57 57 44 57 57 57 44 57 57 57 44 57 57 57 44 57 57 57 44 57 57 57 44 57 57 57 44 32 57 57 57 44 57 57 57 44 57 57 57 44 57 57 57 44 57 57 57 44 57 57 57 44 57 57 57 44 57 57 57 44 57 57 57 44 57 57 57 44 32 57 57 57 44 57 57 57 44 57 57 57 44 57 57 57 44 57 57 57 44 57 57 57 44 57 57 57 44 57 57 57 44 57 57 57 44 57 57 57 44 32 57 57 57 44 57 57 57 44 57 57 57 44 57 57 57
07-27-14:00:40:866  : 相机 Received: 84 51 59 53 44 49 50 55 46 48 46 48 46 49 58 53 50 55 54 51
07-27-14:00:40:866  : 相机 Send: System.Byte[]，成功
07-27-14:00:44:552  : 相机 Send: System.Byte[]，成功
07-27-14:00:44:552  : 相机 Received: 67 67 68 49 44 57 57 57 44 57 57 57 44 57 57 57 44 57 57 57 44 57 57 57 44 57 57 57 44 57 57 57 44 57 57 57 44 57 57 57 44 57 57 57 44 57 57 57 44 32 57 57 57 44 57 57 57 44 57 57 57 44 57 57 57 44 57 57 57 44 57 57 57 44 57 57 57 44 57 57 57 44 57 57 57 44 57 57 57 44 32 57 57 57 44 57 57 57 44 57 57 57 44 57 57 57 44 57 57 57 44 57 57 57 44 57 57 57 44 57 57 57 44 57 57 57 44 57 57 57 44 32 57 57 57 44 57 57 57 44 57 57 57 44 57 57 57 44 57 57 57 44 57 57 57 44 57 57 57 44 57 57 57 44 57 57 57 44 57 57 57 44 32 57 57 57 44 57 57 57 44 57 57 57 44 57 57 57
07-27-14:00:51:910  : 相机 Received: 51 68 79 75 44 57 57 57 44 57 57 57
07-27-14:01:42:398  : 相机 Received: 51 68 79 75 44 48 46 56 56 52 44 48 46 56 55 57 44 48 46 56 56 44 49 46 53 50 44 49 46 53 49 57 44 49 46 53 50 55 44 49 46 53 51 49 44 49 46 53 50 50 44 49 46 53 49 57 44 49 46 53 50 51 44 49 46 53 50 44 48 46 54 51 57 44 48 46 54 52 51 44 48 46 54 54 51 44 48 46 54 53 52 44 48 46 54 51 49 44 48 46 54 50 56 44 48 46 54 55
07-27-14:01:42:398  : 相机 Send: System.Byte[]，成功
07-27-14:01:45:397  : 相机 Received: 84 51 59 53 44 49 50 55 46 48 46 48 46 49 58 53 50 55 54 51
07-27-14:01:45:397  : 相机 Send: System.Byte[]，成功
07-27-14:01:46:085  : 相机 Received: 67 67 68 49 44 57 57 57 44 57 57 57 44 57 57 57 44 57 57 57 44 57 57 57 44 57 57 57 44 57 57 57 44 57 57 57 44 57 57 57 44 57 57 57 44 57 57 57 44 32 57 57 57 44 57 57 57 44 57 57 57 44 57 57 57 44 57 57 57 44 57 57 57 44 57 57 57 44 57 57 57 44 57 57 57 44 57 57 57 44 32 57 57 57 44 57 57 57 44 57 57 57 44 57 57 57 44 57 57 57 44 57 57 57 44 57 57 57 44 57 57 57 44 57 57 57 44 57 57 57 44 32 57 57 57 44 57 57 57 44 57 57 57 44 57 57 57 44 57 57 57 44 57 57 57 44 57 57 57 44 57 57 57 44 57 57 57 44 57 57 57 44 32 57 57 57 44 57 57 57 44 57 57 57 44 57 57 57
07-27-14:01:46:085  : 相机 Send: System.Byte[]，成功
07-27-14:03:20:328  : 相机 Send: System.Byte[]，失败
07-27-14:03:26:356  : 相机 Send: System.Byte[]，失败
07-27-14:09:44:186  : 相机 Send: System.Byte[]，成功
07-27-14:09:44:186  : 相机 Received: 51 68 79 75 44 48 46 56 56 52 44 48 46 56 55 57 44 48 46 56 56 44 49 46 53 50 44 49 46 53 49 57 44 49 46 53 50 55 44 49 46 53 51 49 44 49 46 53 50 50 44 49 46 53 49 57 44 49 46 53 50 51 44 49 46 53 50 44 48 46 54 51 57 44 48 46 54 52 51 44 48 46 54 54 51 44 48 46 54 53 52 44 48 46 54 51 49 44 48 46 54 50 56 44 48 46 54 55
07-27-14:09:46:389  : 相机 Received: 84 51 59 53 44 49 50 55 46 48 46 48 46 49 58 52 57 54 56 53
07-27-14:09:47:342  : 相机 Received: 67 67 68 49 44 57 57 57 44 57 57 57 44 57 57 57 44 57 57 57 44 57 57 57 44 57 57 57 44 57 57 57 44 57 57 57 44 57 57 57 44 57 57 57 44 57 57 57 44 32 57 57 57 44 57 57 57 44 57 57 57 44 57 57 57 44 57 57 57 44 57 57 57 44 57 57 57 44 57 57 57 44 57 57 57 44 57 57 57 44 32 57 57 57 44 57 57 57 44 57 57 57 44 57 57 57 44 57 57 57 44 57 57 57 44 57 57 57 44 57 57 57 44 57 57 57 44 57 57 57 44 32 57 57 57 44 57 57 57 44 57 57 57 44 57 57 57 44 57 57 57 44 57 57 57 44 57 57 57 44 57 57 57 44 57 57 57 44 57 57 57 44 32 57 57 57 44 57 57 57 44 57 57 57 44 57 57 57
07-27-14:10:32:284  : 相机 Received: 51 68 79 75 44 48 44 48
07-27-14:10:32:284  : 相机 Send: System.Byte[]，成功
07-27-14:10:33:565  : 相机 Received: 84 51 59 53 44 49 50 55 46 48 46 48 46 49 58 52 57 54 56 53
07-27-14:10:33:565  : 相机 Send: System.Byte[]，成功
07-27-14:10:37:314  : 相机 Send: System.Byte[]，成功
07-27-14:13:43:370  : 相机 Send: System.Byte[]，成功
07-27-14:13:43:371  : 相机 Received: 51 68 79 75 44 48 46 56 56 52 44 48 46 56 55 57 44 48 46 56 56 44 49 46 53 50 44 49 46 53 49 57 44 49 46 53 50 55 44 49 46 53 51 49 44 49 46 53 50 50 44 49 46 53 49 57 44 49 46 53 50 51 44 49 46 53 50 44 48 46 54 51 57 44 48 46 54 52 51 44 48 46 54 54 51 44 48 46 54 53 52 44 48 46 54 51 49 44 48 46 54 50 56 44 48 46 54 55
07-27-14:13:46:325  : 相机 Send: System.Byte[]，成功
07-27-14:13:46:325  : 相机 Received: 84 51 59 53 44 49 50 55 46 48 46 48 46 49 58 52 57 55 48 57
07-27-14:13:46:834  : 相机 Received: 67 67 68 49 44 57 57 57 44 57 57 57 44 57 57 57 44 57 57 57 44 57 57 57 44 57 57 57 44 57 57 57 44 57 57 57 44 57 57 57 44 57 57 57 44 57 57 57 44 32 57 57 57 44 57 57 57 44 57 57 57 44 57 57 57 44 57 57 57 44 57 57 57 44 57 57 57 44 57 57 57 44 57 57 57 44 57 57 57 44 32 57 57 57 44 57 57 57 44 57 57 57 44 57 57 57 44 57 57 57 44 57 57 57 44 57 57 57 44 57 57 57 44 57 57 57 44 57 57 57 44 32 57 57 57 44 57 57 57 44 57 57 57 44 57 57 57 44 57 57 57 44 57 57 57 44 57 57 57 44 57 57 57 44 57 57 57 44 57 57 57 44 32 57 57 57 44 57 57 57 44 57 57 57 44 57 57 57
07-27-14:19:14:687  : 相机 Send: System.Byte[]，成功
07-27-14:19:17:499  : 相机 Send: System.Byte[]，成功
07-27-14:19:21:029  : 相机 Received: 67 67 68 49 44 57 57 57 44 57 57 57 44 57 57 57 44 57 57 57 44 57 57 57 44 57 57 57 44 57 57 57 44 57 57 57 44 57 57 57 44 57 57 57 44 57 57 57 44 32 57 57 57 44 57 57 57 44 57 57 57 44 57 57 57 44 57 57 57 44 57 57 57 44 57 57 57 44 57 57 57 44 57 57 57 44 57 57 57 44 32 57 57 57 44 57 57 57 44 57 57 57 44 57 57 57 44 57 57 57 44 57 57 57 44 57 57 57 44 57 57 57 44 57 57 57 44 57 57 57 44 32 57 57 57 44 57 57 57 44 57 57 57 44 57 57 57 44 57 57 57 44 57 57 57 44 57 57 57 44 57 57 57 44 57 57 57 44 57 57 57 44 32 57 57 57 44 57 57 57 44 57 57 57 44 57 57 57
07-27-14:44:02:173  : 相机 Send: System.Byte[]，成功
07-27-14:44:02:175  : 相机 Received: 51 68 79 75 44 48 46 56 56 52 44 48 46 56 55 57 44 48 46 56 56 44 49 46 53 50 44 49 46 53 49 57 44 49 46 53 50 55 44 49 46 53 51 49 44 49 46 53 50 50 44 49 46 53 49 57 44 49 46 53 50 51 44 49 46 53 50 44 48 46 54 51 57 44 48 46 54 52 51 44 48 46 54 54 51 44 48 46 54 53 52 44 48 46 54 51 49 44 48 46 54 50 56 44 48 46 54 55
07-27-14:44:04:678  : 相机 Received: 84 51 59 53 44 49 50 55 46 48 46 48 46 49 58 52 57 57 51 57
07-27-14:44:04:678  : 相机 Send: System.Byte[]，成功
07-27-14:44:05:593  : 相机 Received: 67 67 68 49 44 57 57 57 44 57 57 57 44 57 57 57 44 57 57 57 44 57 57 57 44 57 57 57 44 57 57 57 44 57 57 57 44 57 57 57 44 57 57 57 44 57 57 57 44 32 57 57 57 44 57 57 57 44 57 57 57 44 57 57 57 44 57 57 57 44 57 57 57 44 57 57 57 44 57 57 57 44 57 57 57 44 57 57 57 44 32 57 57 57 44 57 57 57 44 57 57 57 44 57 57 57 44 57 57 57 44 57 57 57 44 57 57 57 44 57 57 57 44 57 57 57 44 57 57 57 44 32 57 57 57 44 57 57 57 44 57 57 57 44 57 57 57 44 57 57 57 44 57 57 57 44 57 57 57 44 57 57 57 44 57 57 57 44 57 57 57 44 32 57 57 57 44 57 57 57 44 57 57 57 44 57 57 57
07-27-14:44:30:993  : 相机 Received: 51 68 79 75 44 57 57 57 44 57 57 57
07-27-14:44:30:993  : 相机 Send: System.Byte[]，成功
07-27-14:44:33:771  : 相机 Received: 84 51 59 53 44 49 50 55 46 48 46 48 46 49 58 52 57 57 51 57
07-27-14:44:33:771  : 相机 Send: System.Byte[]，成功
07-27-14:44:37:755  : 相机 Received: 67 67 68 49 44 57 57 57 44 57 57 57 44 57 57 57 44 57 57 57 44 57 57 57 44 57 57 57 44 57 57 57 44 57 57 57 44 57 57 57 44 57 57 57 44 57 57 57 44 32 57 57 57 44 57 57 57 44 57 57 57 44 57 57 57 44 57 57 57 44 57 57 57 44 57 57 57 44 57 57 57 44 57 57 57 44 57 57 57 44 32 57 57 57 44 57 57 57 44 57 57 57 44 57 57 57 44 57 57 57 44 57 57 57 44 57 57 57 44 57 57 57 44 57 57 57 44 57 57 57 44 32 57 57 57 44 57 57 57 44 57 57 57 44 57 57 57 44 57 57 57 44 57 57 57 44 57 57 57 44 57 57 57 44 57 57 57 44 57 57 57 44 32 57 57 57 44 57 57 57 44 57 57 57 44 57 57 57
07-27-14:44:37:757  : 相机 Send: System.Byte[]，成功
07-27-14:45:19:065  : 相机 Send: System.Byte[]，成功
07-27-14:45:19:389  : 相机 Received: 51 68 79 75 44 48 46 56 56 52 44 48 46 56 55 57 44 48 46 56 56 44 49 46 53 50 44 49 46 53 49 57 44 49 46 53 50 55 44 49 46 53 51 49 44 49 46 53 50 50 44 49 46 53 49 57 44 49 46 53 50 51 44 49 46 53 50 44 48 46 54 51 57 44 48 46 54 52 51 44 48 46 54 54 51 44 48 46 54 53 52 44 48 46 54 51 49 44 48 46 54 50 56 44 48 46 54 55
07-27-14:45:19:390  : 相机 Send: System.Byte[]，成功
07-27-14:45:19:908  : 相机 Received: 67 67 68 49 44 57 57 57 44 57 57 57 44 57 57 57 44 57 57 57 44 57 57 57 44 57 57 57 44 57 57 57 44 57 57 57 44 57 57 57 44 57 57 57 44 57 57 57 44 32 57 57 57 44 57 57 57 44 57 57 57 44 57 57 57 44 57 57 57 44 57 57 57 44 57 57 57 44 57 57 57 44 57 57 57 44 57 57 57 44 32 57 57 57 44 57 57 57 44 57 57 57 44 57 57 57 44 57 57 57 44 57 57 57 44 57 57 57 44 57 57 57 44 57 57 57 44 57 57 57 44 32 57 57 57 44 57 57 57 44 57 57 57 44 57 57 57 44 57 57 57 44 57 57 57 44 57 57 57 44 57 57 57 44 57 57 57 44 57 57 57 44 32 57 57 57 44 57 57 57 44 57 57 57 44 57 57 57
07-27-14:45:48:759  : 相机 Received: 51 68 79 75 44 48 44 48
07-27-14:45:48:760  : 相机 Send: System.Byte[]，成功
07-27-14:45:51:675  : 相机 Received: 84 51 59 53 44 49 50 55 46 48 46 48 46 49 58 52 57 57 51 57
07-27-14:45:55:475  : 相机 Received: 67 67 68 49 44 57 57 57 44 57 57 57 44 57 57 57 44 57 57 57 44 57 57 57 44 57 57 57 44 57 57 57 44 57 57 57 44 57 57 57 44 57 57 57 44 57 57 57 44 32 57 57 57 44 57 57 57 44 57 57 57 44 57 57 57 44 57 57 57 44 57 57 57 44 57 57 57 44 57 57 57 44 57 57 57 44 57 57 57 44 32 57 57 57 44 57 57 57 44 57 57 57 44 57 57 57 44 57 57 57 44 57 57 57 44 57 57 57 44 57 57 57 44 57 57 57 44 57 57 57 44 32 57 57 57 44 57 57 57 44 57 57 57 44 57 57 57 44 57 57 57 44 57 57 57 44 57 57 57 44 57 57 57 44 57 57 57 44 57 57 57 44 32 57 57 57 44 57 57 57 44 57 57 57 44 57 57 57
07-27-14:45:55:475  : 相机 Send: System.Byte[]，成功
07-27-14:46:21:328  : 相机 Received: 51 68 79 75 44 48 46 56 56 52 44 48 46 56 55 57 44 48 46 56 56 44 49 46 53 50 44 49 46 53 49 57 44 49 46 53 50 55 44 49 46 53 51 49 44 49 46 53 50 50 44 49 46 53 49 57 44 49 46 53 50 51 44 49 46 53 50 44 48 46 54 51 57 44 48 46 54 52 51 44 48 46 54 54 51 44 48 46 54 53 52 44 48 46 54 51 49 44 48 46 54 50 56 44 48 46 54 55
07-27-14:46:21:328  : 相机 Send: System.Byte[]，成功
07-27-14:46:21:672  : 相机 Send: System.Byte[]，成功
07-27-14:46:21:672  : 相机 Received: 84 51 59 53 44 49 50 55 46 48 46 48 46 49 58 52 57 57 51 57
07-27-14:46:22:453  : 相机 Send: System.Byte[]，成功
07-27-14:46:58:554  : 相机 Received: 51 68 79 75 44 57 57 57 44 57 57 57
07-27-14:46:58:554  : 相机 Send: System.Byte[]，成功
07-27-14:47:01:491  : 相机 Send: System.Byte[]，成功
07-27-14:47:05:286  : 相机 Received: 67 67 68 49 44 57 57 57 44 57 57 57 44 57 57 57 44 57 57 57 44 57 57 57 44 57 57 57 44 57 57 57 44 57 57 57 44 57 57 57 44 57 57 57 44 57 57 57 44 32 57 57 57 44 57 57 57 44 57 57 57 44 57 57 57 44 57 57 57 44 57 57 57 44 57 57 57 44 57 57 57 44 57 57 57 44 57 57 57 44 32 57 57 57 44 57 57 57 44 57 57 57 44 57 57 57 44 57 57 57 44 57 57 57 44 57 57 57 44 57 57 57 44 57 57 57 44 57 57 57 44 32 57 57 57 44 57 57 57 44 57 57 57 44 57 57 57 44 57 57 57 44 57 57 57 44 57 57 57 44 57 57 57 44 57 57 57 44 57 57 57 44 32 57 57 57 44 57 57 57 44 57 57 57 44 57 57 57
07-27-14:47:05:286  : 相机 Send: System.Byte[]，成功
07-27-14:47:32:399  : 相机 Received: 51 68 79 75 44 48 46 56 56 52 44 48 46 56 55 57 44 48 46 56 56 44 49 46 53 50 44 49 46 53 49 57 44 49 46 53 50 55 44 49 46 53 51 49 44 49 46 53 50 50 44 49 46 53 49 57 44 49 46 53 50 51 44 49 46 53 50 44 48 46 54 51 57 44 48 46 54 52 51 44 48 46 54 54 51 44 48 46 54 53 52 44 48 46 54 51 49 44 48 46 54 50 56 44 48 46 54 55
07-27-14:47:32:399  : 相机 Send: System.Byte[]，成功
07-27-14:47:35:133  : 相机 Received: 84 51 59 53 44 49 50 55 46 48 46 48 46 49 58 52 57 57 51 57
07-27-14:47:35:883  : 相机 Received: 67 67 68 49 44 57 57 57 44 57 57 57 44 57 57 57 44 57 57 57 44 57 57 57 44 57 57 57 44 57 57 57 44 57 57 57 44 57 57 57 44 57 57 57 44 57 57 57 44 32 57 57 57 44 57 57 57 44 57 57 57 44 57 57 57 44 57 57 57 44 57 57 57 44 57 57 57 44 57 57 57 44 57 57 57 44 57 57 57 44 32 57 57 57 44 57 57 57 44 57 57 57 44 57 57 57 44 57 57 57 44 57 57 57 44 57 57 57 44 57 57 57 44 57 57 57 44 57 57 57 44 32 57 57 57 44 57 57 57 44 57 57 57 44 57 57 57 44 57 57 57 44 57 57 57 44 57 57 57 44 57 57 57 44 57 57 57 44 57 57 57 44 32 57 57 57 44 57 57 57 44 57 57 57 44 57 57 57
07-27-14:47:35:899  : 相机 Send: System.Byte[]，成功
07-27-14:48:23:403  : 相机 Received: 51 68 79 75 44 57 57 57 44 57 57 57
07-27-14:48:23:403  : 相机 Send: System.Byte[]，成功
07-27-14:48:26:262  : 相机 Send: System.Byte[]，成功
07-27-14:48:30:026  : 相机 Send: System.Byte[]，成功
07-27-14:48:38:337  : 相机 Received: 51 68 79 75 44 48 46 56 56 52 44 48 46 56 55 57 44 48 46 56 56 44 49 46 53 50 44 49 46 53 49 57 44 49 46 53 50 55 44 49 46 53 51 49 44 49 46 53 50 50 44 49 46 53 49 57 44 49 46 53 50 51 44 49 46 53 50 44 48 46 54 51 57 44 48 46 54 52 51 44 48 46 54 54 51 44 48 46 54 53 52 44 48 46 54 51 49 44 48 46 54 50 56 44 48 46 54 55
07-27-14:48:41:227  : 相机 Received: 84 51 59 53 44 49 50 55 46 48 46 48 46 49 58 52 57 57 51 57
07-27-14:48:41:992  : 相机 Received: 67 67 68 49 44 57 57 57 44 57 57 57 44 57 57 57 44 57 57 57 44 57 57 57 44 57 57 57 44 57 57 57 44 57 57 57 44 57 57 57 44 57 57 57 44 57 57 57 44 32 57 57 57 44 57 57 57 44 57 57 57 44 57 57 57 44 57 57 57 44 57 57 57 44 57 57 57 44 57 57 57 44 57 57 57 44 57 57 57 44 32 57 57 57 44 57 57 57 44 57 57 57 44 57 57 57 44 57 57 57 44 57 57 57 44 57 57 57 44 57 57 57 44 57 57 57 44 57 57 57 44 32 57 57 57 44 57 57 57 44 57 57 57 44 57 57 57 44 57 57 57 44 57 57 57 44 57 57 57 44 57 57 57 44 57 57 57 44 57 57 57 44 32 57 57 57 44 57 57 57 44 57 57 57 44 57 57 57
07-27-14:48:41:992  : 相机 Send: System.Byte[]，成功
07-27-14:49:32:246  : 相机 Received: 51 68 79 75 44 48 44 48
07-27-14:49:32:246  : 相机 Send: System.Byte[]，成功
07-27-14:49:35:136  : 相机 Received: 84 51 59 53 44 49 50 55 46 48 46 48 46 49 58 52 57 57 51 57
07-27-14:49:38:932  : 相机 Received: 67 67 68 49 44 57 57 57 44 57 57 57 44 57 57 57 44 57 57 57 44 57 57 57 44 57 57 57 44 57 57 57 44 57 57 57 44 57 57 57 44 57 57 57 44 57 57 57 44 32 57 57 57 44 57 57 57 44 57 57 57 44 57 57 57 44 57 57 57 44 57 57 57 44 57 57 57 44 57 57 57 44 57 57 57 44 57 57 57 44 32 57 57 57 44 57 57 57 44 57 57 57 44 57 57 57 44 57 57 57 44 57 57 57 44 57 57 57 44 57 57 57 44 57 57 57 44 57 57 57 44 32 57 57 57 44 57 57 57 44 57 57 57 44 57 57 57 44 57 57 57 44 57 57 57 44 57 57 57 44 57 57 57 44 57 57 57 44 57 57 57 44 32 57 57 57 44 57 57 57 44 57 57 57 44 57 57 57
07-27-14:49:38:932  : 相机 Send: System.Byte[]，成功
07-27-14:49:47:180  : 相机 Received: 51 68 79 75 44 48 46 56 56 52 44 48 46 56 55 57 44 48 46 56 56 44 49 46 53 50 44 49 46 53 49 57 44 49 46 53 50 55 44 49 46 53 51 49 44 49 46 53 50 50 44 49 46 53 49 57 44 49 46 53 50 51 44 49 46 53 50 44 48 46 54 51 57 44 48 46 54 52 51 44 48 46 54 54 51 44 48 46 54 53 52 44 48 46 54 51 49 44 48 46 54 50 56 44 48 46 54 55
07-27-14:49:47:180  : 相机 Send: System.Byte[]，成功
07-27-14:49:50:133  : 相机 Send: System.Byte[]，成功
07-27-14:49:50:929  : 相机 Received: 67 67 68 49 44 57 57 57 44 57 57 57 44 57 57 57 44 57 57 57 44 57 57 57 44 57 57 57 44 57 57 57 44 57 57 57 44 57 57 57 44 57 57 57 44 57 57 57 44 32 57 57 57 44 57 57 57 44 57 57 57 44 57 57 57 44 57 57 57 44 57 57 57 44 57 57 57 44 57 57 57 44 57 57 57 44 57 57 57 44 32 57 57 57 44 57 57 57 44 57 57 57 44 57 57 57 44 57 57 57 44 57 57 57 44 57 57 57 44 57 57 57 44 57 57 57 44 57 57 57 44 32 57 57 57 44 57 57 57 44 57 57 57 44 57 57 57 44 57 57 57 44 57 57 57 44 57 57 57 44 57 57 57 44 57 57 57 44 57 57 57 44 32 57 57 57 44 57 57 57 44 57 57 57 44 57 57 57
07-27-14:49:50:929  : 相机 Send: System.Byte[]，成功
07-27-15:03:20:141  : 相机 Received: 51 68 79 75 44 57 57 57 44 57 57 57
07-27-15:03:20:141  : 相机 Send: System.Byte[]，成功
07-27-15:03:23:015  : 相机 Send: System.Byte[]，成功
07-27-15:03:26:952  : 相机 Received: 67 67 68 49 44 57 57 57 44 57 57 57 44 57 57 57 44 57 57 57 44 57 57 57 44 57 57 57 44 57 57 57 44 57 57 57 44 57 57 57 44 57 57 57 44 57 57 57 44 32 57 57 57 44 57 57 57 44 57 57 57 44 57 57 57 44 57 57 57 44 57 57 57 44 57 57 57 44 57 57 57 44 57 57 57 44 57 57 57 44 32 57 57 57 44 57 57 57 44 57 57 57 44 57 57 57 44 57 57 57 44 57 57 57 44 57 57 57 44 57 57 57 44 57 57 57 44 57 57 57 44 32 57 57 57 44 57 57 57 44 57 57 57 44 57 57 57 44 57 57 57 44 57 57 57 44 57 57 57 44 57 57 57 44 57 57 57 44 57 57 57 44 32 57 57 57 44 57 57 57 44 57 57 57 44 57 57 57
07-27-15:03:26:952  : 相机 Send: System.Byte[]，成功
07-27-15:03:35:497  : 相机 Received: 51 68 79 75 44 48 46 56 56 52 44 48 46 56 55 57 44 48 46 56 56 44 49 46 53 50 44 49 46 53 49 57 44 49 46 53 50 55 44 49 46 53 51 49 44 49 46 53 50 50 44 49 46 53 49 57 44 49 46 53 50 51 44 49 46 53 50 44 48 46 54 51 57 44 48 46 54 52 51 44 48 46 54 54 51 44 48 46 54 53 52 44 48 46 54 51 49 44 48 46 54 50 56 44 48 46 54 55
07-27-15:03:35:497  : 相机 Send: System.Byte[]，成功
07-27-15:03:38:543  : 相机 Received: 84 51 59 53 44 49 50 55 46 48 46 48 46 49 58 52 57 57 51 57
07-27-15:03:38:543  : 相机 Send: System.Byte[]，成功
07-27-15:03:43:635  : 相机 Received: 67 67 68 49 44 57 57 57 44 57 57 57 44 57 57 57 44 57 57 57 44 57 57 57 44 57 57 57 44 57 57 57 44 57 57 57 44 57 57 57 44 57 57 57 44 57 57 57 44 32 57 57 57 44 57 57 57 44 57 57 57 44 57 57 57 44 57 57 57 44 57 57 57 44 57 57 57 44 57 57 57 44 57 57 57 44 57 57 57 44 32 57 57 57 44 57 57 57 44 57 57 57 44 57 57 57 44 57 57 57 44 57 57 57 44 57 57 57 44 57 57 57 44 57 57 57 44 57 57 57 44 32 57 57 57 44 57 57 57 44 57 57 57 44 57 57 57 44 57 57 57 44 57 57 57 44 57 57 57 44 57 57 57 44 57 57 57 44 57 57 57 44 32 57 57 57 44 57 57 57 44 57 57 57 44 57 57 57
07-27-15:03:43:635  : 相机 Send: System.Byte[]，成功
07-27-15:04:29:156  : 相机 Received: 51 68 79 75 44 57 57 57 44 57 57 57
07-27-15:04:29:156  : 相机 Send: System.Byte[]，成功
07-27-15:04:31:999  : 相机 Received: 84 51 59 53 44 49 50 55 46 48 46 48 46 49 58 52 57 57 51 57
07-27-15:04:31:999  : 相机 Send: System.Byte[]，成功
07-27-15:04:35:924  : 相机 Received: 67 67 68 49 44 57 57 57 44 57 57 57 44 57 57 57 44 57 57 57 44 57 57 57 44 57 57 57 44 57 57 57 44 57 57 57 44 57 57 57 44 57 57 57 44 57 57 57 44 32 57 57 57 44 57 57 57 44 57 57 57 44 57 57 57 44 57 57 57 44 57 57 57 44 57 57 57 44 57 57 57 44 57 57 57 44 57 57 57 44 32 57 57 57 44 57 57 57 44 57 57 57 44 57 57 57 44 57 57 57 44 57 57 57 44 57 57 57 44 57 57 57 44 57 57 57 44 57 57 57 44 32 57 57 57 44 57 57 57 44 57 57 57 44 57 57 57 44 57 57 57 44 57 57 57 44 57 57 57 44 57 57 57 44 57 57 57 44 57 57 57 44 32 57 57 57 44 57 57 57 44 57 57 57 44 57 57 57
07-27-15:04:45:703  : 相机 Received: 51 68 79 75 44 48 46 56 56 52 44 48 46 56 55 57 44 48 46 56 56 44 49 46 53 50 44 49 46 53 49 57 44 49 46 53 50 55 44 49 46 53 51 49 44 49 46 53 50 50 44 49 46 53 49 57 44 49 46 53 50 51 44 49 46 53 50 44 48 46 54 51 57 44 48 46 54 52 51 44 48 46 54 54 51 44 48 46 54 53 52 44 48 46 54 51 49 44 48 46 54 50 56 44 48 46 54 55
07-27-15:04:45:703  : 相机 Send: System.Byte[]，成功
07-27-15:04:48:608  : 相机 Received: 84 51 59 53 44 49 50 55 46 48 46 48 46 49 58 52 57 57 51 57
07-27-15:04:49:514  : 相机 Received: 67 67 68 49 44 57 57 57 44 57 57 57 44 57 57 57 44 57 57 57 44 57 57 57 44 57 57 57 44 57 57 57 44 57 57 57 44 57 57 57 44 57 57 57 44 57 57 57 44 32 57 57 57 44 57 57 57 44 57 57 57 44 57 57 57 44 57 57 57 44 57 57 57 44 57 57 57 44 57 57 57 44 57 57 57 44 57 57 57 44 32 57 57 57 44 57 57 57 44 57 57 57 44 57 57 57 44 57 57 57 44 57 57 57 44 57 57 57 44 57 57 57 44 57 57 57 44 57 57 57 44 32 57 57 57 44 57 57 57 44 57 57 57 44 57 57 57 44 57 57 57 44 57 57 57 44 57 57 57 44 57 57 57 44 57 57 57 44 57 57 57 44 32 57 57 57 44 57 57 57 44 57 57 57 44 57 57 57
07-27-15:04:49:514  : 相机 Send: System.Byte[]，成功
07-27-15:05:33:020  : 相机 Received: 51 68 79 75 44 48 44 48
07-27-15:05:33:020  : 相机 Send: System.Byte[]，成功
07-27-15:05:35:909  : 相机 Received: 84 51 59 53 44 49 50 55 46 48 46 48 46 49 58 52 57 57 51 57
07-27-15:05:35:909  : 相机 Send: System.Byte[]，成功
07-27-15:05:39:877  : 相机 Received: 67 67 68 49 44 57 57 57 44 57 57 57 44 57 57 57 44 57 57 57 44 57 57 57 44 57 57 57 44 57 57 57 44 57 57 57 44 57 57 57 44 57 57 57 44 57 57 57 44 32 57 57 57 44 57 57 57 44 57 57 57 44 57 57 57 44 57 57 57 44 57 57 57 44 57 57 57 44 57 57 57 44 57 57 57 44 57 57 57 44 32 57 57 57 44 57 57 57 44 57 57 57 44 57 57 57 44 57 57 57 44 57 57 57 44 57 57 57 44 57 57 57 44 57 57 57 44 57 57 57 44 32 57 57 57 44 57 57 57 44 57 57 57 44 57 57 57 44 57 57 57 44 57 57 57 44 57 57 57 44 57 57 57 44 57 57 57 44 57 57 57 44 32 57 57 57 44 57 57 57 44 57 57 57 44 57 57 57
07-27-15:05:39:877  : 相机 Send: System.Byte[]，成功
07-27-15:05:48:157  : 相机 Received: 51 68 79 75 44 48 46 56 56 52 44 48 46 56 55 57 44 48 46 56 56 44 49 46 53 50 44 49 46 53 49 57 44 49 46 53 50 55 44 49 46 53 51 49 44 49 46 53 50 50 44 49 46 53 49 57 44 49 46 53 50 51 44 49 46 53 50 44 48 46 54 51 57 44 48 46 54 52 51 44 48 46 54 54 51 44 48 46 54 53 52 44 48 46 54 51 49 44 48 46 54 50 56 44 48 46 54 55
07-27-15:05:48:157  : 相机 Send: System.Byte[]，成功
07-27-15:05:51:093  : 相机 Received: 84 51 59 53 44 49 50 55 46 48 46 48 46 49 58 52 57 57 51 57
07-27-15:05:51:093  : 相机 Send: System.Byte[]，成功
07-27-15:05:51:999  : 相机 Received: 67 67 68 49 44 57 57 57 44 57 57 57 44 57 57 57 44 57 57 57 44 57 57 57 44 57 57 57 44 57 57 57 44 57 57 57 44 57 57 57 44 57 57 57 44 57 57 57 44 32 57 57 57 44 57 57 57 44 57 57 57 44 57 57 57 44 57 57 57 44 57 57 57 44 57 57 57 44 57 57 57 44 57 57 57 44 57 57 57 44 32 57 57 57 44 57 57 57 44 57 57 57 44 57 57 57 44 57 57 57 44 57 57 57 44 57 57 57 44 57 57 57 44 57 57 57 44 57 57 57 44 32 57 57 57 44 57 57 57 44 57 57 57 44 57 57 57 44 57 57 57 44 57 57 57 44 57 57 57 44 57 57 57 44 57 57 57 44 57 57 57 44 32 57 57 57 44 57 57 57 44 57 57 57 44 57 57 57
07-27-15:05:51:999  : 相机 Send: System.Byte[]，成功
07-27-15:07:50:846  : 相机 Received: 51 68 79 75 44 48 44 48
07-27-15:07:50:846  : 相机 Send: System.Byte[]，成功
07-27-15:07:53:705  : 相机 Received: 84 51 59 53 44 49 50 55 46 48 46 48 46 49 58 52 57 57 51 57
07-27-15:07:53:705  : 相机 Send: System.Byte[]，成功
07-27-15:07:57:907  : 相机 Received: 67 67 68 49 44 57 57 57 44 57 57 57 44 57 57 57 44 57 57 57 44 57 57 57 44 57 57 57 44 57 57 57 44 57 57 57 44 57 57 57 44 57 57 57 44 57 57 57 44 32 57 57 57 44 57 57 57 44 57 57 57 44 57 57 57 44 57 57 57 44 57 57 57 44 57 57 57 44 57 57 57 44 57 57 57 44 57 57 57 44 32 57 57 57 44 57 57 57 44 57 57 57 44 57 57 57 44 57 57 57 44 57 57 57 44 57 57 57 44 57 57 57 44 57 57 57 44 57 57 57 44 32 57 57 57 44 57 57 57 44 57 57 57 44 57 57 57 44 57 57 57 44 57 57 57 44 57 57 57 44 57 57 57 44 57 57 57 44 57 57 57 44 32 57 57 57 44 57 57 57 44 57 57 57 44 57 57 57
07-27-15:07:57:907  : 相机 Send: System.Byte[]，成功
07-27-15:08:05:843  : 相机 Received: 51 68 79 75 44 48 46 56 56 52 44 48 46 56 55 57 44 48 46 56 56 44 49 46 53 50 44 49 46 53 49 57 44 49 46 53 50 55 44 49 46 53 51 49 44 49 46 53 50 50 44 49 46 53 49 57 44 49 46 53 50 51 44 49 46 53 50 44 48 46 54 51 57 44 48 46 54 52 51 44 48 46 54 54 51 44 48 46 54 53 52 44 48 46 54 51 49 44 48 46 54 50 56 44 48 46 54 55
07-27-15:08:05:843  : 相机 Send: System.Byte[]，成功
07-27-15:08:08:795  : 相机 Received: 84 51 59 53 44 49 50 55 46 48 46 48 46 49 58 52 57 57 51 57
07-27-15:08:09:889  : 相机 Received: 67 67 68 49 44 57 57 57 44 57 57 57 44 57 57 57 44 57 57 57 44 57 57 57 44 57 57 57 44 57 57 57 44 57 57 57 44 57 57 57 44 57 57 57 44 57 57 57 44 32 57 57 57 44 57 57 57 44 57 57 57 44 57 57 57 44 57 57 57 44 57 57 57 44 57 57 57 44 57 57 57 44 57 57 57 44 57 57 57 44 32 57 57 57 44 57 57 57 44 57 57 57 44 57 57 57 44 57 57 57 44 57 57 57 44 57 57 57 44 57 57 57 44 57 57 57 44 57 57 57 44 32 57 57 57 44 57 57 57 44 57 57 57 44 57 57 57 44 57 57 57 44 57 57 57 44 57 57 57 44 57 57 57 44 57 57 57 44 57 57 57 44 32 57 57 57 44 57 57 57 44 57 57 57 44 57 57 57
07-27-15:08:09:889  : 相机 Send: System.Byte[]，成功
07-27-15:08:41:007  : 相机 Send: System.Byte[]，成功
07-27-15:08:44:006  : 相机 Send: System.Byte[]，成功
07-27-15:08:48:224  : 相机 Received: 67 67 68 49 44 57 57 57 44 57 57 57 44 57 57 57 44 57 57 57 44 57 57 57 44 57 57 57 44 57 57 57 44 57 57 57 44 57 57 57 44 57 57 57 44 57 57 57 44 32 57 57 57 44 57 57 57 44 57 57 57 44 57 57 57 44 57 57 57 44 57 57 57 44 57 57 57 44 57 57 57 44 57 57 57 44 57 57 57 44 32 57 57 57 44 57 57 57 44 57 57 57 44 57 57 57 44 57 57 57 44 57 57 57 44 57 57 57 44 57 57 57 44 57 57 57 44 57 57 57 44 32 57 57 57 44 57 57 57 44 57 57 57 44 57 57 57 44 57 57 57 44 57 57 57 44 57 57 57 44 57 57 57 44 57 57 57 44 57 57 57 44 32 57 57 57 44 57 57 57 44 57 57 57 44 57 57 57
07-27-15:08:48:224  : 相机 Send: System.Byte[]，成功
07-27-15:09:04:642  : 相机 Received: 51 68 79 75 44 48 46 56 56 52 44 48 46 56 55 57 44 48 46 56 56 44 49 46 53 50 44 49 46 53 49 57 44 49 46 53 50 55 44 49 46 53 51 49 44 49 46 53 50 50 44 49 46 53 49 57 44 49 46 53 50 51 44 49 46 53 50 44 48 46 54 51 57 44 48 46 54 52 51 44 48 46 54 54 51 44 48 46 54 53 52 44 48 46 54 51 49 44 48 46 54 50 56 44 48 46 54 55
07-27-15:09:04:642  : 相机 Send: System.Byte[]，成功
07-27-15:09:07:594  : 相机 Received: 84 51 59 53 44 49 50 55 46 48 46 48 46 49 58 52 57 57 51 57
07-27-15:09:07:594  : 相机 Send: System.Byte[]，成功
07-27-15:09:08:688  : 相机 Received: 67 67 68 49 44 57 57 57 44 57 57 57 44 57 57 57 44 57 57 57 44 57 57 57 44 57 57 57 44 57 57 57 44 57 57 57 44 57 57 57 44 57 57 57 44 57 57 57 44 32 57 57 57 44 57 57 57 44 57 57 57 44 57 57 57 44 57 57 57 44 57 57 57 44 57 57 57 44 57 57 57 44 57 57 57 44 57 57 57 44 32 57 57 57 44 57 57 57 44 57 57 57 44 57 57 57 44 57 57 57 44 57 57 57 44 57 57 57 44 57 57 57 44 57 57 57 44 57 57 57 44 32 57 57 57 44 57 57 57 44 57 57 57 44 57 57 57 44 57 57 57 44 57 57 57 44 57 57 57 44 57 57 57 44 57 57 57 44 57 57 57 44 32 57 57 57 44 57 57 57 44 57 57 57 44 57 57 57
07-27-15:09:08:688  : 相机 Send: System.Byte[]，成功
07-27-15:11:28:405  : 相机 Received: 51 68 79 75 44 57 57 57 44 57 57 57
07-27-15:11:28:405  : 相机 Send: System.Byte[]，成功
07-27-15:11:31:295  : 相机 Received: 84 51 59 53 44 49 50 55 46 48 46 48 46 49 58 52 57 57 51 57
07-27-15:11:35:465  : 相机 Received: 67 67 68 49 44 57 57 57 44 57 57 57 44 57 57 57 44 57 57 57 44 57 57 57 44 57 57 57 44 57 57 57 44 57 57 57 44 57 57 57 44 57 57 57 44 57 57 57 44 32 57 57 57 44 57 57 57 44 57 57 57 44 57 57 57 44 57 57 57 44 57 57 57 44 57 57 57 44 57 57 57 44 57 57 57 44 57 57 57 44 32 57 57 57 44 57 57 57 44 57 57 57 44 57 57 57 44 57 57 57 44 57 57 57 44 57 57 57 44 57 57 57 44 57 57 57 44 57 57 57 44 32 57 57 57 44 57 57 57 44 57 57 57 44 57 57 57 44 57 57 57 44 57 57 57 44 57 57 57 44 57 57 57 44 57 57 57 44 57 57 57 44 32 57 57 57 44 57 57 57 44 57 57 57 44 57 57 57
07-27-15:11:35:465  : 相机 Send: System.Byte[]，成功
07-27-15:12:23:079  : 相机 Send: System.Byte[]，成功
07-27-15:12:23:079  : 相机 Received: 51 68 79 75 44 48 46 56 56 52 44 48 46 56 55 57 44 48 46 56 56 44 49 46 53 50 44 49 46 53 49 57 44 49 46 53 50 55 44 49 46 53 51 49 44 49 46 53 50 50 44 49 46 53 49 57 44 49 46 53 50 51 44 49 46 53 50 44 48 46 54 51 57 44 48 46 54 52 51 44 48 46 54 54 51 44 48 46 54 53 52 44 48 46 54 51 49 44 48 46 54 50 56 44 48 46 54 55
07-27-15:12:26:000  : 相机 Received: 84 51 59 53 44 49 50 55 46 48 46 48 46 49 58 52 57 57 51 57
07-27-15:12:26:000  : 相机 Send: System.Byte[]，成功
07-27-15:12:27:078  : 相机 Received: 67 67 68 49 44 57 57 57 44 57 57 57 44 57 57 57 44 57 57 57 44 57 57 57 44 57 57 57 44 57 57 57 44 57 57 57 44 57 57 57 44 57 57 57 44 57 57 57 44 32 57 57 57 44 57 57 57 44 57 57 57 44 57 57 57 44 57 57 57 44 57 57 57 44 57 57 57 44 57 57 57 44 57 57 57 44 57 57 57 44 32 57 57 57 44 57 57 57 44 57 57 57 44 57 57 57 44 57 57 57 44 57 57 57 44 57 57 57 44 57 57 57 44 57 57 57 44 57 57 57 44 32 57 57 57 44 57 57 57 44 57 57 57 44 57 57 57 44 57 57 57 44 57 57 57 44 57 57 57 44 57 57 57 44 57 57 57 44 57 57 57 44 32 57 57 57 44 57 57 57 44 57 57 57 44 57 57 57
07-27-15:12:27:078  : 相机 Send: System.Byte[]，成功
07-27-15:14:21:005  : 相机 Received: 51 68 79 75 44 48 44 48
07-27-15:14:21:005  : 相机 Send: System.Byte[]，成功
07-27-15:14:23:988  : 相机 Received: 84 51 59 53 44 49 50 55 46 48 46 48 46 49 58 52 57 57 51 57
07-27-15:14:23:988  : 相机 Send: System.Byte[]，成功
07-27-15:14:28:112  : 相机 Received: 67 67 68 49 44 57 57 57 44 57 57 57 44 57 57 57 44 57 57 57 44 57 57 57 44 57 57 57 44 57 57 57 44 57 57 57 44 57 57 57 44 57 57 57 44 57 57 57 44 32 57 57 57 44 57 57 57 44 57 57 57 44 57 57 57 44 57 57 57 44 57 57 57 44 57 57 57 44 57 57 57 44 57 57 57 44 57 57 57 44 32 57 57 57 44 57 57 57 44 57 57 57 44 57 57 57 44 57 57 57 44 57 57 57 44 57 57 57 44 57 57 57 44 57 57 57 44 57 57 57 44 32 57 57 57 44 57 57 57 44 57 57 57 44 57 57 57 44 57 57 57 44 57 57 57 44 57 57 57 44 57 57 57 44 57 57 57 44 57 57 57 44 32 57 57 57 44 57 57 57 44 57 57 57 44 57 57 57
07-27-15:14:28:112  : 相机 Send: System.Byte[]，成功
07-27-15:15:12:227  : 相机 Received: 51 68 79 75 44 48 46 56 56 52 44 48 46 56 55 57 44 48 46 56 56 44 49 46 53 50 44 49 46 53 49 57 44 49 46 53 50 55 44 49 46 53 51 49 44 49 46 53 50 50 44 49 46 53 49 57 44 49 46 53 50 51 44 49 46 53 50 44 48 46 54 51 57 44 48 46 54 52 51 44 48 46 54 54 51 44 48 46 54 53 52 44 48 46 54 51 49 44 48 46 54 50 56 44 48 46 54 55
07-27-15:15:12:227  : 相机 Send: System.Byte[]，成功
07-27-15:15:15:086  : 相机 Received: 84 51 59 53 44 49 50 55 46 48 46 48 46 49 58 52 57 57 51 57
07-27-15:15:16:085  : 相机 Received: 67 67 68 49 44 57 57 57 44 57 57 57 44 57 57 57 44 57 57 57 44 57 57 57 44 57 57 57 44 57 57 57 44 57 57 57 44 57 57 57 44 57 57 57 44 57 57 57 44 32 57 57 57 44 57 57 57 44 57 57 57 44 57 57 57 44 57 57 57 44 57 57 57 44 57 57 57 44 57 57 57 44 57 57 57 44 57 57 57 44 32 57 57 57 44 57 57 57 44 57 57 57 44 57 57 57 44 57 57 57 44 57 57 57 44 57 57 57 44 57 57 57 44 57 57 57 44 57 57 57 44 32 57 57 57 44 57 57 57 44 57 57 57 44 57 57 57 44 57 57 57 44 57 57 57 44 57 57 57 44 57 57 57 44 57 57 57 44 57 57 57 44 32 57 57 57 44 57 57 57 44 57 57 57 44 57 57 57
07-27-15:15:16:085  : 相机 Send: System.Byte[]，成功
07-27-16:02:20:367  : 相机 Received: 66 51 57 48
07-27-16:06:41:835  : 相机 Received: 88 50 49 57 54
07-27-16:06:51:336  : 相机 Received: 51 68 79 75 44 48 46 56 56 52 44 48 46 56 55 57 44 48 46 56 56 44 49 46 53 50 44 49 46 53 49 57 44 49 46 53 50 55 44 49 46 53 51 49 44 49 46 53 50 50 44 49 46 53 49 57 44 49 46 53 50 51 44 49 46 53 50 44 48 46 54 51 57 44 48 46 54 52 51 44 48 46 54 54 51 44 48 46 54 53 52 44 48 46 54 51 49 44 48 46 54 50 56 44 48 46 54 55
07-27-16:06:51:337  : 相机 Send: System.Byte[]，成功
07-27-16:06:54:236  : 相机 Received: 84 51 59 53 44 49 50 55 46 48 46 48 46 49 58 53 48 50 51 55
07-27-16:06:54:813  : 相机 Received: 67 67 68 49 44 57 57 57 44 57 57 57 44 57 57 57 44 57 57 57 44 57 57 57 44 57 57 57 44 57 57 57 44 57 57 57 44 57 57 57 44 57 57 57 44 57 57 57 44 32 57 57 57 44 57 57 57 44 57 57 57 44 57 57 57 44 57 57 57 44 57 57 57 44 57 57 57 44 57 57 57 44 57 57 57 44 57 57 57 44 32 57 57 57 44 57 57 57 44 57 57 57 44 57 57 57 44 57 57 57 44 57 57 57 44 57 57 57 44 57 57 57 44 57 57 57 44 57 57 57 44 32 57 57 57 44 57 57 57 44 57 57 57 44 57 57 57 44 57 57 57 44 57 57 57 44 57 57 57 44 57 57 57 44 57 57 57 44 57 57 57 44 32 57 57 57 44 57 57 57 44 57 57 57 44 57 57 57
07-27-16:06:54:813  : 相机 Send: System.Byte[]，成功
07-27-16:07:15:378  : 相机 Received: 51 68 79 75 44 48 44 48
07-27-16:07:15:379  : 相机 Send: System.Byte[]，成功
07-27-16:07:28:131  : 相机 Send: System.Byte[]，失败
07-27-16:11:21:611  : 相机 Send: System.Byte[]，成功
07-27-16:11:21:612  : 相机 Received: 51 68 79 75 44 48 46 56 56 52 44 48 46 56 55 57 44 48 46 56 56 44 49 46 53 50 44 49 46 53 49 57 44 49 46 53 50 55 44 49 46 53 51 49 44 49 46 53 50 50 44 49 46 53 49 57 44 49 46 53 50 51 44 49 46 53 50 44 48 46 54 51 57 44 48 46 54 52 51 44 48 46 54 54 51 44 48 46 54 53 52 44 48 46 54 51 49 44 48 46 54 50 56 44 48 46 54 55
07-27-16:11:24:486  : 相机 Received: 84 51 59 53 44 49 50 55 46 48 46 48 46 49 58 53 48 51 53 57
07-27-16:11:25:352  : 相机 Received: 67 67 68 49 44 57 57 57 44 57 57 57 44 57 57 57 44 57 57 57 44 57 57 57 44 57 57 57 44 57 57 57 44 57 57 57 44 57 57 57 44 57 57 57 44 57 57 57 44 32 57 57 57 44 57 57 57 44 57 57 57 44 57 57 57 44 57 57 57 44 57 57 57 44 57 57 57 44 57 57 57 44 57 57 57 44 57 57 57 44 32 57 57 57 44 57 57 57 44 57 57 57 44 57 57 57 44 57 57 57 44 57 57 57 44 57 57 57 44 57 57 57 44 57 57 57 44 57 57 57 44 32 57 57 57 44 57 57 57 44 57 57 57 44 57 57 57 44 57 57 57 44 57 57 57 44 57 57 57 44 57 57 57 44 57 57 57 44 57 57 57 44 32 57 57 57 44 57 57 57 44 57 57 57 44 57 57 57
07-27-16:11:25:352  : 相机 Send: System.Byte[]，成功
07-27-16:11:38:828  : 相机 Received: 51 68 79 75 44 57 57 57 44 57 57 57
07-27-16:11:38:829  : 相机 Send: System.Byte[]，成功
07-27-16:11:55:082  : 相机 Send: System.Byte[]，失败
07-27-16:13:06:899  : 相机 Send: System.Byte[]，成功
07-27-16:13:06:900  : 相机 Received: 51 68 79 75 44 48 46 56 56 52 44 48 46 56 55 57 44 48 46 56 56 44 49 46 53 50 44 49 46 53 49 57 44 49 46 53 50 55 44 49 46 53 51 49 44 49 46 53 50 50 44 49 46 53 49 57 44 49 46 53 50 51 44 49 46 53 50 44 48 46 54 51 57 44 48 46 54 52 51 44 48 46 54 54 51 44 48 46 54 53 52 44 48 46 54 51 49 44 48 46 54 50 56 44 48 46 54 55
07-27-16:13:09:777  : 相机 Send: System.Byte[]，成功
07-27-16:13:10:652  : 相机 Received: 67 67 68 49 44 57 57 57 44 57 57 57 44 57 57 57 44 57 57 57 44 57 57 57 44 57 57 57 44 57 57 57 44 57 57 57 44 57 57 57 44 57 57 57 44 57 57 57 44 32 57 57 57 44 57 57 57 44 57 57 57 44 57 57 57 44 57 57 57 44 57 57 57 44 57 57 57 44 57 57 57 44 57 57 57 44 57 57 57 44 32 57 57 57 44 57 57 57 44 57 57 57 44 57 57 57 44 57 57 57 44 57 57 57 44 57 57 57 44 57 57 57 44 57 57 57 44 57 57 57 44 32 57 57 57 44 57 57 57 44 57 57 57 44 57 57 57 44 57 57 57 44 57 57 57 44 57 57 57 44 57 57 57 44 57 57 57 44 57 57 57 44 32 57 57 57 44 57 57 57 44 57 57 57 44 57 57 57
07-27-16:13:10:652  : 相机 Send: System.Byte[]，成功
07-27-16:13:24:705  : 相机 Received: 51 68 79 75 44 57 57 57 44 57 57 57
07-27-16:13:24:706  : 相机 Send: System.Byte[]，成功
07-27-16:13:48:633  : 相机 Send: System.Byte[]，失败
07-27-16:14:57:364  : 相机 Received: 51 68 79 75 44 48 46 56 56 52 44 48 46 56 55 57 44 48 46 56 56 44 49 46 53 50 44 49 46 53 49 57 44 49 46 53 50 55 44 49 46 53 51 49 44 49 46 53 50 50 44 49 46 53 49 57 44 49 46 53 50 51 44 49 46 53 50 44 48 46 54 51 57 44 48 46 54 52 51 44 48 46 54 54 51 44 48 46 54 53 52 44 48 46 54 51 49 44 48 46 54 50 56 44 48 46 54 55
07-27-16:15:00:184  : 相机 Received: 84 51 59 53 44 49 50 55 46 48 46 48 46 49 58 53 48 53 50 48
07-27-16:15:00:188  : 相机 Send: System.Byte[]，成功
07-27-16:15:01:000  : 相机 Received: 67 67 68 49 44 57 57 57 44 57 57 57 44 57 57 57 44 57 57 57 44 57 57 57 44 57 57 57 44 57 57 57 44 57 57 57 44 57 57 57 44 57 57 57 44 57 57 57 44 32 57 57 57 44 57 57 57 44 57 57 57 44 57 57 57 44 57 57 57 44 57 57 57 44 57 57 57 44 57 57 57 44 57 57 57 44 57 57 57 44 32 57 57 57 44 57 57 57 44 57 57 57 44 57 57 57 44 57 57 57 44 57 57 57 44 57 57 57 44 57 57 57 44 57 57 57 44 57 57 57 44 32 57 57 57 44 57 57 57 44 57 57 57 44 57 57 57 44 57 57 57 44 57 57 57 44 57 57 57 44 57 57 57 44 57 57 57 44 57 57 57 44 32 57 57 57 44 57 57 57 44 57 57 57 44 57 57 57
07-27-16:15:01:001  : 相机 Send: System.Byte[]，成功
07-27-16:15:12:467  : 相机 Received: 51 68 79 75 44 57 57 57 44 57 57 57
07-27-16:15:12:472  : 相机 Send: System.Byte[]，成功
07-27-16:15:31:629  : 相机 Send: System.Byte[]，失败
07-27-16:17:54:273  : 相机 Received: 51 68 79 75 44 48 46 56 56 52 44 48 46 56 55 57 44 48 46 56 56 44 49 46 53 50 44 49 46 53 49 57 44 49 46 53 50 55 44 49 46 53 51 49 44 49 46 53 50 50 44 49 46 53 49 57 44 49 46 53 50 51 44 49 46 53 50 44 48 46 54 51 57 44 48 46 54 52 51 44 48 46 54 54 51 44 48 46 54 53 52 44 48 46 54 51 49 44 48 46 54 50 56 44 48 46 54 55
07-27-16:17:54:273  : 相机 Send: System.Byte[]，成功
07-27-16:17:57:170  : 相机 Received: 84 51 59 53 44 49 50 55 46 48 46 48 46 49 58 53 48 54 49 50
07-27-16:17:57:170  : 相机 Send: System.Byte[]，成功
07-27-16:17:58:044  : 相机 Received: 67 67 68 49 44 57 57 57 44 57 57 57 44 57 57 57 44 57 57 57 44 57 57 57 44 57 57 57 44 57 57 57 44 57 57 57 44 57 57 57 44 57 57 57 44 57 57 57 44 32 57 57 57 44 57 57 57 44 57 57 57 44 57 57 57 44 57 57 57 44 57 57 57 44 57 57 57 44 57 57 57 44 57 57 57 44 57 57 57 44 32 57 57 57 44 57 57 57 44 57 57 57 44 57 57 57 44 57 57 57 44 57 57 57 44 57 57 57 44 57 57 57 44 57 57 57 44 57 57 57 44 32 57 57 57 44 57 57 57 44 57 57 57 44 57 57 57 44 57 57 57 44 57 57 57 44 57 57 57 44 57 57 57 44 57 57 57 44 57 57 57 44 32 57 57 57 44 57 57 57 44 57 57 57 44 57 57 57
07-27-16:18:11:944  : 相机 Received: 51 68 79 75 44 48 44 48
07-27-16:18:11:944  : 相机 Send: System.Byte[]，成功
07-27-16:18:28:028  : 相机 Send: System.Byte[]，失败
07-27-16:22:37:736  : 相机 Send: System.Byte[]，成功
07-27-16:22:37:736  : 相机 Received: 51 68 79 75 44 48 46 56 56 52 44 48 46 56 55 57 44 48 46 56 56 44 49 46 53 50 44 49 46 53 49 57 44 49 46 53 50 55 44 49 46 53 51 49 44 49 46 53 50 50 44 49 46 53 49 57 44 49 46 53 50 51 44 49 46 53 50 44 48 46 54 51 57 44 48 46 54 52 51 44 48 46 54 54 51 44 48 46 54 53 52 44 48 46 54 51 49 44 48 46 54 50 56 44 48 46 54 55
07-27-16:22:40:668  : 相机 Received: 84 51 59 53 44 49 50 55 46 48 46 48 46 49 58 53 48 55 50 54
07-27-16:22:41:194  : 相机 Received: 67 67 68 49 44 57 57 57 44 57 57 57 44 57 57 57 44 57 57 57 44 57 57 57 44 57 57 57 44 57 57 57 44 57 57 57 44 57 57 57 44 57 57 57 44 57 57 57 44 32 57 57 57 44 57 57 57 44 57 57 57 44 57 57 57 44 57 57 57 44 57 57 57 44 57 57 57 44 57 57 57 44 57 57 57 44 57 57 57 44 32 57 57 57 44 57 57 57 44 57 57 57 44 57 57 57 44 57 57 57 44 57 57 57 44 57 57 57 44 57 57 57 44 57 57 57 44 57 57 57 44 32 57 57 57 44 57 57 57 44 57 57 57 44 57 57 57 44 57 57 57 44 57 57 57 44 57 57 57 44 57 57 57 44 57 57 57 44 57 57 57 44 32 57 57 57 44 57 57 57 44 57 57 57 44 57 57 57
07-27-16:22:41:194  : 相机 Send: System.Byte[]，成功
07-27-16:22:53:279  : 相机 Received: 51 68 79 75 44 57 57 57 44 57 57 57
07-27-16:22:53:279  : 相机 Send: System.Byte[]，成功
07-27-16:23:09:608  : 相机 Send: System.Byte[]，失败
07-27-16:28:46:890  : 相机 Send: System.Byte[]，成功
07-27-16:28:52:781  : 相机 Received: 84 51 59 53 44 49 50 55 46 48 46 48 46 49 58 53 48 56 51 52
07-27-16:28:52:781  : 相机 Send: System.Byte[]，成功
07-27-16:28:52:809  : 相机 Send: System.Byte[]，成功
07-27-16:28:52:809  : 相机 Received: 84 51 44 48
07-27-16:28:53:314  : 相机 Received: 67 67 68 49 44 57 57 57 44 57 57 57 44 57 57 57 44 57 57 57 44 57 57 57 44 57 57 57 44 57 57 57 44 57 57 57 44 57 57 57 44 57 57 57 44 57 57 57 44 32 57 57 57 44 57 57 57 44 57 57 57 44 57 57 57 44 57 57 57 44 57 57 57 44 57 57 57 44 57 57 57 44 57 57 57 44 57 57 57 44 32 57 57 57 44 57 57 57 44 57 57 57 44 57 57 57 44 57 57 57 44 57 57 57 44 57 57 57 44 57 57 57 44 57 57 57 44 57 57 57 44 32 57 57 57 44 57 57 57 44 57 57 57 44 57 57 57 44 57 57 57 44 57 57 57 44 57 57 57 44 57 57 57 44 57 57 57 44 57 57 57 44 32 57 57 57 44 57 57 57 44 57 57 57 44 57 57 57
07-27-16:29:19:387  : 相机 Received: 51 68 79 75 44 48 44 48
07-27-16:29:19:388  : 相机 Send: System.Byte[]，成功
07-27-16:29:29:026  : 相机 Received: 67 67 68 49 44 57 57 57 44 57 57 57 44 57 57 57 44 57 57 57
07-27-16:29:29:031  : 相机 Send: System.Byte[]，成功
07-27-16:29:58:622  : 相机 Send: System.Byte[]，成功
07-27-16:29:58:623  : 相机 Received: 51 68 79 75 44 48 46 56 56 52 44 48 46 56 55 57 44 48 46 56 56 44 49 46 53 50 44 49 46 53 49 57 44 49 46 53 50 55 44 49 46 53 51 49 44 49 46 53 50 50 44 49 46 53 49 57 44 49 46 53 50 51 44 49 46 53 50 44 48 46 54 51 57 44 48 46 54 52 51 44 48 46 54 54 51 44 48 46 54 53 52 44 48 46 54 51 49 44 48 46 54 50 56 44 48 46 54 55
07-27-16:30:01:564  : 相机 Received: 84 51 59 53 44 49 50 55 46 48 46 48 46 49 58 53 48 56 51 52
07-27-16:30:01:565  : 相机 Send: System.Byte[]，成功
07-27-16:30:02:382  : 相机 Received: 67 67 68 49 44 57 57 57 44 57 57 57 44 57 57 57 44 57 57 57 44 57 57 57 44 57 57 57 44 57 57 57 44 57 57 57 44 57 57 57 44 57 57 57 44 57 57 57 44 32 57 57 57 44 57 57 57 44 57 57 57 44 57 57 57 44 57 57 57 44 57 57 57 44 57 57 57 44 57 57 57 44 57 57 57 44 57 57 57 44 32 57 57 57 44 57 57 57 44 57 57 57 44 57 57 57 44 57 57 57 44 57 57 57 44 57 57 57 44 57 57 57 44 57 57 57 44 57 57 57 44 32 57 57 57 44 57 57 57 44 57 57 57 44 57 57 57 44 57 57 57 44 57 57 57 44 57 57 57 44 57 57 57 44 57 57 57 44 57 57 57 44 32 57 57 57 44 57 57 57 44 57 57 57 44 57 57 57
07-27-16:30:02:383  : 相机 Send: System.Byte[]，成功
07-27-16:30:14:939  : 相机 Received: 51 68 79 75 44 48 46 49 51 54 44 48 46 49 51 54
07-27-16:30:18:344  : 相机 Send: System.Byte[]，成功
07-27-16:32:10:113  : 相机 Send: System.Byte[]，成功
07-27-16:32:10:113  : 相机 Received: 51 68 79 75 44 48 46 56 56 52 44 48 46 56 55 57 44 48 46 56 56 44 49 46 53 50 44 49 46 53 49 57 44 49 46 53 50 55 44 49 46 53 51 49 44 49 46 53 50 50 44 49 46 53 49 57 44 49 46 53 50 51 44 49 46 53 50 44 48 46 54 51 57 44 48 46 54 52 51 44 48 46 54 54 51 44 48 46 54 53 52 44 48 46 54 51 49 44 48 46 54 50 56 44 48 46 54 55
07-27-16:32:13:032  : 相机 Send: System.Byte[]，成功
07-27-16:32:13:032  : 相机 Received: 84 51 59 53 44 49 50 55 46 48 46 48 46 49 58 53 48 56 51 52
07-27-16:32:13:634  : 相机 Received: 67 67 68 49 44 57 57 57 44 57 57 57 44 57 57 57 44 57 57 57 44 57 57 57 44 57 57 57 44 57 57 57 44 57 57 57 44 57 57 57 44 57 57 57 44 57 57 57 44 32 57 57 57 44 57 57 57 44 57 57 57 44 57 57 57 44 57 57 57 44 57 57 57 44 57 57 57 44 57 57 57 44 57 57 57 44 57 57 57 44 32 57 57 57 44 57 57 57 44 57 57 57 44 57 57 57 44 57 57 57 44 57 57 57 44 57 57 57 44 57 57 57 44 57 57 57 44 57 57 57 44 32 57 57 57 44 57 57 57 44 57 57 57 44 57 57 57 44 57 57 57 44 57 57 57 44 57 57 57 44 57 57 57 44 57 57 57 44 57 57 57 44 32 57 57 57 44 57 57 57 44 57 57 57 44 57 57 57
07-27-16:32:13:634  : 相机 Send: System.Byte[]，成功
07-27-16:32:27:350  : 相机 Send: System.Byte[]，成功
07-27-16:32:30:752  : 相机 Received: 67 67 68 49 44 57 57 57 44 57 57 57 44 57 57 57 44 57 57 57
07-27-16:33:34:681  : 相机 Send: System.Byte[]，成功
07-27-16:33:34:681  : 相机 Received: 51 68 79 75 44 48 46 56 56 52 44 48 46 56 55 57 44 48 46 56 56 44 49 46 53 50 44 49 46 53 49 57 44 49 46 53 50 55 44 49 46 53 51 49 44 49 46 53 50 50 44 49 46 53 49 57 44 49 46 53 50 51 44 49 46 53 50 44 48 46 54 51 57 44 48 46 54 52 51 44 48 46 54 54 51 44 48 46 54 53 52 44 48 46 54 51 49 44 48 46 54 50 56 44 48 46 54 55
07-27-16:33:37:646  : 相机 Received: 84 51 59 53 44 49 50 55 46 48 46 48 46 49 58 53 48 56 51 52
07-27-16:33:38:446  : 相机 Received: 67 67 68 49 44 57 57 57 44 57 57 57 44 57 57 57 44 57 57 57 44 57 57 57 44 57 57 57 44 57 57 57 44 57 57 57 44 57 57 57 44 57 57 57 44 57 57 57 44 32 57 57 57 44 57 57 57 44 57 57 57 44 57 57 57 44 57 57 57 44 57 57 57 44 57 57 57 44 57 57 57 44 57 57 57 44 57 57 57 44 32 57 57 57 44 57 57 57 44 57 57 57 44 57 57 57 44 57 57 57 44 57 57 57 44 57 57 57 44 57 57 57 44 57 57 57 44 57 57 57 44 32 57 57 57 44 57 57 57 44 57 57 57 44 57 57 57 44 57 57 57 44 57 57 57 44 57 57 57 44 57 57 57 44 57 57 57 44 57 57 57 44 32 57 57 57 44 57 57 57 44 57 57 57 44 57 57 57
07-27-16:33:38:446  : 相机 Send: System.Byte[]，成功
07-27-16:33:52:931  : 相机 Send: System.Byte[]，成功
07-27-16:33:52:931  : 相机 Received: 51 68 79 75 44 57 57 57 44 57 57 57
07-27-16:33:56:412  : 相机 Send: System.Byte[]，成功
07-27-16:33:56:412  : 相机 Received: 67 67 68 49 44 52 46 52 57 52 44 52 46 52 56 56 44 51 46 50 56 54 44 51 46 50 57 51
07-27-16:34:48:535  : 相机 Received: 51 68 79 75 44 48 46 56 56 52 44 48 46 56 55 57 44 48 46 56 56 44 49 46 53 50 44 49 46 53 49 57 44 49 46 53 50 55 44 49 46 53 51 49 44 49 46 53 50 50 44 49 46 53 49 57 44 49 46 53 50 51 44 49 46 53 50 44 48 46 54 51 57 44 48 46 54 52 51 44 48 46 54 54 51 44 48 46 54 53 52 44 48 46 54 51 49 44 48 46 54 50 56 44 48 46 54 55
07-27-16:34:48:537  : 相机 Send: System.Byte[]，成功
07-27-16:34:51:438  : 相机 Received: 84 51 59 53 44 49 50 55 46 48 46 48 46 49 58 53 48 56 51 52
07-27-16:34:51:438  : 相机 Send: System.Byte[]，成功
07-27-16:34:52:010  : 相机 Received: 67 67 68 49 44 57 57 57 44 57 57 57 44 57 57 57 44 57 57 57 44 57 57 57 44 57 57 57 44 57 57 57 44 57 57 57 44 57 57 57 44 57 57 57 44 57 57 57 44 32 57 57 57 44 57 57 57 44 57 57 57 44 57 57 57 44 57 57 57 44 57 57 57 44 57 57 57 44 57 57 57 44 57 57 57 44 57 57 57 44 32 57 57 57 44 57 57 57 44 57 57 57 44 57 57 57 44 57 57 57 44 57 57 57 44 57 57 57 44 57 57 57 44 57 57 57 44 57 57 57 44 32 57 57 57 44 57 57 57 44 57 57 57 44 57 57 57 44 57 57 57 44 57 57 57 44 57 57 57 44 57 57 57 44 57 57 57 44 57 57 57 44 32 57 57 57 44 57 57 57 44 57 57 57 44 57 57 57
07-27-16:34:52:012  : 相机 Send: System.Byte[]，成功
07-27-16:35:03:332  : 相机 Received: 51 68 79 75 44 57 57 57 44 57 57 57
07-27-16:35:03:332  : 相机 Send: System.Byte[]，成功
07-27-16:35:06:798  : 相机 Received: 67 67 68 49 44 52 46 52 53 50 44 52 46 52 56 53 44 51 46 51 51 51 44 51 46 50 57 54
07-27-16:35:06:798  : 相机 Send: System.Byte[]，成功
07-27-16:35:47:552  : 相机 Received: 51 68 79 75 44 48 46 56 56 52 44 48 46 56 55 57 44 48 46 56 56 44 49 46 53 50 44 49 46 53 49 57 44 49 46 53 50 55 44 49 46 53 51 49 44 49 46 53 50 50 44 49 46 53 49 57 44 49 46 53 50 51 44 49 46 53 50 44 48 46 54 51 57 44 48 46 54 52 51 44 48 46 54 54 51 44 48 46 54 53 52 44 48 46 54 51 49 44 48 46 54 50 56 44 48 46 54 55
07-27-16:35:47:553  : 相机 Send: System.Byte[]，成功
07-27-16:35:50:431  : 相机 Send: System.Byte[]，成功
07-27-16:35:51:376  : 相机 Received: 67 67 68 49 44 57 57 57 44 57 57 57 44 57 57 57 44 57 57 57 44 57 57 57 44 57 57 57 44 57 57 57 44 57 57 57 44 57 57 57 44 57 57 57 44 57 57 57 44 32 57 57 57 44 57 57 57 44 57 57 57 44 57 57 57 44 57 57 57 44 57 57 57 44 57 57 57 44 57 57 57 44 57 57 57 44 57 57 57 44 32 57 57 57 44 57 57 57 44 57 57 57 44 57 57 57 44 57 57 57 44 57 57 57 44 57 57 57 44 57 57 57 44 57 57 57 44 57 57 57 44 32 57 57 57 44 57 57 57 44 57 57 57 44 57 57 57 44 57 57 57 44 57 57 57 44 57 57 57 44 57 57 57 44 57 57 57 44 57 57 57 44 32 57 57 57 44 57 57 57 44 57 57 57 44 57 57 57
07-27-16:35:51:377  : 相机 Send: System.Byte[]，成功
07-27-16:36:02:590  : 相机 Received: 51 68 79 75 44 57 57 57 44 57 57 57
07-27-16:36:02:592  : 相机 Send: System.Byte[]，成功
07-27-16:36:06:202  : 相机 Received: 67 67 68 49 44 52 46 52 53 57 44 52 46 52 56 56 44 51 46 51 50 52 44 51 46 50 57 53
07-27-16:36:06:205  : 相机 Send: System.Byte[]，成功
07-27-16:36:33:860  : 相机 Received: 51 68 79 75 44 48 46 56 56 52 44 48 46 56 55 57 44 48 46 56 56 44 49 46 53 50 44 49 46 53 49 57 44 49 46 53 50 55 44 49 46 53 51 49 44 49 46 53 50 50 44 49 46 53 49 57 44 49 46 53 50 51 44 49 46 53 50 44 48 46 54 51 57 44 48 46 54 52 51 44 48 46 54 54 51 44 48 46 54 53 52 44 48 46 54 51 49 44 48 46 54 50 56 44 48 46 54 55
07-27-16:36:33:860  : 相机 Send: System.Byte[]，成功
07-27-16:36:36:624  : 相机 Received: 84 51 59 53 44 49 50 55 46 48 46 48 46 49 58 53 48 56 51 52
07-27-16:36:36:624  : 相机 Send: System.Byte[]，成功
07-27-16:36:37:136  : 相机 Received: 67 67 68 49 44 57 57 57 44 57 57 57 44 57 57 57 44 57 57 57 44 57 57 57 44 57 57 57 44 57 57 57 44 57 57 57 44 57 57 57 44 57 57 57 44 57 57 57 44 32 57 57 57 44 57 57 57 44 57 57 57 44 57 57 57 44 57 57 57 44 57 57 57 44 57 57 57 44 57 57 57 44 57 57 57 44 57 57 57 44 32 57 57 57 44 57 57 57 44 57 57 57 44 57 57 57 44 57 57 57 44 57 57 57 44 57 57 57 44 57 57 57 44 57 57 57 44 57 57 57 44 32 57 57 57 44 57 57 57 44 57 57 57 44 57 57 57 44 57 57 57 44 57 57 57 44 57 57 57 44 57 57 57 44 57 57 57 44 57 57 57 44 32 57 57 57 44 57 57 57 44 57 57 57 44 57 57 57
07-27-16:36:37:137  : 相机 Send: System.Byte[]，成功
07-27-16:36:54:208  : 相机 Received: 51 68 79 75 44 57 57 57 44 57 57 57
07-27-16:36:54:211  : 相机 Send: System.Byte[]，成功
07-27-16:36:57:827  : 相机 Received: 67 67 68 49 44 52 46 52 57 52 44 52 46 52 56 56 44 51 46 50 56 55 44 51 46 50 57 52
07-27-17:03:13:208  : 相机 Send: System.Byte[]，成功
07-27-17:03:13:208  : 相机 Received: 51 68 79 75 44 48 46 56 56 52 44 48 46 56 55 57 44 48 46 56 56 44 49 46 53 50 44 49 46 53 49 57 44 49 46 53 50 55 44 49 46 53 51 49 44 49 46 53 50 50 44 49 46 53 49 57 44 49 46 53 50 51 44 49 46 53 50 44 48 46 54 51 57 44 48 46 54 52 51 44 48 46 54 54 51 44 48 46 54 53 52 44 48 46 54 51 49 44 48 46 54 50 56 44 48 46 54 55
07-27-17:03:16:173  : 相机 Send: System.Byte[]，成功
07-27-17:03:16:173  : 相机 Received: 84 51 59 53 44 49 50 55 46 48 46 48 46 49 58 53 49 48 51 48
07-27-17:03:16:673  : 相机 Received: 67 67 68 49 44 57 57 57 44 57 57 57 44 57 57 57 44 57 57 57 44 57 57 57 44 57 57 57 44 57 57 57 44 57 57 57 44 57 57 57 44 57 57 57 44 57 57 57 44 32 57 57 57 44 57 57 57 44 57 57 57 44 57 57 57 44 57 57 57 44 57 57 57 44 57 57 57 44 57 57 57 44 57 57 57 44 57 57 57 44 32 57 57 57 44 57 57 57 44 57 57 57 44 57 57 57 44 57 57 57 44 57 57 57 44 57 57 57 44 57 57 57 44 57 57 57 44 57 57 57 44 32 57 57 57 44 57 57 57 44 57 57 57 44 57 57 57 44 57 57 57 44 57 57 57 44 57 57 57 44 57 57 57 44 57 57 57 44 57 57 57 44 32 57 57 57 44 57 57 57 44 57 57 57 44 57 57 57
07-27-17:03:16:673  : 相机 Send: System.Byte[]，成功
07-27-17:03:29:021  : 相机 Received: 51 68 79 75 44 48 46 56 56 52 44 48 46 56 55 57 44 48 46 56 56 44 49 46 53 50 44 49 46 53 49 57 44 49 46 53 50 55 44 49 46 53 51 49 44 49 46 53 50 50 44 49 46 53 49 57 44 49 46 53 50 51 44 49 46 53 50 44 48 46 54 51 57 44 48 46 54 52 51 44 48 46 54 54 51 44 48 46 54 53 52 44 48 46 54 51 49 44 48 46 54 50 56 44 48 46 54 55
07-27-17:03:29:022  : 相机 Send: System.Byte[]，成功
07-27-17:03:31:983  : 相机 Received: 84 51 59 53 44 49 50 55 46 48 46 48 46 49 58 53 49 48 51 48
07-27-17:03:31:983  : 相机 Send: System.Byte[]，成功
07-27-17:03:32:798  : 相机 Send: System.Byte[]，成功
07-27-17:03:32:798  : 相机 Received: 67 67 68 49 44 57 57 57 44 57 57 57 44 57 57 57 44 57 57 57 44 57 57 57 44 57 57 57 44 57 57 57 44 57 57 57 44 57 57 57 44 57 57 57 44 57 57 57 44 32 57 57 57 44 57 57 57 44 57 57 57 44 57 57 57 44 57 57 57 44 57 57 57 44 57 57 57 44 57 57 57 44 57 57 57 44 57 57 57 44 32 57 57 57 44 57 57 57 44 57 57 57 44 57 57 57 44 57 57 57 44 57 57 57 44 57 57 57 44 57 57 57 44 57 57 57 44 57 57 57 44 32 57 57 57 44 57 57 57 44 57 57 57 44 57 57 57 44 57 57 57 44 57 57 57 44 57 57 57 44 57 57 57 44 57 57 57 44 57 57 57 44 32 57 57 57 44 57 57 57 44 57 57 57 44 57 57 57
07-27-17:03:51:099  : 相机 Send: System.Byte[]，成功
07-27-17:03:51:104  : 相机 Received: 51 68 79 75 44 48 46 56 56 52 44 48 46 56 55 57 44 48 46 56 56 44 49 46 53 50 44 49 46 53 49 57 44 49 46 53 50 55 44 49 46 53 51 49 44 49 46 53 50 50 44 49 46 53 49 57 44 49 46 53 50 51 44 49 46 53 50 44 48 46 54 51 57 44 48 46 54 52 51 44 48 46 54 54 51 44 48 46 54 53 52 44 48 46 54 51 49 44 48 46 54 50 56 44 48 46 54 55
07-27-17:03:54:057  : 相机 Received: 84 51 59 53 44 49 50 55 46 48 46 48 46 49 58 53 49 48 51 48
07-27-17:03:54:057  : 相机 Send: System.Byte[]，成功
07-27-17:03:54:647  : 相机 Send: System.Byte[]，成功
07-27-17:03:54:649  : 相机 Received: 67 67 68 49 44 57 57 57 44 57 57 57 44 57 57 57 44 57 57 57 44 57 57 57 44 57 57 57 44 57 57 57 44 57 57 57 44 57 57 57 44 57 57 57 44 57 57 57 44 32 57 57 57 44 57 57 57 44 57 57 57 44 57 57 57 44 57 57 57 44 57 57 57 44 57 57 57 44 57 57 57 44 57 57 57 44 57 57 57 44 32 57 57 57 44 57 57 57 44 57 57 57 44 57 57 57 44 57 57 57 44 57 57 57 44 57 57 57 44 57 57 57 44 57 57 57 44 57 57 57 44 32 57 57 57 44 57 57 57 44 57 57 57 44 57 57 57 44 57 57 57 44 57 57 57 44 57 57 57 44 57 57 57 44 57 57 57 44 57 57 57 44 32 57 57 57 44 57 57 57 44 57 57 57 44 57 57 57
07-27-17:04:10:195  : 相机 Send: System.Byte[]，成功
07-27-17:04:10:196  : 相机 Received: 51 68 79 75 44 48 46 56 56 52 44 48 46 56 55 57 44 48 46 56 56 44 49 46 53 50 44 49 46 53 49 57 44 49 46 53 50 55 44 49 46 53 51 49 44 49 46 53 50 50 44 49 46 53 49 57 44 49 46 53 50 51 44 49 46 53 50 44 48 46 54 51 57 44 48 46 54 52 51 44 48 46 54 54 51 44 48 46 54 53 52 44 48 46 54 51 49 44 48 46 54 50 56 44 48 46 54 55
07-27-17:04:13:158  : 相机 Send: System.Byte[]，成功
07-27-17:04:13:158  : 相机 Received: 84 51 59 53 44 49 50 55 46 48 46 48 46 49 58 53 49 48 51 48
07-27-17:04:13:658  : 相机 Received: 67 67 68 49 44 57 57 57 44 57 57 57 44 57 57 57 44 57 57 57 44 57 57 57 44 57 57 57 44 57 57 57 44 57 57 57 44 57 57 57 44 57 57 57 44 57 57 57 44 32 57 57 57 44 57 57 57 44 57 57 57 44 57 57 57 44 57 57 57 44 57 57 57 44 57 57 57 44 57 57 57 44 57 57 57 44 57 57 57 44 32 57 57 57 44 57 57 57 44 57 57 57 44 57 57 57 44 57 57 57 44 57 57 57 44 57 57 57 44 57 57 57 44 57 57 57 44 57 57 57 44 32 57 57 57 44 57 57 57 44 57 57 57 44 57 57 57 44 57 57 57 44 57 57 57 44 57 57 57 44 57 57 57 44 57 57 57 44 57 57 57 44 32 57 57 57 44 57 57 57 44 57 57 57 44 57 57 57
07-27-17:04:13:658  : 相机 Send: System.Byte[]，成功
07-27-17:04:28:223  : 相机 Send: System.Byte[]，成功
07-27-17:04:28:223  : 相机 Received: 51 68 79 75 44 57 57 57 44 57 57 57
07-27-17:04:31:662  : 相机 Received: 67 67 68 49 44 52 46 52 57 51 44 52 46 52 56 56 44 51 46 50 56 56 44 51 46 50 57 52
07-27-17:08:42:493  : 相机 Send: System.Byte[]，成功
07-27-17:08:46:068  : 相机 Received: 67 67 68 49 44 52 46 52 57 51 44 52 46 52 56 56 44 51 46 50 56 56 44 51 46 50 57 52
07-27-17:09:00:062  : 相机 Send: System.Byte[]，成功
07-27-17:09:02:957  : 相机 Send: System.Byte[]，成功
07-27-17:09:03:433  : 相机 Received: 67 67 68 49 44 57 57 57 44 57 57 57 44 57 57 57 44 57 57 57 44 57 57 57 44 57 57 57 44 57 57 57 44 57 57 57 44 57 57 57 44 57 57 57 44 57 57 57 44 32 57 57 57 44 57 57 57 44 57 57 57 44 57 57 57 44 57 57 57 44 57 57 57 44 57 57 57 44 57 57 57 44 57 57 57 44 57 57 57 44 32 57 57 57 44 57 57 57 44 57 57 57 44 57 57 57 44 57 57 57 44 57 57 57 44 57 57 57 44 57 57 57 44 57 57 57 44 57 57 57 44 32 57 57 57 44 57 57 57 44 57 57 57 44 57 57 57 44 57 57 57 44 57 57 57 44 57 57 57 44 57 57 57 44 57 57 57 44 57 57 57 44 32 57 57 57 44 57 57 57 44 57 57 57 44 57 57 57
07-27-17:09:03:433  : 相机 Send: System.Byte[]，成功
07-27-17:09:15:239  : 相机 Received: 51 68 79 75 44 57 57 57 44 57 57 57
07-27-17:09:15:239  : 相机 Send: System.Byte[]，成功
07-27-17:09:18:748  : 相机 Send: System.Byte[]，成功
07-27-17:09:18:748  : 相机 Received: 67 67 68 49 44 57 57 57 44 57 57 57 44 57 57 57 44 57 57 57
07-27-17:09:34:428  : 相机 Send: System.Byte[]，成功
07-27-17:09:34:428  : 相机 Received: 51 68 79 75 44 48 46 56 56 52 44 48 46 56 55 57 44 48 46 56 56 44 49 46 53 50 44 49 46 53 49 57 44 49 46 53 50 55 44 49 46 53 51 49 44 49 46 53 50 50 44 49 46 53 49 57 44 49 46 53 50 51 44 49 46 53 50 44 48 46 54 51 57 44 48 46 54 52 51 44 48 46 54 54 51 44 48 46 54 53 52 44 48 46 54 51 49 44 48 46 54 50 56 44 48 46 54 55
07-27-17:09:37:364  : 相机 Send: System.Byte[]，成功
07-27-17:09:37:936  : 相机 Send: System.Byte[]，成功
07-27-17:09:37:936  : 相机 Received: 67 67 68 49 44 57 57 57 44 57 57 57 44 57 57 57 44 57 57 57 44 57 57 57 44 57 57 57 44 57 57 57 44 57 57 57 44 57 57 57 44 57 57 57 44 57 57 57 44 32 57 57 57 44 57 57 57 44 57 57 57 44 57 57 57 44 57 57 57 44 57 57 57 44 57 57 57 44 57 57 57 44 57 57 57 44 57 57 57 44 32 57 57 57 44 57 57 57 44 57 57 57 44 57 57 57 44 57 57 57 44 57 57 57 44 57 57 57 44 57 57 57 44 57 57 57 44 57 57 57 44 32 57 57 57 44 57 57 57 44 57 57 57 44 57 57 57 44 57 57 57 44 57 57 57 44 57 57 57 44 57 57 57 44 57 57 57 44 57 57 57 44 32 57 57 57 44 57 57 57 44 57 57 57 44 57 57 57
07-27-17:09:52:391  : 相机 Received: 51 68 79 75 44 57 57 57 44 57 57 57
07-27-17:09:55:945  : 相机 Send: System.Byte[]，成功
07-27-17:09:55:945  : 相机 Received: 67 67 68 49 44 52 46 52 57 54 44 52 46 52 56 56 44 51 46 50 56 53 44 51 46 50 57 51
07-27-17:10:06:845  : 相机 Send: System.Byte[]，成功
07-27-17:10:10:518  : 相机 Received: 67 67 68 49 44 52 46 52 57 44 52 46 52 56 56 44 51 46 50 57 44 51 46 50 57 51
07-27-17:10:30:730  : 相机 Received: 51 68 79 75 44 48 46 56 56 52 44 48 46 56 55 57 44 48 46 56 56 44 49 46 53 50 44 49 46 53 49 57 44 49 46 53 50 55 44 49 46 53 51 49 44 49 46 53 50 50 44 49 46 53 49 57 44 49 46 53 50 51 44 49 46 53 50 44 48 46 54 51 57 44 48 46 54 52 51 44 48 46 54 54 51 44 48 46 54 53 52 44 48 46 54 51 49 44 48 46 54 50 56 44 48 46 54 55
07-27-17:10:30:730  : 相机 Send: System.Byte[]，成功
07-27-17:10:33:643  : 相机 Received: 84 51 59 53 44 49 50 55 46 48 46 48 46 49 58 53 49 48 51 48
07-27-17:10:34:465  : 相机 Received: 67 67 68 49 44 57 57 57 44 57 57 57 44 57 57 57 44 57 57 57 44 57 57 57 44 57 57 57 44 57 57 57 44 57 57 57 44 57 57 57 44 57 57 57 44 57 57 57 44 32 57 57 57 44 57 57 57 44 57 57 57 44 57 57 57 44 57 57 57 44 57 57 57 44 57 57 57 44 57 57 57 44 57 57 57 44 57 57 57 44 32 57 57 57 44 57 57 57 44 57 57 57 44 57 57 57 44 57 57 57 44 57 57 57 44 57 57 57 44 57 57 57 44 57 57 57 44 57 57 57 44 32 57 57 57 44 57 57 57 44 57 57 57 44 57 57 57 44 57 57 57 44 57 57 57 44 57 57 57 44 57 57 57 44 57 57 57 44 57 57 57 44 32 57 57 57 44 57 57 57 44 57 57 57 44 57 57 57
07-27-17:10:50:567  : 相机 Send: System.Byte[]，成功
07-27-17:10:54:142  : 相机 Received: 67 67 68 49 44 52 46 52 56 55 44 52 46 52 56 56 44 51 46 50 57 52 44 51 46 50 57 52
07-27-17:10:54:142  : 相机 Send: System.Byte[]，成功
07-27-17:11:13:524  : 相机 Received: 51 68 79 75 44 48 46 56 56 52 44 48 46 56 55 57 44 48 46 56 56 44 49 46 53 50 44 49 46 53 49 57 44 49 46 53 50 55 44 49 46 53 51 49 44 49 46 53 50 50 44 49 46 53 49 57 44 49 46 53 50 51 44 49 46 53 50 44 48 46 54 51 57 44 48 46 54 52 51 44 48 46 54 54 51 44 48 46 54 53 52 44 48 46 54 51 49 44 48 46 54 50 56 44 48 46 54 55
07-27-17:11:16:459  : 相机 Send: System.Byte[]，成功
07-27-17:11:17:269  : 相机 Received: 67 67 68 49 44 57 57 57 44 57 57 57 44 57 57 57 44 57 57 57 44 57 57 57 44 57 57 57 44 57 57 57 44 57 57 57 44 57 57 57 44 57 57 57 44 57 57 57 44 32 57 57 57 44 57 57 57 44 57 57 57 44 57 57 57 44 57 57 57 44 57 57 57 44 57 57 57 44 57 57 57 44 57 57 57 44 57 57 57 44 32 57 57 57 44 57 57 57 44 57 57 57 44 57 57 57 44 57 57 57 44 57 57 57 44 57 57 57 44 57 57 57 44 57 57 57 44 57 57 57 44 32 57 57 57 44 57 57 57 44 57 57 57 44 57 57 57 44 57 57 57 44 57 57 57 44 57 57 57 44 57 57 57 44 57 57 57 44 57 57 57 44 32 57 57 57 44 57 57 57 44 57 57 57 44 57 57 57
07-27-17:11:42:775  : 相机 Received: 51 68 79 75 44 57 57 57 44 57 57 57
07-27-17:11:42:775  : 相机 Send: System.Byte[]，成功
07-27-17:11:46:325  : 相机 Send: System.Byte[]，成功
07-27-17:11:46:325  : 相机 Received: 67 67 68 49 44 52 46 52 57 50 44 52 46 52 56 55 44 51 46 50 56 57 44 51 46 50 57 53
07-27-17:14:14:037  : 相机 Send: System.Byte[]，成功
07-27-17:14:14:037  : 相机 Received: 51 68 79 75 44 48 46 56 56 52 44 48 46 56 55 57 44 48 46 56 56 44 49 46 53 50 44 49 46 53 49 57 44 49 46 53 50 55 44 49 46 53 51 49 44 49 46 53 50 50 44 49 46 53 49 57 44 49 46 53 50 51 44 49 46 53 50 44 48 46 54 51 57 44 48 46 54 52 51 44 48 46 54 54 51 44 48 46 54 53 52 44 48 46 54 51 49 44 48 46 54 50 56 44 48 46 54 55
07-27-17:14:16:753  : 相机 Received: 84 51 59 53 44 49 50 55 46 48 46 48 46 49 58 53 49 48 51 48
07-27-17:14:17:680  : 相机 Send: System.Byte[]，成功
07-27-17:14:17:680  : 相机 Received: 67 67 68 49 44 57 57 57 44 57 57 57 44 57 57 57 44 57 57 57 44 57 57 57 44 57 57 57 44 57 57 57 44 57 57 57 44 57 57 57 44 57 57 57 44 57 57 57 44 32 57 57 57 44 57 57 57 44 57 57 57 44 57 57 57 44 57 57 57 44 57 57 57 44 57 57 57 44 57 57 57 44 57 57 57 44 57 57 57 44 32 57 57 57 44 57 57 57 44 57 57 57 44 57 57 57 44 57 57 57 44 57 57 57 44 57 57 57 44 57 57 57 44 57 57 57 44 57 57 57 44 32 57 57 57 44 57 57 57 44 57 57 57 44 57 57 57 44 57 57 57 44 57 57 57 44 57 57 57 44 57 57 57 44 57 57 57 44 57 57 57 44 32 57 57 57 44 57 57 57 44 57 57 57 44 57 57 57
07-27-17:14:28:877  : 相机 Received: 51 68 79 75 44 48 46 56 56 52 44 48 46 56 55 57 44 48 46 56 56 44 49 46 53 50 44 49 46 53 49 57 44 49 46 53 50 55 44 49 46 53 51 49 44 49 46 53 50 50 44 49 46 53 49 57 44 49 46 53 50 51 44 49 46 53 50 44 48 46 54 51 57 44 48 46 54 52 51 44 48 46 54 54 51 44 48 46 54 53 52 44 48 46 54 51 49 44 48 46 54 50 56 44 48 46 54 55
07-27-17:14:28:877  : 相机 Send: System.Byte[]，成功
07-27-17:14:31:862  : 相机 Send: System.Byte[]，成功
07-27-17:14:31:862  : 相机 Received: 84 51 59 53 44 49 50 55 46 48 46 48 46 49 58 53 49 48 51 48
07-27-17:14:32:766  : 相机 Send: System.Byte[]，成功
07-27-17:14:45:145  : 相机 Received: 51 68 79 75 44 48 46 56 56 52 44 48 46 56 55 57 44 48 46 56 56 44 49 46 53 50 44 49 46 53 49 57 44 49 46 53 50 55 44 49 46 53 51 49 44 49 46 53 50 50 44 49 46 53 49 57 44 49 46 53 50 51 44 49 46 53 50 44 48 46 54 51 57 44 48 46 54 52 51 44 48 46 54 54 51 44 48 46 54 53 52 44 48 46 54 51 49 44 48 46 54 50 56 44 48 46 54 55
07-27-17:14:45:145  : 相机 Send: System.Byte[]，成功
07-27-17:14:48:135  : 相机 Received: 84 51 59 53 44 49 50 55 46 48 46 48 46 49 58 53 49 48 51 48
07-27-17:14:49:049  : 相机 Received: 67 67 68 49 44 57 57 57 44 57 57 57 44 57 57 57 44 57 57 57 44 57 57 57 44 57 57 57 44 57 57 57 44 57 57 57 44 57 57 57 44 57 57 57 44 57 57 57 44 32 57 57 57 44 57 57 57 44 57 57 57 44 57 57 57 44 57 57 57 44 57 57 57 44 57 57 57 44 57 57 57 44 57 57 57 44 57 57 57 44 32 57 57 57 44 57 57 57 44 57 57 57 44 57 57 57 44 57 57 57 44 57 57 57 44 57 57 57 44 57 57 57 44 57 57 57 44 57 57 57 44 32 57 57 57 44 57 57 57 44 57 57 57 44 57 57 57 44 57 57 57 44 57 57 57 44 57 57 57 44 57 57 57 44 57 57 57 44 57 57 57 44 32 57 57 57 44 57 57 57 44 57 57 57 44 57 57 57
07-27-17:14:49:049  : 相机 Send: System.Byte[]，成功
07-27-17:14:59:989  : 相机 Received: 51 68 79 75 44 48 46 56 56 52 44 48 46 56 55 57 44 48 46 56 56 44 49 46 53 50 44 49 46 53 49 57 44 49 46 53 50 55 44 49 46 53 51 49 44 49 46 53 50 50 44 49 46 53 49 57 44 49 46 53 50 51 44 49 46 53 50 44 48 46 54 51 57 44 48 46 54 52 51 44 48 46 54 54 51 44 48 46 54 53 52 44 48 46 54 51 49 44 48 46 54 50 56 44 48 46 54 55
07-27-17:14:59:989  : 相机 Send: System.Byte[]，成功
07-27-17:15:02:835  : 相机 Received: 84 51 59 53 44 49 50 55 46 48 46 48 46 49 58 53 49 48 51 48
07-27-17:15:02:835  : 相机 Send: System.Byte[]，成功
07-27-17:15:03:744  : 相机 Send: System.Byte[]，成功
07-27-17:15:03:744  : 相机 Received: 67 67 68 49 44 57 57 57 44 57 57 57 44 57 57 57 44 57 57 57 44 57 57 57 44 57 57 57 44 57 57 57 44 57 57 57 44 57 57 57 44 57 57 57 44 57 57 57 44 32 57 57 57 44 57 57 57 44 57 57 57 44 57 57 57 44 57 57 57 44 57 57 57 44 57 57 57 44 57 57 57 44 57 57 57 44 57 57 57 44 32 57 57 57 44 57 57 57 44 57 57 57 44 57 57 57 44 57 57 57 44 57 57 57 44 57 57 57 44 57 57 57 44 57 57 57 44 57 57 57 44 32 57 57 57 44 57 57 57 44 57 57 57 44 57 57 57 44 57 57 57 44 57 57 57 44 57 57 57 44 57 57 57 44 57 57 57 44 57 57 57 44 32 57 57 57 44 57 57 57 44 57 57 57 44 57 57 57
07-27-17:15:14:430  : 相机 Received: 51 68 79 75 44 48 46 56 56 52 44 48 46 56 55 57 44 48 46 56 56 44 49 46 53 50 44 49 46 53 49 57 44 49 46 53 50 55 44 49 46 53 51 49 44 49 46 53 50 50 44 49 46 53 49 57 44 49 46 53 50 51 44 49 46 53 50 44 48 46 54 51 57 44 48 46 54 52 51 44 48 46 54 54 51 44 48 46 54 53 52 44 48 46 54 51 49 44 48 46 54 50 56 44 48 46 54 55
07-27-17:15:14:430  : 相机 Send: System.Byte[]，成功
07-27-17:15:17:435  : 相机 Received: 84 51 59 53 44 49 50 55 46 48 46 48 46 49 58 53 49 48 51 48
07-27-17:15:18:342  : 相机 Received: 67 67 68 49 44 57 57 57 44 57 57 57 44 57 57 57 44 57 57 57 44 57 57 57 44 57 57 57 44 57 57 57 44 57 57 57 44 57 57 57 44 57 57 57 44 57 57 57 44 32 57 57 57 44 57 57 57 44 57 57 57 44 57 57 57 44 57 57 57 44 57 57 57 44 57 57 57 44 57 57 57 44 57 57 57 44 57 57 57 44 32 57 57 57 44 57 57 57 44 57 57 57 44 57 57 57 44 57 57 57 44 57 57 57 44 57 57 57 44 57 57 57 44 57 57 57 44 57 57 57 44 32 57 57 57 44 57 57 57 44 57 57 57 44 57 57 57 44 57 57 57 44 57 57 57 44 57 57 57 44 57 57 57 44 57 57 57 44 57 57 57 44 32 57 57 57 44 57 57 57 44 57 57 57 44 57 57 57
07-27-17:15:18:342  : 相机 Send: System.Byte[]，成功
07-27-17:15:44:696  : 相机 Send: System.Byte[]，成功
07-27-17:15:44:696  : 相机 Received: 51 68 79 75 44 48 44 48
07-27-17:15:48:227  : 相机 Send: System.Byte[]，成功
07-27-17:15:48:227  : 相机 Received: 67 67 68 49 44 52 46 52 57 53 44 52 46 52 56 56 44 51 46 50 56 53 44 51 46 50 57 51
07-27-17:15:59:172  : 相机 Received: 51 68 79 75 44 48 44 48
07-27-17:15:59:172  : 相机 Send: System.Byte[]，成功
07-27-17:16:02:771  : 相机 Received: 67 67 68 49 44 52 46 52 57 53 44 52 46 52 56 56 44 51 46 50 56 53 44 51 46 50 57 52
07-27-17:16:13:812  : 相机 Received: 51 68 79 75 44 48 44 48
07-27-17:16:17:295  : 相机 Received: 67 67 68 49 44 57 57 57 44 57 57 57 44 57 57 57 44 57 57 57
07-27-17:16:17:295  : 相机 Send: System.Byte[]，成功
07-27-17:16:28:348  : 相机 Send: System.Byte[]，成功
07-27-17:16:28:348  : 相机 Received: 51 68 79 75 44 57 57 57 44 57 57 57
07-27-17:16:31:852  : 相机 Send: System.Byte[]，成功
07-27-17:16:31:852  : 相机 Received: 67 67 68 49 44 52 46 52 57 57 44 52 46 52 56 56 44 51 46 50 56 50 44 51 46 50 57 52
07-27-17:16:43:261  : 相机 Received: 51 68 79 75 44 57 57 57 44 57 57 57
07-27-17:16:46:816  : 相机 Received: 67 67 68 49 44 52 46 52 57 52 44 52 46 52 56 56 44 51 46 50 56 54 44 51 46 50 57 51
07-27-17:16:46:816  : 相机 Send: System.Byte[]，成功
07-27-17:21:00:777  : 相机 Received: 51 68 79 75 44 48 46 54 54 44 48 46 54 54
07-27-17:21:00:778  : 相机 Send: System.Byte[]，成功
07-27-17:21:04:416  : 相机 Received: 67 67 68 49 44 52 46 52 57 57 44 52 46 52 56 55 44 51 46 50 56 50 44 51 46 50 57 53
07-27-17:21:04:418  : 相机 Send: System.Byte[]，成功
07-27-17:21:21:150  : 相机 Received: 51 68 79 75 44 48 46 54 54 54 44 48 46 54 54 54
07-27-17:21:21:150  : 相机 Send: System.Byte[]，成功
07-27-17:21:24:701  : 相机 Received: 67 67 68 49 44 52 46 52 57 53 44 52 46 52 56 56 44 51 46 50 56 52 44 51 46 50 57 52
07-27-17:21:24:702  : 相机 Send: System.Byte[]，成功
07-27-17:21:44:873  : 相机 Received: 51 68 79 75 44 48 46 54 54 54 44 48 46 54 54 54
07-27-17:21:44:873  : 相机 Send: System.Byte[]，成功
07-27-17:21:48:442  : 相机 Received: 67 67 68 49 44 52 46 52 57 55 44 52 46 52 56 55 44 51 46 50 56 53 44 51 46 50 57 54
07-27-17:21:48:442  : 相机 Send: System.Byte[]，成功
07-27-17:22:16:755  : 相机 Send: System.Byte[]，成功
07-27-17:22:16:757  : 相机 Received: 51 68 79 75 44 48 46 54 54 51 44 48 46 54 54 51
07-27-17:22:20:331  : 相机 Received: 67 67 68 49 44 52 46 52 57 53 44 52 46 52 56 56 44 51 46 50 56 52 44 51 46 50 57 51
07-27-17:22:20:444  : 相机 Send: System.Byte[]，成功
07-27-17:22:40:613  : 相机 Received: 51 68 79 75 44 48 46 54 52 57 44 48 46 54 52 57
07-27-17:22:40:613  : 相机 Send: System.Byte[]，成功
07-27-17:22:44:244  : 相机 Received: 67 67 68 49 44 52 46 53 48 50 44 52 46 52 56 55 44 51 46 50 55 54 44 51 46 50 57 54
07-27-17:22:44:247  : 相机 Send: System.Byte[]，成功
07-27-17:23:03:104  : 相机 Received: 51 68 79 75 44 48 46 54 53 55 44 48 46 54 53 55
07-27-17:23:03:104  : 相机 Send: System.Byte[]，成功
07-27-17:23:06:630  : 相机 Received: 67 67 68 49 44 52 46 53 49 53 44 52 46 52 56 57 44 51 46 50 54 50 44 51 46 50 57 51
07-27-17:23:06:632  : 相机 Send: System.Byte[]，成功
07-27-17:23:24:929  : 相机 Received: 51 68 79 75 44 48 46 54 54 44 48 46 54 54
07-27-17:23:24:930  : 相机 Send: System.Byte[]，成功
07-27-17:23:28:521  : 相机 Received: 67 67 68 49 44 52 46 52 57 55 44 52 46 52 56 55 44 51 46 50 56 52 44 51 46 50 57 52
07-27-17:23:28:521  : 相机 Send: System.Byte[]，成功
07-27-17:23:47:693  : 相机 Received: 51 68 79 75 44 48 46 54 54 54 44 48 46 54 54 54
07-27-17:23:47:693  : 相机 Send: System.Byte[]，成功
07-27-17:23:51:217  : 相机 Received: 67 67 68 49 44 57 57 57 44 57 57 57 44 57 57 57 44 57 57 57
07-27-17:23:51:218  : 相机 Send: System.Byte[]，成功
07-27-17:25:39:484  : 相机 Received: 51 68 79 75 44 48 46 56 56 52 44 48 46 56 55 57 44 48 46 56 56 44 49 46 53 50 44 49 46 53 49 57 44 49 46 53 50 55 44 49 46 53 51 49 44 49 46 53 50 50 44 49 46 53 49 57 44 49 46 53 50 51 44 49 46 53 50 44 48 46 54 51 57 44 48 46 54 52 51 44 48 46 54 54 51 44 48 46 54 53 52 44 48 46 54 51 49 44 48 46 54 50 56 44 48 46 54 55
07-27-17:25:39:485  : 相机 Send: System.Byte[]，成功
07-27-17:25:41:922  : 相机 Received: 84 51 59 53 44 49 50 55 46 48 46 48 46 49 58 53 49 48 51 48
07-27-17:25:42:535  : 相机 Received: 67 67 68 49 44 57 57 57 44 57 57 57 44 57 57 57 44 57 57 57 44 57 57 57 44 57 57 57 44 57 57 57 44 57 57 57 44 57 57 57 44 57 57 57 44 57 57 57 44 32 57 57 57 44 57 57 57 44 57 57 57 44 57 57 57 44 57 57 57 44 57 57 57 44 57 57 57 44 57 57 57 44 57 57 57 44 57 57 57 44 32 57 57 57 44 57 57 57 44 57 57 57 44 57 57 57 44 57 57 57 44 57 57 57 44 57 57 57 44 57 57 57 44 57 57 57 44 57 57 57 44 32 57 57 57 44 57 57 57 44 57 57 57 44 57 57 57 44 57 57 57 44 57 57 57 44 57 57 57 44 57 57 57 44 57 57 57 44 57 57 57 44 32 57 57 57 44 57 57 57 44 57 57 57 44 57 57 57
07-27-17:25:42:536  : 相机 Send: System.Byte[]，成功
07-27-17:26:00:778  : 相机 Received: 51 68 79 75 44 48 46 56 56 52 44 48 46 56 55 57 44 48 46 56 56 44 49 46 53 50 44 49 46 53 49 57 44 49 46 53 50 55 44 49 46 53 51 49 44 49 46 53 50 50 44 49 46 53 49 57 44 49 46 53 50 51 44 49 46 53 50 44 48 46 54 51 57 44 48 46 54 52 51 44 48 46 54 54 51 44 48 46 54 53 52 44 48 46 54 51 49 44 48 46 54 50 56 44 48 46 54 55
07-27-17:26:00:793  : 相机 Send: System.Byte[]，成功
07-27-17:26:03:506  : 相机 Received: 84 51 59 53 44 49 50 55 46 48 46 48 46 49 58 53 49 48 51 48
07-27-17:26:04:448  : 相机 Received: 67 67 68 49 44 57 57 57 44 57 57 57 44 57 57 57 44 57 57 57 44 57 57 57 44 57 57 57 44 57 57 57 44 57 57 57 44 57 57 57 44 57 57 57 44 57 57 57 44 32 57 57 57 44 57 57 57 44 57 57 57 44 57 57 57 44 57 57 57 44 57 57 57 44 57 57 57 44 57 57 57 44 57 57 57 44 57 57 57 44 32 57 57 57 44 57 57 57 44 57 57 57 44 57 57 57 44 57 57 57 44 57 57 57 44 57 57 57 44 57 57 57 44 57 57 57 44 57 57 57 44 32 57 57 57 44 57 57 57 44 57 57 57 44 57 57 57 44 57 57 57 44 57 57 57 44 57 57 57 44 57 57 57 44 57 57 57 44 57 57 57 44 32 57 57 57 44 57 57 57 44 57 57 57 44 57 57 57
07-27-17:26:04:450  : 相机 Send: System.Byte[]，成功
