10-19-08:57:40:486  : 相机 Send: System.Byte[]，成功
10-19-08:57:40:487  : 相机 Received: 84 49 59 49 44 49 50 55 46 48 46 48 46 49 58 52 57 55 50 54
10-19-08:57:56:971  : 相机 Received: 67 67 68 49 44 45 48 46 49 49 57 44 52 52 46 51 56 56 44 45 54 46 55 51 49 44 49 46 57 54 51 44 49 46 57 55 57 44 49 46 57 52 55 44 51 46 51 54 49 44 51 46 51 54 44 51 53 57 46 57 51 51 44 48 46 51 56 50
10-19-08:58:59:646  : 相机 Received: 67 67 68 49 44 45 49 55 46 50 54 50 44 50 46 48 54 55 44 50 46 48 55 56 44 50 46 48 53 55 44 51 46 49 48 50 44 51 46 48 55 55
10-19-08:58:59:647  : 相机 Send: System.Byte[]，成功
10-19-09:25:17:198  : 相机 Send: System.Byte[]，成功
10-19-09:25:33:662  : 相机 Send: System.Byte[]，成功
10-19-09:26:47:407  : 相机 Send: System.Byte[]，成功
10-19-13:54:31:465  : 相机 Send: System.Byte[]，成功
10-19-13:54:31:466  : 相机 Received: 84 49 59 49 44 49 50 55 46 48 46 48 46 49 58 57 53 51 53
10-19-13:54:47:924  : 相机 Send: System.Byte[]，成功
10-19-14:03:28:710  : 相机 Received: 84 49 59 49 44 49 50 55 46 48 46 48 46 49 58 57 53 51 53
10-19-14:03:45:178  : 相机 Received: 67 67 68 49 44 45 48 46 51 48 51 44 52 52 46 52 52 57 44 45 52 46 49 50 55 44 49 46 55 51 50 44 49 46 55 48 56 44 49 46 55 53 54 44 50 46 56 54 52 44 50 46 56 53 52 44 48 46 48 54 52 44 48 46 51 56 54
10-19-14:03:45:179  : 相机 Send: System.Byte[]，成功
10-19-14:06:42:069  : 相机 Received: 67 67 68 44 48
10-19-14:06:42:069  : 相机 Send: System.Byte[]，成功
10-19-14:07:27:069  : 相机 Send: System.Byte[]，成功
10-19-14:07:54:864  : 相机 Send: System.Byte[]，成功
10-19-14:08:15:863  : 相机 Received: 67 67 68 44 48
10-19-14:23:31:959  : 相机 Send: System.Byte[]，成功
10-19-14:23:31:960  : 相机 Received: 84 49 59 49 44 49 50 55 46 48 46 48 46 49 58 57 53 57 54
10-19-14:23:48:395  : 相机 Send: System.Byte[]，成功
10-19-14:23:48:395  : 相机 Received: 67 67 68 49 44 45 48 46 50 56 53 44 52 52 46 50 52 49 44 45 50 46 50 53 57 44 49 46 55 57 49 44 49 46 55 52 55 44 49 46 56 51 53 44 50 46 56 54 52 44 50 46 56 53 52 44 48 46 49 50 44 48 46 49 57 57
10-19-14:25:35:791  : 相机 Received: 67 67 68 49 44 57 57 57 44 57 57 57 44 57 57 57 44 57 57 57 44 57 57 57 44 57 57 57
10-19-14:25:35:792  : 相机 Send: System.Byte[]，成功
10-19-14:26:06:555  : 相机 Received: 67 67 68 49 44 57 57 57 44 57 57 57 44 57 57 57 44 57 57 57 44 57 57 57 44 57 57 57
10-19-14:26:06:556  : 相机 Send: System.Byte[]，成功
10-19-14:26:19:530  : 相机 Received: 67 67 68 49 44 57 57 57 44 57 57 57 44 57 57 57 44 57 57 57 44 57 57 57 44 57 57 57
10-19-14:26:19:530  : 相机 Send: System.Byte[]，成功
10-19-14:26:34:566  : 相机 Received: 67 67 68 49 44 57 57 57 44 57 57 57 44 57 57 57 44 57 57 57 44 57 57 57 44 57 57 57
10-19-14:26:34:566  : 相机 Send: System.Byte[]，成功
10-19-14:29:21:560  : 相机 Received: 84 50 59 51 44 49 50 55 46 48 46 48 46 49 58 57 53 57 54
10-19-14:29:21:560  : 相机 Send: System.Byte[]，成功
10-19-14:29:31:578  : 相机 Received: 84 50 59 52 44 49 50 55 46 48 46 48 46 49 58 57 53 57 54
10-19-14:29:41:585  : 相机 Send: System.Byte[]，成功
10-19-14:29:51:667  : 相机 Received: 67 67 68 49 44 57 57 57 44 57 57 57 44 57 57 57 44 57 57 57 44 57 57 57 44 57 57 57 44 57 57 57 44 57 57 57 44 57 57 57 44 57 57 57 44 57 57 57 44 57 57 57 44 57 57 57 44 57 57 57 44 57 57 57 44 57 57 57 44 57 57 57 44 57 57 57
10-19-14:29:51:669  : 相机 Send: System.Byte[]，成功
10-19-14:46:23:182  : 相机 Received: 84 49 59 49 44 49 50 55 46 48 46 48 46 49 58 57 53 57 54
10-19-14:46:23:182  : 相机 Send: System.Byte[]，成功
10-19-14:46:39:592  : 相机 Send: System.Byte[]，成功
10-19-14:46:39:593  : 相机 Received: 67 67 68 49 44 45 48 46 50 57 57 44 52 52 46 51 54 49 44 45 53 46 49 57 51 44 49 46 55 53 50 44 49 46 53 56 55 44 49 46 57 49 55 44 50 46 56 54 52 44 50 46 56 53 52 44 48 46 52 51 52 44 48 46 51 50 54
10-19-14:48:26:190  : 相机 Received: 67 67 68 49 44 57 57 57 44 57 57 57 44 57 57 57 44 57 57 57 44 57 57 57 44 57 57 57
10-19-14:48:26:190  : 相机 Send: System.Byte[]，成功
10-19-14:54:36:389  : 相机 Received: 84 49 59 49 44 49 50 55 46 48 46 48 46 49 58 57 53 57 54
10-19-14:54:52:825  : 相机 Send: System.Byte[]，成功
10-19-15:01:50:259  : 相机 Send: System.Byte[]，成功
10-19-15:02:06:694  : 相机 Received: 67 67 68 49 44 45 48 46 48 52 50 44 52 52 46 51 51 44 45 50 46 52 57 55 44 50 46 48 53 57 44 50 46 49 53 51 44 49 46 57 54 52 44 50 46 56 54 52 44 50 46 56 53 52 44 51 53 57 46 55 53 49 44 48 46 51 54 50
10-19-15:02:06:695  : 相机 Send: System.Byte[]，成功
10-19-15:27:14:381  : 相机 Send: System.Byte[]，成功
10-19-15:27:30:818  : 相机 Send: System.Byte[]，成功
10-19-15:27:30:818  : 相机 Received: 67 67 68 49 44 48 46 50 48 56 44 52 52 46 50 50 55 44 45 49 46 56 53 49 44 49 46 55 56 55 44 49 46 54 55 56 44 49 46 56 57 53 44 50 46 56 54 52 44 50 46 56 53 52 44 48 46 50 57 55 44 48 46 52 50 52
10-19-15:34:28:639  : 相机 Send: System.Byte[]，成功
10-19-15:34:45:074  : 相机 Send: System.Byte[]，成功
10-19-15:44:27:383  : 相机 Send: System.Byte[]，成功
10-19-15:44:43:831  : 相机 Received: 67 67 68 49 44 48 46 50 53 49 44 52 52 46 50 50 52 44 45 52 46 53 55 54 44 49 46 55 55 49 44 49 46 54 55 57 44 49 46 56 54 51 44 50 46 56 54 52 44 50 46 56 53 52 44 48 46 50 54 52 44 48 46 52 51
10-19-15:44:43:831  : 相机 Send: System.Byte[]，成功
10-19-15:59:38:376  : 相机 Send: System.Byte[]，成功
10-19-15:59:54:825  : 相机 Received: 67 67 68 49 44 45 48 46 50 51 52 44 52 52 46 50 50 55 44 45 50 46 53 49 50 44 49 46 55 55 54 44 49 46 54 56 50 44 49 46 56 54 57 44 50 46 56 54 52 44 50 46 56 53 52 44 48 46 50 53 44 48 46 52 51
10-19-15:59:54:825  : 相机 Send: System.Byte[]，成功
10-19-16:11:18:763  : 相机 Send: System.Byte[]，成功
10-19-16:11:35:206  : 相机 Received: 67 67 68 49 44 45 48 46 50 52 55 44 52 52 46 50 54 49 44 45 51 46 56 50 49 44 49 46 55 54 51 44 49 46 54 55 49 44 49 46 56 53 54 44 50 46 56 54 52 44 50 46 56 53 52 44 48 46 50 52 44 48 46 52 51 55
10-19-16:11:35:206  : 相机 Send: System.Byte[]，成功
10-19-16:22:42:815  : 相机 Received: 84 49 59 49 44 49 50 55 46 48 46 48 46 49 58 57 53 57 54
10-19-16:22:59:248  : 相机 Received: 67 67 68 49 44 45 48 46 50 50 51 44 52 52 46 51 52 53 44 45 50 46 48 54 55 44 49 46 55 56 54 44 49 46 54 57 54 44 49 46 56 55 54 44 50 46 56 54 52 44 50 46 56 53 52 44 48 46 50 51 53 44 48 46 52 49 50
10-19-16:22:59:248  : 相机 Send: System.Byte[]，成功
10-19-16:40:24:643  : 相机 Send: System.Byte[]，成功
10-19-16:40:24:643  : 相机 Received: 84 49 59 49 44 49 50 55 46 48 46 48 46 49 58 51 49 55 53
10-19-16:40:41:100  : 相机 Send: System.Byte[]，成功
10-19-17:12:19:619  : 相机 Received: 84 49 59 49 44 49 50 55 46 48 46 48 46 49 58 51 49 55 53
10-19-17:12:36:040  : 相机 Received: 67 67 68 49 44 45 48 46 49 51 49 44 52 52 46 52 55 44 45 52 46 48 50 52 44 49 46 56 56 52 44 49 46 56 50 56 44 49 46 57 52 49 44 50 46 56 54 52 44 50 46 56 53 52 44 48 46 49 53 44 48 46 51 56 55
10-19-17:33:53:549  : 相机 Received: 84 49 59 49 44 49 50 55 46 48 46 48 46 49 58 51 49 55 53
10-19-17:33:53:549  : 相机 Send: System.Byte[]，成功
10-19-17:34:09:976  : 相机 Received: 67 67 68 49 44 45 48 46 50 49 51 44 52 51 46 50 55 54 44 45 50 46 48 55 49 44 49 46 56 53 52 44 49 46 55 55 50 44 49 46 57 51 53 44 50 46 56 54 52 44 50 46 56 53 52 44 48 46 50 49 50 44 48 46 50 51 55
10-19-18:27:36:214  : 相机 Send: System.Byte[]，成功
10-19-18:27:36:219  : 相机 Received: 84 49 59 49 44 49 50 55 46 48 46 48 46 49 58 52 57 55 50 50
10-19-18:27:52:683  : 相机 Received: 67 67 68 49 44 57 57 57 44 57 57 57 44 57 57 57 44 57 57 57
10-19-18:27:52:683  : 相机 Send: System.Byte[]，成功
10-19-18:33:51:275  : 相机 Send: System.Byte[]，成功
10-19-18:34:07:897  : 相机 Received: 67 67 68 49 44 45 48 46 49 55 55 44 52 52 46 53 48 52 44 45 52 46 57 50 49 44 49 46 56 54 57 44 50 46 49 48 57 44 49 46 54 50 57 44 50 46 56 54 52 44 50 46 56 53 52 44 51 53 57 46 51 55 54 44 48 46 52 49 56
10-19-18:34:07:897  : 相机 Send: System.Byte[]，成功
10-19-18:40:24:945  : 相机 Received: 84 49 59 49 44 49 50 55 46 48 46 48 46 49 58 52 57 55 50 50
10-19-18:40:41:439  : 相机 Send: System.Byte[]，成功
10-19-20:06:52:259  : 相机 Send: System.Byte[]，成功
10-19-20:06:52:263  : 相机 Received: 84 49 59 49 44 49 50 55 46 48 46 48 46 49 58 52 57 55 50 50
10-19-20:07:08:670  : 相机 Send: System.Byte[]，成功
10-19-20:08:04:392  : 相机 Send: System.Byte[]，成功
10-19-20:08:20:831  : 相机 Send: System.Byte[]，成功
10-19-20:08:20:832  : 相机 Received: 67 67 68 49 44 57 57 57 44 57 57 57 44 57 57 57 44 57 57 57
10-19-20:15:37:760  : 相机 Send: System.Byte[]，成功
10-19-20:15:54:185  : 相机 Send: System.Byte[]，成功
10-19-20:15:54:185  : 相机 Received: 67 67 68 49 44 45 49 46 50 53 44 52 52 46 52 57 49 44 45 50 46 57 44 49 46 57 54 55 44 49 46 57 56 51 44 49 46 57 53 50 44 50 46 56 54 52 44 50 46 56 53 52 44 51 53 57 46 57 53 57 44 48 46 51 55 50
10-19-21:00:58:264  : 相机 Send: System.Byte[]，成功
10-19-21:01:14:708  : 相机 Received: 67 67 68 49 44 45 49 46 48 50 50 44 52 52 46 52 50 50 44 45 50 46 55 53 51 44 50 46 49 56 56 44 49 46 57 57 57 44 50 46 51 55 56 44 50 46 56 54 52 44 50 46 56 53 52 44 48 46 52 55 57 44 48 46 52 49 52
10-19-21:01:14:709  : 相机 Send: System.Byte[]，成功
10-19-21:18:04:307  : 相机 Send: System.Byte[]，成功
10-19-21:18:20:721  : 相机 Received: 67 67 68 49 44 45 49 46 50 52 49 44 52 52 46 52 50 44 45 53 46 48 55 55 44 49 46 57 56 53 44 49 46 57 49 52 44 50 46 48 53 54 44 50 46 56 54 52 44 50 46 56 53 52 44 48 46 49 56 54 44 48 46 51 56 55
10-19-21:36:03:088  : 相机 Received: 84 49 59 49 44 49 50 55 46 48 46 48 46 49 58 52 57 55 50 50
10-19-21:36:19:523  : 相机 Received: 67 67 68 49 44 45 49 46 49 57 53 44 52 52 46 50 56 44 45 50 46 50 50 51 44 50 46 48 48 53 44 49 46 57 55 55 44 50 46 48 51 50 44 50 46 56 54 52 44 50 46 56 53 52 44 48 46 48 54 57 44 48 46 51 57 53
10-19-21:36:19:523  : 相机 Send: System.Byte[]，成功
10-19-21:38:21:196  : 相机 Send: System.Byte[]，成功
10-19-21:38:37:662  : 相机 Send: System.Byte[]，成功
10-19-21:54:54:377  : 相机 Received: 84 49 59 49 44 49 50 55 46 48 46 48 46 49 58 52 57 55 50 50
10-19-21:54:54:377  : 相机 Send: System.Byte[]，成功
10-19-21:55:10:797  : 相机 Received: 67 67 68 49 44 45 49 46 49 57 54 44 52 52 46 51 51 52 44 45 52 46 51 51 56 44 50 46 48 51 54 44 49 46 57 50 49 44 50 46 49 53 50 44 50 46 56 54 52 44 50 46 56 53 52 44 48 46 51 49 49 44 48 46 51 49 49
10-19-21:55:10:797  : 相机 Send: System.Byte[]，成功
10-19-22:00:06:567  : 相机 Send: System.Byte[]，成功
10-19-22:00:23:013  : 相机 Received: 67 67 68 49 44 45 49 46 49 48 53 44 52 52 46 51 49 57 44 45 50 46 52 55 49 44 50 46 49 49 54 44 50 46 48 57 57 44 50 46 49 51 50 44 50 46 56 54 52 44 50 46 56 53 52 44 48 46 48 52 52 44 48 46 51 49 51
10-19-22:00:23:013  : 相机 Send: System.Byte[]，成功
10-19-22:16:33:676  : 相机 Send: System.Byte[]，成功
10-19-22:16:33:676  : 相机 Received: 84 49 59 49 44 49 50 55 46 48 46 48 46 49 58 52 57 55 50 50
10-19-22:16:50:089  : 相机 Received: 67 67 68 49 44 45 49 46 50 50 53 44 52 52 46 53 51 54 44 45 53 46 49 56 54 44 49 46 57 57 52 44 49 46 56 53 52 44 50 46 49 51 52 44 50 46 56 54 52 44 50 46 56 53 52 44 48 46 51 55 49 44 48 46 52 50 57
10-19-22:16:50:090  : 相机 Send: System.Byte[]，成功
10-19-22:27:44:366  : 相机 Received: 84 49 59 49 44 49 50 55 46 48 46 48 46 49 58 52 57 55 50 50
10-19-22:28:00:796  : 相机 Received: 67 67 68 49 44 45 49 46 50 48 56 44 52 52 46 53 50 55 44 45 53 46 50 48 57 44 50 46 48 49 53 44 49 46 56 53 54 44 50 46 49 55 52 44 50 46 56 54 52 44 50 46 56 53 52 44 48 46 52 49 55 44 48 46 52 51 52
