10-09-09:52:41:972  : 相机 Send: System.Byte[]，成功
10-09-09:52:41:972  : 相机 Received: 84 49 59 49 44 49 50 55 46 48 46 48 46 49 58 52 57 55 53 51
10-09-09:53:12:613  : 相机 Send: System.Byte[]，成功
10-09-10:02:39:855  : 相机 Received: 84 49 59 49 44 49 50 55 46 48 46 48 46 49 58 52 57 55 53 51
10-09-10:02:39:855  : 相机 Send: System.Byte[]，成功
10-09-10:03:10:460  : 相机 Received: 67 67 68 49 44 48 46 50 56 57 44 52 52 46 48 51
10-09-10:03:10:460  : 相机 Send: System.Byte[]，成功
10-09-10:07:06:785  : 相机 Received: 84 49 59 49 44 49 50 55 46 48 46 48 46 49 58 52 57 55 53 51
10-09-10:07:37:366  : 相机 Received: 67 67 68 49 44 48 46 50 57 57 44 52 52 46 48 49 54
10-09-10:07:37:366  : 相机 Send: System.Byte[]，成功
10-09-10:10:33:231  : 相机 Received: 84 49 59 49 44 49 50 55 46 48 46 48 46 49 58 52 57 55 53 51
10-09-10:11:03:835  : 相机 Received: 67 67 68 49 44 48 46 50 55 51 44 52 52 46 49 57 54
10-09-10:11:03:835  : 相机 Send: System.Byte[]，成功
10-09-10:44:43:094  : 相机 Send: System.Byte[]，成功
10-09-10:45:13:704  : 相机 Received: 67 67 68 49 44 48 46 50 51 52 44 52 52 46 48 57 55
10-09-10:45:13:704  : 相机 Send: System.Byte[]，成功
10-09-10:52:25:921  : 相机 Received: 84 49 59 49 44 49 50 55 46 48 46 48 46 49 58 52 57 55 53 51
10-09-10:52:25:921  : 相机 Send: System.Byte[]，成功
10-09-10:52:56:516  : 相机 Send: System.Byte[]，成功
10-09-11:01:35:762  : 相机 Send: System.Byte[]，成功
10-09-11:02:06:364  : 相机 Received: 67 67 68 49 44 48 46 50 57 44 52 51 46 57 54 57
10-09-11:02:06:364  : 相机 Send: System.Byte[]，成功
10-09-11:08:34:735  : 相机 Send: System.Byte[]，成功
10-09-11:09:05:359  : 相机 Received: 67 67 68 49 44 48 46 50 55 49 44 52 52 46 48 51 50
10-09-11:09:05:359  : 相机 Send: System.Byte[]，成功
10-09-11:16:16:021  : 相机 Received: 84 49 59 49 44 49 50 55 46 48 46 48 46 49 58 52 57 55 53 51
10-09-11:16:46:664  : 相机 Received: 67 67 68 49 44 48 46 50 55 44 52 52
10-09-11:16:46:664  : 相机 Send: System.Byte[]，成功
10-09-11:24:12:754  : 相机 Received: 84 49 59 49 44 49 50 55 46 48 46 48 46 49 58 52 57 55 53 51
10-09-11:24:43:373  : 相机 Received: 67 67 68 49 44 48 46 50 55 44 52 52 46 48 49 52
10-09-11:24:43:373  : 相机 Send: System.Byte[]，成功
10-09-11:32:38:268  : 相机 Received: 84 49 59 49 44 49 50 55 46 48 46 48 46 49 58 52 57 55 53 51
10-09-11:33:08:891  : 相机 Received: 67 67 68 49 44 48 46 50 51 54 44 52 52 46 54 54 54
10-09-11:33:08:891  : 相机 Send: System.Byte[]，成功
10-09-13:05:00:130  : 相机 Send: System.Byte[]，成功
10-09-13:05:30:759  : 相机 Received: 67 67 68 49 44 48 46 50 55 51 44 52 51 46 57 56 54
10-09-13:05:30:759  : 相机 Send: System.Byte[]，成功
10-09-13:10:04:237  : 相机 Received: 84 49 59 49 44 49 50 55 46 48 46 48 46 49 58 52 57 55 53 51
10-09-13:10:34:860  : 相机 Send: System.Byte[]，成功
10-09-13:27:03:756  : 相机 Received: 84 49 59 49 44 49 50 55 46 48 46 48 46 49 58 52 57 55 53 51
10-09-13:27:34:371  : 相机 Send: System.Byte[]，成功
10-09-13:27:34:371  : 相机 Received: 67 67 68 49 44 48 46 50 55 57 44 52 51 46 56 57 49
10-09-13:35:34:798  : 相机 Send: System.Byte[]，成功
10-09-13:36:05:399  : 相机 Received: 67 67 68 49 44 48 46 51 48 56 44 52 52 46 49 57 49
10-09-13:46:36:161  : 相机 Received: 84 49 59 49 44 49 50 55 46 48 46 48 46 49 58 52 57 55 53 51
10-09-13:47:06:780  : 相机 Send: System.Byte[]，成功
10-09-13:47:06:780  : 相机 Received: 67 67 68 49 44 48 46 50 56 53 44 52 52 46 48 50
10-09-13:51:51:584  : 相机 Send: System.Byte[]，成功
10-09-13:52:22:179  : 相机 Send: System.Byte[]，成功
10-09-13:58:50:549  : 相机 Received: 84 49 59 49 44 49 50 55 46 48 46 48 46 49 58 52 57 55 53 51
10-09-13:59:21:187  : 相机 Received: 67 67 68 49 44 48 46 51 49 54 44 52 52 46 48 54 52
10-09-13:59:21:187  : 相机 Send: System.Byte[]，成功
10-09-14:11:37:138  : 相机 Send: System.Byte[]，成功
10-09-14:12:07:742  : 相机 Received: 67 67 68 49 44 48 46 51 49 53 44 52 52 46 55 48 56
10-09-14:18:40:147  : 相机 Received: 84 49 59 49 44 49 50 55 46 48 46 48 46 49 58 52 57 55 53 51
10-09-14:18:40:148  : 相机 Send: System.Byte[]，成功
10-09-14:19:10:766  : 相机 Received: 67 67 68 49 44 48 46 51 53 44 52 49 46 48 55 50
10-09-14:24:06:300  : 相机 Send: System.Byte[]，成功
10-09-14:24:36:883  : 相机 Received: 67 67 68 49 44 48 46 51 52 54 44 52 49 46 48 53 54
10-09-14:24:36:884  : 相机 Send: System.Byte[]，成功
10-09-14:27:23:937  : 相机 Received: 84 49 59 49 44 49 50 55 46 48 46 48 46 49 58 52 57 55 53 51
10-09-14:27:54:550  : 相机 Received: 67 67 68 49 44 48 46 50 56 51 44 52 51 46 57 51 49
10-09-14:27:54:550  : 相机 Send: System.Byte[]，成功
10-09-14:37:31:190  : 相机 Received: 84 49 59 49 44 49 50 55 46 48 46 48 46 49 58 52 57 55 53 51
10-09-14:38:01:802  : 相机 Received: 67 67 68 49 44 48 46 51 48 56 44 52 52 46 50 55 50
10-09-14:38:01:802  : 相机 Send: System.Byte[]，成功
10-09-14:44:35:731  : 相机 Received: 84 49 59 49 44 49 50 55 46 48 46 48 46 49 58 52 57 55 53 51
10-09-14:45:06:340  : 相机 Received: 67 67 68 49 44 48 46 50 56 51 44 52 52 46 49 50 53
10-09-14:53:21:188  : 相机 Received: 84 49 59 49 44 49 50 55 46 48 46 48 46 49 58 52 57 55 53 51
10-09-14:53:21:188  : 相机 Send: System.Byte[]，成功
10-09-14:53:51:803  : 相机 Send: System.Byte[]，成功
10-09-14:53:51:803  : 相机 Received: 67 67 68 49 44 48 46 51 49 57 44 52 52 46 50 56 52
10-09-15:02:08:215  : 相机 Received: 84 49 59 49 44 49 50 55 46 48 46 48 46 49 58 52 57 55 53 51
10-09-15:02:38:808  : 相机 Received: 67 67 68 49 44 48 46 51 52 51 44 52 51 46 49 56 55
10-09-15:02:38:808  : 相机 Send: System.Byte[]，成功
10-09-15:27:08:100  : 相机 Received: 84 49 59 49 44 49 50 55 46 48 46 48 46 49 58 52 57 55 53 51
10-09-15:27:38:713  : 相机 Send: System.Byte[]，成功
10-09-15:31:13:242  : 相机 Send: System.Byte[]，成功
10-09-15:31:23:231  : 相机 Received: 84 50 59 52 44 49 50 55 46 48 46 48 46 49 58 52 57 55 53 51
10-09-15:31:23:231  : 相机 Send: System.Byte[]，成功
10-09-15:31:33:247  : 相机 Received: 84 50 59 53 44 49 50 55 46 48 46 48 46 49 58 52 57 55 53 51
10-09-15:31:43:303  : 相机 Received: 67 67 68 49 44 57 57 57 44 57 57 57 44 57 57 57 44 57 57 57 44 57 57 57 44 57 57 57 44 57 57 57 44 57 57 57 44 57 57 57 44 57 57 57 44 57 57 57 44 57 57 57 44 57 57 57 44 57 57 57 44 57 57 57 44 57 57 57 44 57 57 57 44 57 57 57
10-09-15:34:46:864  : 相机 Send: System.Byte[]，成功
10-09-15:34:46:864  : 相机 Received: 84 50 59 51 44 49 50 55 46 48 46 48 46 49 58 52 57 55 53 51
10-09-15:34:56:862  : 相机 Send: System.Byte[]，成功
10-09-15:35:06:871  : 相机 Received: 84 50 59 53 44 49 50 55 46 48 46 48 46 49 58 52 57 55 53 51
10-09-15:35:16:921  : 相机 Received: 67 67 68 49 44 57 57 57 44 57 57 57 44 57 57 57 44 57 57 57 44 57 57 57 44 57 57 57 44 57 57 57 44 57 57 57 44 57 57 57 44 57 57 57 44 57 57 57 44 57 57 57 44 57 57 57 44 57 57 57 44 57 57 57 44 57 57 57 44 57 57 57 44 57 57 57
10-09-15:35:16:921  : 相机 Send: System.Byte[]，成功
10-09-15:40:06:147  : 相机 Received: 84 50 59 51 44 49 50 55 46 48 46 48 46 49 58 52 57 55 53 51
10-09-15:40:16:167  : 相机 Received: 84 50 59 52 44 49 50 55 46 48 46 48 46 49 58 52 57 55 53 51
10-09-15:40:16:167  : 相机 Send: System.Byte[]，成功
10-09-15:40:26:174  : 相机 Received: 84 50 59 53 44 49 50 55 46 48 46 48 46 49 58 52 57 55 53 51
10-09-15:40:36:226  : 相机 Received: 67 67 68 49 44 51 46 52 51 49 44 51 46 52 50 56 44 48 46 48 51 51 44 48 46 51 55 54 44 51 46 51 51 49 44 51 46 53 56 44 48 46 48 55 54 44 48 46 50 55 51 44 51 46 49 52 51 44 51 46 51 52 50 44 48 46 50 48 53 44 48 46 48 48 51 44 51 46 49 57 56 44 51 46 53 50 44 48 46 48 50 56 44 48 46 52 48 55 44 49 46 57 55 54 44 48 46 57 48 54
10-09-16:11:45:056  : 相机 Send: System.Byte[]，成功
10-09-16:11:55:074  : 相机 Received: 84 50 59 52 44 49 50 55 46 48 46 48 46 49 58 52 57 55 53 51
10-09-16:12:05:083  : 相机 Received: 84 50 59 53 44 49 50 55 46 48 46 48 46 49 58 52 57 55 53 51
10-09-16:12:15:137  : 相机 Received: 67 67 68 49 44 57 57 57 44 57 57 57 44 57 57 57 44 57 57 57 44 57 57 57 44 57 57 57 44 57 57 57 44 57 57 57 44 57 57 57 44 57 57 57 44 57 57 57 44 57 57 57 44 57 57 57 44 57 57 57 44 57 57 57 44 57 57 57 44 57 57 57 44 57 57 57
10-09-16:12:52:069  : 相机 Send: System.Byte[]，成功
10-09-16:13:02:080  : 相机 Received: 84 50 59 52 44 49 50 55 46 48 46 48 46 49 58 52 57 55 53 51
10-09-16:13:02:080  : 相机 Send: System.Byte[]，成功
10-09-16:13:12:081  : 相机 Send: System.Byte[]，成功
10-09-16:13:22:215  : 相机 Received: 67 67 68 49 44 57 57 57 44 57 57 57 44 57 57 57 44 57 57 57 44 57 57 57 44 57 57 57 44 57 57 57 44 57 57 57 44 57 57 57 44 57 57 57 44 57 57 57 44 57 57 57 44 57 57 57 44 57 57 57 44 57 57 57 44 57 57 57 44 57 57 57 44 57 57 57
10-09-16:13:22:215  : 相机 Send: System.Byte[]，成功
10-09-16:18:12:826  : 相机 Received: 84 49 59 49 44 49 50 55 46 48 46 48 46 49 58 52 57 55 53 51
10-09-16:18:43:429  : 相机 Received: 67 67 68 49 44 48 46 51 49 49 44 52 51 46 57 56 51
10-09-16:18:43:429  : 相机 Send: System.Byte[]，成功
10-09-16:22:05:950  : 相机 Send: System.Byte[]，成功
10-09-16:22:15:983  : 相机 Received: 84 50 59 52 44 49 50 55 46 48 46 48 46 49 58 52 57 55 53 51
10-09-16:22:25:971  : 相机 Send: System.Byte[]，成功
10-09-16:22:36:057  : 相机 Send: System.Byte[]，成功
10-09-16:26:54:958  : 相机 Send: System.Byte[]，成功
10-09-16:27:04:994  : 相机 Received: 84 50 59 52 44 49 50 55 46 48 46 48 46 49 58 52 57 55 53 51
10-09-16:27:04:994  : 相机 Send: System.Byte[]，成功
10-09-16:27:14:992  : 相机 Received: 84 50 59 53 44 49 50 55 46 48 46 48 46 49 58 52 57 55 53 51
10-09-16:27:25:030  : 相机 Received: 67 67 68 49 44 51 46 51 51 57 44 51 46 51 57 52 44 48 46 48 51 51 44 48 46 51 55 54 44 51 46 51 56 53 44 51 46 53 51 53 44 48 46 48 55 54 44 48 46 50 55 51 44 51 46 52 56 55 44 51 46 48 57 51 44 48 46 50 48 53 44 48 46 48 48 51 44 51 46 49 57 56 44 51 46 52 48 53 44 48 46 48 50 56 44 48 46 52 48 55 44 49 46 57 55 54 44 48 46 57 48 54
10-09-16:27:25:031  : 相机 Send: System.Byte[]，成功
10-09-16:34:14:795  : 相机 Received: 84 49 59 49 44 49 50 55 46 48 46 48 46 49 58 52 57 55 53 51
10-09-16:34:45:415  : 相机 Send: System.Byte[]，成功
10-09-16:34:45:415  : 相机 Received: 67 67 68 49 44 48 46 51 50 51 44 52 51 46 54 52 55
10-09-16:35:23:029  : 相机 Send: System.Byte[]，成功
10-09-16:35:53:638  : 相机 Send: System.Byte[]，成功
10-09-16:35:53:638  : 相机 Received: 67 67 68 49 44 48 46 51 48 49 44 52 51 46 53 55 56
10-09-16:39:54:911  : 相机 Received: 84 50 59 51 44 49 50 55 46 48 46 48 46 49 58 52 57 55 53 51
10-09-16:40:04:963  : 相机 Received: 84 50 59 52 44 49 50 55 46 48 46 48 46 49 58 52 57 55 53 51
10-09-16:40:04:963  : 相机 Send: System.Byte[]，成功
10-09-16:40:14:922  : 相机 Received: 84 50 59 53 44 49 50 55 46 48 46 48 46 49 58 52 57 55 53 51
10-09-16:40:24:994  : 相机 Received: 67 67 68 49 44 51 46 51 48 50 44 51 46 51 52 54 44 48 46 48 51 51 44 48 46 51 55 54 44 51 46 52 55 57 44 51 46 53 49 53 44 48 46 48 55 54 44 48 46 50 55 51 44 51 46 52 54 56 44 51 46 49 53 50 44 48 46 50 48 53 44 48 46 48 48 51 44 51 46 50 49 49 44 51 46 51 57 50 44 48 46 48 50 56 44 48 46 52 48 55 44 49 46 57 55 54 44 48 46 57 48 54
10-09-16:44:16:855  : 相机 Send: System.Byte[]，成功
10-09-16:44:47:481  : 相机 Received: 67 67 68 49 44 48 46 51 51 55 44 52 51 46 56 55 52
10-09-16:44:47:481  : 相机 Send: System.Byte[]，成功
10-09-16:48:53:822  : 相机 Received: 84 50 59 51 44 49 50 55 46 48 46 48 46 49 58 52 57 55 53 51
10-09-16:48:53:822  : 相机 Send: System.Byte[]，成功
10-09-16:49:03:841  : 相机 Received: 84 50 59 52 44 49 50 55 46 48 46 48 46 49 58 52 57 55 53 51
10-09-16:49:13:851  : 相机 Received: 84 50 59 53 44 49 50 55 46 48 46 48 46 49 58 52 57 55 53 51
10-09-16:49:23:904  : 相机 Received: 67 67 68 49 44 51 46 51 48 50 44 51 46 51 51 53 44 48 46 48 51 51 44 48 46 51 55 54 44 51 46 52 54 49 44 51 46 53 49 49 44 48 46 48 55 54 44 48 46 50 55 51 44 51 46 52 52 49 44 51 46 49 52 51 44 48 46 50 48 53 44 48 46 48 48 51 44 51 46 50 50 56 44 51 46 52 48 49 44 48 46 48 50 56 44 48 46 52 48 55 44 49 46 57 55 54 44 48 46 57 48 54
10-09-16:49:23:904  : 相机 Send: System.Byte[]，成功
