10-15-09:52:33:569  : 相机 Send: System.Byte[]，成功
10-15-09:52:33:569  : 相机 Received: 84 49 59 49 44 49 50 55 46 48 46 48 46 49 58 50 57 55 56 54
10-15-09:52:50:032  : 相机 Received: 67 67 68 49 44 51 46 55 50 52 44 52 51 46 50 49 44 51 46 51 51 57 44 51 46 51 52 51 44 45 56 46 51 57 56 44 50 46 48 57 50
10-15-09:59:47:101  : 相机 Send: System.Byte[]，成功
10-15-10:00:03:548  : 相机 Received: 67 67 68 49 44 48 46 52 48 50 44 52 52 46 50 55 56 44 51 46 51 52 44 51 46 51 52 51 44 45 55 46 57 56 53 44 50 46 48 56 54
10-15-10:00:03:548  : 相机 Send: System.Byte[]，成功
10-15-10:01:55:464  : 相机 Received: 67 67 68 49 44 49 46 57 56 50 44 50 46 50 52 49 44 51 46 48 53 54 44 51 46 48 53 55 44 45 49 50 46 52 48 57 44 50 46 49 49 50
10-15-10:01:55:464  : 相机 Send: System.Byte[]，成功
10-15-10:04:14:048  : 相机 Received: 84 50 59 51 44 49 50 55 46 48 46 48 46 49 58 50 57 55 56 54
10-15-10:04:24:072  : 相机 Received: 84 50 59 52 44 49 50 55 46 48 46 48 46 49 58 50 57 55 56 54
10-15-10:04:34:082  : 相机 Send: System.Byte[]，成功
10-15-10:04:44:152  : 相机 Send: System.Byte[]，成功
10-15-10:58:29:920  : 相机 Send: System.Byte[]，成功
10-15-10:58:29:920  : 相机 Received: 84 49 59 49 44 49 50 55 46 48 46 48 46 49 58 51 49 52 56 51
10-15-10:58:46:375  : 相机 Send: System.Byte[]，成功
10-15-11:00:33:319  : 相机 Received: 67 67 68 49 44 45 49 51 46 48 51 49 44 50 46 49 57 52 44 50 46 49 49 55 44 50 46 50 55 49 44 51 46 49 50 55 44 51 46 48 56 54
10-15-11:00:33:320  : 相机 Send: System.Byte[]，成功
10-15-11:03:35:454  : 相机 Send: System.Byte[]，成功
10-15-11:03:35:455  : 相机 Received: 84 50 59 51 44 49 50 55 46 48 46 48 46 49 58 51 49 53 57 57
10-15-11:03:45:477  : 相机 Send: System.Byte[]，成功
10-15-11:03:55:492  : 相机 Received: 84 50 59 53 44 49 50 55 46 48 46 48 46 49 58 51 49 53 57 57
10-15-11:03:55:493  : 相机 Send: System.Byte[]，成功
10-15-11:04:05:530  : 相机 Send: System.Byte[]，成功
10-15-11:28:10:637  : 相机 Received: 84 49 59 49 44 49 50 55 46 48 46 48 46 49 58 51 49 53 57 57
10-15-11:28:10:638  : 相机 Send: System.Byte[]，成功
10-15-11:28:27:097  : 相机 Received: 67 67 68 49 44 48 46 52 50 57 44 52 51 46 57 57 49 44 45 56 46 57 53 50 44 50 46 49 48 55 44 49 46 57 57 57 44 50 46 50 49 53 44 51 46 51 55 52 44 51 46 51 56 49
10-15-11:28:27:098  : 相机 Send: System.Byte[]，成功
10-15-11:29:29:211  : 相机 Received: 67 67 68 49 44 45 49 51 46 56 51 53 44 50 46 50 51 51 44 50 46 49 54 52 44 50 46 51 48 51 44 51 46 48 54 52 44 51 46 48 53 57
10-15-11:29:29:211  : 相机 Send: System.Byte[]，成功
10-15-11:31:35:890  : 相机 Received: 84 50 59 51 44 49 50 55 46 48 46 48 46 49 58 51 49 53 57 57
10-15-11:31:45:908  : 相机 Received: 84 50 59 52 44 49 50 55 46 48 46 48 46 49 58 51 49 53 57 57
10-15-11:31:45:908  : 相机 Send: System.Byte[]，成功
10-15-11:31:55:923  : 相机 Received: 84 50 59 53 44 49 50 55 46 48 46 48 46 49 58 51 49 53 57 57
10-15-11:32:06:077  : 相机 Received: 67 67 68 49 44 57 57 57 44 57 57 57 44 57 57 57 44 57 57 57 44 57 57 57 44 57 57 57 44 57 57 57 44 57 57 57 44 57 57 57 44 57 57 57 44 57 57 57 44 57 57 57 44 57 57 57 44 57 57 57 44 57 57 57 44 57 57 57 44 57 57 57 44 57 57 57
10-15-16:14:06:129  : 相机 Send: System.Byte[]，成功
10-15-16:14:06:129  : 相机 Received: 84 49 59 49 44 49 50 55 46 48 46 48 46 49 58 49 55 53 48 55
10-15-16:14:22:599  : 相机 Received: 67 67 68 49 44 48 46 52 55 55 44 52 51 46 56 55 52 44 45 57 46 53 48 51 44 50 46 48 50 44 49 46 57 54 52 44 50 46 48 55 53 44 51 46 51 53 52 44 51 46 51 53 44 48 46 50 44 48 46 52 49 55
10-15-16:14:22:599  : 相机 Send: System.Byte[]，成功
10-15-16:16:44:447  : 相机 Received: 67 67 68 49 44 45 49 55 46 50 56 56 44 50 46 49 56 52 44 50 46 49 57 54 44 50 46 49 55 50 44 51 46 49 51 50 44 51 46 49 51 54
10-15-16:16:44:447  : 相机 Send: System.Byte[]，成功
10-15-16:33:23:126  : 相机 Received: 84 49 59 49 44 49 50 55 46 48 46 48 46 49 58 49 55 53 48 55
10-15-16:33:39:555  : 相机 Received: 67 67 68 49 44 45 48 46 48 54 51 44 52 52 46 50 56 56 44 45 56 46 54 52 53 44 50 46 48 51 55 44 49 46 57 54 52 44 50 46 49 48 57 44 51 46 51 54 56 44 51 46 51 55 50 44 48 46 50 53 57 44 48 46 52 51 56
10-15-16:35:00:651  : 相机 Received: 67 67 68 49 44 45 49 51 46 53 51 57 44 50 46 49 52 53 44 50 46 49 48 55 44 50 46 49 56 51 44 51 46 48 54 53 44 51 46 48 55 50
10-15-16:35:00:652  : 相机 Send: System.Byte[]，成功
10-15-16:37:11:504  : 相机 Send: System.Byte[]，成功
10-15-16:37:21:514  : 相机 Received: 84 50 59 52 44 49 50 55 46 48 46 48 46 49 58 49 55 53 48 55
10-15-16:37:31:526  : 相机 Send: System.Byte[]，成功
10-15-16:37:41:588  : 相机 Received: 67 67 68 49 44 57 57 57 44 57 57 57 44 57 57 57 44 57 57 57 44 57 57 57 44 57 57 57 44 57 57 57 44 57 57 57 44 57 57 57 44 57 57 57 44 57 57 57 44 57 57 57 44 57 57 57 44 57 57 57 44 57 57 57 44 57 57 57 44 57 57 57 44 57 57 57
10-15-16:37:41:588  : 相机 Send: System.Byte[]，成功
10-15-16:47:40:914  : 相机 Send: System.Byte[]，成功
10-15-16:47:50:932  : 相机 Send: System.Byte[]，成功
10-15-16:47:50:932  : 相机 Received: 84 50 59 52 44 49 50 55 46 48 46 48 46 49 58 49 55 53 48 55
10-15-16:48:00:929  : 相机 Send: System.Byte[]，成功
10-15-16:48:10:991  : 相机 Received: 67 67 68 49 44 51 46 51 49 50 44 51 46 51 53 52 44 48 46 48 51 51 44 48 46 51 55 54 44 51 46 51 52 57 44 51 46 52 52 50 44 48 46 48 55 54 44 48 46 50 55 51 44 51 46 52 49 54 44 51 46 50 53 54 44 48 46 50 48 53 44 48 46 48 48 51 44 51 46 50 53 57 44 51 46 51 49 44 48 46 48 50 56 44 48 46 52 48 55 44 49 46 55 49 49 44 49 46 53 55 51
10-15-16:48:10:991  : 相机 Send: System.Byte[]，成功
10-15-17:00:12:271  : 相机 Received: 84 49 59 49 44 49 50 55 46 48 46 48 46 49 58 49 55 53 48 55
10-15-17:00:28:727  : 相机 Send: System.Byte[]，成功
10-15-17:01:46:075  : 相机 Received: 67 67 68 49 44 45 49 51 46 54 48 49 44 50 46 49 53 55 44 50 46 49 51 53 44 50 46 49 56 44 51 46 48 52 56 44 51 46 48 54 54
10-15-17:01:46:075  : 相机 Send: System.Byte[]，成功
10-15-17:03:55:017  : 相机 Send: System.Byte[]，成功
10-15-17:04:05:023  : 相机 Received: 84 50 59 52 44 49 50 55 46 48 46 48 46 49 58 49 55 53 48 55
10-15-17:04:15:026  : 相机 Received: 84 50 59 53 44 49 50 55 46 48 46 48 46 49 58 49 55 53 48 55
10-15-17:04:25:069  : 相机 Received: 67 67 68 49 44 57 57 57 44 57 57 57 44 57 57 57 44 57 57 57 44 57 57 57 44 57 57 57 44 57 57 57 44 57 57 57 44 57 57 57 44 57 57 57 44 57 57 57 44 57 57 57 44 57 57 57 44 57 57 57 44 57 57 57 44 57 57 57 44 57 57 57 44 57 57 57
10-15-17:04:25:069  : 相机 Send: System.Byte[]，成功
10-15-17:10:27:112  : 相机 Send: System.Byte[]，成功
10-15-17:10:37:118  : 相机 Received: 84 50 59 52 44 49 50 55 46 48 46 48 46 49 58 49 55 53 48 55
10-15-17:10:37:118  : 相机 Send: System.Byte[]，成功
10-15-17:10:47:136  : 相机 Received: 84 50 59 53 44 49 50 55 46 48 46 48 46 49 58 49 55 53 48 55
10-15-17:10:57:183  : 相机 Received: 67 67 68 49 44 51 46 50 52 54 44 51 46 51 49 49 44 48 46 48 51 51 44 48 46 51 55 54 44 51 46 50 57 52 44 51 46 51 56 50 44 48 46 48 55 54 44 48 46 50 55 51 44 51 46 51 55 50 44 51 46 51 52 50 44 48 46 50 48 53 44 48 46 48 48 51 44 51 46 49 56 49 44 51 46 50 49 56 44 48 46 48 50 56 44 48 46 52 48 55 44 49 46 53 55 57 44 49 46 53 56 51
10-15-17:10:57:183  : 相机 Send: System.Byte[]，成功
10-15-17:11:30:159  : 相机 Send: System.Byte[]，成功
10-15-17:11:40:175  : 相机 Send: System.Byte[]，成功
10-15-17:11:50:178  : 相机 Send: System.Byte[]，成功
10-15-17:12:00:236  : 相机 Received: 67 67 68 49 44 51 46 50 52 54 44 51 46 51 48 57 44 48 46 48 51 51 44 48 46 51 55 54 44 51 46 50 57 54 44 51 46 51 57 49 44 48 46 48 55 54 44 48 46 50 55 51 44 51 46 51 55 50 44 51 46 51 51 55 44 48 46 50 48 53 44 48 46 48 48 51 44 51 46 49 56 49 44 51 46 50 49 56 44 48 46 48 50 56 44 48 46 52 48 55 44 49 46 53 56 44 49 46 54 54 50
10-15-17:12:00:237  : 相机 Send: System.Byte[]，成功
10-15-17:12:33:282  : 相机 Received: 84 50 59 51 44 49 50 55 46 48 46 48 46 49 58 49 55 53 48 55
10-15-17:12:43:298  : 相机 Received: 84 50 59 52 44 49 50 55 46 48 46 48 46 49 58 49 55 53 48 55
10-15-17:12:53:330  : 相机 Received: 84 50 59 53 44 49 50 55 46 48 46 48 46 49 58 49 55 53 48 55
10-15-17:13:03:375  : 相机 Received: 67 67 68 49 44 51 46 50 52 53 44 51 46 51 48 57 44 48 46 48 51 51 44 48 46 51 55 54 44 51 46 50 57 54 44 51 46 51 56 57 44 48 46 48 55 54 44 48 46 50 55 51 44 51 46 51 55 50 44 51 46 51 51 55 44 48 46 50 48 53 44 48 46 48 48 51 44 51 46 49 56 49 44 51 46 50 49 56 44 48 46 48 50 56 44 48 46 52 48 55 44 49 46 53 55 55 44 49 46 54 49 49
10-15-17:13:03:375  : 相机 Send: System.Byte[]，成功
10-15-17:25:03:267  : 相机 Send: System.Byte[]，成功
10-15-17:25:03:267  : 相机 Received: 84 49 59 49 44 49 50 55 46 48 46 48 46 49 58 50 50 52 52 50
10-15-17:25:19:723  : 相机 Received: 67 67 68 49 44 57 57 57 44 57 57 57 44 57 57 57 44 57 57 57
10-15-17:25:19:723  : 相机 Send: System.Byte[]，成功
10-15-17:28:53:543  : 相机 Received: 84 49 59 49 44 49 50 55 46 48 46 48 46 49 58 50 50 52 52 50
10-15-17:29:10:009  : 相机 Received: 67 67 68 49 44 45 48 46 48 55 57 44 52 52 46 48 57 57 44 45 56 46 56 50 54 44 50 46 48 48 57 44 49 46 57 51 56 44 50 46 48 56 49 44 51 46 51 52 55 44 51 46 51 55 56 44 48 46 50 54 49 44 48 46 52 48 54
10-15-17:30:19:856  : 相机 Received: 67 67 68 49 44 45 49 51 46 57 50 44 50 46 49 55 44 50 46 49 52 51 44 50 46 49 57 54 44 51 46 48 54 54 44 51 46 48 53 54
10-15-17:30:19:856  : 相机 Send: System.Byte[]，成功
10-15-17:32:31:460  : 相机 Received: 84 50 59 51 44 49 50 55 46 48 46 48 46 49 58 50 50 52 52 50
10-15-17:32:41:486  : 相机 Received: 84 50 59 52 44 49 50 55 46 48 46 48 46 49 58 50 50 52 52 50
10-15-17:32:51:482  : 相机 Received: 84 50 59 53 44 49 50 55 46 48 46 48 46 49 58 50 50 52 52 50
10-15-17:33:01:557  : 相机 Received: 67 67 68 49 44 51 46 50 51 56 44 51 46 51 50 49 44 48 46 48 51 51 44 48 46 51 55 54 44 51 46 51 48 57 44 51 46 51 55 44 48 46 48 55 54 44 48 46 50 55 51 44 51 46 51 50 49 44 51 46 50 56 53 44 48 46 50 48 53 44 48 46 48 48 51 44 51 46 49 55 57 44 51 46 50 49 57 44 48 46 48 50 56 44 48 46 52 48 55 44 49 46 52 57 54 44 49 46 53 51 50
10-15-17:33:01:557  : 相机 Send: System.Byte[]，成功
10-15-18:44:30:547  : 相机 Received: 84 49 59 49 44 49 50 55 46 48 46 48 46 49 58 50 50 52 52 50
10-15-18:44:47:005  : 相机 Send: System.Byte[]，成功
10-15-18:46:10:066  : 相机 Received: 67 67 68 49 44 57 57 57 44 57 57 57 44 57 57 57 44 57 57 57 44 57 57 57 44 57 57 57
10-15-18:46:10:066  : 相机 Send: System.Byte[]，成功
10-15-18:50:07:553  : 相机 Send: System.Byte[]，成功
10-15-18:50:07:553  : 相机 Received: 84 49 59 49 44 49 50 55 46 48 46 48 46 49 58 50 50 52 52 50
10-15-18:50:23:993  : 相机 Received: 67 67 68 49 44 57 57 57 44 57 57 57 44 57 57 57 44 57 57 57
10-15-18:50:23:994  : 相机 Send: System.Byte[]，成功
10-15-18:55:26:693  : 相机 Send: System.Byte[]，成功
10-15-18:55:43:158  : 相机 Received: 67 67 68 49 44 45 48 46 49 48 56 44 52 52 46 51 51 56 44 45 56 46 51 52 51 44 49 46 57 55 50 44 49 46 57 48 54 44 50 46 48 51 57 44 51 46 51 52 49 44 51 46 51 57 49 44 48 46 50 51 56 44 48 46 52 48 50
10-15-18:55:43:158  : 相机 Send: System.Byte[]，成功
10-15-18:57:27:637  : 相机 Received: 67 67 68 49 44 45 49 51 46 54 48 49 44 50 46 49 52 49 44 50 46 49 49 55 44 50 46 49 54 53 44 51 46 48 54 49 44 51 46 48 55 50
10-15-18:59:35:630  : 相机 Received: 84 50 59 51 44 49 50 55 46 48 46 48 46 49 58 50 50 52 52 50
10-15-18:59:45:642  : 相机 Send: System.Byte[]，成功
10-15-18:59:55:669  : 相机 Received: 84 50 59 53 44 49 50 55 46 48 46 48 46 49 58 50 50 52 52 50
10-15-19:00:05:716  : 相机 Received: 67 67 68 49 44 51 46 50 52 55 44 51 46 51 48 50 44 48 46 48 51 51 44 48 46 51 55 54 44 51 46 50 57 49 44 51 46 51 56 55 44 48 46 48 55 54 44 48 46 50 55 51 44 51 46 51 55 53 44 51 46 51 49 55 44 48 46 50 48 53 44 48 46 48 48 51 44 51 46 49 55 56 44 51 46 50 48 52 44 48 46 48 50 56 44 48 46 52 48 55 44 49 46 54 52 53 44 49 46 52 55 51
10-15-19:00:05:716  : 相机 Send: System.Byte[]，成功
10-15-19:05:39:464  : 相机 Received: 84 49 59 49 44 49 50 55 46 48 46 48 46 49 58 50 50 52 52 50
10-15-19:05:39:464  : 相机 Send: System.Byte[]，成功
10-15-19:05:55:912  : 相机 Received: 67 67 68 49 44 45 48 46 48 54 55 44 52 52 46 52 55 52 44 45 56 46 51 48 56 44 50 46 48 48 56 44 49 46 57 52 55 44 50 46 48 54 57 44 51 46 51 51 56 44 51 46 51 53 55 44 48 46 50 50 51 44 48 46 52 48 54
10-15-19:07:02:006  : 相机 Received: 67 67 68 49 44 57 57 57 44 57 57 57 44 57 57 57 44 57 57 57 44 57 57 57 44 57 57 57
10-15-19:07:02:006  : 相机 Send: System.Byte[]，成功
10-15-19:13:10:914  : 相机 Received: 84 49 59 49 44 49 50 55 46 48 46 48 46 49 58 50 50 52 52 50
10-15-19:13:27:362  : 相机 Send: System.Byte[]，成功
10-15-19:14:59:927  : 相机 Received: 84 49 59 49 44 49 50 55 46 48 46 48 46 49 58 50 50 52 52 50
10-15-19:15:16:387  : 相机 Send: System.Byte[]，成功
10-15-19:16:17:351  : 相机 Send: System.Byte[]，成功
10-15-19:18:52:475  : 相机 Send: System.Byte[]，成功
10-15-19:19:02:482  : 相机 Send: System.Byte[]，成功
10-15-19:19:12:510  : 相机 Send: System.Byte[]，成功
10-15-19:19:22:543  : 相机 Received: 67 67 68 49 44 51 46 50 52 50 44 51 46 50 54 57 44 48 46 48 51 51 44 48 46 51 55 54 44 51 46 50 54 51 44 51 46 52 53 53 44 48 46 48 55 54 44 48 46 50 55 51 44 51 46 50 57 44 51 46 51 50 44 48 46 50 48 53 44 48 46 48 48 51 44 51 46 49 55 54 44 51 46 50 49 50 44 48 46 48 50 56 44 48 46 52 48 55 44 49 46 56 51 54 44 49 46 52 52 55
10-15-19:19:22:543  : 相机 Send: System.Byte[]，成功
10-15-19:25:49:628  : 相机 Send: System.Byte[]，成功
10-15-19:26:06:079  : 相机 Send: System.Byte[]，成功
10-15-19:27:16:308  : 相机 Received: 67 67 68 49 44 45 49 51 46 55 50 44 50 46 49 51 50 44 50 46 48 56 56 44 50 46 49 55 53 44 51 46 48 55 44 51 46 48 53 56
10-15-19:27:16:308  : 相机 Send: System.Byte[]，成功
10-15-19:29:26:566  : 相机 Send: System.Byte[]，成功
10-15-19:29:36:582  : 相机 Received: 84 50 59 52 44 49 50 55 46 48 46 48 46 49 58 50 50 52 52 50
10-15-19:29:46:600  : 相机 Send: System.Byte[]，成功
10-15-19:29:56:640  : 相机 Received: 67 67 68 49 44 51 46 50 52 50 44 51 46 50 54 44 48 46 48 51 51 44 48 46 51 55 54 44 51 46 50 51 52 44 51 46 51 57 55 44 48 46 48 55 54 44 48 46 50 55 51 44 51 46 51 48 50 44 51 46 50 57 44 48 46 50 48 53 44 48 46 48 48 51 44 51 46 50 44 51 46 49 57 51 44 48 46 48 50 56 44 48 46 52 48 55 44 49 46 52 49 56 44 49 46 54 53 57
10-15-19:29:56:640  : 相机 Send: System.Byte[]，成功
10-15-19:35:08:411  : 相机 Received: 84 49 59 49 44 49 50 55 46 48 46 48 46 49 58 50 50 52 52 50
10-15-19:35:08:411  : 相机 Send: System.Byte[]，成功
10-15-19:35:24:877  : 相机 Send: System.Byte[]，成功
10-15-19:36:26:716  : 相机 Received: 67 67 68 49 44 45 49 51 46 53 53 54 44 50 46 49 50 55 44 50 46 49 48 55 44 50 46 49 52 55 44 51 46 48 54 53 44 51 46 48 54 50
10-15-19:36:26:716  : 相机 Send: System.Byte[]，成功
10-15-19:38:32:796  : 相机 Received: 84 50 59 51 44 49 50 55 46 48 46 48 46 49 58 50 50 52 52 50
10-15-19:38:42:812  : 相机 Send: System.Byte[]，成功
10-15-19:38:52:828  : 相机 Received: 84 50 59 53 44 49 50 55 46 48 46 48 46 49 58 50 50 52 52 50
10-15-19:39:02:884  : 相机 Send: System.Byte[]，成功
10-15-19:45:07:725  : 相机 Received: 84 49 59 49 44 49 50 55 46 48 46 48 46 49 58 50 50 52 52 50
10-15-19:45:24:177  : 相机 Received: 67 67 68 49 44 45 48 46 48 57 52 44 52 52 46 51 50 50 44 45 56 46 54 54 52 44 49 46 57 55 54 44 49 46 57 48 52 44 50 46 48 52 57 44 51 46 51 53 57 44 51 46 51 55 51 44 48 46 50 53 57 44 48 46 52 49 54
10-15-19:45:24:178  : 相机 Send: System.Byte[]，成功
10-15-19:46:23:114  : 相机 Received: 67 67 68 49 44 45 49 51 46 54 53 50 44 50 46 49 50 50 44 50 46 48 55 53 44 50 46 49 54 56 44 51 46 48 54 52 44 51 46 48 55 57
10-15-19:46:23:114  : 相机 Send: System.Byte[]，成功
10-15-19:48:31:709  : 相机 Send: System.Byte[]，成功
10-15-19:48:41:721  : 相机 Received: 84 50 59 52 44 49 50 55 46 48 46 48 46 49 58 50 50 52 52 50
10-15-19:48:51:726  : 相机 Send: System.Byte[]，成功
10-15-19:49:01:785  : 相机 Send: System.Byte[]，成功
10-15-19:53:36:205  : 相机 Received: 84 49 59 49 44 49 50 55 46 48 46 48 46 49 58 50 50 52 52 50
10-15-19:53:52:654  : 相机 Received: 67 67 68 49 44 45 48 46 48 57 57 44 52 52 46 52 49 55 44 45 56 46 55 52 54 44 49 46 57 55 52 44 49 46 57 44 50 46 48 52 56 44 51 46 51 53 52 44 51 46 51 54 54 44 48 46 50 54 53 44 48 46 52 49 51
10-15-19:53:52:654  : 相机 Send: System.Byte[]，成功
10-15-19:55:01:204  : 相机 Received: 67 67 68 49 44 45 49 51 46 54 52 52 44 50 46 49 52 52 44 50 46 49 50 51 44 50 46 49 54 52 44 51 46 48 55 52 44 51 46 48 55 55
10-15-19:55:01:204  : 相机 Send: System.Byte[]，成功
10-15-19:57:08:028  : 相机 Send: System.Byte[]，成功
10-15-19:57:18:032  : 相机 Send: System.Byte[]，成功
10-15-19:57:28:057  : 相机 Received: 84 50 59 53 44 49 50 55 46 48 46 48 46 49 58 50 50 52 52 50
10-15-19:57:28:057  : 相机 Send: System.Byte[]，成功
10-15-19:57:38:120  : 相机 Received: 67 67 68 49 44 51 46 50 51 52 44 51 46 50 57 53 44 48 46 48 51 51 44 48 46 51 55 54 44 51 46 50 55 55 44 51 46 51 55 54 44 48 46 48 55 54 44 48 46 50 55 51 44 51 46 51 48 55 44 51 46 50 48 55 44 48 46 50 48 53 44 48 46 48 48 51 44 51 46 49 55 53 44 51 46 50 48 53 44 48 46 48 50 56 44 48 46 52 48 55 44 49 46 52 49 53 44 49 46 53 56 53
10-15-19:57:38:120  : 相机 Send: System.Byte[]，成功
10-15-20:02:47:609  : 相机 Received: 84 49 59 49 44 49 50 55 46 48 46 48 46 49 58 50 50 52 52 50
10-15-20:03:04:061  : 相机 Received: 67 67 68 49 44 45 48 46 49 49 54 44 52 52 46 54 53 50 44 45 56 46 55 55 57 44 49 46 57 53 54 44 49 46 56 55 55 44 50 46 48 51 54 44 51 46 51 51 51 44 51 46 51 54 52 44 48 46 50 56 53 44 48 46 52 49 50
10-15-20:03:04:062  : 相机 Send: System.Byte[]，成功
10-15-20:04:10:059  : 相机 Received: 67 67 68 49 44 45 49 51 46 51 50 53 44 50 46 49 56 53 44 50 46 49 55 49 44 50 46 49 57 56 44 51 46 48 53 51 44 51 46 48 54 50
10-15-20:04:10:059  : 相机 Send: System.Byte[]，成功
10-15-20:06:22:398  : 相机 Received: 84 50 59 51 44 49 50 55 46 48 46 48 46 49 58 50 50 52 52 50
10-15-20:06:22:398  : 相机 Send: System.Byte[]，成功
10-15-20:06:32:406  : 相机 Received: 84 50 59 52 44 49 50 55 46 48 46 48 46 49 58 50 50 52 52 50
10-15-20:06:42:421  : 相机 Send: System.Byte[]，成功
10-15-20:06:52:469  : 相机 Send: System.Byte[]，成功
10-15-20:07:47:284  : 相机 Send: System.Byte[]，成功
10-15-20:07:57:292  : 相机 Received: 84 50 59 52 44 49 50 55 46 48 46 48 46 49 58 50 50 52 52 50
10-15-20:07:57:292  : 相机 Send: System.Byte[]，成功
10-15-20:08:07:305  : 相机 Received: 84 50 59 53 44 49 50 55 46 48 46 48 46 49 58 50 50 52 52 50
10-15-20:08:07:305  : 相机 Send: System.Byte[]，成功
10-15-20:08:17:370  : 相机 Received: 67 67 68 49 44 51 46 51 48 51 44 51 46 50 50 57 44 48 46 48 51 51 44 48 46 51 55 54 44 51 46 50 49 51 44 51 46 51 54 49 44 48 46 48 55 54 44 48 46 50 55 51 44 51 46 50 54 50 44 51 46 50 48 54 44 48 46 50 48 53 44 48 46 48 48 51 44 51 46 49 57 57 44 51 46 50 51 50 44 48 46 48 50 56 44 48 46 52 48 55 44 49 46 52 52 53 44 49 46 52 53 52
10-15-20:12:25:974  : 相机 Received: 84 49 59 49 44 49 50 55 46 48 46 48 46 49 58 50 50 52 52 50
10-15-20:12:42:433  : 相机 Send: System.Byte[]，成功
10-15-20:13:46:514  : 相机 Received: 67 67 68 49 44 45 49 51 46 53 49 49 44 50 46 49 56 53 44 50 46 49 55 53 44 50 46 49 57 54 44 51 46 48 54 56 44 51 46 48 53 51
10-15-20:13:46:514  : 相机 Send: System.Byte[]，成功
10-15-20:15:56:900  : 相机 Send: System.Byte[]，成功
10-15-20:16:06:920  : 相机 Send: System.Byte[]，成功
10-15-20:16:16:914  : 相机 Received: 84 50 59 53 44 49 50 55 46 48 46 48 46 49 58 50 50 52 52 50
10-15-20:16:26:982  : 相机 Send: System.Byte[]，成功
10-15-20:19:32:805  : 相机 Received: 84 49 59 49 44 49 50 55 46 48 46 48 46 49 58 50 50 52 52 50
10-15-20:19:49:282  : 相机 Received: 67 67 68 49 44 45 48 46 48 52 52 44 52 52 46 48 53 54 44 45 49 49 46 54 54 52 44 50 46 48 53 53 44 49 46 57 57 55 44 50 46 49 49 51 44 51 46 51 54 51 44 51 46 51 55 50 44 48 46 50 48 52 44 48 46 52 50 52
10-15-20:19:49:282  : 相机 Send: System.Byte[]，成功
10-15-20:22:10:661  : 相机 Send: System.Byte[]，成功
10-15-20:24:26:460  : 相机 Send: System.Byte[]，成功
10-15-20:24:36:463  : 相机 Send: System.Byte[]，成功
10-15-20:24:46:473  : 相机 Received: 84 50 59 53 44 49 50 55 46 48 46 48 46 49 58 50 50 52 52 50
10-15-20:24:56:549  : 相机 Received: 67 67 68 49 44 51 46 50 52 51 44 51 46 51 48 50 44 48 46 48 51 51 44 48 46 51 55 54 44 51 46 50 56 49 44 51 46 51 54 56 44 48 46 48 55 54 44 48 46 50 55 51 44 51 46 52 49 55 44 51 46 50 54 51 44 48 46 50 48 53 44 48 46 48 48 51 44 51 46 49 57 56 44 51 46 49 57 55 44 48 46 48 50 56 44 48 46 52 48 55 44 49 46 53 49 50 44 48 46 54 56 54
10-15-20:24:56:549  : 相机 Send: System.Byte[]，成功
10-15-20:25:34:210  : 相机 Received: 84 50 59 51 44 49 50 55 46 48 46 48 46 49 58 50 50 52 52 50
10-15-20:25:44:240  : 相机 Received: 84 50 59 52 44 49 50 55 46 48 46 48 46 49 58 50 50 52 52 50
10-15-20:25:54:242  : 相机 Send: System.Byte[]，成功
10-15-20:26:04:292  : 相机 Send: System.Byte[]，成功
10-15-20:26:41:872  : 相机 Send: System.Byte[]，成功
10-15-20:26:51:878  : 相机 Received: 84 50 59 52 44 49 50 55 46 48 46 48 46 49 58 50 50 52 52 50
10-15-20:27:01:889  : 相机 Received: 84 50 59 53 44 49 50 55 46 48 46 48 46 49 58 50 50 52 52 50
10-15-20:27:11:964  : 相机 Send: System.Byte[]，成功
10-15-20:27:11:964  : 相机 Received: 67 67 68 49 44 51 46 50 52 55 44 51 46 50 57 57 44 48 46 48 51 51 44 48 46 51 55 54 44 51 46 50 56 44 51 46 51 55 44 48 46 48 55 54 44 48 46 50 55 51 44 51 46 52 49 56 44 51 46 50 50 57 44 48 46 50 48 53 44 48 46 48 48 51 44 51 46 49 57 57 44 51 46 50 48 49 44 48 46 48 50 56 44 48 46 52 48 55 44 49 46 53 49 53 44 49 46 51 48 56
10-15-20:30:45:361  : 相机 Send: System.Byte[]，成功
10-15-20:31:01:825  : 相机 Received: 67 67 68 49 44 45 48 46 48 54 54 44 52 52 46 50 49 52 44 45 56 46 53 56 51 44 50 46 48 48 57 44 49 46 57 53 56 44 50 46 48 54 49 44 51 46 51 50 57 44 51 46 51 56 44 48 46 49 56 57 44 48 46 52 50 50
10-15-20:31:01:825  : 相机 Send: System.Byte[]，成功
10-15-20:32:11:992  : 相机 Received: 67 67 68 49 44 45 49 52 46 48 49 53 44 50 46 50 48 56 44 50 46 49 57 56 44 50 46 50 49 57 44 51 46 48 53 53 44 51 46 48 53 54
10-15-20:32:11:993  : 相机 Send: System.Byte[]，成功
10-15-20:34:36:551  : 相机 Received: 84 50 59 51 44 49 50 55 46 48 46 48 46 49 58 50 50 52 52 50
10-15-20:34:46:556  : 相机 Send: System.Byte[]，成功
10-15-20:34:56:581  : 相机 Send: System.Byte[]，成功
10-15-20:35:06:635  : 相机 Received: 67 67 68 49 44 51 46 50 54 44 51 46 50 57 54 44 48 46 48 51 51 44 48 46 51 55 54 44 51 46 50 55 53 44 51 46 51 55 55 44 48 46 48 55 54 44 48 46 50 55 51 44 51 46 51 54 53 44 51 46 50 48 55 44 48 46 50 48 53 44 48 46 48 48 51 44 51 46 49 57 44 51 46 49 56 52 44 48 46 48 50 56 44 48 46 52 48 55 44 49 46 48 53 44 49 46 51 52 53
10-15-20:35:06:635  : 相机 Send: System.Byte[]，成功
10-15-20:35:57:725  : 相机 Received: 84 50 59 51 44 49 50 55 46 48 46 48 46 49 58 50 50 52 52 50
10-15-20:35:57:725  : 相机 Send: System.Byte[]，成功
10-15-20:36:07:745  : 相机 Received: 84 50 59 52 44 49 50 55 46 48 46 48 46 49 58 50 50 52 52 50
10-15-20:36:17:750  : 相机 Received: 84 50 59 53 44 49 50 55 46 48 46 48 46 49 58 50 50 52 52 50
10-15-20:36:27:814  : 相机 Send: System.Byte[]，成功
10-15-20:41:31:372  : 相机 Send: System.Byte[]，成功
10-15-20:41:47:851  : 相机 Received: 67 67 68 49 44 48 46 48 51 55 44 52 52 46 51 56 55 44 45 56 46 55 57 55 44 50 46 48 52 50 44 49 46 57 55 44 50 46 49 49 52 44 51 46 51 54 54 44 51 46 51 54 57 44 48 46 50 53 54 44 48 46 51 57 56
10-15-20:41:47:851  : 相机 Send: System.Byte[]，成功
10-15-20:43:05:601  : 相机 Received: 67 67 68 49 44 45 49 52 46 56 57 50 44 50 46 49 56 52 44 50 46 49 54 51 44 50 46 50 48 54 44 51 46 48 56 50 44 51 46 48 53 57
10-15-20:43:05:601  : 相机 Send: System.Byte[]，成功
10-15-20:45:37:347  : 相机 Received: 84 50 59 51 44 49 50 55 46 48 46 48 46 49 58 50 50 52 52 50
10-15-20:45:47:358  : 相机 Received: 84 50 59 52 44 49 50 55 46 48 46 48 46 49 58 50 50 52 52 50
10-15-20:45:57:357  : 相机 Received: 84 50 59 53 44 49 50 55 46 48 46 48 46 49 58 50 50 52 52 50
10-15-20:46:07:427  : 相机 Send: System.Byte[]，成功
