10-08-09:09:18:515  : 相机 Send: System.Byte[]，成功
10-08-09:09:49:074  : 相机 Send: System.Byte[]，成功
10-08-09:10:31:998  : 相机 Received: 84 49 59 49 44 49 50 55 46 48 46 48 46 49 58 52 57 55 50 49
10-08-09:10:31:998  : 相机 Send: System.Byte[]，成功
10-08-09:11:02:624  : 相机 Received: 67 67 68 49 44 48 46 51 53 56 44 52 51 46 57 50 50
10-08-09:11:02:624  : 相机 Send: System.Byte[]，成功
10-08-09:14:49:561  : 相机 Received: 84 50 59 51 44 49 50 55 46 48 46 48 46 49 58 52 57 55 50 49
10-08-09:14:59:565  : 相机 Received: 84 50 59 52 44 49 50 55 46 48 46 48 46 49 58 52 57 55 50 49
10-08-09:14:59:566  : 相机 Send: System.Byte[]，成功
10-08-09:15:09:572  : 相机 Received: 84 50 59 53 44 49 50 55 46 48 46 48 46 49 58 52 57 55 50 49
10-08-09:15:19:741  : 相机 Received: 67 67 68 49 44 48 46 48 50 44 48 46 50 50 52 44 48 46 48 48 57 44 48 46 48 55 49 44 48 46 48 48 51 44 48 46 48 48 55 44 48 46 48 53 55 44 48 46 50 54 49 44 48 46 50 57 57 44 48 46 50 49 57 44 48 46 49 53 55 44 48 46 48 48 56 44 48 46 50 48 57 44 48 46 51 51 51 44 48 46 49 57 55 44 48 46 49 50 44 50 46 56 54 49 44 48 46 54 57 52
10-08-09:15:19:741  : 相机 Send: System.Byte[]，成功
10-08-09:21:57:561  : 相机 Received: 84 49 59 49 44 49 50 55 46 48 46 48 46 49 58 52 57 55 50 49
10-08-09:22:28:161  : 相机 Send: System.Byte[]，成功
10-08-09:22:28:161  : 相机 Received: 67 67 68 49 44 48 46 51 51 56 44 52 51 46 55 54 52
10-08-09:26:19:536  : 相机 Received: 84 50 59 51 44 49 50 55 46 48 46 48 46 49 58 52 57 55 50 49
10-08-09:26:19:536  : 相机 Send: System.Byte[]，成功
10-08-09:26:29:533  : 相机 Received: 84 50 59 52 44 49 50 55 46 48 46 48 46 49 58 52 57 55 50 49
10-08-09:26:39:533  : 相机 Received: 84 50 59 53 44 49 50 55 46 48 46 48 46 49 58 52 57 55 50 49
10-08-09:26:49:722  : 相机 Received: 67 67 68 49 44 57 57 57 44 57 57 57 44 57 57 57 44 57 57 57 44 57 57 57 44 57 57 57 44 57 57 57 44 57 57 57 44 57 57 57 44 57 57 57 44 57 57 57 44 57 57 57 44 57 57 57 44 57 57 57 44 57 57 57 44 57 57 57 44 57 57 57 44 57 57 57
10-08-09:26:49:722  : 相机 Send: System.Byte[]，成功
10-08-09:42:24:154  : 相机 Received: 84 49 59 49 44 49 50 55 46 48 46 48 46 49 58 52 57 55 50 49
10-08-09:42:54:780  : 相机 Received: 67 67 68 49 44 48 46 51 49 52 44 52 51 46 56 56 55
10-08-09:42:54:780  : 相机 Send: System.Byte[]，成功
10-08-09:47:02:775  : 相机 Send: System.Byte[]，成功
10-08-09:47:12:775  : 相机 Received: 84 50 59 52 44 49 50 55 46 48 46 48 46 49 58 52 57 55 50 49
10-08-09:47:22:788  : 相机 Received: 84 50 59 53 44 49 50 55 46 48 46 48 46 49 58 52 57 55 50 49
10-08-09:47:32:914  : 相机 Received: 67 67 68 49 44 57 57 57 44 57 57 57 44 57 57 57 44 57 57 57 44 57 57 57 44 57 57 57 44 57 57 57 44 57 57 57 44 57 57 57 44 57 57 57 44 57 57 57 44 57 57 57 44 57 57 57 44 57 57 57 44 57 57 57 44 57 57 57 44 57 57 57 44 57 57 57
10-08-09:47:32:914  : 相机 Send: System.Byte[]，成功
10-08-10:18:01:465  : 相机 Send: System.Byte[]，成功
10-08-10:18:32:040  : 相机 Send: System.Byte[]，成功
10-08-10:50:08:115  : 相机 Send: System.Byte[]，成功
10-08-10:50:38:724  : 相机 Received: 67 67 68 49 44 48 46 50 52 53 44 52 52 46 48 48 53
10-08-11:20:03:406  : 相机 Send: System.Byte[]，成功
10-08-11:20:03:406  : 相机 Received: 84 49 59 49 44 49 50 55 46 48 46 48 46 49 58 53 49 49 51 57
10-08-11:20:34:056  : 相机 Send: System.Byte[]，成功
10-08-11:29:22:363  : 相机 Send: System.Byte[]，成功
10-08-11:29:52:969  : 相机 Received: 67 67 68 49 44 48 46 50 56 50 44 52 51 46 55 50 53
10-08-11:29:52:969  : 相机 Send: System.Byte[]，成功
10-08-11:38:00:434  : 相机 Send: System.Byte[]，成功
10-08-11:38:31:050  : 相机 Received: 67 67 68 49 44 48 46 51 48 53 44 52 51 46 54 55 50
10-08-11:38:31:050  : 相机 Send: System.Byte[]，成功
10-08-13:05:09:422  : 相机 Received: 84 49 59 49 44 49 50 55 46 48 46 48 46 49 58 53 49 49 51 57
10-08-13:05:40:032  : 相机 Received: 67 67 68 49 44 48 46 51 54 56 44 52 51 46 57 48 50
10-08-13:05:40:037  : 相机 Send: System.Byte[]，成功
10-08-13:12:30:148  : 相机 Send: System.Byte[]，成功
10-08-13:13:00:756  : 相机 Send: System.Byte[]，成功
10-08-13:19:42:967  : 相机 Received: 84 49 59 49 44 49 50 55 46 48 46 48 46 49 58 53 49 49 51 57
10-08-13:20:13:577  : 相机 Send: System.Byte[]，成功
10-08-13:20:13:577  : 相机 Received: 67 67 68 49 44 48 46 50 55 49 44 52 51 46 54 52 56
10-08-13:26:10:425  : 相机 Send: System.Byte[]，成功
10-08-13:26:41:031  : 相机 Send: System.Byte[]，成功
10-08-13:38:17:665  : 相机 Received: 84 49 59 49 44 49 50 55 46 48 46 48 46 49 58 53 49 49 51 57
10-08-13:38:17:665  : 相机 Send: System.Byte[]，成功
10-08-13:38:48:276  : 相机 Send: System.Byte[]，成功
10-08-13:46:40:303  : 相机 Received: 84 49 59 49 44 49 50 55 46 48 46 48 46 49 58 53 49 49 51 57
10-08-13:47:10:933  : 相机 Received: 67 67 68 49 44 48 46 51 50 49 44 52 51 46 56 51 57
10-08-13:55:05:389  : 相机 Send: System.Byte[]，成功
10-08-13:55:05:389  : 相机 Received: 84 49 59 49 44 49 50 55 46 48 46 48 46 49 58 53 49 49 51 57
10-08-13:55:36:001  : 相机 Received: 67 67 68 49 44 48 46 50 57 56 44 52 51 46 55 48 55
10-08-13:55:36:001  : 相机 Send: System.Byte[]，成功
10-08-14:55:54:560  : 相机 Received: 84 49 59 49 44 49 50 55 46 48 46 48 46 49 58 53 49 49 51 57
10-08-14:55:54:560  : 相机 Send: System.Byte[]，成功
10-08-14:56:25:097  : 相机 Received: 67 67 68 49 44 57 57 57 44 57 57 57
10-08-14:56:25:098  : 相机 Send: System.Byte[]，成功
10-08-15:04:16:228  : 相机 Send: System.Byte[]，成功
10-08-15:04:46:840  : 相机 Received: 67 67 68 49 44 48 46 50 54 50 44 52 53 46 48 51 52
10-08-15:04:46:841  : 相机 Send: System.Byte[]，成功
10-08-15:13:38:869  : 相机 Received: 84 50 59 51 44 49 50 55 46 48 46 48 46 49 58 53 49 49 51 57
10-08-15:13:48:875  : 相机 Send: System.Byte[]，成功
10-08-15:13:58:873  : 相机 Send: System.Byte[]，成功
10-08-15:13:58:873  : 相机 Received: 84 50 59 53 44 49 50 55 46 48 46 48 46 49 58 53 49 49 51 57
10-08-15:14:08:983  : 相机 Received: 67 67 68 49 44 57 57 57 44 57 57 57 44 57 57 57 44 57 57 57 44 57 57 57 44 57 57 57 44 57 57 57 44 57 57 57 44 57 57 57 44 57 57 57 44 57 57 57 44 57 57 57 44 57 57 57 44 57 57 57 44 57 57 57 44 57 57 57 44 57 57 57 44 57 57 57
10-08-15:14:08:983  : 相机 Send: System.Byte[]，成功
10-08-15:35:16:325  : 相机 Received: 84 49 59 49 44 49 50 55 46 48 46 48 46 49 58 53 49 49 51 57
10-08-15:35:46:958  : 相机 Send: System.Byte[]，成功
10-08-15:35:46:958  : 相机 Received: 67 67 68 49 44 48 46 51 56 56 44 52 54 46 52 55
10-08-15:42:43:469  : 相机 Received: 84 49 59 49 44 49 50 55 46 48 46 48 46 49 58 53 49 49 51 57
10-08-15:43:14:063  : 相机 Send: System.Byte[]，成功
10-08-15:43:14:063  : 相机 Received: 67 67 68 49 44 48 46 51 51 57 44 45 50 51 53 46 49 55 52
10-08-15:50:37:172  : 相机 Received: 84 49 59 49 44 49 50 55 46 48 46 48 46 49 58 53 49 49 51 57
10-08-15:51:07:769  : 相机 Received: 67 67 68 49 44 48 46 50 53 54 44 52 54 46 53 50
10-08-15:51:07:769  : 相机 Send: System.Byte[]，成功
10-08-17:03:33:210  : 相机 Received: 84 49 59 49 44 49 50 55 46 48 46 48 46 49 58 53 49 49 51 57
10-08-17:04:03:789  : 相机 Received: 67 67 68 49 44 57 57 57 44 57 57 57
10-08-17:04:03:790  : 相机 Send: System.Byte[]，成功
10-08-17:11:41:288  : 相机 Send: System.Byte[]，成功
10-08-17:12:11:900  : 相机 Received: 67 67 68 49 44 48 46 51 52 57 44 52 52 46 50 52
10-08-17:12:11:900  : 相机 Send: System.Byte[]，成功
10-08-17:16:22:247  : 相机 Send: System.Byte[]，成功
10-08-17:16:32:257  : 相机 Received: 84 50 59 52 44 49 50 55 46 48 46 48 46 49 58 53 49 49 51 57
10-08-17:16:42:262  : 相机 Received: 84 50 59 53 44 49 50 55 46 48 46 48 46 49 58 53 49 49 51 57
10-08-17:16:52:324  : 相机 Received: 67 67 68 49 44 57 57 57 44 57 57 57 44 57 57 57 44 57 57 57 44 57 57 57 44 57 57 57 44 57 57 57 44 57 57 57 44 57 57 57 44 57 57 57 44 57 57 57 44 57 57 57 44 57 57 57 44 57 57 57 44 57 57 57 44 57 57 57 44 57 57 57 44 57 57 57
10-08-17:16:52:329  : 相机 Send: System.Byte[]，成功
10-08-17:30:42:658  : 相机 Send: System.Byte[]，成功
10-08-17:30:52:664  : 相机 Received: 84 50 59 52 44 49 50 55 46 48 46 48 46 49 58 53 49 49 51 57
10-08-17:30:52:664  : 相机 Send: System.Byte[]，成功
10-08-17:31:02:668  : 相机 Send: System.Byte[]，成功
10-08-17:31:12:818  : 相机 Received: 67 67 68 49 44 48 46 48 49 49 44 48 46 51 55 57 44 48 46 49 53 44 48 46 48 57 55 44 48 46 50 53 51 44 48 46 50 49 56 44 48 46 48 50 57 44 48 46 51 49 56 44 48 46 49 49 51 44 48 46 57 54 53 44 48 46 50 56 44 48 46 48 48 51 44 48 46 50 49 51 44 48 46 49 50 56 44 48 46 48 51 56 44 48 46 52 49 44 49 46 57 53 57 44 48 46 56 52
10-08-17:31:12:819  : 相机 Send: System.Byte[]，成功
10-08-17:40:41:338  : 相机 Send: System.Byte[]，成功
10-08-17:40:51:351  : 相机 Received: 84 50 59 52 44 49 50 55 46 48 46 48 46 49 58 53 49 49 51 57
10-08-17:40:51:351  : 相机 Send: System.Byte[]，成功
10-08-17:41:01:373  : 相机 Received: 84 50 59 53 44 49 50 55 46 48 46 48 46 49 58 53 49 49 51 57
10-08-17:41:11:507  : 相机 Received: 67 67 68 49 44 48 46 48 49 52 44 48 46 51 57 56 44 48 46 48 49 53 44 48 46 51 50 57 44 48 46 49 48 49 44 48 46 49 53 53 44 48 46 48 50 57 44 48 46 51 49 57 44 48 46 49 49 50 44 48 46 54 49 52 44 48 46 50 56 53 44 48 46 48 48 50 44 48 46 50 49 53 44 48 46 48 57 49 44 48 46 48 51 52 44 48 46 52 48 57 44 50 46 49 48 50 44 49 46 48 56 55
10-08-17:41:11:507  : 相机 Send: System.Byte[]，成功
10-08-17:43:37:641  : 相机 Received: 84 50 59 51 44 49 50 55 46 48 46 48 46 49 58 53 49 49 51 57
10-08-17:43:47:667  : 相机 Received: 84 50 59 52 44 49 50 55 46 48 46 48 46 49 58 53 49 49 51 57
10-08-17:43:57:658  : 相机 Send: System.Byte[]，成功
10-08-17:44:07:827  : 相机 Received: 67 67 68 49 44 48 46 48 49 50 44 48 46 51 55 53 44 48 46 48 49 53 44 48 46 51 51 50 44 48 46 49 48 49 44 48 46 50 49 44 48 46 48 50 56 44 48 46 51 50 44 48 46 49 49 50 44 48 46 54 49 50 44 48 46 50 56 52 44 48 46 48 48 50 44 48 46 53 51 53 44 48 46 49 52 57 44 48 46 48 51 53 44 48 46 52 48 57 44 49 46 55 55 51 44 49 46 48 52 49
10-08-17:44:07:827  : 相机 Send: System.Byte[]，成功
10-08-17:47:44:477  : 相机 Send: System.Byte[]，成功
10-08-17:47:54:485  : 相机 Received: 84 50 59 52 44 49 50 55 46 48 46 48 46 49 58 53 49 49 51 57
10-08-17:48:04:498  : 相机 Received: 84 50 59 53 44 49 50 55 46 48 46 48 46 49 58 53 49 49 51 57
10-08-17:48:14:636  : 相机 Received: 67 67 68 49 44 48 46 48 49 49 44 48 46 51 55 57 44 48 46 48 49 53 44 48 46 51 51 44 48 46 48 57 53 44 48 46 50 51 50 44 48 46 48 50 56 44 48 46 51 50 44 48 46 49 49 57 44 48 46 51 55 51 44 48 46 50 55 57 44 48 46 48 48 52 44 48 46 53 51 53 44 48 46 49 50 56 44 48 46 48 51 55 44 48 46 52 48 57 44 49 46 56 48 55 44 49 46 48 53 57
10-08-17:48:14:636  : 相机 Send: System.Byte[]，成功
10-08-17:50:24:949  : 相机 Send: System.Byte[]，成功
10-08-17:50:34:953  : 相机 Received: 84 50 59 52 44 49 50 55 46 48 46 48 46 49 58 53 49 49 51 57
10-08-17:50:44:973  : 相机 Send: System.Byte[]，成功
10-08-17:50:55:038  : 相机 Received: 67 67 68 49 44 57 57 57 44 57 57 57 44 57 57 57 44 57 57 57 44 57 57 57 44 57 57 57 44 57 57 57 44 57 57 57 44 57 57 57 44 57 57 57 44 57 57 57 44 57 57 57 44 57 57 57 44 57 57 57 44 57 57 57 44 57 57 57 44 57 57 57 44 57 57 57
10-08-17:50:55:039  : 相机 Send: System.Byte[]，成功
10-08-17:53:54:111  : 相机 Send: System.Byte[]，成功
10-08-17:53:54:112  : 相机 Received: 84 50 59 51 44 49 50 55 46 48 46 48 46 49 58 53 49 55 49 54
10-08-17:54:04:083  : 相机 Send: System.Byte[]，成功
10-08-17:54:14:091  : 相机 Received: 84 50 59 53 44 49 50 55 46 48 46 48 46 49 58 53 49 55 49 54
10-08-17:54:24:326  : 相机 Received: 67 67 68 49 44 48 46 48 49 49 44 48 46 52 48 50 44 48 46 48 49 44 48 46 51 51 52 44 48 46 48 56 53 44 48 46 49 57 57 44 48 46 48 52 52 44 48 46 51 48 56 44 48 46 49 48 57 44 48 46 55 57 52 44 48 46 50 56 49 44 48 46 48 48 52 44 48 46 50 48 52 44 48 46 49 44 48 46 48 51 52 44 48 46 52 48 56 44 50 46 49 48 54 44 48 46 55 54 57
10-08-17:54:24:326  : 相机 Send: System.Byte[]，成功
10-08-17:55:15:171  : 相机 Send: System.Byte[]，成功
10-08-17:55:25:182  : 相机 Received: 84 50 59 52 44 49 50 55 46 48 46 48 46 49 58 53 49 55 49 54
10-08-17:55:35:212  : 相机 Received: 84 50 59 53 44 49 50 55 46 48 46 48 46 49 58 53 49 55 49 54
10-08-17:55:45:360  : 相机 Received: 67 67 68 49 44 48 46 48 49 54 44 48 46 52 48 55 44 48 46 48 49 52 44 48 46 51 51 44 48 46 48 56 55 44 48 46 50 50 55 44 48 46 48 51 49 44 48 46 51 49 53 44 48 46 49 49 55 44 48 46 51 51 44 48 46 50 56 49 44 48 46 48 48 51 44 48 46 50 53 54 44 49 46 50 48 52 44 48 46 48 51 51 44 48 46 52 48 56 44 49 46 55 55 52 44 48 46 55 53 54
10-08-17:56:22:951  : 相机 Received: 84 50 59 51 44 49 50 55 46 48 46 48 46 49 58 53 49 55 49 54
10-08-17:56:32:965  : 相机 Send: System.Byte[]，成功
10-08-17:56:42:975  : 相机 Received: 84 50 59 53 44 49 50 55 46 48 46 48 46 49 58 53 49 55 49 54
10-08-17:56:53:135  : 相机 Received: 67 67 68 49 44 48 46 48 49 54 44 48 46 51 56 56 44 48 46 48 49 44 48 46 51 49 57 44 48 46 48 56 55 44 48 46 50 44 48 46 48 51 44 48 46 51 49 52 44 48 46 49 50 44 48 46 51 53 53 44 48 46 50 56 44 48 46 48 48 52 44 48 46 50 48 52 44 49 46 50 48 53 44 48 46 48 51 50 44 48 46 51 57 51 44 50 46 49 49 49 44 48 46 55 53
10-08-17:56:53:135  : 相机 Send: System.Byte[]，成功
10-08-17:57:29:554  : 相机 Received: 84 50 59 51 44 49 50 55 46 48 46 48 46 49 58 53 49 55 49 54
10-08-17:57:39:577  : 相机 Received: 84 50 59 52 44 49 50 55 46 48 46 48 46 49 58 53 49 55 49 54
10-08-17:57:49:580  : 相机 Send: System.Byte[]，成功
10-08-17:57:59:725  : 相机 Received: 67 67 68 49 44 48 46 48 49 54 44 48 46 51 55 55 44 48 46 48 49 44 48 46 51 50 49 44 48 46 48 56 53 44 48 46 50 50 53 44 48 46 48 50 57 44 48 46 51 49 52 44 48 46 49 49 57 44 48 46 51 50 53 44 48 46 50 56 44 48 46 48 48 52 44 48 46 50 52 53 44 48 46 49 53 57 44 48 46 48 51 49 44 48 46 52 48 57 44 49 46 55 55 52 44 48 46 56 49 53
10-08-17:57:59:725  : 相机 Send: System.Byte[]，成功
10-08-17:58:39:037  : 相机 Received: 84 50 59 51 44 49 50 55 46 48 46 48 46 49 58 53 49 55 49 54
10-08-17:58:49:043  : 相机 Received: 84 50 59 52 44 49 50 55 46 48 46 48 46 49 58 53 49 55 49 54
10-08-17:58:49:043  : 相机 Send: System.Byte[]，成功
10-08-17:58:59:054  : 相机 Received: 84 50 59 53 44 49 50 55 46 48 46 48 46 49 58 53 49 55 49 54
10-08-17:58:59:054  : 相机 Send: System.Byte[]，成功
10-08-17:59:09:174  : 相机 Received: 67 67 68 49 44 48 46 48 50 44 48 46 51 55 53 44 48 46 48 49 49 44 48 46 51 50 56 44 48 46 48 56 52 44 48 46 50 50 54 44 48 46 48 51 44 48 46 51 49 52 44 48 46 49 49 57 44 48 46 51 50 44 48 46 50 55 57 44 48 46 48 48 50 44 48 46 50 51 56 44 48 46 49 51 50 44 48 46 48 51 49 44 48 46 52 48 55 44 49 46 55 54 44 49 46 49 53 50
10-08-17:59:09:174  : 相机 Send: System.Byte[]，成功
10-08-17:59:44:471  : 相机 Send: System.Byte[]，成功
10-08-17:59:54:485  : 相机 Send: System.Byte[]，成功
10-08-18:00:04:500  : 相机 Received: 84 50 59 53 44 49 50 55 46 48 46 48 46 49 58 53 49 55 49 54
10-08-18:00:14:665  : 相机 Received: 67 67 68 49 44 48 46 48 49 54 44 48 46 51 55 57 44 48 46 48 49 53 44 48 46 51 50 56 44 48 46 49 44 48 46 49 53 52 44 48 46 48 51 49 44 48 46 51 49 53 44 48 46 49 49 49 44 48 46 51 50 44 48 46 50 55 53 44 48 46 48 48 50 44 48 46 50 56 49 44 48 46 49 50 50 44 48 46 48 51 50 44 48 46 52 48 55 44 49 46 55 49 53 44 48 46 56 57 57
10-08-18:00:14:665  : 相机 Send: System.Byte[]，成功
10-08-18:04:39:046  : 相机 Received: 84 49 59 49 44 49 50 55 46 48 46 48 46 49 58 53 49 55 49 54
10-08-18:05:09:688  : 相机 Send: System.Byte[]，成功
10-08-18:08:45:410  : 相机 Received: 84 50 59 51 44 49 50 55 46 48 46 48 46 49 58 53 49 55 49 54
10-08-18:08:55:428  : 相机 Received: 84 50 59 52 44 49 50 55 46 48 46 48 46 49 58 53 49 55 49 54
10-08-18:09:05:442  : 相机 Received: 84 50 59 53 44 49 50 55 46 48 46 48 46 49 58 53 49 55 49 54
10-08-18:09:15:561  : 相机 Received: 67 67 68 49 44 57 57 57 44 57 57 57 44 57 57 57 44 57 57 57 44 57 57 57 44 57 57 57 44 57 57 57 44 57 57 57 44 57 57 57 44 57 57 57 44 57 57 57 44 57 57 57 44 57 57 57 44 57 57 57 44 57 57 57 44 57 57 57 44 57 57 57 44 57 57 57
10-08-18:09:15:561  : 相机 Send: System.Byte[]，成功
10-08-18:14:24:808  : 相机 Received: 84 49 59 49 44 49 50 55 46 48 46 48 46 49 58 53 49 55 49 54
10-08-18:14:55:418  : 相机 Received: 67 67 68 49 44 48 46 50 55 54 44 52 52 46 49 54 52
10-08-18:14:55:418  : 相机 Send: System.Byte[]，成功
10-08-18:25:06:680  : 相机 Received: 84 50 59 51 44 49 50 55 46 48 46 48 46 49 58 53 49 55 49 54
10-08-18:25:16:715  : 相机 Received: 84 50 59 52 44 49 50 55 46 48 46 48 46 49 58 53 49 55 49 54
10-08-18:25:16:716  : 相机 Send: System.Byte[]，成功
10-08-18:25:26:700  : 相机 Received: 84 50 59 53 44 49 50 55 46 48 46 48 46 49 58 53 49 55 49 54
10-08-18:25:36:767  : 相机 Received: 67 67 68 49 44 57 57 57 44 57 57 57 44 57 57 57 44 57 57 57 44 57 57 57 44 57 57 57 44 57 57 57 44 57 57 57 44 57 57 57 44 57 57 57 44 57 57 57 44 57 57 57 44 57 57 57 44 57 57 57 44 57 57 57 44 57 57 57 44 57 57 57 44 57 57 57
10-08-18:25:36:768  : 相机 Send: System.Byte[]，成功
10-08-18:28:26:943  : 相机 Send: System.Byte[]，成功
10-08-18:28:36:947  : 相机 Send: System.Byte[]，成功
10-08-18:28:46:984  : 相机 Send: System.Byte[]，成功
10-08-18:28:57:099  : 相机 Received: 67 67 68 49 44 48 46 48 50 44 48 46 52 52 49 44 48 46 48 51 44 48 46 50 57 49 44 48 46 48 49 54 44 48 46 49 57 49 44 48 46 48 55 50 44 48 46 51 48 56 44 48 46 49 44 48 46 53 50 51 44 48 46 50 50 53 44 48 46 48 48 50 44 48 46 49 54 55 44 48 46 48 55 57 44 48 46 48 51 53 44 48 46 52 50 50 44 49 46 57 54 57 44 48 46 57 56 55
10-08-18:28:57:100  : 相机 Send: System.Byte[]，成功
10-08-18:31:18:549  : 相机 Received: 84 49 59 49 44 49 50 55 46 48 46 48 46 49 58 53 49 55 49 54
10-08-18:31:18:549  : 相机 Send: System.Byte[]，成功
10-08-18:31:49:156  : 相机 Received: 67 67 68 49 44 48 46 51 50 57 44 52 52 46 49
10-08-18:31:49:156  : 相机 Send: System.Byte[]，成功
10-08-18:35:18:078  : 相机 Send: System.Byte[]，成功
10-08-18:35:28:091  : 相机 Received: 84 50 59 52 44 49 50 55 46 48 46 48 46 49 58 53 49 55 49 54
10-08-18:35:38:089  : 相机 Send: System.Byte[]，成功
10-08-18:35:48:261  : 相机 Received: 67 67 68 49 44 48 46 48 52 53 44 48 46 50 49 44 48 46 48 55 57 44 48 46 49 49 55 44 48 46 48 51 51 44 48 46 50 52 51 44 48 46 48 56 49 44 48 46 48 49 49 44 48 46 49 49 56 44 48 46 51 52 51 44 48 46 48 55 54 44 48 46 48 48 55 44 48 46 48 55 53 44 48 46 50 55 52 44 48 46 48 51 52 44 48 46 52 53 49 44 49 46 56 50 49 44 48 46 57 53 56
10-08-18:35:48:261  : 相机 Send: System.Byte[]，成功
10-08-18:52:02:645  : 相机 Send: System.Byte[]，成功
10-08-18:52:33:238  : 相机 Send: System.Byte[]，成功
10-08-18:52:33:238  : 相机 Received: 67 67 68 49 44 48 46 55 48 50 44 52 52 46 50 51 54
10-08-18:58:01:125  : 相机 Received: 84 50 59 51 44 49 50 55 46 48 46 48 46 49 58 53 49 55 49 54
10-08-18:58:11:127  : 相机 Received: 84 50 59 52 44 49 50 55 46 48 46 48 46 49 58 53 49 55 49 54
10-08-18:58:21:148  : 相机 Send: System.Byte[]，成功
10-08-18:58:31:271  : 相机 Received: 67 67 68 49 44 48 46 48 49 57 44 48 46 51 56 51 44 48 46 48 51 51 44 48 46 51 55 54 44 48 46 48 48 52 44 48 46 50 56 44 48 46 49 55 56 44 48 46 54 56 53 44 48 46 49 51 56 44 48 46 54 56 51 44 48 46 50 48 53 44 48 46 48 48 51 44 48 46 49 53 53 44 48 46 57 48 54 44 48 46 48 50 56 44 48 46 52 48 55 44 49 46 57 55 54 44 48 46 57 48 54
10-08-18:58:31:271  : 相机 Send: System.Byte[]，成功
10-08-19:08:53:793  : 相机 Received: 84 49 59 49 44 49 50 55 46 48 46 48 46 49 58 53 49 55 49 54
10-08-19:09:24:398  : 相机 Received: 67 67 68 49 44 48 46 54 54 53 44 52 51 46 57 49 55
10-08-19:13:01:697  : 相机 Send: System.Byte[]，成功
10-08-19:13:11:724  : 相机 Received: 84 50 59 52 44 49 50 55 46 48 46 48 46 49 58 53 49 55 49 54
10-08-19:13:11:724  : 相机 Send: System.Byte[]，成功
10-08-19:13:21:725  : 相机 Send: System.Byte[]，成功
10-08-19:13:31:884  : 相机 Received: 67 67 68 49 44 48 46 48 51 50 44 48 46 49 57 57 44 48 46 49 48 55 44 48 46 51 49 44 48 46 48 51 50 44 48 46 49 53 53 44 48 46 50 44 48 46 51 52 54 44 48 46 49 48 56 44 48 46 53 48 56 44 48 46 50 49 55 44 48 46 48 48 56 44 48 46 50 50 53 44 48 46 56 56 50 44 48 46 48 49 49 44 48 46 49 55 51 44 49 46 55 50 49 44 48 46 55 49 53
10-08-19:13:31:884  : 相机 Send: System.Byte[]，成功
10-08-19:17:02:155  : 相机 Send: System.Byte[]，成功
10-08-19:17:32:777  : 相机 Received: 67 67 68 49 44 48 46 55 52 57 44 52 52 46 48 49 55
10-08-19:17:32:777  : 相机 Send: System.Byte[]，成功
10-08-19:21:10:135  : 相机 Send: System.Byte[]，成功
10-08-19:21:20:143  : 相机 Received: 84 50 59 52 44 49 50 55 46 48 46 48 46 49 58 53 49 55 49 54
10-08-19:21:20:143  : 相机 Send: System.Byte[]，成功
10-08-19:21:30:170  : 相机 Received: 84 50 59 53 44 49 50 55 46 48 46 48 46 49 58 53 49 55 49 54
10-08-19:21:40:300  : 相机 Send: System.Byte[]，成功
10-08-19:27:05:921  : 相机 Received: 84 49 59 49 44 49 50 55 46 48 46 48 46 49 58 53 49 55 49 54
10-08-19:27:36:533  : 相机 Received: 67 67 68 49 44 48 46 55 51 53 44 52 52 46 48 54 52
10-08-19:27:36:533  : 相机 Send: System.Byte[]，成功
10-08-19:31:49:695  : 相机 Received: 84 50 59 51 44 49 50 55 46 48 46 48 46 49 58 53 49 55 49 54
10-08-19:31:59:720  : 相机 Send: System.Byte[]，成功
10-08-19:32:09:718  : 相机 Send: System.Byte[]，成功
10-08-19:32:19:861  : 相机 Received: 67 67 68 49 44 48 46 50 51 51 44 48 46 50 55 55 44 48 46 49 48 54 44 48 46 50 54 53 44 48 46 48 54 50 44 48 46 50 44 48 46 50 51 44 48 46 50 57 50 44 48 46 48 56 57 44 48 46 53 53 54 44 48 46 50 49 55 44 48 46 48 48 55 44 48 46 50 49 50 44 48 46 49 54 50 44 48 46 48 49 55 44 48 46 49 54 51 44 49 46 56 49 51 44 48 46 53 55 52
10-08-19:32:19:861  : 相机 Send: System.Byte[]，成功
