07-22-16:24:01:034  : 相机 Received: 84 49 44 49 44 49 50 55 46 48 46 48 46 49 58 52 57 56 53 50
07-22-16:26:58:723  : 相机 Send: System.Byte[]，失败
07-22-16:27:03:954  : 相机 Received: 76 97 115 101 114 44 50 44 49 50 55 46 48 46 48 46 49 58 52 57 57 54 51
07-22-16:27:03:975  : 相机 Received: 76 97 115 101 114 44 53
07-22-16:27:05:536  : 相机 Send: System.Byte[]，成功
07-22-16:27:05:980  : 相机 Received: 84 49 44 50 44 49 50 55 46 48 46 48 46 49 58 52 57 57 54 51
07-22-16:27:05:981  : 相机 Send: System.Byte[]，成功
07-22-16:27:06:058  : 相机 Received: 67 67 68 44 48
07-22-16:30:02:933  : 相机 Received: 88 49 54 57 49
07-22-16:32:44:101  : 相机 Send: System.Byte[]，失败
07-22-16:32:49:372  : 相机 Received: 76 97 115 101 114 44 50 44 49 50 55 46 48 46 48 46 49 58 52 57 57 54 51
07-22-16:32:49:745  : 相机 Received: 51 68 79 75 44 48 44 48 46 49 53 49 44 48 46 51 54 54 44 48 46 55 53 56 44 48 46 53 49 44 48 46 51 48 54 44 48 46 49 48 56 44 45 48 46 48 51 49 44 49 46 56 50 44 48 44 48 44 48 46 48 52 44 48 44 48 44 48 44 45 48 46 48 51 50 44 48 46 57 53 56 44 48 46 57 51 49 44 48 46 57 48 54 44 48 46 57 51 51 44 48 46 57 52 44 48 46 56 57 44 48 46 56 55 49 44 48 46 57 50 53 44 45 48 46 48 57 53 44 48 46 50 50 44 48 46 50 56 56 44 48 46 51 51 54 44 48 46 51 51 54 44 48 46 56 55 49
07-22-16:32:50:789  : 相机 Received: 84 49 44 49 44 49 50 55 46 48 46 48 46 49 58 52 57 57 54 51
07-22-16:32:50:789  : 相机 Send: System.Byte[]，成功
07-22-16:32:51:214  : 相机 Received: 84 49 44 50 44 49 50 55 46 48 46 48 46 49 58 52 57 57 54 51
07-22-16:32:51:214  : 相机 Send: System.Byte[]，成功
07-22-16:32:51:266  : 相机 Received: 67 67 68 49 44 50 49 46 51 48 54 44 48 46 48 56 52 44 50 48 46 51 57 55 44 48 46 48 50 55 44 57 46 54 56 49 44 57 46 54 48 49 44 52 46 49 48 53 44 51 44 53 46 52 55 44 56 46 49 57 55 44 53 46 53 48 53 44 49 46 52 52 52 44 50 46 57 50 54 44 52 46 49 55 53 44 48 46 52 53 54
07-22-16:33:26:395  : 相机 Send: System.Byte[]，失败
07-22-16:33:31:736  : 相机 Received: 76 97 115 101 114 44 50 44 49 50 55 46 48 46 48 46 49 58 52 57 57 54 51
07-22-16:33:31:911  : 相机 Received: 51 68 79 75 44 49 46 52 49 53 44 48 46 49 53 52 44 48 46 51 56 49 44 49 46 53 57 55 44 48 46 53 51 51 44 48 46 51 50 49 44 48 46 49 49 49 44 45 48 46 48 51 54 44 49 46 56 51 52 44 48 44 48 44 45 48 46 50 51 44 48 44 48 44 48 44 45 48 46 48 51 51 44 48 46 57 53 56 44 48 46 57 51 49 44 48 46 57 48 54 44 48 46 57 51 51 44 48 46 57 52 44 48 46 56 57 44 48 46 56 55 49 44 48 46 57 50 53 44 45 48 46 48 55 57 44 48 46 50 50 56 44 48 46 50 57 56 44 48 46 51 53 49 44 48 46 51 53 49 44 48 46 56 55 49
07-22-16:33:33:103  : 相机 Received: 84 49 44 49 44 49 50 55 46 48 46 48 46 49 58 52 57 57 54 51
07-22-16:33:33:104  : 相机 Send: System.Byte[]，成功
07-22-16:33:33:527  : 相机 Received: 84 49 44 50 44 49 50 55 46 48 46 48 46 49 58 52 57 57 54 51
07-22-16:33:33:527  : 相机 Send: System.Byte[]，成功
07-22-16:33:33:572  : 相机 Received: 67 67 68 49 44 50 49 46 51 48 54 44 48 46 48 56 52 44 50 48 46 51 57 55 44 48 46 48 50 55 44 57 46 54 56 49 44 57 46 54 48 49 44 52 46 49 48 53 44 51 44 53 46 52 55 44 56 46 49 57 55 44 53 46 53 48 53 44 49 46 52 52 52 44 50 46 57 50 54 44 52 46 49 55 53 44 48 46 52 53 54
07-22-16:36:51:673  : 相机 Send: System.Byte[]，失败
07-22-16:37:54:548  : 相机 Received: 76 97 115 101 114 44 50 44 49 50 55 46 48 46 48 46 49 58 52 57 57 54 51
07-22-16:37:54:678  : 相机 Received: 51 68 79 75 44 57 57 57 44 57 57 57 44 57 57 57 44 57 57 57 44 57 57 57 44 57 57 57 44 57 57 57 44 57 57 57 44 57 57 57 44 57 57 57 44 57 57 57 44 57 57 57 44 57 57 57 44 57 57 57 44 57 57 57 44 57 57 57 44 57 57 57 44 57 57 57 44 57 57 57 44 57 57 57 44 57 57 57 44 57 57 57 44 57 57 57 44 57 57 57 44 57 57 57 44 57 57 57 44 57 57 57 44 57 57 57 44 57 57 57 44 57 57 57
07-22-16:45:19:295  : 相机 Send: System.Byte[]，失败
07-22-16:45:40:324  : 相机 Received: 76 97 115 101 114 44 50 44 49 50 55 46 48 46 48 46 49 58 52 57 57 54 51
07-22-16:45:40:347  : 相机 Received: 51 68 79 75 44 57 57 57 44 57 57 57 44 57 57 57 44 57 57 57 44 57 57 57 44 57 57 57 44 57 57 57 44 57 57 57 44 57 57 57 44 57 57 57 44 57 57 57 44 57 57 57 44 57 57 57 44 57 57 57 44 57 57 57 44 57 57 57 44 57 57 57 44 57 57 57 44 57 57 57 44 57 57 57 44 57 57 57 44 57 57 57 44 57 57 57 44 57 57 57 44 57 57 57 44 57 57 57 44 57 57 57 44 57 57 57 44 57 57 57 44 57 57 57
07-22-16:48:32:482  : 相机 Received: 84 49 44 49 44 49 50 55 46 48 46 48 46 49 58 52 57 57 54 51
07-22-16:48:32:482  : 相机 Send: System.Byte[]，成功
07-22-16:48:36:071  : 相机 Received: 84 49 44 50 44 49 50 55 46 48 46 48 46 49 58 52 57 57 54 51
07-22-16:48:36:078  : 相机 Send: System.Byte[]，成功
07-22-16:48:38:480  : 相机 Received: 67 67 68 49 44 50 49 46 51 48 54 44 48 46 48 56 52 44 50 48 46 51 57 55 44 48 46 48 50 55 44 57 46 54 56 49 44 57 46 54 48 49 44 52 46 49 48 53 44 51 44 53 46 52 55 44 56 46 49 57 55 44 53 46 53 48 53 44 49 46 52 52 52 44 50 46 57 50 54 44 52 46 49 55 53 44 48 46 52 53 54
07-22-16:50:02:868  : 相机 Send: System.Byte[]，失败
07-22-16:50:04:901  : 相机 Received: 84 49 44 49 44 49 50 55 46 48 46 48 46 49 58 52 57 57 54 51
07-22-16:50:04:903  : 相机 Send: System.Byte[]，成功
07-22-16:50:06:891  : 相机 Send: System.Byte[]，成功
07-22-16:50:07:726  : 相机 Received: 67 67 68 49 44 50 49 46 51 48 54 44 48 46 48 56 52 44 50 48 46 51 57 55 44 48 46 48 50 55 44 57 46 54 56 49 44 57 46 54 48 49 44 52 46 49 48 53 44 51 44 53 46 52 55 44 56 46 49 57 55 44 53 46 53 48 53 44 49 46 52 52 52 44 50 46 57 50 54 44 52 46 49 55 53 44 48 46 52 53 54
07-22-16:50:46:177  : 相机 Send: System.Byte[]，失败
07-22-16:50:51:428  : 相机 Received: 76 97 115 101 114 44 50 44 49 50 55 46 48 46 48 46 49 58 52 57 57 54 51
07-22-16:50:51:642  : 相机 Received: 51 68 79 75 44 49 46 52 48 56 44 48 46 49 53 52 44 48 46 51 55 55 44 49 46 54 49 50 44 48 46 53 50 50 44 48 46 51 49 50 44 48 46 49 48 55 44 45 48 46 48 51 56 44 49 46 56 50 51 44 48 44 48 44 45 48 46 50 57 57 44 48 44 48 44 48 44 45 48 46 48 51 55 44 48 46 57 53 56 44 48 46 57 51 49 44 48 46 57 48 54 44 48 46 57 51 51 44 48 46 57 52 44 48 46 56 57 44 48 46 56 55 49 44 48 46 57 50 53 44 45 48 46 48 55 50 44 48 46 50 50 53 44 48 46 50 57 52 44 48 46 51 52 52 44 48 46 51 52 51 44 48 46 56 55 49
07-22-16:50:52:828  : 相机 Received: 84 49 44 49 44 49 50 55 46 48 46 48 46 49 58 52 57 57 54 51
07-22-16:50:53:155  : 相机 Received: 84 49 44 50 44 49 50 55 46 48 46 48 46 49 58 52 57 57 54 51
07-22-16:50:53:156  : 相机 Send: System.Byte[]，成功
07-22-16:50:53:238  : 相机 Received: 67 67 68 49 44 50 49 46 51 48 54 44 48 46 48 56 52 44 50 48 46 51 57 55 44 48 46 48 50 55 44 57 46 54 56 49 44 57 46 54 48 49 44 52 46 49 48 53 44 51 44 53 46 52 55 44 56 46 49 57 55 44 53 46 53 48 53 44 49 46 52 52 52 44 50 46 57 50 54 44 52 46 49 55 53 44 48 46 52 53 54
07-22-16:51:08:775  : 相机 Send: System.Byte[]，失败
07-22-16:51:14:123  : 相机 Received: 76 97 115 101 114 44 50 44 49 50 55 46 48 46 48 46 49 58 52 57 57 54 51
07-22-16:51:14:322  : 相机 Received: 51 68 79 75 44 49 46 52 53 53 44 48 46 49 53 50 44 48 46 51 56 51 44 49 46 56 50 51 44 48 46 53 51 49 44 48 46 51 49 50 44 48 46 49 48 49 44 45 48 46 48 52 57 44 49 46 56 52 51 44 48 44 48 44 45 48 46 54 48 56 44 48 44 48 44 48 44 45 48 46 48 52 51 44 48 46 57 53 56 44 48 46 57 51 49 44 48 46 57 48 54 44 48 46 57 51 51 44 48 46 57 52 44 48 46 56 57 44 48 46 56 55 49 44 48 46 57 50 53 44 45 48 46 48 53 57 44 48 46 50 50 52 44 48 46 50 57 53 44 48 46 51 52 56 44 48 46 51 52 54 44 48 46 56 55 49
07-22-16:51:15:473  : 相机 Received: 84 49 44 49 44 49 50 55 46 48 46 48 46 49 58 52 57 57 54 51
07-22-16:51:15:474  : 相机 Send: System.Byte[]，成功
07-22-16:51:15:913  : 相机 Received: 84 49 44 50 44 49 50 55 46 48 46 48 46 49 58 52 57 57 54 51
07-22-16:51:15:918  : 相机 Send: System.Byte[]，成功
07-22-16:51:15:989  : 相机 Received: 67 67 68 49 44 50 49 46 51 48 54 44 48 46 48 56 52 44 50 48 46 51 57 55 44 48 46 48 50 55 44 57 46 54 56 49 44 57 46 54 48 49 44 52 46 49 48 53 44 51 44 53 46 52 55 44 56 46 49 57 55 44 53 46 53 48 53 44 49 46 52 52 52 44 50 46 57 50 54 44 52 46 49 55 53 44 48 46 52 53 54
07-22-16:51:20:775  : 相机 Received: 76 97 115 101 114 44 50 44 49 50 55 46 48 46 48 46 49 58 52 57 57 54 51
07-22-16:51:20:970  : 相机 Received: 51 68 79 75 44 49 46 52 53 53 44 48 46 49 53 50 44 48 46 51 56 51 44 49 46 56 50 51 44 48 46 53 51 49 44 48 46 51 49 50 44 48 46 49 48 49 44 45 48 46 48 52 57 44 49 46 56 52 51 44 48 44 48 44 45 48 46 54 48 56 44 48 44 48 44 48 44 45 48 46 48 52 51 44 48 46 57 53 56 44 48 46 57 51 49 44 48 46 57 48 54 44 48 46 57 51 51 44 48 46 57 52 44 48 46 56 57 44 48 46 56 55 49 44 48 46 57 50 53 44 45 48 46 48 53 57 44 48 46 50 50 52 44 48 46 50 57 53 44 48 46 51 52 56 44 48 46 51 52 54 44 48 46 56 55 49
07-22-16:54:46:318  : 相机 Send: System.Byte[]，失败
07-22-16:54:51:647  : 相机 Received: 76 97 115 101 114 44 50 44 49 50 55 46 48 46 48 46 49 58 52 57 57 54 51
07-22-16:54:52:038  : 相机 Received: 51 68 79 75 44 57 57 57 44 57 57 57 44 57 57 57 44 57 57 57 44 57 57 57 44 57 57 57 44 57 57 57 44 57 57 57 44 57 57 57 44 57 57 57 44 57 57 57 44 57 57 57 44 57 57 57 44 57 57 57 44 57 57 57 44 57 57 57 44 57 57 57 44 57 57 57 44 57 57 57 44 57 57 57 44 57 57 57 44 57 57 57 44 57 57 57 44 57 57 57 44 57 57 57 44 57 57 57 44 57 57 57 44 57 57 57 44 57 57 57 44 57 57 57
07-22-16:54:52:978  : 相机 Received: 84 49 44 49 44 49 50 55 46 48 46 48 46 49 58 52 57 57 54 51
07-22-16:54:52:981  : 相机 Send: System.Byte[]，成功
07-22-16:54:53:421  : 相机 Received: 84 49 44 50 44 49 50 55 46 48 46 48 46 49 58 52 57 57 54 51
07-22-16:54:53:422  : 相机 Send: System.Byte[]，成功
07-22-16:54:53:533  : 相机 Received: 67 67 68 49 44 50 49 46 51 48 54 44 48 46 48 56 52 44 50 48 46 51 57 55 44 48 46 48 50 55 44 57 46 54 56 49 44 57 46 54 48 49 44 52 46 49 48 53 44 51 44 53 46 52 55 44 56 46 49 57 55 44 53 46 53 48 53 44 49 46 52 52 52 44 50 46 57 50 54 44 52 46 49 55 53 44 48 46 52 53 54
07-22-16:57:20:955  : 相机 Send: System.Byte[]，失败
07-22-16:57:26:309  : 相机 Received: 76 97 115 101 114 44 50 44 49 50 55 46 48 46 48 46 49 58 52 57 57 54 51
07-22-16:57:26:517  : 相机 Received: 51 68 79 75 44 49 46 57 57 54 44 48 46 49 50 54 44 48 46 51 50 51 44 51 46 54 57 51 44 48 46 52 49 52 44 48 46 50 49 44 48 46 48 50 55 44 45 48 46 48 56 52 44 49 46 56 52 55 44 48 44 48 44 48 46 53 50 49 44 48 44 48 44 48 44 45 48 46 48 54 57 44 48 46 57 53 56 44 48 46 57 51 49 44 48 46 57 48 54 44 48 46 57 51 51 44 48 46 57 52 44 48 46 56 57 44 48 46 56 55 49 44 48 46 57 50 53 44 48 46 48 56 56 44 48 46 49 54 57 44 48 46 50 48 56 44 48 46 50 55 44 48 46 50 54 44 48 46 56 55 49
07-22-16:57:27:617  : 相机 Send: System.Byte[]，成功
07-22-16:57:28:074  : 相机 Received: 84 49 44 50 44 49 50 55 46 48 46 48 46 49 58 52 57 57 54 51
07-22-16:57:28:083  : 相机 Send: System.Byte[]，成功
07-22-16:57:28:126  : 相机 Received: 67 67 68 49 44 50 49 46 51 48 54 44 48 46 48 56 52 44 50 48 46 51 57 55 44 48 46 48 50 55 44 57 46 54 56 49 44 57 46 54 48 49 44 52 46 49 48 53 44 51 44 53 46 52 55 44 56 46 49 57 55 44 53 46 53 48 53 44 49 46 52 52 52 44 50 46 57 50 54 44 52 46 49 55 53 44 48 46 52 53 54
07-22-16:58:42:644  : 相机 Send: System.Byte[]，失败
07-22-16:58:47:933  : 相机 Received: 76 97 115 101 114 44 50 44 49 50 55 46 48 46 48 46 49 58 52 57 57 54 51
07-22-16:58:48:131  : 相机 Received: 51 68 79 75 44 48 44 48 44 48 44 52 46 51 51 56 44 48 46 54 50 57 44 48 46 49 52 52 44 45 48 46 48 50 51 44 48 46 49 50 44 50 46 51 54 54 44 48 44 48 44 48 44 48 44 48 44 48 44 48 46 50 53 53 44 48 46 57 53 56 44 48 46 57 51 49 44 48 46 57 48 54 44 48 46 57 51 51 44 48 46 57 52 44 48 46 56 57 44 48 46 56 55 49 44 48 46 57 50 53 44 48 46 53 54 52 44 48 44 48 44 48 46 55 51 52 44 48 46 53 56 55 44 48 46 56 55 49
07-22-16:58:49:293  : 相机 Received: 84 49 44 49 44 49 50 55 46 48 46 48 46 49 58 52 57 57 54 51
07-22-16:58:49:731  : 相机 Received: 84 49 44 50 44 49 50 55 46 48 46 48 46 49 58 52 57 57 54 51
07-22-16:58:49:731  : 相机 Send: System.Byte[]，成功
07-22-16:58:49:787  : 相机 Received: 67 67 68 49 44 50 49 46 51 48 54 44 48 46 48 56 52 44 50 48 46 51 57 55 44 48 46 48 50 55 44 57 46 54 56 49 44 57 46 54 48 49 44 52 46 49 48 53 44 51 44 53 46 52 55 44 56 46 49 57 55 44 53 46 53 48 53 44 49 46 52 52 52 44 50 46 57 50 54 44 52 46 49 55 53 44 48 46 52 53 54
07-22-16:59:32:930  : 相机 Send: System.Byte[]，失败
07-22-16:59:38:263  : 相机 Received: 76 97 115 101 114 44 50 44 49 50 55 46 48 46 48 46 49 58 52 57 57 54 51
07-22-16:59:38:490  : 相机 Received: 51 68 79 75 44 48 44 48 46 49 52 57 44 48 46 51 54 56 44 48 46 53 56 51 44 48 46 53 49 56 44 48 46 51 49 54 44 48 46 49 49 53 44 45 48 46 48 50 57 44 49 46 56 50 53 44 48 44 48 44 48 46 51 55 52 44 48 44 48 44 48 44 45 48 46 48 50 55 44 48 46 57 53 56 44 48 46 57 51 49 44 48 46 57 48 54 44 48 46 57 51 51 44 48 46 57 52 44 48 46 56 57 44 48 46 56 55 49 44 48 46 57 50 53 44 45 48 46 48 57 57 44 48 46 50 50 50 44 48 46 50 56 57 44 48 46 51 52 44 48 46 51 52 50 44 48 46 56 55 49
07-22-16:59:39:527  : 相机 Send: System.Byte[]，成功
07-22-16:59:39:987  : 相机 Received: 84 49 44 50 44 49 50 55 46 48 46 48 46 49 58 52 57 57 54 51
07-22-16:59:39:987  : 相机 Send: System.Byte[]，成功
07-22-16:59:40:039  : 相机 Received: 67 67 68 49 44 50 49 46 51 48 54 44 48 46 48 56 52 44 50 48 46 51 57 55 44 48 46 48 50 55 44 57 46 54 56 49 44 57 46 54 48 49 44 52 46 49 48 53 44 51 44 53 46 52 55 44 56 46 49 57 55 44 53 46 53 48 53 44 49 46 52 52 52 44 50 46 57 50 54 44 52 46 49 55 53 44 48 46 52 53 54
07-22-16:59:55:148  : 相机 Send: System.Byte[]，失败
07-22-17:00:00:534  : 相机 Received: 76 97 115 101 114 44 50 44 49 50 55 46 48 46 48 46 49 58 52 57 57 54 51
07-22-17:00:00:746  : 相机 Received: 51 68 79 75 44 50 46 49 51 57 44 48 46 49 50 55 44 48 46 51 49 52 44 51 46 55 53 44 48 46 51 57 50 44 48 46 49 57 44 48 46 48 49 53 44 45 48 46 48 56 53 44 49 46 56 53 44 48 44 48 44 49 46 54 55 54 44 48 44 48 44 48 44 45 48 46 48 52 53 44 48 46 57 53 56 44 48 46 57 51 49 44 48 46 57 48 54 44 48 46 57 51 51 44 48 46 57 52 44 48 46 56 57 44 48 46 56 55 49 44 48 46 57 50 53 44 48 46 48 56 54 44 48 46 49 54 51 44 48 46 49 57 55 44 48 46 50 53 56 44 48 46 50 52 54 44 48 46 56 55 49
07-22-17:00:01:774  : 相机 Received: 84 49 44 49 44 49 50 55 46 48 46 48 46 49 58 52 57 57 54 51
07-22-17:00:02:220  : 相机 Received: 84 49 44 50 44 49 50 55 46 48 46 48 46 49 58 52 57 57 54 51
07-22-17:00:02:220  : 相机 Send: System.Byte[]，成功
07-22-17:00:02:283  : 相机 Received: 67 67 68 49 44 50 49 46 51 48 54 44 48 46 48 56 52 44 50 48 46 51 57 55 44 48 46 48 50 55 44 57 46 54 56 49 44 57 46 54 48 49 44 52 46 49 48 53 44 51 44 53 46 52 55 44 56 46 49 57 55 44 53 46 53 48 53 44 49 46 52 52 52 44 50 46 57 50 54 44 52 46 49 55 53 44 48 46 52 53 54
07-22-17:04:10:012  : 相机 Send: System.Byte[]，失败
07-22-17:04:15:376  : 相机 Received: 76 97 115 101 114 44 50 44 49 50 55 46 48 46 48 46 49 58 52 57 57 54 51
07-22-17:04:15:620  : 相机 Received: 51 68 79 75 44 57 57 57 44 57 57 57 44 57 57 57 44 57 57 57 44 57 57 57 44 57 57 57 44 57 57 57 44 57 57 57 44 57 57 57 44 57 57 57 44 57 57 57 44 57 57 57 44 57 57 57 44 57 57 57 44 57 57 57 44 57 57 57 44 57 57 57 44 57 57 57 44 57 57 57 44 57 57 57 44 57 57 57 44 57 57 57 44 57 57 57 44 57 57 57 44 57 57 57 44 57 57 57 44 57 57 57 44 57 57 57 44 57 57 57 44 57 57 57
07-22-17:04:16:672  : 相机 Send: System.Byte[]，成功
07-22-17:04:17:219  : 相机 Send: System.Byte[]，成功
07-22-17:04:17:219  : 相机 Received: 84 49 44 50 44 49 50 55 46 48 46 48 46 49 58 52 57 57 54 51
07-22-17:04:17:254  : 相机 Received: 67 67 68 49 44 50 49 46 51 48 54 44 48 46 48 56 52 44 50 48 46 51 57 55 44 48 46 48 50 55 44 57 46 54 56 49 44 57 46 54 48 49 44 52 46 49 48 53 44 51 44 53 46 52 55 44 56 46 49 57 55 44 53 46 53 48 53 44 49 46 52 52 52 44 50 46 57 50 54 44 52 46 49 55 53 44 48 46 52 53 54
07-22-17:11:05:408  : 相机 Send: System.Byte[]，失败
07-22-17:11:10:763  : 相机 Received: 76 97 115 101 114 44 50 44 49 50 55 46 48 46 48 46 49 58 52 57 57 54 51
07-22-17:11:10:968  : 相机 Received: 51 68 79 75 44 49 46 52 56 51 44 48 46 49 53 50 44 48 46 51 56 56 44 49 46 56 51 49 44 48 46 53 52 49 44 48 46 51 50 44 48 46 49 48 52 44 45 48 46 48 52 56 44 49 46 56 51 54 44 48 44 48 44 45 48 46 53 48 53 44 48 44 48 44 48 44 45 48 46 48 52 50 44 48 46 57 53 56 44 48 46 57 51 49 44 48 46 57 48 54 44 48 46 57 51 51 44 48 46 57 52 44 48 46 56 57 44 48 46 56 55 49 44 48 46 57 50 53 44 45 48 46 48 52 50 44 48 46 50 50 56 44 48 46 50 57 57 44 48 46 51 53 53 44 48 46 51 53 51 44 48 46 56 55 49
07-22-17:11:12:090  : 相机 Received: 84 49 44 49 44 49 50 55 46 48 46 48 46 49 58 52 57 57 54 51
07-22-17:11:12:090  : 相机 Send: System.Byte[]，成功
07-22-17:11:12:538  : 相机 Received: 84 49 44 50 44 49 50 55 46 48 46 48 46 49 58 52 57 57 54 51
07-22-17:11:12:538  : 相机 Send: System.Byte[]，成功
07-22-17:11:12:714  : 相机 Received: 67 67 68 49 44 57 57 57 44 57 57 57 44 57 57 57 44 57 57 57 44 57 57 57 44 57 57 57 44 57 57 57 44 57 57 57 44 57 57 57 44 57 57 57 44 57 57 57 44 57 57 57 44 57 57 57 44 57 57 57 44 57 57 57
07-22-17:12:49:007  : 相机 Send: System.Byte[]，失败
07-22-17:12:54:362  : 相机 Received: 76 97 115 101 114 44 50 44 49 50 55 46 48 46 48 46 49 58 52 57 57 54 51
07-22-17:12:54:562  : 相机 Received: 51 68 79 75 44 48 44 48 46 49 52 53 44 48 46 51 54 51 44 48 46 53 56 53 44 48 46 53 49 55 44 48 46 51 49 55 44 48 46 49 49 53 44 45 48 46 48 50 57 44 49 46 56 49 57 44 48 44 48 44 48 46 51 50 49 44 48 44 48 44 48 44 45 48 46 48 50 57 44 48 46 57 53 56 44 48 46 57 51 49 44 48 46 57 48 54 44 48 46 57 51 51 44 48 46 57 52 44 48 46 56 57 44 48 46 56 55 49 44 48 46 57 50 53 44 45 48 46 48 57 50 44 48 46 50 50 49 44 48 46 50 56 55 44 48 46 51 51 56 44 48 46 51 52 44 48 46 56 55 49
07-22-17:12:55:663  : 相机 Received: 84 49 44 49 44 49 50 55 46 48 46 48 46 49 58 52 57 57 54 51
07-22-17:12:55:663  : 相机 Send: System.Byte[]，成功
07-22-17:12:56:120  : 相机 Received: 84 49 44 50 44 49 50 55 46 48 46 48 46 49 58 52 57 57 54 51
07-22-17:12:56:120  : 相机 Send: System.Byte[]，成功
07-22-17:12:56:297  : 相机 Received: 67 67 68 49 44 57 57 57 44 57 57 57 44 57 57 57 44 57 57 57 44 57 57 57 44 57 57 57 44 57 57 57 44 57 57 57 44 57 57 57 44 57 57 57 44 57 57 57 44 57 57 57 44 57 57 57 44 57 57 57 44 57 57 57
07-22-17:15:35:510  : 相机 Send: System.Byte[]，失败
07-22-17:15:35:516  : 相机 Received: 76 97 115 101 114 44 50 44 49 50 55 46 48 46 48 46 49 58 52 57 57 54 51
07-22-17:15:35:526  : 相机 Received: 51 68 79 75 44 48 44 48 46 49 52 54 44 48 46 51 54 55 44 48 46 56 53 53 44 48 46 53 49 57 44 48 46 51 49 54 44 48 46 49 49 52 44 45 48 46 48 51 50 44 49 46 56 49 54 44 48 44 48 44 48 46 50 50 50 44 48 44 48 44 48 44 45 48 46 48 51 51 44 48 46 57 53 56 44 48 46 57 51 49 44 48 46 57 48 54 44 48 46 57 51 51 44 48 46 57 52 44 48 46 56 57 44 48 46 56 55 49 44 48 46 57 50 53 44 45 48 46 48 57 44 48 46 50 50 49 44 48 46 50 56 56 44 48 46 51 52 44 48 46 51 52 50 44 48 46 56 55 49
07-22-17:15:36:780  : 相机 Send: System.Byte[]，成功
07-22-17:15:36:781  : 相机 Received: 84 49 44 49 44 49 50 55 46 48 46 48 46 49 58 52 57 57 54 51
07-22-17:15:37:725  : 相机 Received: 84 49 44 50 44 49 50 55 46 48 46 48 46 49 58 52 57 57 54 51 67 67 68 49 44 57 57 57 44 57 57 57 44 57 57 57 44 57 57 57 44 57 57 57 44 57 57 57 44 57 57 57 44 57 57 57 44 57 57 57 44 57 57 57 44 57 57 57 44 57 57 57 44 57 57 57 44 57 57 57 44 57 57 57
07-22-17:34:37:987  : 相机 Received: 76 97 115 101 114 44 50 44 49 50 55 46 48 46 48 46 49 58 52 57 55 51 49
07-22-17:34:37:987  : 相机 Send: System.Byte[]，成功
07-22-17:34:38:331  : 相机 Received: 51 68 79 75 44 48 44 48 46 49 53 44 48 46 51 54 57 44 48 46 55 53 51 44 48 46 53 50 44 48 46 51 49 55 44 48 46 49 49 52 44 45 48 46 48 51 44 49 46 56 49 55 44 48 44 48 44 48 46 49 49 56 44 48 44 48 44 48 44 45 48 46 48 51 50 44 48 46 57 53 56 44 48 46 57 51 49 44 48 46 57 48 54 44 48 46 57 51 51 44 48 46 57 52 44 48 46 56 57 44 48 46 56 55 49 44 48 46 57 50 53 44 45 48 46 48 56 55 44 48 46 50 50 52 44 48 46 50 57 49 44 48 46 51 52 50 44 48 46 51 52 51 44 48 46 56 55 49
07-22-17:34:39:534  : 相机 Received: 84 49 44 49 44 49 50 55 46 48 46 48 46 49 58 52 57 55 51 49
07-22-17:34:39:534  : 相机 Send: System.Byte[]，成功
07-22-17:34:39:940  : 相机 Received: 84 49 44 50 44 49 50 55 46 48 46 48 46 49 58 52 57 55 51 49
07-22-17:34:39:940  : 相机 Send: System.Byte[]，成功
07-22-17:34:40:237  : 相机 Received: 67 67 68 49 44 57 57 57 44 57 57 57 44 57 57 57 44 57 57 57 44 57 57 57 44 57 57 57 44 57 57 57 44 57 57 57 44 57 57 57 44 57 57 57 44 57 57 57 44 57 57 57 44 57 57 57 44 57 57 57 44 57 57 57
07-22-17:35:15:300  : 相机 Received: 76 97 115 101 114 44 50 44 49 50 55 46 48 46 48 46 49 58 52 57 55 51 49
07-22-17:35:15:300  : 相机 Send: System.Byte[]，成功
07-22-17:35:15:487  : 相机 Received: 51 68 79 75 44 50 46 50 50 54 44 48 46 49 50 56 44 48 46 51 49 50 44 51 46 55 53 55 44 48 46 51 56 55 44 48 46 49 56 52 44 48 46 48 49 51 44 45 48 46 48 56 53 44 49 46 56 53 49 44 48 44 48 44 49 46 54 56 54 44 48 44 48 44 48 44 45 48 46 48 52 44 48 46 57 53 56 44 48 46 57 51 49 44 48 46 57 48 54 44 48 46 57 51 51 44 48 46 57 52 44 48 46 56 57 44 48 46 56 55 49 44 48 46 57 50 53 44 48 46 48 56 53 44 48 46 49 54 49 44 48 46 49 57 51 44 48 46 50 53 53 44 48 46 50 52 50 44 48 46 56 55 49
07-22-17:35:16:674  : 相机 Send: System.Byte[]，成功
07-22-17:35:17:081  : 相机 Received: 84 49 44 50 44 49 50 55 46 48 46 48 46 49 58 52 57 55 51 49
07-22-17:35:17:081  : 相机 Send: System.Byte[]，成功
07-22-17:35:17:378  : 相机 Received: 67 67 68 49 44 57 57 57 44 57 57 57 44 57 57 57 44 57 57 57 44 57 57 57 44 57 57 57 44 57 57 57 44 57 57 57 44 57 57 57 44 57 57 57 44 57 57 57 44 57 57 57 44 57 57 57 44 57 57 57 44 57 57 57
07-22-17:49:12:950  : 相机 Received: 76 97 115 101 114 44 50 44 49 50 55 46 48 46 48 46 49 58 52 57 55 49 51
07-22-17:49:12:951  : 相机 Send: System.Byte[]，成功
07-22-17:49:13:347  : 相机 Received: 51 68 79 75 44 49 46 57 48 56 44 48 46 49 50 50 44 48 46 51 49 57 44 51 46 49 52 44 48 46 52 49 53 44 48 46 50 49 52 44 48 46 48 51 51 44 45 48 46 48 55 57 44 49 46 56 52 52 44 48 44 48 44 45 49 46 49 56 56 44 48 44 48 44 48 44 45 48 46 48 56 52 44 48 46 57 53 56 44 48 46 57 51 49 44 48 46 57 48 54 44 48 46 57 51 51 44 48 46 57 52 44 48 46 56 57 44 48 46 56 55 49 44 48 46 57 50 53 44 48 46 48 56 49 44 48 46 49 54 57 44 48 46 50 48 57 44 48 46 50 55 44 48 46 50 54 49 44 48 46 56 55 49
07-22-17:49:14:499  : 相机 Received: 84 49 44 49 44 49 50 55 46 48 46 48 46 49 58 52 57 55 49 51
07-22-17:49:14:500  : 相机 Send: System.Byte[]，成功
07-22-17:49:14:898  : 相机 Received: 84 49 44 50 44 49 50 55 46 48 46 48 46 49 58 52 57 55 49 51
07-22-17:49:14:898  : 相机 Send: System.Byte[]，成功
07-22-17:49:15:319  : 相机 Received: 67 67 68 49 44 57 57 57 44 57 57 57 44 57 57 57 44 57 57 57 44 57 57 57 44 57 57 57 44 57 57 57 44 57 57 57 44 57 57 57 44 57 57 57 44 57 57 57 44 57 57 57 44 57 57 57 44 57 57 57 44 57 57 57
07-22-17:50:58:373  : 相机 Received: 76 97 115 101 114 44 50 44 49 50 55 46 48 46 48 46 49 58 52 57 55 49 51
07-22-17:50:58:373  : 相机 Send: System.Byte[]，成功
07-22-17:50:58:576  : 相机 Received: 51 68 79 75 44 50 46 48 49 57 44 48 46 49 50 52 44 48 46 51 49 55 44 51 46 55 48 49 44 48 46 52 48 49 44 48 46 50 44 48 46 48 50 50 44 45 48 46 48 56 52 44 49 46 56 52 54 44 48 44 48 44 49 46 54 54 44 48 44 48 44 48 44 45 48 46 48 55 50 44 48 46 57 53 56 44 48 46 57 51 49 44 48 46 57 48 54 44 48 46 57 51 51 44 48 46 57 52 44 48 46 56 57 44 48 46 56 55 49 44 48 46 57 50 53 44 48 46 48 56 53 44 48 46 49 54 53 44 48 46 50 44 48 46 50 54 51 44 48 46 50 53 49 44 48 46 56 55 49
07-22-17:50:59:810  : 相机 Send: System.Byte[]，成功
07-22-17:51:00:232  : 相机 Received: 84 49 44 50 44 49 50 55 46 48 46 48 46 49 58 52 57 55 49 51
07-22-17:51:00:232  : 相机 Send: System.Byte[]，成功
07-22-17:51:00:373  : 相机 Received: 67 67 68 49 44 57 57 57 44 57 57 57 44 57 57 57 44 57 57 57 44 57 57 57 44 57 57 57 44 57 57 57 44 57 57 57 44 57 57 57 44 57 57 57 44 57 57 57 44 57 57 57 44 57 57 57 44 57 57 57 44 57 57 57
07-22-17:57:43:152  : 相机 Received: 76 97 115 101 114 44 50 44 49 50 55 46 48 46 48 46 49 58 52 57 55 49 51
07-22-17:57:43:152  : 相机 Send: System.Byte[]，成功
07-22-17:57:43:355  : 相机 Received: 51 68 79 75 44 49 46 54 48 55 44 48 46 49 52 57 44 48 46 51 55 54 44 49 46 57 52 44 48 46 53 49 51 44 48 46 50 57 54 44 48 46 48 56 53 44 45 48 46 48 53 57 44 49 46 56 51 52 44 48 44 48 44 45 49 46 49 48 55 44 48 44 48 44 48 44 45 48 46 48 54 49 44 48 46 57 53 56 44 48 46 57 51 49 44 48 46 57 48 54 44 48 46 57 51 51 44 48 46 57 52 44 48 46 56 57 44 48 46 56 55 49 44 48 46 57 50 53 44 45 48 46 48 49 54 44 48 46 50 49 54 44 48 46 50 56 53 44 48 46 51 51 56 44 48 46 51 51 51 44 48 46 56 55 49
07-22-17:57:44:480  : 相机 Received: 84 49 44 49 44 49 50 55 46 48 46 48 46 49 58 52 57 55 49 51
07-22-17:57:44:496  : 相机 Send: System.Byte[]，成功
07-22-17:57:44:949  : 相机 Received: 84 49 44 50 44 49 50 55 46 48 46 48 46 49 58 52 57 55 49 51
07-22-17:57:44:949  : 相机 Send: System.Byte[]，成功
07-22-17:57:45:136  : 相机 Received: 67 67 68 49 44 57 57 57 44 57 57 57 44 57 57 57 44 57 57 57 44 57 57 57 44 57 57 57 44 57 57 57 44 57 57 57 44 57 57 57 44 57 57 57 44 57 57 57 44 57 57 57 44 57 57 57 44 57 57 57 44 57 57 57
07-22-17:58:39:186  : 相机 Received: 76 97 115 101 114 44 50 44 49 50 55 46 48 46 48 46 49 58 52 57 55 49 51
07-22-17:58:39:186  : 相机 Send: System.Byte[]，成功
07-22-17:58:39:405  : 相机 Received: 51 68 79 75 44 49 46 53 57 52 44 48 46 49 52 55 44 48 46 51 55 54 44 49 46 57 51 50 44 48 46 53 49 56 44 48 46 51 48 49 44 48 46 48 57 44 45 48 46 48 53 56 44 49 46 56 51 57 44 48 44 48 44 45 49 46 49 48 54 44 48 44 48 44 48 44 45 48 46 48 53 56 44 48 46 57 53 56 44 48 46 57 51 49 44 48 46 57 48 54 44 48 46 57 51 51 44 48 46 57 52 44 48 46 56 57 44 48 46 56 55 49 44 48 46 57 50 53 44 45 48 46 48 50 49 44 48 46 50 49 54 44 48 46 50 56 54 44 48 46 51 51 57 44 48 46 51 51 54 44 48 46 56 55 49
07-22-17:58:40:311  : 相机 Received: 84 49 44 49 44 49 50 55 46 48 46 48 46 49 58 52 57 55 49 51
07-22-17:58:40:311  : 相机 Send: System.Byte[]，成功
07-22-17:58:40:654  : 相机 Received: 84 49 44 50 44 49 50 55 46 48 46 48 46 49 58 52 57 55 49 51
07-22-17:58:40:654  : 相机 Send: System.Byte[]，成功
07-22-17:58:40:842  : 相机 Received: 67 67 68 49 44 57 57 57 44 57 57 57 44 57 57 57 44 57 57 57 44 57 57 57 44 57 57 57 44 57 57 57 44 57 57 57 44 57 57 57 44 57 57 57 44 57 57 57 44 57 57 57 44 57 57 57 44 57 57 57 44 57 57 57
07-22-17:59:11:928  : 相机 Received: 76 97 115 101 114 44 50 44 49 50 55 46 48 46 48 46 49 58 52 57 55 49 51
07-22-17:59:11:928  : 相机 Send: System.Byte[]，成功
07-22-17:59:12:131  : 相机 Received: 51 68 79 75 44 49 46 54 53 44 48 46 49 52 50 44 48 46 51 54 55 44 49 46 57 55 49 44 48 46 53 48 50 44 48 46 50 57 44 48 46 48 56 50 44 45 48 46 48 54 49 44 49 46 56 52 55 44 48 44 48 44 45 49 46 49 49 55 44 48 44 48 44 48 44 45 48 46 48 54 49 44 48 46 57 53 56 44 48 46 57 51 49 44 48 46 57 48 54 44 48 46 57 51 51 44 48 46 57 52 44 48 46 56 57 44 48 46 56 55 49 44 48 46 57 50 53 44 48 44 48 46 50 48 57 44 48 46 50 55 54 44 48 46 51 51 44 48 46 51 50 54 44 48 46 56 55 49
07-22-17:59:13:178  : 相机 Send: System.Byte[]，成功
07-22-17:59:13:740  : 相机 Received: 84 49 44 50 44 49 50 55 46 48 46 48 46 49 58 52 57 55 49 51
07-22-17:59:13:740  : 相机 Send: System.Byte[]，成功
07-22-17:59:13:897  : 相机 Received: 67 67 68 49 44 57 57 57 44 57 57 57 44 57 57 57 44 57 57 57 44 57 57 57 44 57 57 57 44 57 57 57 44 57 57 57 44 57 57 57 44 57 57 57 44 57 57 57 44 57 57 57 44 57 57 57 44 57 57 57 44 57 57 57
07-22-18:00:20:318  : 相机 Received: 76 97 115 101 114 44 50 44 49 50 55 46 48 46 48 46 49 58 52 57 55 49 51
07-22-18:00:20:318  : 相机 Send: System.Byte[]，成功
07-22-18:00:20:537  : 相机 Received: 51 68 79 75 44 49 46 57 56 53 44 48 46 49 50 53 44 48 46 51 49 55 44 51 46 54 54 55 44 48 46 52 48 53 44 48 46 50 48 53 44 48 46 48 50 55 44 45 48 46 48 56 49 44 49 46 56 52 53 44 48 44 48 44 45 48 46 55 49 57 44 48 44 48 44 48 44 45 48 46 48 55 52 44 48 46 57 53 56 44 48 46 57 51 49 44 48 46 57 48 54 44 48 46 57 51 51 44 48 46 57 52 44 48 46 56 57 44 48 46 56 55 49 44 48 46 57 50 53 44 48 46 48 56 53 44 48 46 49 54 54 44 48 46 50 48 55 44 48 46 50 54 53 44 48 46 50 53 54 44 48 46 56 55 49
07-22-18:00:21:631  : 相机 Received: 84 49 44 49 44 49 50 55 46 48 46 48 46 49 58 52 57 55 49 51
07-22-18:00:21:631  : 相机 Send: System.Byte[]，成功
07-22-18:00:22:240  : 相机 Received: 84 49 44 50 44 49 50 55 46 48 46 48 46 49 58 52 57 55 49 51
07-22-18:00:22:240  : 相机 Send: System.Byte[]，成功
07-22-18:00:22:474  : 相机 Received: 67 67 68 49 44 57 57 57 44 57 57 57 44 57 57 57 44 57 57 57 44 57 57 57 44 57 57 57 44 57 57 57 44 57 57 57 44 57 57 57 44 57 57 57 44 57 57 57 44 57 57 57 44 57 57 57 44 57 57 57 44 57 57 57
