07-26-15:35:05:159  : 相机 Send: System.Byte[]，成功
07-26-15:35:05:159  : 相机 Received: 51 68 79 75 44 57 57 57 44 57 57 57 44 57 57 57 44 57 57 57 44 57 57 57 44 57 57 57 44 57 57 57 44 57 57 57 44 57 57 57
07-26-15:36:38:675  : 相机 Send: System.Byte[]，成功
07-26-15:36:38:675  : 相机 Received: 51 68 79 75 44 57 57 57 44 57 57 57 44 57 57 57 44 57 57 57 44 57 57 57 44 57 57 57 44 57 57 57 44 57 57 57 44 57 57 57
07-26-15:41:10:831  : 相机 Send: System.Byte[]，成功
07-26-15:41:10:831  : 相机 Received: 51 68 79 75 44 57 57 57 44 57 57 57 44 57 57 57 44 57 57 57 44 57 57 57 44 57 57 57 44 57 57 57 44 57 57 57 44 57 57 57
07-26-15:41:13:846  : 相机 Received: 84 51 59 53 44 49 50 55 46 48 46 48 46 49 58 53 48 48 52 57
07-26-15:41:13:846  : 相机 Send: System.Byte[]，成功
07-26-15:41:14:315  : 相机 Received: 67 67 68 49 44 56 46 49 48 49 44 50 52 46 56 51 49 44 50 49 46 49 55 55 44 49 52 46 57 54 55 44 50 51 46 48 56 52 44 56 46 56 49 56 44 48 46 48 52 57 44 48 46 48 53 44 48 46 48 53 44 48 46 48 53 54 44 50 53 46 52 51 56 44 50 53 46 57 56 51 44 49 48 46 50 54 50 44 49 48 46 50 54 49 44 49 46 51 56 49 44 52 46 51 54 53
07-26-15:41:14:315  : 相机 Send: System.Byte[]，成功
07-26-15:42:02:862  : 相机 Received: 76 97 115 101 114 44 53
07-26-15:42:02:862  : 相机 Send: System.Byte[]，成功
07-26-15:42:05:893  : 相机 Received: 84 51 59 53 44 49 50 55 46 48 46 48 46 49 58 53 48 48 52 57
07-26-15:42:09:300  : 相机 Received: 67 67 68 49 44 56 46 49 48 49 44 50 52 46 56 51 49 44 50 49 46 49 55 55 44 49 52 46 57 54 55 44 50 51 46 48 56 52 44 56 46 56 49 56 44 48 46 48 52 57 44 48 46 48 53 44 48 46 48 53 44 48 46 48 53 54 44 50 53 46 52 51 56 44 50 53 46 57 56 51 44 49 48 46 50 54 50 44 49 48 46 50 54 49 44 49 46 51 56 49 44 52 46 51 54 53
07-26-15:43:10:019  : 相机 Received: 51 68 79 75 44 57 57 57 44 57 57 57 44 57 57 57 44 57 57 57 44 57 57 57 44 57 57 57 44 57 57 57 44 57 57 57 44 57 57 57
07-26-15:43:10:019  : 相机 Send: System.Byte[]，成功
07-26-15:43:13:018  : 相机 Send: System.Byte[]，成功
07-26-15:43:13:409  : 相机 Received: 67 67 68 49 44 56 46 49 48 49 44 50 52 46 56 51 49 44 50 49 46 49 55 55 44 49 52 46 57 54 55 44 50 51 46 48 56 52 44 56 46 56 49 56 44 48 46 48 52 57 44 48 46 48 53 44 48 46 48 53 44 48 46 48 53 54 44 50 53 46 52 51 56 44 50 53 46 57 56 51 44 49 48 46 50 54 50 44 49 48 46 50 54 49 44 49 46 51 56 49 44 52 46 51 54 53
07-26-15:43:13:409  : 相机 Send: System.Byte[]，成功
07-26-15:44:31:237  : 相机 Received: 76 97 115 101 114 44 53
07-26-15:44:31:237  : 相机 Send: System.Byte[]，成功
07-26-15:44:34:284  : 相机 Send: System.Byte[]，成功
07-26-15:44:37:690  : 相机 Send: System.Byte[]，成功
07-26-15:44:49:909  : 相机 Send: System.Byte[]，成功
07-26-15:44:52:940  : 相机 Received: 84 51 59 53 44 49 50 55 46 48 46 48 46 49 58 53 48 48 52 57
07-26-15:44:52:940  : 相机 Send: System.Byte[]，成功
07-26-15:44:53:331  : 相机 Received: 67 67 68 49 44 56 46 49 48 49 44 50 52 46 56 51 49 44 50 49 46 49 55 55 44 49 52 46 57 54 55 44 50 51 46 48 56 52 44 56 46 56 49 56 44 48 46 48 52 57 44 48 46 48 53 44 48 46 48 53 44 48 46 48 53 54 44 50 53 46 52 51 56 44 50 53 46 57 56 51 44 49 48 46 50 54 50 44 49 48 46 50 54 49 44 49 46 51 56 49 44 52 46 51 54 53
07-26-15:44:53:331  : 相机 Send: System.Byte[]，成功
07-26-15:46:01:987  : 相机 Send: System.Byte[]，成功
07-26-15:46:01:987  : 相机 Received: 51 68 79 75 44 57 57 57 44 57 57 57 44 57 57 57 44 57 57 57 44 57 57 57 44 57 57 57 44 57 57 57 44 57 57 57 44 57 57 57
07-26-16:38:04:262  : 相机 Send: System.Byte[]，成功
07-26-16:38:04:263  : 相机 Received: 51 68 79 75 44 50 46 52 57 44 50 46 52 56 55 44 50 46 52 56 51 44 50 46 52 54 54 44 50 46 52 56 52 44 50 46 52 57 56 44 49 46 50 44 49 46 49 55 54 44 49 46 49 50 55 44 49 46 49 56 55 44 49 46 49 55 52 44 49 46 49 52 55 44 48 46 54 48 54 44 48 46 53 57 52 44 48 46 53 54 53 44 48 46 54 49 49 44 48 46 54 48 55 44 48 46 54 48 49
07-26-16:38:07:104  : 相机 Send: System.Byte[]，成功
07-26-16:38:07:567  : 相机 Received: 67 67 68 49 44 56 46 49 48 49 44 50 52 46 56 51 49 44 50 49 46 49 55 55 44 49 52 46 57 54 55 44 50 51 46 48 56 52 44 56 46 56 49 56 44 48 46 48 52 57 44 48 46 48 53 44 48 46 48 53 44 48 46 48 53 54 44 50 53 46 52 51 56 44 50 53 46 57 56 51 44 49 48 46 50 54 50 44 49 48 46 50 54 49 44 49 46 51 56 49 44 52 46 51 54 53
07-26-16:38:07:567  : 相机 Send: System.Byte[]，成功
07-26-16:38:18:595  : 相机 Send: System.Byte[]，成功
07-26-16:38:18:595  : 相机 Received: 51 68 79 75 44 57 57 57 44 57 57 57 44 57 57 57 44 57 57 57 44 57 57 57 44 57 57 57 44 57 57 57 44 57 57 57 44 57 57 57
07-26-16:39:51:524  : 相机 Send: System.Byte[]，成功
07-26-16:39:51:524  : 相机 Received: 51 68 79 75 44 50 46 52 57 44 50 46 52 56 55 44 50 46 52 56 51 44 50 46 52 54 54 44 50 46 52 56 52 44 50 46 52 57 56 44 49 46 50 44 49 46 49 55 54 44 49 46 49 50 55 44 49 46 49 56 55 44 49 46 49 55 52 44 49 46 49 52 55 44 48 46 54 48 54 44 48 46 53 57 52 44 48 46 53 54 53 44 48 46 54 49 49 44 48 46 54 48 55 44 48 46 54 48 49
07-26-16:39:54:476  : 相机 Send: System.Byte[]，成功
07-26-16:39:54:918  : 相机 Received: 67 67 68 49 44 56 46 49 48 49 44 50 52 46 56 51 49 44 50 49 46 49 55 55 44 49 52 46 57 54 55 44 50 51 46 48 56 52 44 56 46 56 49 56 44 48 46 48 52 57 44 48 46 48 53 44 48 46 48 53 44 48 46 48 53 54 44 50 53 46 52 51 56 44 50 53 46 57 56 51 44 49 48 46 50 54 50 44 49 48 46 50 54 49 44 49 46 51 56 49 44 52 46 51 54 53
07-26-16:39:54:918  : 相机 Send: System.Byte[]，成功
07-26-16:40:05:652  : 相机 Received: 51 68 79 75 44 57 57 57 44 57 57 57 44 57 57 57 44 57 57 57 44 57 57 57 44 57 57 57 44 57 57 57 44 57 57 57 44 57 57 57
07-26-16:40:05:652  : 相机 Send: System.Byte[]，成功
07-26-16:43:33:110  : 相机 Send: System.Byte[]，成功
07-26-16:43:33:111  : 相机 Received: 51 68 79 75 44 50 46 52 57 44 50 46 52 56 55 44 50 46 52 56 51 44 50 46 52 54 54 44 50 46 52 56 52 44 50 46 52 57 56 44 49 46 50 44 49 46 49 55 54 44 49 46 49 50 55 44 49 46 49 56 55 44 49 46 49 55 52 44 49 46 49 52 55 44 48 46 54 48 54 44 48 46 53 57 52 44 48 46 53 54 53 44 48 46 54 49 49 44 48 46 54 48 55 44 48 46 54 48 49
07-26-16:44:22:946  : 相机 Received: 51 68 79 75 44 57 57 57 44 57 57 57 44 57 57 57 44 57 57 57 44 57 57 57 44 57 57 57 44 57 57 57 44 57 57 57 44 57 57 57
07-26-16:44:22:946  : 相机 Send: System.Byte[]，成功
07-26-16:44:25:874  : 相机 Send: System.Byte[]，成功
07-26-16:44:26:320  : 相机 Send: System.Byte[]，成功
07-26-16:44:26:320  : 相机 Received: 67 67 68 49 44 56 46 49 48 49 44 50 52 46 56 51 49 44 50 49 46 49 55 55 44 49 52 46 57 54 55 44 50 51 46 48 56 52 44 56 46 56 49 56 44 48 46 48 52 57 44 48 46 48 53 44 48 46 48 53 44 48 46 48 53 54 44 50 53 46 52 51 56 44 50 53 46 57 56 51 44 49 48 46 50 54 50 44 49 48 46 50 54 49 44 49 46 51 56 49 44 52 46 51 54 53
07-26-16:44:37:858  : 相机 Send: System.Byte[]，成功
07-26-16:44:37:858  : 相机 Received: 51 68 79 75 44 50 46 52 57 44 50 46 52 56 55 44 50 46 52 56 51 44 50 46 52 54 54 44 50 46 52 56 52 44 50 46 52 57 56 44 49 46 50 44 49 46 49 55 54 44 49 46 49 50 55 44 49 46 49 56 55 44 49 46 49 55 52 44 49 46 49 52 55 44 48 46 54 48 54 44 48 46 53 57 52 44 48 46 53 54 53 44 48 46 54 49 49 44 48 46 54 48 55 44 48 46 54 48 49
07-26-16:44:50:219  : 相机 Received: 51 68 79 75 44 57 57 57 44 57 57 57 44 57 57 57 44 57 57 57 44 57 57 57 44 57 57 57 44 57 57 57 44 57 57 57 44 57 57 57
07-26-16:44:50:219  : 相机 Send: System.Byte[]，成功
07-26-16:45:48:958  : 相机 Send: System.Byte[]，成功
07-26-16:45:48:959  : 相机 Received: 51 68 79 75 44 50 46 52 57 44 50 46 52 56 55 44 50 46 52 56 51 44 50 46 52 54 54 44 50 46 52 56 52 44 50 46 52 57 56 44 49 46 50 44 49 46 49 55 54 44 49 46 49 50 55 44 49 46 49 56 55 44 49 46 49 55 52 44 49 46 49 52 55 44 48 46 54 48 54 44 48 46 53 57 52 44 48 46 53 54 53 44 48 46 54 49 49 44 48 46 54 48 55 44 48 46 54 48 49
07-26-16:45:51:874  : 相机 Received: 84 49 59 49 44 49 50 55 46 48 46 48 46 49 58 53 49 54 49 52
07-26-16:45:52:324  : 相机 Received: 67 67 68 49 44 56 46 49 48 49 44 50 52 46 56 51 49 44 50 49 46 49 55 55 44 49 52 46 57 54 55 44 50 51 46 48 56 52 44 56 46 56 49 56 44 48 46 48 52 57 44 48 46 48 53 44 48 46 48 53 44 48 46 48 53 54 44 50 53 46 52 51 56 44 50 53 46 57 56 51 44 49 48 46 50 54 50 44 49 48 46 50 54 49 44 49 46 51 56 49 44 52 46 51 54 53
07-26-16:46:03:945  : 相机 Received: 51 68 79 75 44 57 57 57 44 57 57 57 44 57 57 57 44 57 57 57 44 57 57 57 44 57 57 57 44 57 57 57 44 57 57 57 44 57 57 57
07-26-16:46:21:609  : 相机 Send: System.Byte[]，成功
07-26-16:48:08:964  : 相机 Received: 84 49 59 49 44 49 50 55 46 48 46 48 46 49 58 53 49 54 49 52
07-26-16:48:09:446  : 相机 Received: 67 67 68 49 44 56 46 49 48 49 44 50 52 46 56 51 49 44 50 49 46 49 55 55 44 49 52 46 57 54 55 44 50 51 46 48 56 52 44 56 46 56 49 56 44 48 46 48 52 57 44 48 46 48 53 44 48 46 48 53 44 48 46 48 53 54 44 50 53 46 52 51 56 44 50 53 46 57 56 51 44 49 48 46 50 54 50 44 49 48 46 50 54 49 44 49 46 51 56 49 44 52 46 51 54 53
07-26-16:48:09:446  : 相机 Send: System.Byte[]，成功
07-26-16:48:31:127  : 相机 Send: System.Byte[]，成功
07-26-16:48:31:127  : 相机 Received: 51 68 79 75 44 57 57 57 44 57 57 57 44 57 57 57 44 57 57 57 44 57 57 57 44 57 57 57 44 57 57 57 44 57 57 57 44 57 57 57
07-26-16:48:44:627  : 相机 Send: System.Byte[]，成功
07-26-16:51:04:713  : 相机 Send: System.Byte[]，成功
07-26-16:51:04:714  : 相机 Received: 51 68 79 75 44 50 46 52 57 44 50 46 52 56 55 44 50 46 52 56 51 44 50 46 52 54 54 44 50 46 52 56 52 44 50 46 52 57 56 44 49 46 50 44 49 46 49 55 54 44 49 46 49 50 55 44 49 46 49 56 55 44 49 46 49 55 52 44 49 46 49 52 55 44 48 46 54 48 54 44 48 46 53 57 52 44 48 46 53 54 53 44 48 46 54 49 49 44 48 46 54 48 55 44 48 46 54 48 49
07-26-16:51:07:555  : 相机 Received: 84 49 59 49 44 49 50 55 46 48 46 48 46 49 58 53 49 54 57 53
07-26-16:51:07:555  : 相机 Send: System.Byte[]，成功
07-26-16:51:08:036  : 相机 Received: 67 67 68 49 44 56 46 49 48 49 44 50 52 46 56 51 49 44 50 49 46 49 55 55 44 49 52 46 57 54 55 44 50 51 46 48 56 52 44 56 46 56 49 56 44 48 46 48 52 57 44 48 46 48 53 44 48 46 48 53 44 48 46 48 53 54 44 50 53 46 52 51 56 44 50 53 46 57 56 51 44 49 48 46 50 54 50 44 49 48 46 50 54 49 44 49 46 51 56 49 44 52 46 51 54 53
07-26-16:51:08:036  : 相机 Send: System.Byte[]，成功
07-26-16:51:20:329  : 相机 Received: 51 68 79 75 44 57 57 57 44 57 57 57 44 57 57 57 44 57 57 57 44 57 57 57 44 57 57 57 44 57 57 57 44 57 57 57 44 57 57 57
07-26-16:51:20:329  : 相机 Send: System.Byte[]，成功
07-26-16:51:32:973  : 相机 Received: 51 68 79 75 44 50 46 52 57 44 50 46 52 56 55 44 50 46 52 56 51 44 50 46 52 54 54 44 50 46 52 56 52 44 50 46 52 57 56 44 49 46 50 44 49 46 49 55 54 44 49 46 49 50 55 44 49 46 49 56 55 44 49 46 49 55 52 44 49 46 49 52 55 44 48 46 54 48 54 44 48 46 53 57 52 44 48 46 53 54 53 44 48 46 54 49 49 44 48 46 54 48 55 44 48 46 54 48 49
07-26-16:53:55:700  : 相机 Send: System.Byte[]，成功
07-26-16:53:55:702  : 相机 Received: 51 68 79 75 44 50 46 52 57 44 50 46 52 56 55 44 50 46 52 56 51 44 50 46 52 54 54 44 50 46 52 56 52 44 50 46 52 57 56 44 49 46 50 44 49 46 49 55 54 44 49 46 49 50 55 44 49 46 49 56 55 44 49 46 49 55 52 44 49 46 49 52 55 44 48 46 54 48 54 44 48 46 53 57 52 44 48 46 53 54 53 44 48 46 54 49 49 44 48 46 54 48 55 44 48 46 54 48 49
07-26-16:53:58:481  : 相机 Received: 84 49 59 49 44 49 50 55 46 48 46 48 46 49 58 53 49 55 57 49
07-26-16:53:58:481  : 相机 Send: System.Byte[]，成功
07-26-16:53:58:994  : 相机 Received: 67 67 68 49 44 56 46 49 48 49 44 50 52 46 56 51 49 44 50 49 46 49 55 55 44 49 52 46 57 54 55 44 50 51 46 48 56 52 44 56 46 56 49 56 44 48 46 48 52 57 44 48 46 48 53 44 48 46 48 53 44 48 46 48 53 54 44 50 53 46 52 51 56 44 50 53 46 57 56 51 44 49 48 46 50 54 50 44 49 48 46 50 54 49 44 49 46 51 56 49 44 52 46 51 54 53
07-26-16:54:09:866  : 相机 Send: System.Byte[]，成功
07-26-16:54:09:866  : 相机 Received: 51 68 79 75 44 57 57 57 44 57 57 57 44 57 57 57 44 57 57 57 44 57 57 57 44 57 57 57 44 57 57 57 44 57 57 57 44 57 57 57
07-26-16:54:20:526  : 相机 Send: System.Byte[]，成功
07-26-16:54:20:526  : 相机 Received: 51 68 79 75 44 50 46 52 57 44 50 46 52 56 55 44 50 46 52 56 51 44 50 46 52 54 54 44 50 46 52 56 52 44 50 46 52 57 56 44 49 46 50 44 49 46 49 55 54 44 49 46 49 50 55 44 49 46 49 56 55 44 49 46 49 55 52 44 49 46 49 52 55 44 48 46 54 48 54 44 48 46 53 57 52 44 48 46 53 54 53 44 48 46 54 49 49 44 48 46 54 48 55 44 48 46 54 48 49
07-26-16:55:55:378  : 相机 Send: System.Byte[]，成功
07-26-16:55:55:876  : 相机 Received: 67 67 68 49 44 56 46 49 48 49 44 50 52 46 56 51 49 44 50 49 46 49 55 55 44 49 52 46 57 54 55 44 50 51 46 48 56 52 44 56 46 56 49 56 44 48 46 48 52 57 44 48 46 48 53 44 48 46 48 53 44 48 46 48 53 54 44 50 53 46 52 51 56 44 50 53 46 57 56 51 44 49 48 46 50 54 50 44 49 48 46 50 54 49 44 49 46 51 56 49 44 52 46 51 54 53
07-26-16:55:55:877  : 相机 Send: System.Byte[]，成功
07-26-16:59:59:434  : 相机 Send: System.Byte[]，成功
07-26-16:59:59:435  : 相机 Received: 51 68 79 75 44 50 46 52 57 44 50 46 52 56 55 44 50 46 52 56 51 44 50 46 52 54 54 44 50 46 52 56 52 44 50 46 52 57 56 44 49 46 50 44 49 46 49 55 54 44 49 46 49 50 55 44 49 46 49 56 55 44 49 46 49 55 52 44 49 46 49 52 55 44 48 46 54 48 54 44 48 46 53 57 52 44 48 46 53 54 53 44 48 46 54 49 49 44 48 46 54 48 55 44 48 46 54 48 49
07-26-17:00:02:242  : 相机 Received: 84 49 59 49 44 49 50 55 46 48 46 48 46 49 58 53 49 57 50 48
07-26-17:00:02:724  : 相机 Received: 67 67 68 49 44 56 46 49 48 49 44 50 52 46 56 51 49 44 50 49 46 49 55 55 44 49 52 46 57 54 55 44 50 51 46 48 56 52 44 56 46 56 49 56 44 48 46 48 52 57 44 48 46 48 53 44 48 46 48 53 44 48 46 48 53 54 44 50 53 46 52 51 56 44 50 53 46 57 56 51 44 49 48 46 50 54 50 44 49 48 46 50 54 49 44 49 46 51 56 49 44 52 46 51 54 53
07-26-17:00:02:731  : 相机 Send: System.Byte[]，成功
07-26-17:00:18:896  : 相机 Received: 51 68 79 75 44 57 57 57 44 57 57 57 44 57 57 57 44 57 57 57 44 57 57 57 44 57 57 57 44 57 57 57 44 57 57 57 44 57 57 57
07-26-17:00:18:897  : 相机 Send: System.Byte[]，成功
07-26-17:10:05:234  : 相机 Send: System.Byte[]，成功
07-26-17:10:05:234  : 相机 Received: 51 68 79 75 44 50 46 52 57 44 50 46 52 56 55 44 50 46 52 56 51 44 50 46 52 54 54 44 50 46 52 56 52 44 50 46 52 57 56 44 49 46 50 44 49 46 49 55 54 44 49 46 49 50 55 44 49 46 49 56 55 44 49 46 49 55 52 44 49 46 49 52 55 44 48 46 54 48 54 44 48 46 53 57 52 44 48 46 53 54 53 44 48 46 54 49 49 44 48 46 54 48 55 44 48 46 54 48 49
07-26-17:12:32:241  : 相机 Received: 84 49 59 49 44 49 50 55 46 48 46 48 46 49 58 53 50 48 57 52
07-26-17:12:32:766  : 相机 Received: 67 67 68 49 44 56 46 49 48 49 44 50 52 46 56 51 49 44 50 49 46 49 55 55 44 49 52 46 57 54 55 44 50 51 46 48 56 52 44 56 46 56 49 56 44 48 46 48 52 57 44 48 46 48 53 44 48 46 48 53 44 48 46 48 53 54 44 50 53 46 52 51 56 44 50 53 46 57 56 51 44 49 48 46 50 54 50 44 49 48 46 50 54 49 44 49 46 51 56 49 44 52 46 51 54 53
07-26-17:12:32:768  : 相机 Send: System.Byte[]，成功
07-26-17:12:48:669  : 相机 Received: 51 68 79 75 44 57 57 57 44 57 57 57 44 57 57 57 44 57 57 57 44 57 57 57 44 57 57 57 44 57 57 57 44 57 57 57 44 57 57 57
07-26-17:12:48:669  : 相机 Send: System.Byte[]，成功
07-26-17:13:14:684  : 相机 Received: 51 68 79 75 44 50 46 52 57 44 50 46 52 56 55 44 50 46 52 56 51 44 50 46 52 54 54 44 50 46 52 56 52 44 50 46 52 57 56 44 49 46 50 44 49 46 49 55 54 44 49 46 49 50 55 44 49 46 49 56 55 44 49 46 49 55 52 44 49 46 49 52 55 44 48 46 54 48 54 44 48 46 53 57 52 44 48 46 53 54 53 44 48 46 54 49 49 44 48 46 54 48 55 44 48 46 54 48 49
07-26-17:13:14:685  : 相机 Send: System.Byte[]，成功
07-26-17:13:17:534  : 相机 Send: System.Byte[]，成功
07-26-17:13:18:040  : 相机 Received: 67 67 68 49 44 56 46 49 48 49 44 50 52 46 56 51 49 44 50 49 46 49 55 55 44 49 52 46 57 54 55 44 50 51 46 48 56 52 44 56 46 56 49 56 44 48 46 48 52 57 44 48 46 48 53 44 48 46 48 53 44 48 46 48 53 54 44 50 53 46 52 51 56 44 50 53 46 57 56 51 44 49 48 46 50 54 50 44 49 48 46 50 54 49 44 49 46 51 56 49 44 52 46 51 54 53
07-26-17:13:18:041  : 相机 Send: System.Byte[]，成功
07-26-17:13:31:973  : 相机 Received: 51 68 79 75 44 57 57 57 44 57 57 57 44 57 57 57 44 57 57 57 44 57 57 57 44 57 57 57 44 57 57 57 44 57 57 57 44 57 57 57
07-26-17:13:31:974  : 相机 Send: System.Byte[]，成功
07-26-17:13:45:043  : 相机 Received: 51 68 79 75 44 50 46 52 57 44 50 46 52 56 55 44 50 46 52 56 51 44 50 46 52 54 54 44 50 46 52 56 52 44 50 46 52 57 56 44 49 46 50 44 49 46 49 55 54 44 49 46 49 50 55 44 49 46 49 56 55 44 49 46 49 55 52 44 49 46 49 52 55 44 48 46 54 48 54 44 48 46 53 57 52 44 48 46 53 54 53 44 48 46 54 49 49 44 48 46 54 48 55 44 48 46 54 48 49
07-26-17:13:45:045  : 相机 Send: System.Byte[]，成功
07-26-17:13:47:850  : 相机 Received: 84 49 59 49 44 49 50 55 46 48 46 48 46 49 58 53 50 48 57 52
07-26-17:13:47:850  : 相机 Send: System.Byte[]，成功
07-26-17:13:48:345  : 相机 Received: 67 67 68 49 44 56 46 49 48 49 44 50 52 46 56 51 49 44 50 49 46 49 55 55 44 49 52 46 57 54 55 44 50 51 46 48 56 52 44 56 46 56 49 56 44 48 46 48 52 57 44 48 46 48 53 44 48 46 48 53 44 48 46 48 53 54 44 50 53 46 52 51 56 44 50 53 46 57 56 51 44 49 48 46 50 54 50 44 49 48 46 50 54 49 44 49 46 51 56 49 44 52 46 51 54 53
07-26-17:13:48:347  : 相机 Send: System.Byte[]，成功
07-26-17:14:00:093  : 相机 Received: 51 68 79 75 44 57 57 57 44 57 57 57 44 57 57 57 44 57 57 57 44 57 57 57 44 57 57 57 44 57 57 57 44 57 57 57 44 57 57 57
07-26-17:14:00:093  : 相机 Send: System.Byte[]，成功
07-26-17:14:21:752  : 相机 Received: 51 68 79 75 44 50 46 52 57 44 50 46 52 56 55 44 50 46 52 56 51 44 50 46 52 54 54 44 50 46 52 56 52 44 50 46 52 57 56 44 49 46 50 44 49 46 49 55 54 44 49 46 49 50 55 44 49 46 49 56 55 44 49 46 49 55 52 44 49 46 49 52 55 44 48 46 54 48 54 44 48 46 53 57 52 44 48 46 53 54 53 44 48 46 54 49 49 44 48 46 54 48 55 44 48 46 54 48 49
07-26-17:14:24:648  : 相机 Send: System.Byte[]，成功
07-26-17:14:25:129  : 相机 Send: System.Byte[]，成功
07-26-17:14:36:618  : 相机 Send: System.Byte[]，成功
07-26-17:14:36:618  : 相机 Received: 51 68 79 75 44 57 57 57 44 57 57 57 44 57 57 57 44 57 57 57 44 57 57 57 44 57 57 57 44 57 57 57 44 57 57 57 44 57 57 57
07-26-17:14:53:049  : 相机 Send: System.Byte[]，成功
07-26-17:14:53:049  : 相机 Received: 51 68 79 75 44 50 46 52 57 44 50 46 52 56 55 44 50 46 52 56 51 44 50 46 52 54 54 44 50 46 52 56 52 44 50 46 52 57 56 44 49 46 50 44 49 46 49 55 54 44 49 46 49 50 55 44 49 46 49 56 55 44 49 46 49 55 52 44 49 46 49 52 55 44 48 46 54 48 54 44 48 46 53 57 52 44 48 46 53 54 53 44 48 46 54 49 49 44 48 46 54 48 55 44 48 46 54 48 49
07-26-17:14:55:933  : 相机 Send: System.Byte[]，成功
07-26-17:14:55:933  : 相机 Received: 84 49 59 49 44 49 50 55 46 48 46 48 46 49 58 53 50 48 57 52
07-26-17:14:56:430  : 相机 Send: System.Byte[]，成功
07-26-17:14:56:434  : 相机 Received: 67 67 68 49 44 56 46 49 48 49 44 50 52 46 56 51 49 44 50 49 46 49 55 55 44 49 52 46 57 54 55 44 50 51 46 48 56 52 44 56 46 56 49 56 44 48 46 48 52 57 44 48 46 48 53 44 48 46 48 53 44 48 46 48 53 54 44 50 53 46 52 51 56 44 50 53 46 57 56 51 44 49 48 46 50 54 50 44 49 48 46 50 54 49 44 49 46 51 56 49 44 52 46 51 54 53
07-26-17:15:10:273  : 相机 Send: System.Byte[]，成功
07-26-17:15:10:273  : 相机 Received: 51 68 79 75 44 57 57 57 44 57 57 57 44 57 57 57 44 57 57 57 44 57 57 57 44 57 57 57 44 57 57 57 44 57 57 57 44 57 57 57
07-26-17:15:37:371  : 相机 Send: System.Byte[]，成功
07-26-17:15:37:371  : 相机 Received: 51 68 79 75 44 50 46 52 57 44 50 46 52 56 55 44 50 46 52 56 51 44 50 46 52 54 54 44 50 46 52 56 52 44 50 46 52 57 56 44 49 46 50 44 49 46 49 55 54 44 49 46 49 50 55 44 49 46 49 56 55 44 49 46 49 55 52 44 49 46 49 52 55 44 48 46 54 48 54 44 48 46 53 57 52 44 48 46 53 54 53 44 48 46 54 49 49 44 48 46 54 48 55 44 48 46 54 48 49
07-26-17:15:40:245  : 相机 Received: 84 49 59 49 44 49 50 55 46 48 46 48 46 49 58 53 50 48 57 52
07-26-17:15:40:731  : 相机 Send: System.Byte[]，成功
07-26-17:15:40:731  : 相机 Received: 67 67 68 49 44 56 46 49 48 49 44 50 52 46 56 51 49 44 50 49 46 49 55 55 44 49 52 46 57 54 55 44 50 51 46 48 56 52 44 56 46 56 49 56 44 48 46 48 52 57 44 48 46 48 53 44 48 46 48 53 44 48 46 48 53 54 44 50 53 46 52 51 56 44 50 53 46 57 56 51 44 49 48 46 50 54 50 44 49 48 46 50 54 49 44 49 46 51 56 49 44 52 46 51 54 53
07-26-17:15:58:657  : 相机 Send: System.Byte[]，成功
07-26-17:16:15:992  : 相机 Received: 51 68 79 75 44 50 46 52 57 44 50 46 52 56 55 44 50 46 52 56 51 44 50 46 52 54 54 44 50 46 52 56 52 44 50 46 52 57 56 44 49 46 50 44 49 46 49 55 54 44 49 46 49 50 55 44 49 46 49 56 55 44 49 46 49 55 52 44 49 46 49 52 55 44 48 46 54 48 54 44 48 46 53 57 52 44 48 46 53 54 53 44 48 46 54 49 49 44 48 46 54 48 55 44 48 46 54 48 49
07-26-17:16:15:992  : 相机 Send: System.Byte[]，成功
07-26-17:16:18:842  : 相机 Received: 84 49 59 49 44 49 50 55 46 48 46 48 46 49 58 53 50 48 57 52
07-26-17:16:19:324  : 相机 Send: System.Byte[]，成功
07-26-17:16:19:324  : 相机 Received: 67 67 68 49 44 56 46 49 48 49 44 50 52 46 56 51 49 44 50 49 46 49 55 55 44 49 52 46 57 54 55 44 50 51 46 48 56 52 44 56 46 56 49 56 44 48 46 48 52 57 44 48 46 48 53 44 48 46 48 53 44 48 46 48 53 54 44 50 53 46 52 51 56 44 50 53 46 57 56 51 44 49 48 46 50 54 50 44 49 48 46 50 54 49 44 49 46 51 56 49 44 52 46 51 54 53
07-26-17:16:40:116  : 相机 Send: System.Byte[]，成功
07-26-17:17:01:938  : 相机 Send: System.Byte[]，成功
07-26-17:17:04:769  : 相机 Received: 84 49 59 49 44 49 50 55 46 48 46 48 46 49 58 53 50 48 57 52
07-26-17:17:04:769  : 相机 Send: System.Byte[]，成功
07-26-17:17:05:255  : 相机 Send: System.Byte[]，成功
07-26-17:17:51:901  : 相机 Received: 51 68 79 75 44 57 57 57 44 57 57 57 44 57 57 57 44 57 57 57 44 57 57 57 44 57 57 57 44 57 57 57 44 57 57 57 44 57 57 57
07-26-17:17:51:901  : 相机 Send: System.Byte[]，成功
07-26-17:18:05:278  : 相机 Received: 51 68 79 75 44 50 46 52 57 44 50 46 52 56 55 44 50 46 52 56 51 44 50 46 52 54 54 44 50 46 52 56 52 44 50 46 52 57 56 44 49 46 50 44 49 46 49 55 54 44 49 46 49 50 55 44 49 46 49 56 55 44 49 46 49 55 52 44 49 46 49 52 55 44 48 46 54 48 54 44 48 46 53 57 52 44 48 46 53 54 53 44 48 46 54 49 49 44 48 46 54 48 55 44 48 46 54 48 49
07-26-17:18:05:278  : 相机 Send: System.Byte[]，成功
07-26-17:18:08:139  : 相机 Received: 84 49 59 49 44 49 50 55 46 48 46 48 46 49 58 53 50 48 57 52
07-26-17:18:08:631  : 相机 Send: System.Byte[]，成功
07-26-17:18:08:631  : 相机 Received: 67 67 68 49 44 56 46 49 48 49 44 50 52 46 56 51 49 44 50 49 46 49 55 55 44 49 52 46 57 54 55 44 50 51 46 48 56 52 44 56 46 56 49 56 44 48 46 48 52 57 44 48 46 48 53 44 48 46 48 53 44 48 46 48 53 54 44 50 53 46 52 51 56 44 50 53 46 57 56 51 44 49 48 46 50 54 50 44 49 48 46 50 54 49 44 49 46 51 56 49 44 52 46 51 54 53
07-26-17:20:27:974  : 相机 Received: 51 68 79 75 44 57 57 57 44 57 57 57 44 57 57 57 44 57 57 57 44 57 57 57 44 57 57 57 44 57 57 57 44 57 57 57 44 57 57 57
07-26-17:20:27:974  : 相机 Send: System.Byte[]，成功
07-26-17:21:19:705  : 相机 Received: 51 68 79 75 44 50 46 52 57 44 50 46 52 56 55 44 50 46 52 56 51 44 50 46 52 54 54 44 50 46 52 56 52 44 50 46 52 57 56 44 49 46 50 44 49 46 49 55 54 44 49 46 49 50 55 44 49 46 49 56 55 44 49 46 49 55 52 44 49 46 49 52 55 44 48 46 54 48 54 44 48 46 53 57 52 44 48 46 53 54 53 44 48 46 54 49 49 44 48 46 54 48 55 44 48 46 54 48 49
07-26-17:21:19:707  : 相机 Send: System.Byte[]，成功
07-26-17:21:22:425  : 相机 Received: 84 49 59 49 44 49 50 55 46 48 46 48 46 49 58 53 50 48 57 52
07-26-17:21:22:425  : 相机 Send: System.Byte[]，成功
07-26-17:21:22:922  : 相机 Received: 67 67 68 49 44 56 46 49 48 49 44 50 52 46 56 51 49 44 50 49 46 49 55 55 44 49 52 46 57 54 55 44 50 51 46 48 56 52 44 56 46 56 49 56 44 48 46 48 52 57 44 48 46 48 53 44 48 46 48 53 44 48 46 48 53 54 44 50 53 46 52 51 56 44 50 53 46 57 56 51 44 49 48 46 50 54 50 44 49 48 46 50 54 49 44 49 46 51 56 49 44 52 46 51 54 53
07-26-17:21:22:922  : 相机 Send: System.Byte[]，成功
07-26-17:21:37:907  : 相机 Received: 51 68 79 75 44 57 57 57 44 57 57 57 44 57 57 57 44 57 57 57 44 57 57 57 44 57 57 57 44 57 57 57 44 57 57 57 44 57 57 57
07-26-17:21:37:908  : 相机 Send: System.Byte[]，成功
07-26-17:21:49:548  : 相机 Received: 51 68 79 75 44 50 46 52 57 44 50 46 52 56 55 44 50 46 52 56 51 44 50 46 52 54 54 44 50 46 52 56 52 44 50 46 52 57 56 44 49 46 50 44 49 46 49 55 54 44 49 46 49 50 55 44 49 46 49 56 55 44 49 46 49 55 52 44 49 46 49 52 55 44 48 46 54 48 54 44 48 46 53 57 52 44 48 46 53 54 53 44 48 46 54 49 49 44 48 46 54 48 55 44 48 46 54 48 49
07-26-17:21:52:328  : 相机 Received: 84 49 59 49 44 49 50 55 46 48 46 48 46 49 58 53 50 48 57 52
07-26-17:21:52:329  : 相机 Send: System.Byte[]，成功
07-26-17:21:52:820  : 相机 Received: 67 67 68 49 44 56 46 49 48 49 44 50 52 46 56 51 49 44 50 49 46 49 55 55 44 49 52 46 57 54 55 44 50 51 46 48 56 52 44 56 46 56 49 56 44 48 46 48 52 57 44 48 46 48 53 44 48 46 48 53 44 48 46 48 53 54 44 50 53 46 52 51 56 44 50 53 46 57 56 51 44 49 48 46 50 54 50 44 49 48 46 50 54 49 44 49 46 51 56 49 44 52 46 51 54 53
07-26-17:21:52:821  : 相机 Send: System.Byte[]，成功
07-26-17:24:08:234  : 相机 Send: System.Byte[]，成功
07-26-17:24:23:203  : 相机 Received: 51 68 79 75 44 50 46 52 57 44 50 46 52 56 55 44 50 46 52 56 51 44 50 46 52 54 54 44 50 46 52 56 52 44 50 46 52 57 56 44 49 46 50 44 49 46 49 55 54 44 49 46 49 50 55 44 49 46 49 56 55 44 49 46 49 55 52 44 49 46 49 52 55 44 48 46 54 48 54 44 48 46 53 57 52 44 48 46 53 54 53 44 48 46 54 49 49 44 48 46 54 48 55 44 48 46 54 48 49
07-26-17:24:23:204  : 相机 Send: System.Byte[]，成功
07-26-17:24:25:919  : 相机 Send: System.Byte[]，成功
07-26-17:24:26:421  : 相机 Received: 67 67 68 49 44 56 46 49 48 49 44 50 52 46 56 51 49 44 50 49 46 49 55 55 44 49 52 46 57 54 55 44 50 51 46 48 56 52 44 56 46 56 49 56 44 48 46 48 52 57 44 48 46 48 53 44 48 46 48 53 44 48 46 48 53 54 44 50 53 46 52 51 56 44 50 53 46 57 56 51 44 49 48 46 50 54 50 44 49 48 46 50 54 49 44 49 46 51 56 49 44 52 46 51 54 53
07-26-17:24:26:427  : 相机 Send: System.Byte[]，成功
07-26-17:24:37:221  : 相机 Received: 51 68 79 75 44 57 57 57 44 57 57 57 44 57 57 57 44 57 57 57 44 57 57 57 44 57 57 57 44 57 57 57 44 57 57 57 44 57 57 57
07-26-17:24:37:223  : 相机 Send: System.Byte[]，成功
07-26-17:24:49:879  : 相机 Received: 51 68 79 75 44 50 46 52 57 44 50 46 52 56 55 44 50 46 52 56 51 44 50 46 52 54 54 44 50 46 52 56 52 44 50 46 52 57 56 44 49 46 50 44 49 46 49 55 54 44 49 46 49 50 55 44 49 46 49 56 55 44 49 46 49 55 52 44 49 46 49 52 55 44 48 46 54 48 54 44 48 46 53 57 52 44 48 46 53 54 53 44 48 46 54 49 49 44 48 46 54 48 55 44 48 46 54 48 49
07-26-17:24:49:879  : 相机 Send: System.Byte[]，成功
07-26-17:24:52:662  : 相机 Send: System.Byte[]，成功
07-26-17:24:52:662  : 相机 Received: 84 49 59 49 44 49 50 55 46 48 46 48 46 49 58 53 50 48 57 52
07-26-17:24:53:143  : 相机 Received: 67 67 68 49 44 56 46 49 48 49 44 50 52 46 56 51 49 44 50 49 46 49 55 55 44 49 52 46 57 54 55 44 50 51 46 48 56 52 44 56 46 56 49 56 44 48 46 48 52 57 44 48 46 48 53 44 48 46 48 53 44 48 46 48 53 54 44 50 53 46 52 51 56 44 50 53 46 57 56 51 44 49 48 46 50 54 50 44 49 48 46 50 54 49 44 49 46 51 56 49 44 52 46 51 54 53
07-26-17:24:53:146  : 相机 Send: System.Byte[]，成功
07-26-17:25:03:826  : 相机 Received: 51 68 79 75 44 57 57 57 44 57 57 57 44 57 57 57 44 57 57 57 44 57 57 57 44 57 57 57 44 57 57 57 44 57 57 57 44 57 57 57
07-26-17:25:03:826  : 相机 Send: System.Byte[]，成功
07-26-17:25:49:403  : 相机 Send: System.Byte[]，成功
07-26-17:25:52:206  : 相机 Send: System.Byte[]，成功
07-26-17:25:52:714  : 相机 Send: System.Byte[]，成功
07-26-17:26:05:048  : 相机 Send: System.Byte[]，成功
07-26-17:26:05:055  : 相机 Received: 51 68 79 75 44 57 57 57 44 57 57 57 44 57 57 57 44 57 57 57 44 57 57 57 44 57 57 57 44 57 57 57 44 57 57 57 44 57 57 57
07-26-17:26:24:791  : 相机 Received: 51 68 79 75 44 57 57 57 44 57 57 57 44 57 57 57 44 57 57 57 44 57 57 57 44 57 57 57 44 57 57 57 44 57 57 57 44 57 57 57
07-26-17:26:24:791  : 相机 Send: System.Byte[]，成功
07-26-17:26:27:438  : 相机 Send: System.Byte[]，成功
07-26-17:26:27:438  : 相机 Received: 84 51 59 53 44 49 50 55 46 48 46 48 46 49 58 53 50 48 57 52
07-26-17:26:27:863  : 相机 Received: 67 67 68 49 44 56 46 49 48 49 44 50 52 46 56 51 49 44 50 49 46 49 55 55 44 49 52 46 57 54 55 44 50 51 46 48 56 52 44 56 46 56 49 56 44 48 46 48 52 57 44 48 46 48 53 44 48 46 48 53 44 48 46 48 53 54 44 50 53 46 52 51 56 44 50 53 46 57 56 51 44 49 48 46 50 54 50 44 49 48 46 50 54 49 44 49 46 51 56 49 44 52 46 51 54 53
07-26-17:26:27:863  : 相机 Send: System.Byte[]，成功
07-26-17:26:44:958  : 相机 Send: System.Byte[]，成功
07-26-17:26:47:814  : 相机 Received: 84 51 59 53 44 49 50 55 46 48 46 48 46 49 58 53 50 48 57 52
07-26-17:26:51:265  : 相机 Received: 67 67 68 49 44 56 46 49 48 49 44 50 52 46 56 51 49 44 50 49 46 49 55 55 44 49 52 46 57 54 55 44 50 51 46 48 56 52 44 56 46 56 49 56 44 48 46 48 52 57 44 48 46 48 53 44 48 46 48 53 44 48 46 48 53 54 44 50 53 46 52 51 56 44 50 53 46 57 56 51 44 49 48 46 50 54 50 44 49 48 46 50 54 49 44 49 46 51 56 49 44 52 46 51 54 53
