07-28-08:56:01:090  : 相机 Send: System.Byte[]，成功
07-28-08:56:03:650  : 相机 Received: 84 51 59 53 44 49 50 55 46 48 46 48 46 49 58 52 57 55 49 51
07-28-08:56:04:205  : 相机 Received: 67 67 68 49 44 57 57 57 44 57 57 57 44 57 57 57 44 57 57 57 44 57 57 57 44 57 57 57 44 57 57 57 44 57 57 57 44 57 57 57 44 57 57 57 44 57 57 57 44 32 57 57 57 44 57 57 57 44 57 57 57 44 57 57 57 44 57 57 57 44 57 57 57 44 57 57 57 44 57 57 57 44 57 57 57 44 57 57 57 44 32 57 57 57 44 57 57 57 44 57 57 57 44 57 57 57 44 57 57 57 44 57 57 57 44 57 57 57 44 57 57 57 44 57 57 57 44 57 57 57 44 32 57 57 57 44 57 57 57 44 57 57 57 44 57 57 57 44 57 57 57 44 57 57 57 44 57 57 57 44 57 57 57 44 57 57 57 44 57 57 57 44 32 57 57 57 44 57 57 57 44 57 57 57 44 57 57 57
07-28-08:56:04:206  : 相机 Send: System.Byte[]，成功
07-28-08:56:49:498  : 相机 Received: 51 68 79 75 44 48 46 56 56 52 44 48 46 56 55 57 44 48 46 56 56 44 49 46 53 50 44 49 46 53 49 57 44 49 46 53 50 55 44 49 46 53 51 49 44 49 46 53 50 50 44 49 46 53 49 57 44 49 46 53 50 51 44 49 46 53 50 44 48 46 54 51 57 44 48 46 54 52 51 44 48 46 54 54 51 44 48 46 54 53 52 44 48 46 54 51 49 44 48 46 54 50 56 44 48 46 54 55
07-28-08:56:49:498  : 相机 Send: System.Byte[]，成功
07-28-08:56:52:535  : 相机 Send: System.Byte[]，成功
07-28-08:56:53:418  : 相机 Send: System.Byte[]，成功
07-28-08:56:53:418  : 相机 Received: 67 67 68 49 44 57 57 57 44 57 57 57 44 57 57 57 44 57 57 57 44 57 57 57 44 57 57 57 44 57 57 57 44 57 57 57 44 57 57 57 44 57 57 57 44 57 57 57 44 32 57 57 57 44 57 57 57 44 57 57 57 44 57 57 57 44 57 57 57 44 57 57 57 44 57 57 57 44 57 57 57 44 57 57 57 44 57 57 57 44 32 57 57 57 44 57 57 57 44 57 57 57 44 57 57 57 44 57 57 57 44 57 57 57 44 57 57 57 44 57 57 57 44 57 57 57 44 57 57 57 44 32 57 57 57 44 57 57 57 44 57 57 57 44 57 57 57 44 57 57 57 44 57 57 57 44 57 57 57 44 57 57 57 44 57 57 57 44 57 57 57 44 32 57 57 57 44 57 57 57 44 57 57 57 44 57 57 57
07-28-08:58:52:124  : 相机 Received: 51 68 79 75 44 48 46 56 56 52 44 48 46 56 55 57 44 48 46 56 56 44 49 46 53 50 44 49 46 53 49 57 44 49 46 53 50 55 44 49 46 53 51 49 44 49 46 53 50 50 44 49 46 53 49 57 44 49 46 53 50 51 44 49 46 53 50 44 48 46 54 51 57 44 48 46 54 52 51 44 48 46 54 54 51 44 48 46 54 53 52 44 48 46 54 51 49 44 48 46 54 50 56 44 48 46 54 55
07-28-08:58:52:124  : 相机 Send: System.Byte[]，成功
07-28-08:58:55:139  : 相机 Send: System.Byte[]，成功
07-28-08:58:55:982  : 相机 Received: 67 67 68 49 44 57 57 57 44 57 57 57 44 57 57 57 44 57 57 57 44 57 57 57 44 57 57 57 44 57 57 57 44 57 57 57 44 57 57 57 44 57 57 57 44 57 57 57 44 32 57 57 57 44 57 57 57 44 57 57 57 44 57 57 57 44 57 57 57 44 57 57 57 44 57 57 57 44 57 57 57 44 57 57 57 44 57 57 57 44 32 57 57 57 44 57 57 57 44 57 57 57 44 57 57 57 44 57 57 57 44 57 57 57 44 57 57 57 44 57 57 57 44 57 57 57 44 57 57 57 44 32 57 57 57 44 57 57 57 44 57 57 57 44 57 57 57 44 57 57 57 44 57 57 57 44 57 57 57 44 57 57 57 44 57 57 57 44 57 57 57 44 32 57 57 57 44 57 57 57 44 57 57 57 44 57 57 57
07-28-08:58:55:982  : 相机 Send: System.Byte[]，成功
07-28-09:00:11:652  : 相机 Received: 51 68 79 75 44 48 46 54 54 49 44 48 46 54 54 49
07-28-09:00:11:652  : 相机 Send: System.Byte[]，成功
07-28-09:00:15:089  : 相机 Received: 67 67 68 49 44 57 57 57 44 57 57 57 44 57 57 57 44 57 57 57
07-28-09:00:15:089  : 相机 Send: System.Byte[]，成功
07-28-09:02:22:364  : 相机 Received: 51 68 79 75 44 48 46 54 54 49 44 48 46 54 54 49
07-28-09:02:22:364  : 相机 Send: System.Byte[]，成功
07-28-09:02:26:019  : 相机 Received: 67 67 68 49 44 52 46 52 54 53 44 52 46 52 56 55 44 51 46 51 49 57 44 51 46 50 57 53
07-28-09:02:26:019  : 相机 Send: System.Byte[]，成功
07-28-09:02:45:030  : 相机 Received: 51 68 79 75 44 48 46 54 54 51 44 48 46 54 54 51
07-28-09:02:45:030  : 相机 Send: System.Byte[]，成功
07-28-09:02:48:670  : 相机 Received: 67 67 68 49 44 52 46 52 54 51 44 52 46 52 56 54 44 51 46 51 50 44 51 46 50 57 54
07-28-09:02:48:670  : 相机 Send: System.Byte[]，成功
07-28-09:03:33:126  : 相机 Received: 51 68 79 75 44 48 46 56 56 52 44 48 46 56 55 57 44 48 46 56 56 44 49 46 53 50 44 49 46 53 49 57 44 49 46 53 50 55 44 49 46 53 51 49 44 49 46 53 50 50 44 49 46 53 49 57 44 49 46 53 50 51 44 49 46 53 50 44 48 46 54 51 57 44 48 46 54 52 51 44 48 46 54 54 51 44 48 46 54 53 52 44 48 46 54 51 49 44 48 46 54 50 56 44 48 46 54 55
07-28-09:03:33:126  : 相机 Send: System.Byte[]，成功
07-28-09:03:36:016  : 相机 Received: 84 51 59 53 44 49 50 55 46 48 46 48 46 49 58 52 57 55 49 51
07-28-09:03:37:001  : 相机 Received: 67 67 68 49 44 57 57 57 44 57 57 57 44 57 57 57 44 57 57 57 44 57 57 57 44 57 57 57 44 57 57 57 44 57 57 57 44 57 57 57 44 57 57 57 44 57 57 57 44 32 57 57 57 44 57 57 57 44 57 57 57 44 57 57 57 44 57 57 57 44 57 57 57 44 57 57 57 44 57 57 57 44 57 57 57 44 57 57 57 44 32 57 57 57 44 57 57 57 44 57 57 57 44 57 57 57 44 57 57 57 44 57 57 57 44 57 57 57 44 57 57 57 44 57 57 57 44 57 57 57 44 32 57 57 57 44 57 57 57 44 57 57 57 44 57 57 57 44 57 57 57 44 57 57 57 44 57 57 57 44 57 57 57 44 57 57 57 44 57 57 57 44 32 57 57 57 44 57 57 57 44 57 57 57 44 57 57 57
07-28-09:03:37:001  : 相机 Send: System.Byte[]，成功
07-28-09:03:53:465  : 相机 Received: 51 68 79 75 44 48 46 56 56 52 44 48 46 56 55 57 44 48 46 56 56 44 49 46 53 50 44 49 46 53 49 57 44 49 46 53 50 55 44 49 46 53 51 49 44 49 46 53 50 50 44 49 46 53 49 57 44 49 46 53 50 51 44 49 46 53 50 44 48 46 54 51 57 44 48 46 54 52 51 44 48 46 54 54 51 44 48 46 54 53 52 44 48 46 54 51 49 44 48 46 54 50 56 44 48 46 54 55
07-28-09:03:53:465  : 相机 Send: System.Byte[]，成功
07-28-09:03:56:418  : 相机 Received: 84 51 59 53 44 49 50 55 46 48 46 48 46 49 58 52 57 55 49 51
07-28-09:03:56:418  : 相机 Send: System.Byte[]，成功
07-28-09:03:57:433  : 相机 Received: 67 67 68 49 44 57 57 57 44 57 57 57 44 57 57 57 44 57 57 57 44 57 57 57 44 57 57 57 44 57 57 57 44 57 57 57 44 57 57 57 44 57 57 57 44 57 57 57 44 32 57 57 57 44 57 57 57 44 57 57 57 44 57 57 57 44 57 57 57 44 57 57 57 44 57 57 57 44 57 57 57 44 57 57 57 44 57 57 57 44 32 57 57 57 44 57 57 57 44 57 57 57 44 57 57 57 44 57 57 57 44 57 57 57 44 57 57 57 44 57 57 57 44 57 57 57 44 57 57 57 44 32 57 57 57 44 57 57 57 44 57 57 57 44 57 57 57 44 57 57 57 44 57 57 57 44 57 57 57 44 57 57 57 44 57 57 57 44 57 57 57 44 32 57 57 57 44 57 57 57 44 57 57 57 44 57 57 57
07-28-09:03:57:433  : 相机 Send: System.Byte[]，成功
07-28-09:11:18:126  : 相机 Received: 51 68 79 75 44 48 46 57 44 48 46 56 57 49 44 48 46 56 54 49 44 49 46 53 49 53 44 49 46 53 50 56 44 49 46 53 51 50 44 49 46 53 50 56 44 49 46 53 49 52 44 49 46 52 57 54 44 49 46 52 56 57 44 49 46 52 57 52 44 48 46 54 51 49 44 48 46 54 53 55 44 48 46 54 53 53 44 48 46 54 53 50 44 48 46 54 52 44 48 46 53 57 54 44 48 46 53 57 53
07-28-09:11:18:126  : 相机 Send: System.Byte[]，成功
07-28-09:11:20:906  : 相机 Received: 84 51 59 53 44 49 50 55 46 48 46 48 46 49 58 52 57 55 49 51
07-28-09:11:20:906  : 相机 Send: System.Byte[]，成功
07-28-09:11:21:968  : 相机 Received: 67 67 68 49 44 57 57 57 44 57 57 57 44 57 57 57 44 57 57 57 44 57 57 57 44 57 57 57 44 57 57 57 44 57 57 57 44 57 57 57 44 57 57 57 44 57 57 57 44 32 57 57 57 44 57 57 57 44 57 57 57 44 57 57 57 44 57 57 57 44 57 57 57 44 57 57 57 44 57 57 57 44 57 57 57 44 57 57 57 44 32 57 57 57 44 57 57 57 44 57 57 57 44 57 57 57 44 57 57 57 44 57 57 57 44 57 57 57 44 57 57 57 44 57 57 57 44 57 57 57 44 32 57 57 57 44 57 57 57 44 57 57 57 44 57 57 57 44 57 57 57 44 57 57 57 44 57 57 57 44 57 57 57 44 57 57 57 44 57 57 57 44 32 57 57 57 44 57 57 57 44 57 57 57 44 57 57 57
07-28-09:11:21:968  : 相机 Send: System.Byte[]，成功
07-28-09:11:33:950  : 相机 Received: 51 68 79 75 44 48 46 56 57 56 44 48 46 56 57 50 44 48 46 56 54 54 44 49 46 53 49 53 44 49 46 53 50 57 44 49 46 53 51 50 44 49 46 53 50 56 44 49 46 53 49 49 44 49 46 52 57 52 44 49 46 52 56 56 44 49 46 52 57 52 44 48 46 54 51 49 44 48 46 54 53 56 44 48 46 54 53 53 44 48 46 54 53 51 44 48 46 54 51 56 44 48 46 53 57 51 44 48 46 53 57 52
07-28-09:11:33:950  : 相机 Send: System.Byte[]，成功
07-28-09:11:36:902  : 相机 Send: System.Byte[]，成功
07-28-09:11:37:840  : 相机 Received: 67 67 68 49 44 57 57 57 44 57 57 57 44 57 57 57 44 57 57 57 44 57 57 57 44 57 57 57 44 57 57 57 44 57 57 57 44 57 57 57 44 57 57 57 44 57 57 57 44 32 57 57 57 44 57 57 57 44 57 57 57 44 57 57 57 44 57 57 57 44 57 57 57 44 57 57 57 44 57 57 57 44 57 57 57 44 57 57 57 44 32 57 57 57 44 57 57 57 44 57 57 57 44 57 57 57 44 57 57 57 44 57 57 57 44 57 57 57 44 57 57 57 44 57 57 57 44 57 57 57 44 32 57 57 57 44 57 57 57 44 57 57 57 44 57 57 57 44 57 57 57 44 57 57 57 44 57 57 57 44 57 57 57 44 57 57 57 44 57 57 57 44 32 57 57 57 44 57 57 57 44 57 57 57 44 57 57 57
07-28-09:11:37:840  : 相机 Send: System.Byte[]，成功
07-28-09:13:11:583  : 相机 Received: 51 68 79 75 44 48 46 54 54 51 44 48 46 54 54 51
07-28-09:13:11:583  : 相机 Send: System.Byte[]，成功
07-28-09:13:15:176  : 相机 Received: 67 67 68 49 44 52 46 52 54 52 44 52 46 52 56 56 44 51 46 51 50 50 44 51 46 50 57 54
07-28-09:13:15:176  : 相机 Send: System.Byte[]，成功
07-28-09:13:29:673  : 相机 Received: 51 68 79 75 44 48 46 54 54 49 44 48 46 54 54 49
07-28-09:13:29:673  : 相机 Send: System.Byte[]，成功
07-28-09:13:33:141  : 相机 Received: 67 67 68 49 44 52 46 52 52 44 52 46 52 56 57 44 51 46 51 52 56 44 51 46 50 57 53
07-28-09:13:33:141  : 相机 Send: System.Byte[]，成功
07-28-09:13:44:404  : 相机 Received: 51 68 79 75 44 48 46 54 54 54 44 48 46 54 54 54
07-28-09:13:44:404  : 相机 Send: System.Byte[]，成功
07-28-09:13:47:965  : 相机 Received: 67 67 68 49 44 52 46 52 52 49 44 52 46 52 57 44 51 46 51 52 54 44 51 46 50 57 52
07-28-09:13:47:965  : 相机 Send: System.Byte[]，成功
07-28-09:13:58:963  : 相机 Received: 51 68 79 75 44 48 46 54 54 53 44 48 46 54 54 53
07-28-09:13:58:963  : 相机 Send: System.Byte[]，成功
07-28-09:14:02:462  : 相机 Received: 67 67 68 49 44 52 46 52 52 51 44 52 46 52 57 44 51 46 51 52 52 44 51 46 50 57 52
07-28-09:14:02:462  : 相机 Send: System.Byte[]，成功
07-28-09:14:13:538  : 相机 Received: 51 68 79 75 44 48 46 54 54 50 44 48 46 54 54 50
07-28-09:14:13:538  : 相机 Send: System.Byte[]，成功
07-28-09:14:17:052  : 相机 Send: System.Byte[]，成功
07-28-09:16:06:607  : 相机 Received: 51 68 79 75 44 48 46 54 53 56 44 48 46 54 53 56
07-28-09:16:06:607  : 相机 Send: System.Byte[]，成功
07-28-09:16:10:059  : 相机 Received: 67 67 68 49 44 52 46 52 54 54 44 52 46 52 56 55 44 51 46 51 49 57 44 51 46 50 57 54
07-28-09:16:10:059  : 相机 Send: System.Byte[]，成功
07-28-09:16:33:522  : 相机 Received: 51 68 79 75 44 48 46 54 54 53 44 48 46 54 54 53
07-28-09:16:33:538  : 相机 Send: System.Byte[]，成功
07-28-09:16:37:068  : 相机 Received: 67 67 68 49 44 52 46 52 54 57 44 52 46 52 57 44 51 46 51 49 54 44 51 46 50 57 50
07-28-09:16:37:068  : 相机 Send: System.Byte[]，成功
07-28-09:16:55:548  : 相机 Received: 51 68 79 75 44 48 46 54 54 44 48 46 54 54
07-28-09:16:55:548  : 相机 Send: System.Byte[]，成功
07-28-09:16:59:016  : 相机 Received: 67 67 68 49 44 52 46 52 53 50 44 52 46 52 56 57 44 51 46 51 51 50 44 51 46 50 57 50
07-28-09:16:59:016  : 相机 Send: System.Byte[]，成功
07-28-09:17:36:726  : 相机 Received: 51 68 79 75 44 48 46 54 54 44 48 46 54 54
07-28-09:17:36:726  : 相机 Send: System.Byte[]，成功
07-28-09:17:40:257  : 相机 Received: 67 67 68 49 44 52 46 52 53 50 44 52 46 52 56 56 44 51 46 51 51 50 44 51 46 50 57 56
07-28-09:17:57:768  : 相机 Received: 51 68 79 75 44 48 46 54 54 50 44 48 46 54 54 50
07-28-09:17:57:768  : 相机 Send: System.Byte[]，成功
07-28-09:18:01:283  : 相机 Received: 67 67 68 49 44 52 46 52 53 55 44 52 46 52 56 56 44 51 46 51 50 54 44 51 46 50 57 55
07-28-09:18:01:283  : 相机 Send: System.Byte[]，成功
07-28-09:19:48:827  : 相机 Received: 51 68 79 75 44 48 46 51 54 54 44 48 46 51 54 54
07-28-09:19:48:827  : 相机 Send: System.Byte[]，成功
07-28-09:19:52:638  : 相机 Received: 67 67 68 49 44 57 57 57 44 57 57 57 44 57 57 57 44 57 57 57
07-28-09:19:52:638  : 相机 Send: System.Byte[]，成功
07-28-09:20:09:088  : 相机 Received: 51 68 79 75 44 48 46 56 57 53 44 48 46 56 57 44 48 46 56 54 57 44 49 46 53 49 50 44 49 46 53 50 56 44 49 46 53 51 44 49 46 53 50 55 44 49 46 53 49 51 44 49 46 52 57 52 44 49 46 52 56 56 44 49 46 52 57 53 44 48 46 54 50 57 44 48 46 54 53 54 44 48 46 54 53 52 44 48 46 54 53 50 44 48 46 54 51 56 44 48 46 53 57 52 44 48 46 53 57 52
07-28-09:20:09:088  : 相机 Send: System.Byte[]，成功
07-28-09:20:11:978  : 相机 Received: 84 51 59 53 44 49 50 55 46 48 46 48 46 49 58 52 57 55 49 51
07-28-09:20:12:915  : 相机 Received: 67 67 68 49 44 57 57 57 44 57 57 57 44 57 57 57 44 57 57 57 44 57 57 57 44 57 57 57 44 57 57 57 44 57 57 57 44 57 57 57 44 57 57 57 44 57 57 57 44 32 57 57 57 44 57 57 57 44 57 57 57 44 57 57 57 44 57 57 57 44 57 57 57 44 57 57 57 44 57 57 57 44 57 57 57 44 57 57 57 44 32 57 57 57 44 57 57 57 44 57 57 57 44 57 57 57 44 57 57 57 44 57 57 57 44 57 57 57 44 57 57 57 44 57 57 57 44 57 57 57 44 32 57 57 57 44 57 57 57 44 57 57 57 44 57 57 57 44 57 57 57 44 57 57 57 44 57 57 57 44 57 57 57 44 57 57 57 44 57 57 57 44 32 57 57 57 44 57 57 57 44 57 57 57 44 57 57 57
07-28-09:20:12:915  : 相机 Send: System.Byte[]，成功
07-28-09:20:30:364  : 相机 Received: 51 68 79 75 44 48 46 56 57 50 44 48 46 56 56 51 44 48 46 56 53 52 44 49 46 53 49 52 44 49 46 53 50 54 44 49 46 53 51 50 44 49 46 53 50 56 44 49 46 53 49 50 44 49 46 52 57 55 44 49 46 52 56 57 44 49 46 52 57 51 44 48 46 54 51 44 48 46 54 53 55 44 48 46 54 53 54 44 48 46 54 53 52 44 48 46 54 52 50 44 48 46 53 57 56 44 48 46 53 57 52
07-28-09:20:30:364  : 相机 Send: System.Byte[]，成功
07-28-09:20:33:285  : 相机 Send: System.Byte[]，成功
07-28-09:20:34:300  : 相机 Received: 67 67 68 49 44 57 57 57 44 57 57 57 44 57 57 57 44 57 57 57 44 57 57 57 44 57 57 57 44 57 57 57 44 57 57 57 44 57 57 57 44 57 57 57 44 57 57 57 44 32 57 57 57 44 57 57 57 44 57 57 57 44 57 57 57 44 57 57 57 44 57 57 57 44 57 57 57 44 57 57 57 44 57 57 57 44 57 57 57 44 32 57 57 57 44 57 57 57 44 57 57 57 44 57 57 57 44 57 57 57 44 57 57 57 44 57 57 57 44 57 57 57 44 57 57 57 44 57 57 57 44 32 57 57 57 44 57 57 57 44 57 57 57 44 57 57 57 44 57 57 57 44 57 57 57 44 57 57 57 44 57 57 57 44 57 57 57 44 57 57 57 44 32 57 57 57 44 57 57 57 44 57 57 57 44 57 57 57
07-28-09:20:34:300  : 相机 Send: System.Byte[]，成功
07-28-09:20:51:703  : 相机 Received: 51 68 79 75 44 48 46 56 57 54 44 48 46 56 56 51 44 48 46 56 53 56 44 49 46 53 49 52 44 49 46 53 50 55 44 49 46 53 51 44 49 46 53 50 55 44 49 46 53 49 51 44 49 46 52 57 55 44 49 46 52 57 44 49 46 52 57 51 44 48 46 54 51 44 48 46 54 53 54 44 48 46 54 53 53 44 48 46 54 53 49 44 48 46 54 51 57 44 48 46 53 57 54 44 48 46 53 57 53
07-28-09:20:51:703  : 相机 Send: System.Byte[]，成功
07-28-09:20:54:671  : 相机 Send: System.Byte[]，成功
07-28-09:20:55:592  : 相机 Received: 67 67 68 49 44 57 57 57 44 57 57 57 44 57 57 57 44 57 57 57 44 57 57 57 44 57 57 57 44 57 57 57 44 57 57 57 44 57 57 57 44 57 57 57 44 57 57 57 44 32 57 57 57 44 57 57 57 44 57 57 57 44 57 57 57 44 57 57 57 44 57 57 57 44 57 57 57 44 57 57 57 44 57 57 57 44 57 57 57 44 32 57 57 57 44 57 57 57 44 57 57 57 44 57 57 57 44 57 57 57 44 57 57 57 44 57 57 57 44 57 57 57 44 57 57 57 44 57 57 57 44 32 57 57 57 44 57 57 57 44 57 57 57 44 57 57 57 44 57 57 57 44 57 57 57 44 57 57 57 44 57 57 57 44 57 57 57 44 57 57 57 44 32 57 57 57 44 57 57 57 44 57 57 57 44 57 57 57
07-28-09:20:55:592  : 相机 Send: System.Byte[]，成功
07-28-09:21:53:251  : 相机 Received: 51 68 79 75 44 48 46 56 57 52 44 48 46 56 56 54 44 48 46 56 53 53 44 49 46 53 49 52 44 49 46 53 50 54 44 49 46 53 51 50 44 49 46 53 50 56 44 49 46 53 49 50 44 49 46 52 57 54 44 49 46 52 56 56 44 49 46 52 57 51 44 48 46 54 51 44 48 46 54 53 54 44 48 46 54 53 54 44 48 46 54 53 51 44 48 46 54 52 49 44 48 46 53 57 53 44 48 46 53 57 51
07-28-09:21:53:251  : 相机 Send: System.Byte[]，成功
07-28-09:21:56:078  : 相机 Received: 84 51 59 53 44 49 50 55 46 48 46 48 46 49 58 52 57 55 49 51
07-28-09:21:56:969  : 相机 Received: 67 67 68 49 44 57 57 57 44 57 57 57 44 57 57 57 44 57 57 57 44 57 57 57 44 57 57 57 44 57 57 57 44 57 57 57 44 57 57 57 44 57 57 57 44 57 57 57 44 32 57 57 57 44 57 57 57 44 57 57 57 44 57 57 57 44 57 57 57 44 57 57 57 44 57 57 57 44 57 57 57 44 57 57 57 44 57 57 57 44 32 57 57 57 44 57 57 57 44 57 57 57 44 57 57 57 44 57 57 57 44 57 57 57 44 57 57 57 44 57 57 57 44 57 57 57 44 57 57 57 44 32 57 57 57 44 57 57 57 44 57 57 57 44 57 57 57 44 57 57 57 44 57 57 57 44 57 57 57 44 57 57 57 44 57 57 57 44 57 57 57 44 32 57 57 57 44 57 57 57 44 57 57 57 44 57 57 57
07-28-09:21:56:969  : 相机 Send: System.Byte[]，成功
07-28-09:22:17:807  : 相机 Received: 51 68 79 75 44 48 46 56 57 55 44 48 46 56 56 55 44 48 46 56 54 53 44 49 46 53 49 52 44 49 46 53 50 56 44 49 46 53 51 44 49 46 53 50 55 44 49 46 53 49 50 44 49 46 52 57 54 44 49 46 52 57 44 49 46 52 57 53 44 48 46 54 51 49 44 48 46 54 53 54 44 48 46 54 53 53 44 48 46 54 53 49 44 48 46 54 51 57 44 48 46 53 57 52 44 48 46 53 57 52
07-28-09:22:17:807  : 相机 Send: System.Byte[]，成功
07-28-09:22:20:729  : 相机 Received: 84 51 59 53 44 49 50 55 46 48 46 48 46 49 58 52 57 55 49 51
07-28-09:22:20:729  : 相机 Send: System.Byte[]，成功
07-28-09:22:21:650  : 相机 Received: 67 67 68 49 44 57 57 57 44 57 57 57 44 57 57 57 44 57 57 57 44 57 57 57 44 57 57 57 44 57 57 57 44 57 57 57 44 57 57 57 44 57 57 57 44 57 57 57 44 32 57 57 57 44 57 57 57 44 57 57 57 44 57 57 57 44 57 57 57 44 57 57 57 44 57 57 57 44 57 57 57 44 57 57 57 44 57 57 57 44 32 57 57 57 44 57 57 57 44 57 57 57 44 57 57 57 44 57 57 57 44 57 57 57 44 57 57 57 44 57 57 57 44 57 57 57 44 57 57 57 44 32 57 57 57 44 57 57 57 44 57 57 57 44 57 57 57 44 57 57 57 44 57 57 57 44 57 57 57 44 57 57 57 44 57 57 57 44 57 57 57 44 32 57 57 57 44 57 57 57 44 57 57 57 44 57 57 57
07-28-09:22:21:650  : 相机 Send: System.Byte[]，成功
07-28-09:24:12:763  : 相机 Received: 51 68 79 75 44 48 46 56 57 53 44 48 46 56 56 55 44 48 46 56 56 50 44 49 46 53 49 52 44 49 46 53 50 55 44 49 46 53 51 44 49 46 53 50 56 44 49 46 53 49 50 44 49 46 52 57 52 44 49 46 52 56 56 44 49 46 52 57 52 44 48 46 54 51 44 48 46 54 53 54 44 48 46 54 53 53 44 48 46 54 53 50 44 48 46 54 51 56 44 48 46 53 57 51 44 48 46 53 57 51
07-28-09:24:12:763  : 相机 Send: System.Byte[]，成功
07-28-09:24:25:385  : 相机 Send: System.Byte[]，成功
07-28-09:24:26:338  : 相机 Received: 67 67 68 49 44 57 57 57 44 57 57 57 44 57 57 57 44 57 57 57 44 57 57 57 44 57 57 57 44 57 57 57 44 57 57 57 44 57 57 57 44 57 57 57 44 57 57 57 44 32 57 57 57 44 57 57 57 44 57 57 57 44 57 57 57 44 57 57 57 44 57 57 57 44 57 57 57 44 57 57 57 44 57 57 57 44 57 57 57 44 32 57 57 57 44 57 57 57 44 57 57 57 44 57 57 57 44 57 57 57 44 57 57 57 44 57 57 57 44 57 57 57 44 57 57 57 44 57 57 57 44 32 57 57 57 44 57 57 57 44 57 57 57 44 57 57 57 44 57 57 57 44 57 57 57 44 57 57 57 44 57 57 57 44 57 57 57 44 57 57 57 44 32 57 57 57 44 57 57 57 44 57 57 57 44 57 57 57
07-28-09:24:26:338  : 相机 Send: System.Byte[]，成功
