10-18-09:34:55:719  : 相机 Send: System.Byte[]，成功
10-18-09:35:12:188  : 相机 Send: System.Byte[]，成功
10-18-09:45:44:029  : 相机 Send: System.Byte[]，成功
10-18-09:46:00:484  : 相机 Received: 67 67 68 49 44 45 48 46 49 51 51 44 52 52 46 50 51 57 44 45 54 46 56 55 57 44 49 46 57 51 49 44 49 46 57 48 55 44 49 46 57 53 54 44 51 46 51 55 44 51 46 51 55 50 44 48 46 49 44 48 46 51 57 52
10-18-09:46:00:484  : 相机 Send: System.Byte[]，成功
10-18-09:49:38:986  : 相机 Send: System.Byte[]，成功
10-18-09:49:49:006  : 相机 Received: 84 50 59 52 44 49 50 55 46 48 46 48 46 49 58 52 57 55 50 53
10-18-09:49:59:004  : 相机 Received: 84 50 59 53 44 49 50 55 46 48 46 48 46 49 58 52 57 55 50 53
10-18-09:50:09:068  : 相机 Received: 67 67 68 49 44 51 46 50 51 55 44 51 46 50 54 57 44 48 46 48 51 51 44 48 46 51 55 54 44 51 46 50 54 44 51 46 53 53 44 48 46 48 55 54 44 48 46 50 55 51 44 51 46 51 52 55 44 51 46 50 55 54 44 48 46 50 48 53 44 48 46 48 48 51 44 51 46 49 52 51 44 51 46 50 50 51 44 48 46 48 50 56 44 48 46 52 48 55 44 49 46 54 57 50 44 48 46 51 56 55
10-18-10:18:27:054  : 相机 Received: 84 49 59 49 44 49 50 55 46 48 46 48 46 49 58 52 57 55 50 53
10-18-10:18:27:055  : 相机 Send: System.Byte[]，成功
10-18-10:18:43:530  : 相机 Received: 67 67 68 49 44 57 57 57 44 57 57 57 44 57 57 57 44 57 57 57
10-18-10:20:43:010  : 相机 Received: 84 49 59 49 44 49 50 55 46 48 46 48 46 49 58 52 57 55 50 53
10-18-10:20:43:011  : 相机 Send: System.Byte[]，成功
10-18-10:20:59:456  : 相机 Received: 67 67 68 49 44 45 48 46 49 48 56 44 52 54 46 56 51 56 44 45 54 46 55 50 51 44 49 46 57 53 54 44 49 46 57 52 51 44 49 46 57 54 56 44 51 46 51 52 50 44 51 46 51 53 56 44 48 46 48 53 49 44 48 46 51 57 50
10-18-10:20:59:456  : 相机 Send: System.Byte[]，成功
10-18-10:22:17:637  : 相机 Received: 84 49 59 49 44 49 50 55 46 48 46 48 46 49 58 52 57 55 50 53
10-18-10:22:17:637  : 相机 Send: System.Byte[]，成功
10-18-10:22:34:096  : 相机 Received: 67 67 68 49 44 45 48 46 48 57 50 44 52 52 46 51 48 54 44 45 54 46 57 52 44 49 46 57 53 51 44 49 46 57 52 51 44 49 46 57 54 51 44 51 46 51 52 54 44 51 46 51 53 52 44 48 46 48 52 44 48 46 51 57 52
10-18-10:22:34:096  : 相机 Send: System.Byte[]，成功
10-18-10:24:05:104  : 相机 Received: 67 67 68 49 44 45 49 53 46 54 56 52 44 50 46 49 50 50 44 50 46 48 57 55 44 50 46 49 52 55 44 51 46 48 54 56 44 51 46 48 57 50
10-18-10:24:05:105  : 相机 Send: System.Byte[]，成功
10-18-10:26:32:370  : 相机 Received: 84 50 59 51 44 49 50 55 46 48 46 48 46 49 58 52 57 55 50 53
10-18-10:26:42:387  : 相机 Received: 84 50 59 52 44 49 50 55 46 48 46 48 46 49 58 52 57 55 50 53
10-18-10:26:52:406  : 相机 Received: 84 50 59 53 44 49 50 55 46 48 46 48 46 49 58 52 57 55 50 53
10-18-10:27:02:449  : 相机 Received: 67 67 68 49 44 51 46 50 51 49 44 51 46 50 55 49 44 48 46 48 51 51 44 48 46 51 55 54 44 51 46 50 54 56 44 51 46 51 55 51 44 48 46 48 55 54 44 48 46 50 55 51 44 51 46 51 53 55 44 51 46 50 57 50 44 48 46 50 48 53 44 48 46 48 48 51 44 51 46 49 52 55 44 51 46 49 57 56 44 48 46 48 50 56 44 48 46 52 48 55 44 49 46 53 51 51 44 49 46 51 54 52
10-18-10:27:02:449  : 相机 Send: System.Byte[]，成功
10-18-11:26:15:940  : 相机 Send: System.Byte[]，成功
10-18-11:26:32:407  : 相机 Received: 67 67 68 49 44 45 48 46 48 54 55 44 52 52 46 50 52 50 44 45 55 46 53 53 56 44 49 46 57 54 57 44 49 46 57 55 56 44 49 46 57 53 57 44 51 46 51 51 56 44 51 46 51 53 50 44 51 53 57 46 57 54 44 48 46 51 49 53
10-18-11:26:32:407  : 相机 Send: System.Byte[]，成功
10-18-11:27:42:934  : 相机 Received: 67 67 68 49 44 45 49 52 46 54 53 55 44 50 46 50 50 49 44 50 46 50 51 55 44 50 46 50 48 52 44 51 46 48 51 56 44 51 46 48 57 54
10-18-11:27:42:934  : 相机 Send: System.Byte[]，成功
10-18-11:32:51:089  : 相机 Received: 84 50 59 51 44 49 50 55 46 48 46 48 46 49 58 52 57 55 50 53
10-18-11:33:01:103  : 相机 Send: System.Byte[]，成功
10-18-11:33:11:120  : 相机 Received: 84 50 59 53 44 49 50 55 46 48 46 48 46 49 58 52 57 55 50 53
10-18-11:33:11:120  : 相机 Send: System.Byte[]，成功
10-18-11:33:21:157  : 相机 Send: System.Byte[]，成功
10-18-11:33:21:157  : 相机 Received: 67 67 68 49 44 51 46 50 54 52 44 51 46 50 44 48 46 48 51 51 44 48 46 51 55 54 44 51 46 50 48 51 44 51 46 53 51 52 44 48 46 48 55 54 44 48 46 50 55 51 44 51 46 51 49 49 44 51 46 52 52 51 44 48 46 50 48 53 44 48 46 48 48 51 44 51 46 50 52 55 44 51 46 48 53 49 44 48 46 48 50 56 44 48 46 52 48 55 44 49 46 50 51 51 44 49 46 53 57 53
10-18-11:45:27:136  : 相机 Received: 84 50 59 51 44 49 50 55 46 48 46 48 46 49 58 52 57 55 50 53
10-18-11:45:37:160  : 相机 Send: System.Byte[]，成功
10-18-11:45:47:173  : 相机 Send: System.Byte[]，成功
10-18-11:45:57:242  : 相机 Received: 67 67 68 49 44 51 46 50 54 44 51 46 49 57 55 44 48 46 48 51 51 44 48 46 51 55 54 44 51 46 50 48 51 44 51 46 51 53 51 44 48 46 48 55 54 44 48 46 50 55 51 44 51 46 51 49 50 44 51 46 52 52 53 44 48 46 50 48 53 44 48 46 48 48 51 44 51 46 50 53 49 44 51 46 50 53 44 48 46 48 50 56 44 48 46 52 48 55 44 49 46 50 48 52 44 49 46 53 56 52
10-18-11:59:46:952  : 相机 Send: System.Byte[]，成功
10-18-12:00:03:389  : 相机 Send: System.Byte[]，成功
10-18-12:01:07:102  : 相机 Received: 67 67 68 49 44 45 49 54 46 49 53 57 44 50 46 50 51 57 44 50 46 50 53 57 44 50 46 50 50 44 51 46 48 56 44 51 46 48 54 51
10-18-12:01:07:102  : 相机 Send: System.Byte[]，成功
10-18-12:03:08:475  : 相机 Received: 84 50 59 51 44 49 50 55 46 48 46 48 46 49 58 52 57 55 50 53
10-18-12:03:08:476  : 相机 Send: System.Byte[]，成功
10-18-12:03:18:488  : 相机 Received: 84 50 59 52 44 49 50 55 46 48 46 48 46 49 58 52 57 55 50 53
10-18-12:03:28:488  : 相机 Send: System.Byte[]，成功
10-18-12:03:38:558  : 相机 Send: System.Byte[]，成功
10-18-12:03:38:558  : 相机 Received: 67 67 68 49 44 51 46 50 55 44 51 46 50 52 57 44 48 46 48 51 51 44 48 46 51 55 54 44 51 46 50 51 44 51 46 51 54 56 44 48 46 48 55 54 44 48 46 50 55 51 44 51 46 51 56 57 44 51 46 51 57 54 44 48 46 50 48 53 44 48 46 48 48 51 44 51 46 49 53 56 44 51 46 50 48 56 44 48 46 48 50 56 44 48 46 52 48 55 44 49 46 51 52 49 44 48 46 57 50 54
10-18-13:16:03:614  : 相机 Received: 84 49 59 49 44 49 50 55 46 48 46 48 46 49 58 52 57 55 50 53
10-18-13:16:20:065  : 相机 Received: 67 67 68 49 44 45 48 46 48 49 50 44 52 52 46 49 48 50 44 45 55 46 48 52 51 44 50 46 48 48 54 44 49 46 57 55 53 44 50 46 48 51 54 44 51 46 51 55 53 44 51 46 51 55 56 44 48 46 49 50 53 44 48 46 51 49 50
10-18-13:17:19:618  : 相机 Received: 67 67 68 49 44 45 49 54 46 50 49 54 44 50 46 49 55 54 44 50 46 49 54 57 44 50 46 49 56 51 44 51 46 48 54 56 44 51 46 48 56 56
10-18-13:17:19:618  : 相机 Send: System.Byte[]，成功
10-18-13:19:37:085  : 相机 Send: System.Byte[]，成功
10-18-13:19:47:103  : 相机 Received: 84 50 59 52 44 49 50 55 46 48 46 48 46 49 58 52 57 55 50 53
10-18-13:19:57:126  : 相机 Send: System.Byte[]，成功
10-18-13:20:07:183  : 相机 Received: 67 67 68 49 44 51 46 50 52 50 44 51 46 50 56 51 44 48 46 48 51 51 44 48 46 51 55 54 44 51 46 50 56 51 44 51 46 51 56 53 44 48 46 48 55 54 44 48 46 50 55 51 44 51 46 52 48 54 44 51 46 51 48 49 44 48 46 50 48 53 44 48 46 48 48 51 44 51 46 49 52 55 44 51 46 50 54 56 44 48 46 48 50 56 44 48 46 52 48 55 44 49 46 52 50 54 44 51 46 51 56 49
10-18-13:26:14:391  : 相机 Send: System.Byte[]，成功
10-18-13:26:24:414  : 相机 Received: 84 50 59 52 44 49 50 55 46 48 46 48 46 49 58 52 57 55 50 53
10-18-13:26:34:419  : 相机 Received: 84 50 59 53 44 49 50 55 46 48 46 48 46 49 58 52 57 55 50 53
10-18-13:26:34:419  : 相机 Send: System.Byte[]，成功
10-18-13:26:44:487  : 相机 Received: 67 67 68 49 44 57 57 57 44 57 57 57 44 57 57 57 44 57 57 57 44 57 57 57 44 57 57 57 44 57 57 57 44 57 57 57 44 57 57 57 44 57 57 57 44 57 57 57 44 57 57 57 44 57 57 57 44 57 57 57 44 57 57 57 44 57 57 57 44 57 57 57 44 57 57 57
10-18-13:26:44:487  : 相机 Send: System.Byte[]，成功
10-18-13:34:16:444  : 相机 Send: System.Byte[]，成功
10-18-13:34:32:897  : 相机 Send: System.Byte[]，成功
10-18-13:34:32:897  : 相机 Received: 67 67 68 49 44 45 48 46 48 57 53 44 52 52 46 50 54 44 45 54 46 55 50 57 44 50 46 49 49 53 44 50 46 48 57 44 50 46 49 52 44 51 46 51 55 54 44 51 46 51 55 51 44 48 46 49 44 48 46 51 50 51
10-18-13:35:44:502  : 相机 Send: System.Byte[]，成功
10-18-13:37:57:932  : 相机 Received: 84 50 59 51 44 49 50 55 46 48 46 48 46 49 58 52 57 55 50 53
10-18-13:38:07:950  : 相机 Received: 84 50 59 52 44 49 50 55 46 48 46 48 46 49 58 52 57 55 50 53
10-18-13:38:17:952  : 相机 Received: 84 50 59 53 44 49 50 55 46 48 46 48 46 49 58 52 57 55 50 53
10-18-13:38:17:952  : 相机 Send: System.Byte[]，成功
10-18-13:38:28:005  : 相机 Received: 67 67 68 49 44 51 46 50 56 55 44 51 46 50 49 57 44 48 46 48 51 51 44 48 46 51 55 54 44 51 46 50 50 44 51 46 50 51 50 44 48 46 48 55 54 44 48 46 50 55 51 44 51 46 50 57 56 44 51 46 51 54 57 44 48 46 50 48 53 44 48 46 48 48 51 44 51 46 49 57 44 51 46 50 49 54 44 48 46 48 50 56 44 48 46 52 48 55 44 49 46 54 56 55 44 49 46 49 48 56
10-18-13:38:28:005  : 相机 Send: System.Byte[]，成功
10-18-13:50:26:941  : 相机 Send: System.Byte[]，成功
10-18-13:50:43:418  : 相机 Received: 67 67 68 49 44 45 48 46 48 54 57 44 52 52 46 50 53 53 44 45 54 46 55 57 52 44 50 46 49 48 53 44 50 46 48 57 51 44 50 46 49 49 55 44 51 46 51 53 54 44 51 46 51 56 44 48 46 48 53 44 48 46 52 49 56
10-18-13:51:45:170  : 相机 Received: 67 67 68 49 44 45 49 54 46 50 49 56 44 50 46 50 49 50 44 50 46 50 48 55 44 50 46 50 49 56 44 51 46 48 55 57 44 51 46 48 56 53
10-18-13:51:45:170  : 相机 Send: System.Byte[]，成功
10-18-13:54:02:098  : 相机 Send: System.Byte[]，成功
10-18-13:54:12:093  : 相机 Send: System.Byte[]，成功
10-18-13:54:22:112  : 相机 Received: 84 50 59 53 44 49 50 55 46 48 46 48 46 49 58 52 57 55 50 53
10-18-13:54:32:174  : 相机 Received: 67 67 68 49 44 57 57 57 44 57 57 57 44 57 57 57 44 57 57 57 44 57 57 57 44 57 57 57 44 57 57 57 44 57 57 57 44 57 57 57 44 57 57 57 44 57 57 57 44 57 57 57 44 57 57 57 44 57 57 57 44 57 57 57 44 57 57 57 44 57 57 57 44 57 57 57
10-18-13:54:32:174  : 相机 Send: System.Byte[]，成功
10-18-14:00:35:206  : 相机 Received: 84 49 59 49 44 49 50 55 46 48 46 48 46 49 58 52 57 55 50 53
10-18-14:00:51:653  : 相机 Received: 67 67 68 49 44 57 57 57 44 57 57 57 44 57 57 57 44 57 57 57
10-18-14:00:51:653  : 相机 Send: System.Byte[]，成功
10-18-14:01:30:839  : 相机 Received: 84 49 59 49 44 49 50 55 46 48 46 48 46 49 58 52 57 55 50 53
10-18-14:01:47:270  : 相机 Received: 67 67 68 49 44 57 57 57 44 57 57 57 44 57 57 57 44 57 57 57
10-18-14:01:47:271  : 相机 Send: System.Byte[]，成功
10-18-14:03:04:752  : 相机 Send: System.Byte[]，成功
10-18-14:03:21:478  : 相机 Received: 67 67 68 49 44 57 57 57 44 57 57 57 44 57 57 57 44 57 57 57
10-18-14:03:21:478  : 相机 Send: System.Byte[]，成功
10-18-14:04:40:772  : 相机 Send: System.Byte[]，成功
10-18-14:04:57:241  : 相机 Received: 67 67 68 49 44 45 48 46 48 52 56 44 52 53 46 50 48 49 44 45 53 46 50 55 50 44 50 46 48 54 57 44 50 46 48 53 50 44 50 46 48 56 53 44 51 46 51 48 55 44 51 46 51 54 56 44 48 46 48 55 51 44 48 46 52 51 50
10-18-14:04:57:241  : 相机 Send: System.Byte[]，成功
10-18-14:08:19:563  : 相机 Received: 67 67 68 49 44 45 49 54 46 48 56 56 44 50 46 50 50 44 50 46 50 49 49 44 50 46 50 51 44 51 46 48 51 51 44 51 46 48 57 53
10-18-14:08:19:563  : 相机 Send: System.Byte[]，成功
10-18-14:13:03:849  : 相机 Send: System.Byte[]，成功
10-18-14:13:20:302  : 相机 Received: 67 67 68 49 44 45 48 46 48 54 56 44 52 52 46 53 49 53 44 45 54 46 53 56 57 44 49 46 57 55 52 44 49 46 57 53 55 44 49 46 57 57 44 51 46 51 50 55 44 51 46 51 53 44 48 46 48 54 57 44 48 46 52 50 51
10-18-14:13:20:302  : 相机 Send: System.Byte[]，成功
10-18-14:14:22:134  : 相机 Received: 67 67 68 49 44 45 49 52 46 56 52 49 44 50 46 50 51 49 44 50 46 50 51 44 50 46 50 51 50 44 51 46 48 54 50 44 51 46 48 54 53
10-18-14:14:22:135  : 相机 Send: System.Byte[]，成功
10-18-14:16:27:306  : 相机 Received: 84 50 59 51 44 49 50 55 46 48 46 48 46 49 58 52 57 55 50 53
10-18-14:16:37:337  : 相机 Send: System.Byte[]，成功
10-18-14:16:47:347  : 相机 Received: 84 50 59 53 44 49 50 55 46 48 46 48 46 49 58 52 57 55 50 53
10-18-14:16:47:348  : 相机 Send: System.Byte[]，成功
10-18-14:16:57:402  : 相机 Received: 67 67 68 49 44 51 46 50 48 56 44 51 46 50 49 51 44 48 46 48 51 51 44 48 46 51 55 54 44 51 46 50 52 56 44 51 46 50 49 49 44 48 46 48 55 54 44 48 46 50 55 51 44 51 46 51 48 54 44 51 46 49 55 55 44 48 46 50 48 53 44 48 46 48 48 51 44 51 46 49 52 51 44 51 46 49 57 54 44 48 46 48 50 56 44 48 46 52 48 55 44 49 46 53 49 44 49 46 49 50 55
10-18-14:16:57:402  : 相机 Send: System.Byte[]，成功
10-18-14:30:58:216  : 相机 Received: 84 49 59 49 44 49 50 55 46 48 46 48 46 49 58 52 57 55 50 53
10-18-14:31:14:683  : 相机 Received: 67 67 68 49 44 45 48 46 48 50 49 44 52 52 46 48 53 55 44 45 54 46 54 50 56 44 50 46 48 49 49 44 49 46 57 57 57 44 50 46 48 50 52 44 51 46 51 52 51 44 51 46 51 52 50 44 48 46 48 53 51 44 48 46 52 50 54
10-18-14:31:14:683  : 相机 Send: System.Byte[]，成功
10-18-14:33:09:471  : 相机 Received: 67 67 68 49 44 45 49 54 46 52 53 52 44 50 46 50 48 53 44 50 46 50 48 55 44 50 46 50 48 50 44 51 46 48 53 57 44 51 46 48 56 57
10-18-14:33:09:471  : 相机 Send: System.Byte[]，成功
10-18-14:35:24:720  : 相机 Send: System.Byte[]，成功
10-18-14:35:34:718  : 相机 Send: System.Byte[]，成功
10-18-14:35:44:739  : 相机 Received: 84 50 59 53 44 49 50 55 46 48 46 48 46 49 58 52 57 55 50 53
10-18-14:35:44:739  : 相机 Send: System.Byte[]，成功
10-18-14:35:54:795  : 相机 Received: 67 67 68 49 44 51 46 50 48 53 44 51 46 50 55 49 44 48 46 48 51 51 44 48 46 51 55 54 44 51 46 50 56 53 44 51 46 51 56 50 44 48 46 48 55 54 44 48 46 50 55 51 44 51 46 51 57 57 44 51 46 50 56 50 44 48 46 50 48 53 44 48 46 48 48 51 44 51 46 49 52 55 44 51 46 49 57 57 44 48 46 48 50 56 44 48 46 52 48 55 44 48 46 55 57 54 44 48 46 55 49 49
10-18-14:35:54:795  : 相机 Send: System.Byte[]，成功
10-18-15:20:01:717  : 相机 Send: System.Byte[]，成功
10-18-15:20:18:168  : 相机 Received: 67 67 68 49 44 45 48 46 48 51 49 44 52 52 46 51 51 53 44 45 54 46 49 54 54 44 50 46 48 48 56 44 49 46 57 56 49 44 50 46 48 51 53 44 51 46 51 52 53 44 51 46 51 53 44 48 46 49 49 52 44 48 46 52 48 51
10-18-15:20:18:168  : 相机 Send: System.Byte[]，成功
10-18-15:21:18:386  : 相机 Send: System.Byte[]，成功
10-18-15:21:18:386  : 相机 Received: 67 67 68 49 44 45 49 54 46 48 54 52 44 50 46 49 55 52 44 50 46 49 54 52 44 50 46 49 56 52 44 51 46 48 53 54 44 51 46 48 55
10-18-15:23:29:060  : 相机 Received: 84 50 59 51 44 49 50 55 46 48 46 48 46 49 58 52 57 55 50 53
10-18-15:23:39:091  : 相机 Received: 84 50 59 52 44 49 50 55 46 48 46 48 46 49 58 52 57 55 50 53
10-18-15:23:39:091  : 相机 Send: System.Byte[]，成功
10-18-15:23:49:114  : 相机 Received: 84 50 59 53 44 49 50 55 46 48 46 48 46 49 58 52 57 55 50 53
10-18-15:23:49:114  : 相机 Send: System.Byte[]，成功
10-18-15:23:59:158  : 相机 Send: System.Byte[]，成功
10-18-15:23:59:158  : 相机 Received: 67 67 68 49 44 51 46 50 51 51 44 51 46 50 57 51 44 48 46 48 51 51 44 48 46 51 55 54 44 51 46 51 48 55 44 51 46 51 56 52 44 48 46 48 55 54 44 48 46 50 55 51 44 51 46 51 55 50 44 51 46 50 54 53 44 48 46 50 48 53 44 48 46 48 48 51 44 51 46 49 52 57 44 51 46 50 51 51 44 48 46 48 50 56 44 48 46 52 48 55 44 49 46 49 54 55 44 49 46 54 51 50
10-18-15:29:31:430  : 相机 Send: System.Byte[]，成功
10-18-15:29:47:886  : 相机 Received: 67 67 68 49 44 45 48 46 48 48 49 44 52 52 46 48 48 56 44 45 55 46 50 53 54 44 50 46 48 52 54 44 50 46 48 51 56 44 50 46 48 53 52 44 51 46 51 51 55 44 51 46 51 52 56 44 48 46 48 51 49 44 48 46 52
10-18-15:30:55:948  : 相机 Received: 67 67 68 49 44 45 49 54 46 52 55 54 44 50 46 50 48 53 44 50 46 50 48 53 44 50 46 50 48 54 44 51 46 48 54 56 44 51 46 48 54 56
10-18-15:30:55:949  : 相机 Send: System.Byte[]，成功
10-18-15:34:30:683  : 相机 Received: 84 50 59 51 44 49 50 55 46 48 46 48 46 49 58 52 57 55 50 53
10-18-15:34:40:686  : 相机 Send: System.Byte[]，成功
10-18-15:34:50:692  : 相机 Received: 84 50 59 53 44 49 50 55 46 48 46 48 46 49 58 52 57 55 50 53
10-18-15:35:00:763  : 相机 Send: System.Byte[]，成功
10-18-15:35:00:763  : 相机 Received: 67 67 68 49 44 51 46 50 50 54 44 51 46 50 55 52 44 48 46 48 51 51 44 48 46 51 55 54 44 51 46 50 56 54 44 51 46 51 54 53 44 48 46 48 55 54 44 48 46 50 55 51 44 51 46 51 53 55 44 51 46 51 48 56 44 48 46 50 48 53 44 48 46 48 48 51 44 51 46 49 53 44 51 46 50 51 44 48 46 48 50 56 44 48 46 52 48 55 44 49 46 52 51 51 44 49 46 48 55 57
10-18-15:44:53:983  : 相机 Send: System.Byte[]，成功
10-18-15:45:10:426  : 相机 Received: 67 67 68 49 44 45 48 46 48 49 44 52 52 46 51 49 53 44 45 55 46 55 49 57 44 50 46 48 51 53 44 49 46 57 57 53 44 50 46 48 55 53 44 51 46 51 52 52 44 51 46 51 55 52 44 48 46 49 54 54 44 48 46 51 57 54
10-18-15:46:12:276  : 相机 Send: System.Byte[]，成功
10-18-15:49:07:100  : 相机 Send: System.Byte[]，成功
10-18-15:49:17:115  : 相机 Send: System.Byte[]，成功
10-18-15:49:27:112  : 相机 Received: 84 50 59 53 44 49 50 55 46 48 46 48 46 49 58 52 57 55 50 53
10-18-15:49:37:189  : 相机 Send: System.Byte[]，成功
10-18-15:49:37:189  : 相机 Received: 67 67 68 49 44 51 46 50 53 50 44 51 46 51 48 53 44 48 46 48 51 51 44 48 46 51 55 54 44 51 46 51 48 55 44 51 46 51 56 50 44 48 46 48 55 54 44 48 46 50 55 51 44 51 46 52 48 53 44 51 46 50 57 44 48 46 50 48 53 44 48 46 48 48 51 44 51 46 49 53 50 44 51 46 50 55 57 44 48 46 48 50 56 44 48 46 52 48 55 44 49 46 54 55 56 44 50 46 48 53 49
10-18-16:00:16:545  : 相机 Received: 84 49 59 49 44 49 50 55 46 48 46 48 46 49 58 52 57 55 50 53
10-18-16:00:33:009  : 相机 Send: System.Byte[]，成功
10-18-16:00:33:009  : 相机 Received: 67 67 68 49 44 45 48 46 48 54 49 44 52 52 46 50 50 56 44 45 55 46 49 50 56 44 49 46 57 56 51 44 49 46 57 54 44 50 46 48 48 54 44 51 46 51 55 53 44 51 46 51 52 54 44 48 46 48 57 52 44 48 46 51 57 53
10-18-16:01:49:415  : 相机 Received: 67 67 68 49 44 45 49 54 46 50 57 51 44 50 46 49 56 56 44 50 46 49 56 55 44 50 46 49 57 44 51 46 48 53 54 44 51 46 48 55 56
10-18-16:01:49:415  : 相机 Send: System.Byte[]，成功
10-18-16:03:57:403  : 相机 Send: System.Byte[]，成功
10-18-16:04:07:414  : 相机 Received: 84 50 59 52 44 49 50 55 46 48 46 48 46 49 58 52 57 55 50 53
10-18-16:04:07:414  : 相机 Send: System.Byte[]，成功
10-18-16:04:17:427  : 相机 Send: System.Byte[]，成功
10-18-16:04:27:483  : 相机 Received: 67 67 68 49 44 51 46 50 54 57 44 51 46 50 50 56 44 48 46 48 51 51 44 48 46 51 55 54 44 51 46 50 49 54 44 51 46 51 52 57 44 48 46 48 55 54 44 48 46 50 55 51 44 51 46 51 50 52 44 51 46 51 54 51 44 48 46 50 48 53 44 48 46 48 48 51 44 51 46 49 55 49 44 51 46 50 49 49 44 48 46 48 50 56 44 48 46 52 48 55 44 49 46 48 53 57 44 49 46 55 52 50
10-18-16:04:27:483  : 相机 Send: System.Byte[]，成功
10-18-16:08:31:754  : 相机 Received: 84 49 59 49 44 49 50 55 46 48 46 48 46 49 58 52 57 55 50 53
10-18-16:08:48:220  : 相机 Received: 67 67 68 49 44 45 48 46 48 57 49 44 52 52 46 52 52 52 44 45 54 46 57 52 55 44 49 46 57 52 51 44 49 46 57 53 44 49 46 57 51 53 44 51 46 51 55 50 44 51 46 51 53 53 44 51 53 57 46 57 54 57 44 48 46 52 49 51
10-18-16:08:48:220  : 相机 Send: System.Byte[]，成功
10-18-16:09:48:917  : 相机 Received: 67 67 68 49 44 45 49 54 46 49 57 53 44 50 46 49 57 50 44 50 46 49 57 51 44 50 46 49 57 44 51 46 48 55 44 51 46 48 51
10-18-16:09:48:918  : 相机 Send: System.Byte[]，成功
10-18-16:11:54:024  : 相机 Received: 84 50 59 51 44 49 50 55 46 48 46 48 46 49 58 52 57 55 50 53
10-18-16:11:54:024  : 相机 Send: System.Byte[]，成功
10-18-16:12:04:046  : 相机 Send: System.Byte[]，成功
10-18-16:12:14:074  : 相机 Received: 84 50 59 53 44 49 50 55 46 48 46 48 46 49 58 52 57 55 50 53
10-18-16:12:24:112  : 相机 Received: 67 67 68 49 44 51 46 50 54 53 44 51 46 50 48 49 44 48 46 48 51 51 44 48 46 51 55 54 44 51 46 50 48 51 44 51 46 51 52 53 44 48 46 48 55 54 44 48 46 50 55 51 44 51 46 50 57 56 44 51 46 51 57 57 44 48 46 50 48 53 44 48 46 48 48 51 44 51 46 49 54 55 44 51 46 50 48 55 44 48 46 48 50 56 44 48 46 52 48 55 44 49 46 51 49 50 44 49 46 50 52 55
10-18-16:12:24:113  : 相机 Send: System.Byte[]，成功
10-18-16:49:23:328  : 相机 Received: 84 49 59 49 44 49 50 55 46 48 46 48 46 49 58 52 57 55 50 53
10-18-16:49:23:329  : 相机 Send: System.Byte[]，成功
10-18-16:49:39:791  : 相机 Received: 67 67 68 49 44 45 48 46 49 50 52 44 52 52 46 54 50 53 44 45 54 46 51 51 56 44 49 46 57 48 56 44 49 46 56 57 50 44 49 46 57 50 53 44 51 46 51 51 57 44 51 46 51 54 49 44 48 46 48 54 56 44 48 46 51 57
10-18-16:49:39:791  : 相机 Send: System.Byte[]，成功
10-18-16:50:44:747  : 相机 Received: 67 67 68 49 44 45 49 53 46 53 50 53 44 50 46 49 50 50 44 50 46 49 50 53 44 50 46 49 50 44 51 46 48 55 51 44 51 46 48 55 52
10-18-16:50:44:747  : 相机 Send: System.Byte[]，成功
10-18-16:53:00:332  : 相机 Send: System.Byte[]，成功
10-18-16:53:10:331  : 相机 Send: System.Byte[]，成功
10-18-16:53:10:331  : 相机 Received: 84 50 59 52 44 49 50 55 46 48 46 48 46 49 58 52 57 55 50 53
10-18-16:53:20:361  : 相机 Send: System.Byte[]，成功
10-18-16:53:30:408  : 相机 Received: 67 67 68 49 44 51 46 50 50 52 44 51 46 50 52 57 44 48 46 48 51 51 44 48 46 51 55 54 44 51 46 50 52 51 44 51 46 50 57 56 44 48 46 48 55 54 44 48 46 50 55 51 44 51 46 51 51 52 44 51 46 51 49 54 44 48 46 50 48 53 44 48 46 48 48 51 44 51 46 49 53 52 44 51 46 49 54 54 44 48 46 48 50 56 44 48 46 52 48 55 44 49 46 51 52 51 44 49 46 48 57 52
10-18-16:53:30:408  : 相机 Send: System.Byte[]，成功
10-18-17:01:29:884  : 相机 Received: 84 49 59 49 44 49 50 55 46 48 46 48 46 49 58 52 57 55 50 53
10-18-17:01:46:350  : 相机 Received: 67 67 68 49 44 57 57 57 44 57 57 57 44 57 57 57 44 57 57 57
10-18-17:08:19:161  : 相机 Send: System.Byte[]，成功
10-18-17:08:35:606  : 相机 Received: 67 67 68 49 44 45 48 46 48 55 52 44 50 50 46 52 56 52 44 45 55 46 49 53 52 44 49 46 57 53 57 44 49 46 57 55 52 44 49 46 57 52 53 44 51 46 51 53 54 44 51 46 51 53 57 44 51 53 57 46 57 52 49 44 48 46 51 57 52
10-18-17:12:22:897  : 相机 Send: System.Byte[]，成功
10-18-17:12:22:897  : 相机 Received: 84 49 59 49 44 49 50 55 46 48 46 48 46 49 58 52 57 55 50 53
10-18-17:12:39:328  : 相机 Received: 67 67 68 49 44 45 48 46 48 55 57 44 52 52 46 49 48 55 44 45 55 46 48 53 49 44 49 46 57 53 52 44 49 46 57 55 49 44 49 46 57 51 56 44 51 46 51 53 55 44 51 46 51 53 52 44 51 53 57 46 57 51 44 48 46 51 57 52
10-18-17:12:39:328  : 相机 Send: System.Byte[]，成功
10-18-17:13:45:677  : 相机 Received: 67 67 68 49 44 45 49 54 46 52 57 56 44 50 46 49 56 54 44 50 46 50 44 50 46 49 55 51 44 51 46 48 54 54 44 51 46 48 54 52
10-18-17:13:45:677  : 相机 Send: System.Byte[]，成功
10-18-17:15:54:372  : 相机 Send: System.Byte[]，成功
10-18-17:16:04:384  : 相机 Send: System.Byte[]，成功
10-18-17:16:04:384  : 相机 Received: 84 50 59 52 44 49 50 55 46 48 46 48 46 49 58 52 57 55 50 53
10-18-17:16:14:397  : 相机 Received: 84 50 59 53 44 49 50 55 46 48 46 48 46 49 58 52 57 55 50 53
10-18-17:16:24:452  : 相机 Send: System.Byte[]，成功
10-18-17:26:28:476  : 相机 Send: System.Byte[]，成功
10-18-17:26:44:920  : 相机 Received: 67 67 68 49 44 45 48 46 48 57 49 44 52 52 46 50 56 57 44 45 54 46 55 53 57 44 49 46 57 52 53 44 49 46 57 53 51 44 49 46 57 51 55 44 51 46 51 52 51 44 51 46 51 51 44 51 53 57 46 57 54 56 44 48 46 52 48 56
10-18-17:27:49:472  : 相机 Received: 67 67 68 49 44 45 49 54 46 49 52 54 44 50 46 49 55 55 44 50 46 49 56 51 44 50 46 49 55 50 44 51 46 48 55 51 44 51 46 48 55 51
10-18-17:27:49:472  : 相机 Send: System.Byte[]，成功
10-18-17:29:51:726  : 相机 Received: 84 50 59 51 44 49 50 55 46 48 46 48 46 49 58 52 57 55 50 53
10-18-17:30:01:734  : 相机 Send: System.Byte[]，成功
10-18-17:30:11:746  : 相机 Received: 84 50 59 53 44 49 50 55 46 48 46 48 46 49 58 52 57 55 50 53
10-18-17:30:21:814  : 相机 Send: System.Byte[]，成功
10-18-17:30:21:814  : 相机 Received: 67 67 68 49 44 51 46 50 53 52 44 51 46 49 56 54 44 48 46 48 51 51 44 48 46 51 55 54 44 51 46 49 56 52 44 51 46 54 50 49 44 48 46 48 55 54 44 48 46 50 55 51 44 51 46 51 51 51 44 51 46 52 49 51 44 48 46 50 48 53 44 48 46 48 48 51 44 51 46 51 51 52 44 51 46 49 56 57 44 48 46 48 50 56 44 48 46 52 48 55 44 49 46 55 53 55 44 49 46 48 54 57
10-18-18:00:17:120  : 相机 Send: System.Byte[]，成功
10-18-18:00:33:550  : 相机 Send: System.Byte[]，成功
10-18-18:00:33:550  : 相机 Received: 67 67 68 49 44 45 48 46 48 51 50 44 52 51 46 55 53 54 44 45 53 46 57 52 53 44 49 46 57 57 57 44 49 46 57 54 55 44 50 46 48 51 49 44 51 46 51 51 54 44 51 46 51 52 44 48 46 49 51 52 44 48 46 51 57 51
10-18-18:03:26:954  : 相机 Received: 67 67 68 49 44 57 57 57 44 57 57 57 44 57 57 57 44 57 57 57 44 57 57 57 44 57 57 57
10-18-18:03:26:954  : 相机 Send: System.Byte[]，成功
10-18-18:11:02:008  : 相机 Send: System.Byte[]，成功
10-18-18:11:18:464  : 相机 Received: 67 67 68 49 44 45 48 46 48 55 44 56 46 55 57 44 45 54 46 52 51 54 44 49 46 57 53 44 49 46 57 55 52 44 49 46 57 50 54 44 51 46 51 51 51 44 51 46 51 53 53 44 51 53 57 46 56 57 56 44 48 46 51 56 57
10-18-18:11:18:464  : 相机 Send: System.Byte[]，成功
10-18-18:12:02:843  : 相机 Received: 84 49 59 49 44 49 50 55 46 48 46 48 46 49 58 52 57 55 50 53
10-18-18:12:02:843  : 相机 Send: System.Byte[]，成功
10-18-18:12:19:283  : 相机 Received: 67 67 68 49 44 45 48 46 48 55 51 44 52 57 46 57 53 56 44 45 54 46 50 55 44 49 46 57 53 44 49 46 57 55 53 44 49 46 57 50 52 44 51 46 51 51 53 44 51 46 51 53 52 44 51 53 57 46 56 57 51 44 48 46 51 56 54
10-18-18:12:19:283  : 相机 Send: System.Byte[]，成功
10-18-18:16:04:724  : 相机 Received: 84 49 59 49 44 49 50 55 46 48 46 48 46 49 58 52 57 55 50 53
10-18-18:16:21:165  : 相机 Received: 67 67 68 49 44 45 48 46 48 57 50 44 52 52 46 50 53 55 44 45 54 46 52 52 56 44 49 46 57 51 51 44 49 46 57 53 52 44 49 46 57 49 49 44 51 46 51 51 51 44 51 46 51 52 55 44 51 53 57 46 57 49 44 48 46 51 56 57
10-18-18:16:21:165  : 相机 Send: System.Byte[]，成功
10-18-18:20:28:596  : 相机 Received: 67 67 68 49 44 45 49 54 46 51 51 49 44 50 46 49 50 44 50 46 49 51 51 44 50 46 49 48 56 44 51 46 48 54 57 44 51 46 48 53 56
10-18-18:20:28:596  : 相机 Send: System.Byte[]，成功
10-18-18:28:43:473  : 相机 Received: 84 50 59 51 44 49 50 55 46 48 46 48 46 49 58 52 57 55 50 53
10-18-18:28:53:482  : 相机 Received: 84 50 59 52 44 49 50 55 46 48 46 48 46 49 58 52 57 55 50 53
10-18-18:29:03:494  : 相机 Send: System.Byte[]，成功
10-18-18:29:13:573  : 相机 Send: System.Byte[]，成功
10-18-18:59:45:070  : 相机 Received: 84 49 59 49 44 49 50 55 46 48 46 48 46 49 58 52 57 55 50 53
10-18-18:59:45:070  : 相机 Send: System.Byte[]，成功
10-18-19:00:01:521  : 相机 Received: 67 67 68 49 44 45 48 46 49 49 54 44 52 52 46 49 54 55 44 45 55 46 48 55 49 44 49 46 57 50 50 44 49 46 57 50 44 49 46 57 50 52 44 51 46 51 53 57 44 51 46 51 54 44 48 46 48 48 56 44 48 46 52 48 55
10-18-19:01:14:914  : 相机 Received: 67 67 68 49 44 45 49 55 46 53 56 50 44 50 46 48 57 57 44 50 46 48 55 52 44 50 46 49 50 52 44 51 46 48 55 54 44 51 46 48 57 49
10-18-19:01:14:914  : 相机 Send: System.Byte[]，成功
10-18-19:08:04:728  : 相机 Send: System.Byte[]，成功
10-18-19:08:14:729  : 相机 Received: 84 50 59 52 44 49 50 55 46 48 46 48 46 49 58 52 57 55 50 53
10-18-19:08:14:729  : 相机 Send: System.Byte[]，成功
10-18-19:08:24:731  : 相机 Received: 84 50 59 53 44 49 50 55 46 48 46 48 46 49 58 52 57 55 50 53
10-18-19:08:34:792  : 相机 Send: System.Byte[]，成功
10-18-19:10:10:506  : 相机 Send: System.Byte[]，成功
10-18-19:10:20:506  : 相机 Send: System.Byte[]，成功
10-18-19:10:30:521  : 相机 Received: 84 50 59 53 44 49 50 55 46 48 46 48 46 49 58 52 57 55 50 53
10-18-19:10:40:580  : 相机 Send: System.Byte[]，成功
