10-12-10:49:16:128  : 相机 Send: System.Byte[]，成功
10-12-10:49:46:774  : 相机 Send: System.Byte[]，成功
10-12-11:08:51:419  : 相机 Received: 84 49 59 49 44 49 50 55 46 48 46 48 46 49 58 52 57 55 50 55
10-12-11:09:21:999  : 相机 Received: 67 67 68 49 44 48 46 51 53 51 44 52 51 46 51 57 57
10-12-11:09:22:000  : 相机 Send: System.Byte[]，成功
10-12-11:12:05:200  : 相机 Received: 84 49 59 49 44 49 50 55 46 48 46 48 46 49 58 52 57 55 50 55
10-12-11:12:35:808  : 相机 Received: 67 67 68 49 44 48 46 51 53 51 44 52 52 46 49 53 54
10-12-11:12:35:808  : 相机 Send: System.Byte[]，成功
10-12-13:36:09:746  : 相机 Received: 84 49 59 49 44 49 50 55 46 48 46 48 46 49 58 52 57 55 50 55
10-12-13:36:40:352  : 相机 Received: 67 67 68 49 44 57 57 57 44 57 57 57
10-12-13:36:40:353  : 相机 Send: System.Byte[]，成功
10-12-13:37:47:108  : 相机 Received: 84 49 59 49 44 49 50 55 46 48 46 48 46 49 58 52 57 55 50 55
10-12-13:38:17:726  : 相机 Received: 67 67 68 49 44 57 57 57 44 57 57 57
10-12-13:38:17:726  : 相机 Send: System.Byte[]，成功
10-12-13:40:24:145  : 相机 Send: System.Byte[]，成功
10-12-13:40:54:741  : 相机 Send: System.Byte[]，成功
10-12-13:45:49:587  : 相机 Received: 84 49 59 49 44 49 50 55 46 48 46 48 46 49 58 52 57 55 50 55
10-12-13:45:49:587  : 相机 Send: System.Byte[]，成功
10-12-13:46:20:177  : 相机 Received: 67 67 68 49 44 57 57 57 44 57 57 57
10-12-13:46:20:177  : 相机 Send: System.Byte[]，成功
10-12-13:48:17:927  : 相机 Send: System.Byte[]，成功
10-12-13:48:17:927  : 相机 Received: 84 49 59 49 44 49 50 55 46 48 46 48 46 49 58 53 48 50 52 57
10-12-13:48:48:520  : 相机 Received: 67 67 68 49 44 57 57 57 44 57 57 57
10-12-13:48:48:520  : 相机 Send: System.Byte[]，成功
10-12-13:52:54:267  : 相机 Received: 84 49 59 49 44 49 50 55 46 48 46 48 46 49 58 53 48 50 52 57
10-12-13:53:24:881  : 相机 Send: System.Byte[]，成功
10-12-13:53:24:881  : 相机 Received: 67 67 68 49 44 57 57 57 44 57 57 57
10-12-14:02:06:779  : 相机 Received: 84 49 59 49 44 49 50 55 46 48 46 48 46 49 58 53 48 50 52 57
10-12-14:02:37:374  : 相机 Received: 67 67 68 49 44 48 46 51 53 50 44 52 52 46 49 57 49
10-12-14:02:37:374  : 相机 Send: System.Byte[]，成功
10-12-14:12:42:125  : 相机 Send: System.Byte[]，成功
10-12-14:12:52:130  : 相机 Received: 84 50 59 52 44 49 50 55 46 48 46 48 46 49 58 53 48 50 52 57
10-12-14:12:52:130  : 相机 Send: System.Byte[]，成功
10-12-14:13:02:148  : 相机 Received: 84 50 59 53 44 49 50 55 46 48 46 48 46 49 58 53 48 50 52 57
10-12-14:13:02:148  : 相机 Send: System.Byte[]，成功
10-12-14:13:12:206  : 相机 Received: 67 67 68 49 44 51 46 50 55 44 51 46 50 50 57 44 48 46 48 51 51 44 48 46 51 55 54 44 51 46 54 49 50 44 51 46 49 48 52 44 48 46 48 55 54 44 48 46 50 55 51 44 51 46 53 57 55 44 50 46 56 50 56 44 48 46 50 48 53 44 48 46 48 48 51 44 51 46 52 52 49 44 51 46 51 51 49 44 48 46 48 50 56 44 48 46 52 48 55 44 49 46 51 56 55 44 50 46 52 51 53
10-12-14:17:40:375  : 相机 Send: System.Byte[]，成功
10-12-14:18:10:962  : 相机 Send: System.Byte[]，成功
10-12-14:28:34:774  : 相机 Received: 84 49 59 49 44 49 50 55 46 48 46 48 46 49 58 53 48 50 52 57
10-12-14:29:05:368  : 相机 Received: 67 67 68 49 44 48 46 51 51 55 44 52 52 46 53 51 51
10-12-14:29:05:368  : 相机 Send: System.Byte[]，成功
10-12-14:37:03:160  : 相机 Send: System.Byte[]，成功
10-12-14:37:19:618  : 相机 Received: 67 67 68 49 44 48 46 52 48 51 44 52 52 46 50 49 53
10-12-14:37:19:618  : 相机 Send: System.Byte[]，成功
10-12-14:45:35:030  : 相机 Send: System.Byte[]，成功
10-12-14:45:51:483  : 相机 Received: 67 67 68 49 44 48 46 51 56 57 44 52 52 46 53 56 50
10-12-14:45:51:483  : 相机 Send: System.Byte[]，成功
10-12-14:59:21:883  : 相机 Received: 84 49 59 49 44 49 50 55 46 48 46 48 46 49 58 53 48 50 52 57
10-12-14:59:38:303  : 相机 Received: 67 67 68 49 44 48 46 52 51 53 44 52 52 46 53 53
10-12-14:59:38:303  : 相机 Send: System.Byte[]，成功
10-12-15:09:21:022  : 相机 Send: System.Byte[]，成功
10-12-15:09:37:470  : 相机 Send: System.Byte[]，成功
10-12-15:14:31:592  : 相机 Send: System.Byte[]，成功
10-12-15:14:48:083  : 相机 Received: 67 67 68 49 44 48 46 50 57 57 44 52 52 46 57 54 51
10-12-15:14:48:083  : 相机 Send: System.Byte[]，成功
10-12-15:19:04:766  : 相机 Received: 84 50 59 51 44 49 50 55 46 48 46 48 46 49 58 53 48 50 52 57
10-12-15:19:04:766  : 相机 Send: System.Byte[]，成功
10-12-15:19:14:785  : 相机 Send: System.Byte[]，成功
10-12-15:19:24:783  : 相机 Received: 84 50 59 53 44 49 50 55 46 48 46 48 46 49 58 53 48 50 52 57
10-12-15:19:34:832  : 相机 Received: 67 67 68 49 44 51 46 51 50 49 44 51 46 52 50 54 44 48 46 48 51 51 44 48 46 51 55 54 44 51 46 52 53 44 51 46 51 57 54 44 48 46 48 55 54 44 48 46 50 55 51 44 51 46 51 54 51 44 51 46 50 55 55 44 48 46 50 48 53 44 48 46 48 48 51 44 51 46 50 56 49 44 51 46 50 52 44 48 46 48 50 56 44 48 46 52 48 55 44 52 46 49 57 53 44 49 46 48 56 53
10-12-15:19:34:833  : 相机 Send: System.Byte[]，成功
10-12-15:32:34:984  : 相机 Send: System.Byte[]，成功
10-12-15:32:34:984  : 相机 Received: 84 49 59 49 44 49 50 55 46 48 46 48 46 49 58 53 48 50 52 57
10-12-15:32:51:436  : 相机 Received: 67 67 68 49 44 48 46 51 56 49 44 52 52 46 53 57 54
10-12-15:32:51:436  : 相机 Send: System.Byte[]，成功
10-12-15:44:14:575  : 相机 Send: System.Byte[]，成功
10-12-15:44:31:017  : 相机 Send: System.Byte[]，成功
10-12-15:44:31:017  : 相机 Received: 67 67 68 49 44 48 46 51 52 51 44 52 52 46 54 55 57
10-12-16:01:12:207  : 相机 Send: System.Byte[]，成功
10-12-16:01:12:207  : 相机 Received: 84 49 59 49 44 49 50 55 46 48 46 48 46 49 58 53 48 50 57 56
10-12-16:01:28:640  : 相机 Received: 67 67 68 49 44 45 50 46 50 52 53 44 52 50 46 57 57 54
10-12-16:01:28:640  : 相机 Send: System.Byte[]，成功
10-12-16:03:13:033  : 相机 Send: System.Byte[]，成功
10-12-16:03:13:033  : 相机 Received: 84 49 59 49 44 49 50 55 46 48 46 48 46 49 58 53 48 51 48 56
10-12-16:03:29:509  : 相机 Send: System.Byte[]，成功
10-12-16:20:24:362  : 相机 Send: System.Byte[]，成功
10-12-16:20:40:826  : 相机 Received: 67 67 68 49 44 48 46 50 55 56 44 52 52 46 54 52 54
10-12-16:20:40:826  : 相机 Send: System.Byte[]，成功
10-12-17:16:44:334  : 相机 Send: System.Byte[]，成功
10-12-17:17:00:799  : 相机 Received: 67 67 68 49 44 48 46 50 56 49 44 52 52 46 54 54 55
10-12-17:17:00:799  : 相机 Send: System.Byte[]，成功
10-12-17:36:16:387  : 相机 Received: 84 49 59 49 44 49 50 55 46 48 46 48 46 49 58 53 48 51 48 56
10-12-17:36:16:387  : 相机 Send: System.Byte[]，成功
10-12-17:36:32:868  : 相机 Received: 67 67 68 49 44 48 46 50 57 50 44 52 52 46 53 51 51
10-12-17:36:32:868  : 相机 Send: System.Byte[]，成功
