09-26-10:26:28:370  : 相机 Send: System.Byte[]，成功
09-26-10:26:28:374  : 相机 Received: 84 49 59 49 44 49 50 55 46 48 46 48 46 49 58 49 53 50 56
09-26-10:26:38:005  : 相机 Received: 67 67 68 49 44 57 57 57 44 57 57 57
09-26-10:26:38:005  : 相机 Send: System.Byte[]，成功
09-26-11:14:53:537  : 相机 Send: System.Byte[]，成功
09-26-11:14:53:537  : 相机 Received: 84 49 59 49 44 49 50 55 46 48 46 48 46 49 58 49 54 50 53
09-26-11:15:18:945  : 相机 Send: System.Byte[]，成功
09-26-11:21:53:829  : 相机 Send: System.Byte[]，成功
09-26-11:21:53:829  : 相机 Received: 84 49 59 49 44 49 50 55 46 48 46 48 46 49 58 57 51 54 53
09-26-11:22:19:076  : 相机 Received: 67 67 68 49 44 57 57 57 44 57 57 57
09-26-11:22:19:076  : 相机 Send: System.Byte[]，成功
09-26-11:30:54:846  : 相机 Received: 84 49 59 49 44 49 50 55 46 48 46 48 46 49 58 57 52 55 53
09-26-11:30:54:846  : 相机 Send: System.Byte[]，成功
09-26-11:31:25:478  : 相机 Received: 67 67 68 49 44 57 57 57 44 57 57 57
09-26-11:31:25:478  : 相机 Send: System.Byte[]，成功
09-26-11:34:26:390  : 相机 Received: 84 49 59 49 44 49 50 55 46 48 46 48 46 49 58 57 52 55 53
09-26-11:34:57:021  : 相机 Received: 67 67 68 49 44 57 57 57 44 57 57 57
09-26-11:34:57:022  : 相机 Send: System.Byte[]，成功
09-26-11:37:08:994  : 相机 Received: 84 49 59 49 44 49 50 55 46 48 46 48 46 49 58 57 52 55 53
09-26-11:37:39:612  : 相机 Send: System.Byte[]，成功
09-26-11:45:03:754  : 相机 Send: System.Byte[]，成功
09-26-11:45:34:366  : 相机 Send: System.Byte[]，成功
09-26-11:46:51:156  : 相机 Received: 84 49 59 49 44 49 50 55 46 48 46 48 46 49 58 57 52 55 53
09-26-11:47:21:760  : 相机 Received: 67 67 68 49 44 48 46 50 51 55 44 52 52 46 54 53 53
09-26-11:47:21:760  : 相机 Send: System.Byte[]，成功
09-26-14:01:01:372  : 相机 Received: 84 49 59 49 44 49 50 55 46 48 46 48 46 49 58 57 52 55 53
09-26-14:01:31:989  : 相机 Send: System.Byte[]，成功
09-26-14:02:41:641  : 相机 Send: System.Byte[]，成功
09-26-14:03:12:255  : 相机 Received: 67 67 68 49 44 57 57 57 44 57 57 57
09-26-14:03:12:255  : 相机 Send: System.Byte[]，成功
09-26-14:05:53:874  : 相机 Received: 84 49 59 49 44 49 50 55 46 48 46 48 46 49 58 57 52 55 53
09-26-14:05:53:874  : 相机 Send: System.Byte[]，成功
09-26-14:06:24:518  : 相机 Received: 67 67 68 49 44 48 46 52 44 52 52 46 51 55 57
09-26-14:06:24:518  : 相机 Send: System.Byte[]，成功
