07-23-11:25:25:096  : 相机 Send: System.Byte[]，成功
07-23-11:25:25:096  : 相机 Received: 34 76 97 115 101 114 44 48
07-23-11:30:10:649  : 相机 Send: System.Byte[]，成功
07-23-11:30:10:650  : 相机 Received: 34 76 97 115 101 114 44 48
07-23-11:30:21:643  : 相机 Send: System.Byte[]，成功
07-23-11:30:21:768  : 相机 Received: 34 84 49 44 48
07-23-11:30:21:768  : 相机 Send: System.Byte[]，成功
07-23-11:30:44:159  : 相机 Send: System.Byte[]，成功
07-23-11:33:21:784  : 相机 Send: System.Byte[]，成功
07-23-11:33:21:784  : 相机 Received: 34 76 97 115 101 114 44 48
07-23-11:36:07:705  : 相机 Send: System.Byte[]，成功
07-23-11:36:09:997  : 相机 Received: 51 68 79 75 44 57 57 57 44 57 57 57 44 57 57 57 44 57 57 57 44 57 57 57 44 57 57 57 44 57 57 57 44 57 57 57 44 57 57 57 44 57 57 57 44 57 57 57 44 57 57 57 44 57 57 57 44 57 57 57 44 57 57 57 44 57 57 57 44 57 57 57 44 57 57 57 44 57 57 57 44 57 57 57 44 57 57 57 44 57 57 57 44 57 57 57 44 57 57 57 44 57 57 57 44 57 57 57 44 57 57 57 44 57 57 57 44 57 57 57 44 57 57 57
07-23-13:47:13:605  : 相机 Send: System.Byte[]，成功
07-23-13:47:13:606  : 相机 Received: 51 68 79 75 44 49 46 55 48 51 44 49 46 55 48 53 44 49 46 55 48 52 44 49 46 54 57 57 44 49 46 55 44 49 46 55 49 51 44 49 46 54 57 51 44 49 46 54 57 51 44 48 46 57 49 51 44 48 46 57 50 44 48 46 57 49 49 44 48 46 57 48 49 44 48 46 56 56 52 44 48 46 56 57 53 44 48 46 57 49 57 44 48 46 57 49 49 44 48 46 57 53 56 44 48 46 57 51 49 44 48 46 57 48 54 44 48 46 57 51 51 44 48 46 57 52 44 48 46 56 57 44 48 46 56 55 49 44 48 46 57 50 53 44 49 46 54 57 49 44 49 46 54 56 57 44 49 46 54 57 44 49 46 54 57 49 44 49 46 54 57 49 44 48 46 56 55 49
07-23-13:47:19:787  : 相机 Send: System.Byte[]，成功
07-23-13:47:20:289  : 相机 Received: 67 67 68 49 44 57 57 57 44 57 57 57 44 57 57 57 44 57 57 57 44 57 57 57 44 57 57 57 44 57 57 57 44 57 57 57 44 57 57 57 44 57 57 57 44 57 57 57 44 57 57 57 44 57 57 57 44 57 57 57 44 57 57 57
07-23-13:47:20:289  : 相机 Send: System.Byte[]，成功
07-23-14:47:18:981  : 相机 Received: 84 49 59 49 44 49 50 55 46 48 46 48 46 49 58 53 49 52 53 53
07-23-14:47:18:983  : 相机 Send: System.Byte[]，成功
07-23-14:47:23:552  : 相机 Send: System.Byte[]，成功
07-23-14:47:23:552  : 相机 Received: 51 68 79 75 44 57 57 57 44 57 57 57 44 57 57 57 44 57 57 57 44 57 57 57 44 57 57 57 44 57 57 57 44 57 57 57 44 57 57 57 44 57 57 57 44 57 57 57 44 57 57 57 44 57 57 57 44 57 57 57 44 57 57 57 44 57 57 57 44 57 57 57 44 57 57 57 44 57 57 57 44 57 57 57 44 57 57 57 44 57 57 57 44 57 57 57 44 57 57 57 44 57 57 57 44 57 57 57 44 57 57 57 44 57 57 57 44 57 57 57 44 57 57 57 67 67 68 49 44 57 57 57 44 57 57 57 44 57 57 57 44 57 57 57 44 57 57 57 44 57 57 57 44 57 57 57 44 57 57 57 44 57 57 57 44 57 57 57 44 57 57 57 44 57 57 57 44 57 57 57 44 57 57 57 44 57 57 57
07-23-14:52:38:239  : 相机 Send: System.Byte[]，失败
07-23-14:53:08:816  : 相机 Received: 51 68 79 75 44 57 57 57 44 57 57 57 44 57 57 57 44 57 57 57 44 57 57 57 44 57 57 57 44 57 57 57 44 57 57 57 44 57 57 57 44 57 57 57 44 57 57 57 44 57 57 57 44 57 57 57 44 57 57 57 44 57 57 57 44 57 57 57 44 57 57 57 44 57 57 57 44 57 57 57 44 57 57 57 44 57 57 57 44 57 57 57 44 57 57 57 44 57 57 57 44 57 57 57 44 57 57 57 44 57 57 57 44 57 57 57 44 57 57 57 44 57 57 57
07-23-14:55:06:548  : 相机 Send: System.Byte[]，失败
07-23-14:55:12:883  : 相机 Received: 51 68 79 75 44 57 57 57 44 57 57 57 44 57 57 57 44 57 57 57 44 57 57 57 44 57 57 57 44 57 57 57 44 57 57 57 44 57 57 57 44 57 57 57 44 57 57 57 44 57 57 57 44 57 57 57 44 57 57 57 44 57 57 57 44 57 57 57 44 57 57 57 44 57 57 57 44 57 57 57 44 57 57 57 44 57 57 57 44 57 57 57 44 57 57 57 44 57 57 57 44 57 57 57 44 57 57 57 44 57 57 57 44 57 57 57 44 57 57 57 44 57 57 57
07-23-14:55:19:492  : 相机 Received: 84 49 59 49 44 49 50 55 46 48 46 48 46 49 58 53 49 52 53 53
07-23-14:55:19:955  : 相机 Received: 67 67 68 49 44 57 57 57 44 57 57 57 44 57 57 57 44 57 57 57 44 57 57 57 44 57 57 57 44 57 57 57 44 57 57 57 44 57 57 57 44 57 57 57 44 57 57 57 44 57 57 57 44 57 57 57 44 57 57 57 44 57 57 57
07-23-14:55:19:955  : 相机 Send: System.Byte[]，成功
07-23-14:55:34:235  : 相机 Send: System.Byte[]，成功
07-23-15:05:16:866  : 相机 Received: 51 68 79 75 44 57 57 57 44 57 57 57 44 57 57 57 44 57 57 57 44 57 57 57 44 57 57 57 44 57 57 57 44 57 57 57 44 57 57 57 44 57 57 57 44 57 57 57 44 57 57 57 44 57 57 57 44 57 57 57 44 57 57 57 44 57 57 57 44 57 57 57 44 57 57 57 44 57 57 57 44 57 57 57 44 57 57 57 44 57 57 57 44 57 57 57 44 57 57 57 44 57 57 57 44 57 57 57 44 57 57 57 44 57 57 57 44 57 57 57 44 57 57 57
07-23-15:05:16:867  : 相机 Send: System.Byte[]，成功
07-23-15:05:19:942  : 相机 Send: System.Byte[]，成功
07-23-15:05:20:439  : 相机 Received: 67 67 68 49 44 57 57 57 44 57 57 57 44 57 57 57 44 57 57 57 44 57 57 57 44 57 57 57 44 57 57 57 44 57 57 57 44 57 57 57 44 57 57 57 44 57 57 57 44 57 57 57 44 57 57 57 44 57 57 57 44 57 57 57
07-23-15:05:20:439  : 相机 Send: System.Byte[]，成功
07-23-15:06:39:791  : 相机 Received: 51 68 79 75 44 57 57 57 44 57 57 57 44 57 57 57 44 57 57 57 44 57 57 57 44 57 57 57 44 57 57 57 44 57 57 57 44 57 57 57 44 57 57 57 44 57 57 57 44 57 57 57 44 57 57 57 44 57 57 57 44 57 57 57 44 57 57 57 44 57 57 57 44 57 57 57 44 57 57 57 44 57 57 57 44 57 57 57 44 57 57 57 44 57 57 57 44 57 57 57 44 57 57 57 44 57 57 57 44 57 57 57 44 57 57 57 44 57 57 57 44 57 57 57
07-23-15:06:39:792  : 相机 Send: System.Byte[]，成功
07-23-15:06:42:836  : 相机 Send: System.Byte[]，成功
07-23-15:06:43:346  : 相机 Received: 67 67 68 49 44 57 57 57 44 57 57 57 44 57 57 57 44 57 57 57 44 57 57 57 44 57 57 57 44 57 57 57 44 57 57 57 44 57 57 57 44 57 57 57 44 57 57 57 44 57 57 57 44 57 57 57 44 57 57 57 44 57 57 57
07-23-15:06:43:354  : 相机 Send: System.Byte[]，成功
07-23-15:07:57:444  : 相机 Received: 51 68 79 75 44 49 46 55 44 49 46 55 48 56 44 49 46 55 48 55 44 49 46 55 48 50 44 49 46 55 48 49 44 49 46 55 49 49 44 49 46 54 57 50 44 49 46 54 57 50 44 48 46 57 49 53 44 48 46 57 50 52 44 48 46 57 49 44 48 46 56 57 57 44 48 46 56 56 50 44 48 46 56 57 57 44 48 46 57 49 57 44 48 46 57 49 49 44 48 46 57 53 56 44 48 46 57 51 49 44 48 46 57 48 54 44 48 46 57 51 51 44 48 46 57 52 44 48 46 56 57 44 48 46 56 55 49 44 48 46 57 50 53 44 49 46 54 57 44 49 46 54 56 57 44 49 46 54 56 54 44 49 46 54 57 44 49 46 54 57 50 44 48 46 56 55 49
07-23-15:07:57:444  : 相机 Send: System.Byte[]，成功
07-23-15:08:00:528  : 相机 Received: 84 49 59 49 44 49 50 55 46 48 46 48 46 49 58 53 49 52 53 53
07-23-15:08:00:972  : 相机 Received: 67 67 68 49 44 57 57 57 44 57 57 57 44 57 57 57 44 57 57 57 44 57 57 57 44 57 57 57 44 57 57 57 44 57 57 57 44 57 57 57 44 57 57 57 44 57 57 57 44 57 57 57 44 57 57 57 44 57 57 57 44 57 57 57
07-23-15:08:00:973  : 相机 Send: System.Byte[]，成功
07-23-15:08:38:087  : 相机 Received: 51 68 79 75 44 49 46 55 48 49 44 49 46 55 48 56 44 49 46 55 48 54 44 49 46 55 44 49 46 55 48 51 44 49 46 55 49 44 49 46 54 57 44 49 46 54 57 49 44 48 46 57 49 53 44 48 46 57 50 51 44 48 46 57 49 49 44 48 46 57 48 50 44 48 46 56 56 50 44 48 46 56 57 57 44 48 46 57 49 57 44 48 46 57 48 57 44 48 46 57 53 56 44 48 46 57 51 49 44 48 46 57 48 54 44 48 46 57 51 51 44 48 46 57 52 44 48 46 56 57 44 48 46 56 55 49 44 48 46 57 50 53 44 49 46 54 57 44 49 46 54 57 44 49 46 54 56 55 44 49 46 54 57 49 44 49 46 54 57 50 44 48 46 56 55 49
07-23-15:08:38:087  : 相机 Send: System.Byte[]，成功
07-23-15:08:41:042  : 相机 Received: 84 49 59 49 44 49 50 55 46 48 46 48 46 49 58 53 49 52 53 53
07-23-15:08:41:501  : 相机 Received: 67 67 68 49 44 57 57 57 44 57 57 57 44 57 57 57 44 57 57 57 44 57 57 57 44 57 57 57 44 57 57 57 44 57 57 57 44 57 57 57 44 57 57 57 44 57 57 57 44 57 57 57 44 57 57 57 44 57 57 57 44 57 57 57
07-23-15:08:41:502  : 相机 Send: System.Byte[]，成功
07-23-15:08:51:550  : 相机 Received: 51 68 79 75 44 49 46 55 48 50 44 49 46 55 48 53 44 49 46 55 48 51 44 49 46 54 57 56 44 49 46 55 48 51 44 49 46 55 48 54 44 49 46 54 57 50 44 49 46 54 57 50 44 48 46 57 49 54 44 48 46 57 50 50 44 48 46 57 49 49 44 48 46 57 44 48 46 56 56 51 44 48 46 56 57 57 44 48 46 57 49 57 44 48 46 57 48 57 44 48 46 57 53 56 44 48 46 57 51 49 44 48 46 57 48 54 44 48 46 57 51 51 44 48 46 57 52 44 48 46 56 57 44 48 46 56 55 49 44 48 46 57 50 53 44 49 46 54 57 44 49 46 54 57 44 49 46 54 56 57 44 49 46 54 56 57 44 49 46 54 57 44 48 46 56 55 49
07-23-15:08:51:551  : 相机 Send: System.Byte[]，成功
07-23-15:08:54:428  : 相机 Received: 84 49 59 49 44 49 50 55 46 48 46 48 46 49 58 53 49 52 53 53
07-23-15:08:54:936  : 相机 Received: 67 67 68 49 44 57 57 57 44 57 57 57 44 57 57 57 44 57 57 57 44 57 57 57 44 57 57 57 44 57 57 57 44 57 57 57 44 57 57 57 44 57 57 57 44 57 57 57 44 57 57 57 44 57 57 57 44 57 57 57 44 57 57 57
07-23-15:08:54:936  : 相机 Send: System.Byte[]，成功
07-23-15:09:32:536  : 相机 Received: 51 68 79 75 44 57 57 57 44 57 57 57 44 57 57 57 44 57 57 57 44 57 57 57 44 57 57 57 44 57 57 57 44 57 57 57 44 57 57 57 44 57 57 57 44 57 57 57 44 57 57 57 44 57 57 57 44 57 57 57 44 57 57 57 44 57 57 57 44 57 57 57 44 57 57 57 44 57 57 57 44 57 57 57 44 57 57 57 44 57 57 57 44 57 57 57 44 57 57 57 44 57 57 57 44 57 57 57 44 57 57 57 44 57 57 57 44 57 57 57 44 57 57 57
07-23-15:09:32:536  : 相机 Send: System.Byte[]，成功
07-23-15:09:35:057  : 相机 Received: 84 49 59 49 44 49 50 55 46 48 46 48 46 49 58 53 49 52 53 53
07-23-15:09:35:057  : 相机 Send: System.Byte[]，成功
07-23-15:09:35:510  : 相机 Received: 67 67 68 49 44 57 57 57 44 57 57 57 44 57 57 57 44 57 57 57 44 57 57 57 44 57 57 57 44 57 57 57 44 57 57 57 44 57 57 57 44 57 57 57 44 57 57 57 44 57 57 57 44 57 57 57 44 57 57 57 44 57 57 57
07-23-15:09:35:515  : 相机 Send: System.Byte[]，成功
07-23-15:09:48:714  : 相机 Received: 51 68 79 75 44 57 57 57 44 57 57 57 44 57 57 57 44 57 57 57 44 57 57 57 44 57 57 57 44 57 57 57 44 57 57 57 44 57 57 57 44 57 57 57 44 57 57 57 44 57 57 57 44 57 57 57 44 57 57 57 44 57 57 57 44 57 57 57 44 57 57 57 44 57 57 57 44 57 57 57 44 57 57 57 44 57 57 57 44 57 57 57 44 57 57 57 44 57 57 57 44 57 57 57 44 57 57 57 44 57 57 57 44 57 57 57 44 57 57 57 44 57 57 57
07-23-15:09:48:714  : 相机 Send: System.Byte[]，成功
07-23-15:09:51:823  : 相机 Received: 84 49 59 49 44 49 50 55 46 48 46 48 46 49 58 53 49 52 53 53
07-23-15:09:52:276  : 相机 Received: 67 67 68 49 44 57 57 57 44 57 57 57 44 57 57 57 44 57 57 57 44 57 57 57 44 57 57 57 44 57 57 57 44 57 57 57 44 57 57 57 44 57 57 57 44 57 57 57 44 57 57 57 44 57 57 57 44 57 57 57 44 57 57 57
07-23-15:09:52:278  : 相机 Send: System.Byte[]，成功
07-23-15:10:22:182  : 相机 Received: 51 68 79 75 44 57 57 57 44 57 57 57 44 57 57 57 44 57 57 57 44 57 57 57 44 57 57 57 44 57 57 57 44 57 57 57 44 57 57 57 44 57 57 57 44 57 57 57 44 57 57 57 44 57 57 57 44 57 57 57 44 57 57 57 44 57 57 57 44 57 57 57 44 57 57 57 44 57 57 57 44 57 57 57 44 57 57 57 44 57 57 57 44 57 57 57 44 57 57 57 44 57 57 57 44 57 57 57 44 57 57 57 44 57 57 57 44 57 57 57 44 57 57 57
07-23-15:10:22:183  : 相机 Send: System.Byte[]，成功
07-23-15:10:24:720  : 相机 Received: 84 49 59 49 44 49 50 55 46 48 46 48 46 49 58 53 49 52 53 53
07-23-15:10:24:721  : 相机 Send: System.Byte[]，成功
07-23-15:10:25:178  : 相机 Received: 67 67 68 49 44 57 57 57 44 57 57 57 44 57 57 57 44 57 57 57 44 57 57 57 44 57 57 57 44 57 57 57 44 57 57 57 44 57 57 57 44 57 57 57 44 57 57 57 44 57 57 57 44 57 57 57 44 57 57 57 44 57 57 57
07-23-15:10:25:178  : 相机 Send: System.Byte[]，成功
07-23-15:11:06:720  : 相机 Received: 51 68 79 75 44 49 46 55 48 50 44 49 46 55 48 55 44 49 46 55 48 51 44 49 46 54 57 56 44 49 46 55 48 51 44 49 46 55 48 55 44 49 46 54 57 49 44 49 46 54 57 44 48 46 57 49 53 44 48 46 57 50 50 44 48 46 57 49 50 44 48 46 57 48 49 44 48 46 56 56 50 44 48 46 57 44 48 46 57 49 57 44 48 46 57 48 57 44 48 46 57 53 56 44 48 46 57 51 49 44 48 46 57 48 54 44 48 46 57 51 51 44 48 46 57 52 44 48 46 56 57 44 48 46 56 55 49 44 48 46 57 50 53 44 49 46 54 57 50 44 49 46 54 57 44 49 46 54 57 44 49 46 54 56 57 44 49 46 54 57 49 44 48 46 56 55 49
07-23-15:11:06:721  : 相机 Send: System.Byte[]，成功
07-23-15:11:09:125  : 相机 Received: 84 49 59 49 44 49 50 55 46 48 46 48 46 49 58 53 49 52 53 53
07-23-15:11:09:605  : 相机 Received: 67 67 68 49 44 57 57 57 44 57 57 57 44 57 57 57 44 57 57 57 44 57 57 57 44 57 57 57 44 57 57 57 44 57 57 57 44 57 57 57 44 57 57 57 44 57 57 57 44 57 57 57 44 57 57 57 44 57 57 57 44 57 57 57
07-23-15:11:34:689  : 相机 Received: 51 68 79 75 44 49 46 55 48 50 44 49 46 55 48 53 44 49 46 55 48 51 44 49 46 55 44 49 46 55 44 49 46 55 48 54 44 49 46 54 57 49 44 49 46 54 56 57 44 48 46 57 49 52 44 48 46 57 50 51 44 48 46 57 49 51 44 48 46 57 48 52 44 48 46 56 56 52 44 48 46 56 57 54 44 48 46 57 49 57 44 48 46 57 49 49 44 48 46 57 53 56 44 48 46 57 51 49 44 48 46 57 48 54 44 48 46 57 51 51 44 48 46 57 52 44 48 46 56 57 44 48 46 56 55 49 44 48 46 57 50 53 44 49 46 54 57 50 44 49 46 54 56 56 44 49 46 54 57 44 49 46 54 56 56 44 49 46 54 57 49 44 48 46 56 55 49
07-23-15:11:34:690  : 相机 Send: System.Byte[]，成功
07-23-15:11:37:752  : 相机 Send: System.Byte[]，成功
07-23-15:11:38:228  : 相机 Received: 67 67 68 49 44 57 57 57 44 57 57 57 44 57 57 57 44 57 57 57 44 57 57 57 44 57 57 57 44 57 57 57 44 57 57 57 44 57 57 57 44 57 57 57 44 57 57 57 44 57 57 57 44 57 57 57 44 57 57 57 44 57 57 57
07-23-15:11:38:229  : 相机 Send: System.Byte[]，成功
07-23-15:12:56:006  : 相机 Received: 51 68 79 75 44 49 46 54 57 57 44 49 46 55 48 50 44 49 46 55 48 50 44 49 46 54 57 55 44 49 46 54 57 55 44 49 46 55 49 49 44 49 46 54 57 49 44 49 46 54 57 52 44 48 46 57 49 50 44 48 46 57 50 50 44 48 46 57 48 57 44 48 46 57 48 49 44 48 46 56 56 50 44 48 46 56 57 52 44 48 46 57 49 55 44 48 46 57 49 49 44 48 46 57 53 56 44 48 46 57 51 49 44 48 46 57 48 54 44 48 46 57 51 51 44 48 46 57 52 44 48 46 56 57 44 48 46 56 55 49 44 48 46 57 50 53 44 49 46 54 56 57 44 49 46 54 56 56 44 49 46 54 56 56 44 49 46 54 56 55 44 49 46 54 57 44 48 46 56 55 49
07-23-15:12:56:006  : 相机 Send: System.Byte[]，成功
07-23-15:12:59:216  : 相机 Received: 84 49 59 49 44 49 50 55 46 48 46 48 46 49 58 53 49 52 53 53
07-23-15:12:59:216  : 相机 Send: System.Byte[]，成功
07-23-15:12:59:681  : 相机 Received: 67 67 68 49 44 57 57 57 44 57 57 57 44 57 57 57 44 57 57 57 44 57 57 57 44 57 57 57 44 57 57 57 44 57 57 57 44 57 57 57 44 57 57 57 44 57 57 57 44 57 57 57 44 57 57 57 44 57 57 57 44 57 57 57
07-23-15:12:59:682  : 相机 Send: System.Byte[]，成功
07-23-15:13:38:380  : 相机 Received: 51 68 79 75 44 49 46 55 48 50 44 49 46 55 48 52 44 49 46 55 48 51 44 49 46 54 57 55 44 49 46 55 48 53 44 49 46 55 49 44 49 46 54 57 50 44 49 46 54 57 51 44 48 46 57 49 54 44 48 46 57 50 44 48 46 57 48 57 44 48 46 57 48 49 44 48 46 56 56 49 44 48 46 56 57 57 44 48 46 57 50 44 48 46 57 48 56 44 48 46 57 53 56 44 48 46 57 51 49 44 48 46 57 48 54 44 48 46 57 51 51 44 48 46 57 52 44 48 46 56 57 44 48 46 56 55 49 44 48 46 57 50 53 44 49 46 54 57 44 49 46 54 56 56 44 49 46 54 56 55 44 49 46 54 56 55 44 49 46 54 57 44 48 46 56 55 49
07-23-15:13:38:380  : 相机 Send: System.Byte[]，成功
07-23-15:13:41:613  : 相机 Send: System.Byte[]，成功
07-23-15:13:41:613  : 相机 Received: 84 49 59 49 44 49 50 55 46 48 46 48 46 49 58 53 49 52 53 53
07-23-15:13:42:091  : 相机 Received: 67 67 68 49 44 57 57 57 44 57 57 57 44 57 57 57 44 57 57 57 44 57 57 57 44 57 57 57 44 57 57 57 44 57 57 57 44 57 57 57 44 57 57 57 44 57 57 57 44 57 57 57 44 57 57 57 44 57 57 57 44 57 57 57
07-23-15:13:42:094  : 相机 Send: System.Byte[]，成功
07-23-15:13:50:758  : 相机 Received: 51 68 79 75 44 49 46 55 48 50 44 49 46 55 48 50 44 49 46 55 48 49 44 49 46 54 57 54 44 49 46 55 48 55 44 49 46 55 48 56 44 49 46 54 57 50 44 49 46 54 57 51 44 48 46 57 49 52 44 48 46 57 50 44 48 46 57 48 57 44 48 46 57 48 49 44 48 46 56 56 49 44 48 46 57 44 48 46 57 49 57 44 48 46 57 48 55 44 48 46 57 53 56 44 48 46 57 51 49 44 48 46 57 48 54 44 48 46 57 51 51 44 48 46 57 52 44 48 46 56 57 44 48 46 56 55 49 44 48 46 57 50 53 44 49 46 54 57 44 49 46 54 56 56 44 49 46 54 56 56 44 49 46 54 56 55 44 49 46 54 57 44 48 46 56 55 49
07-23-15:13:50:759  : 相机 Send: System.Byte[]，成功
07-23-15:13:54:016  : 相机 Received: 84 49 59 49 44 49 50 55 46 48 46 48 46 49 58 53 49 52 53 53
07-23-15:13:54:017  : 相机 Send: System.Byte[]，成功
07-23-15:13:54:452  : 相机 Received: 67 67 68 49 44 57 57 57 44 57 57 57 44 57 57 57 44 57 57 57 44 57 57 57 44 57 57 57 44 57 57 57 44 57 57 57 44 57 57 57 44 57 57 57 44 57 57 57 44 57 57 57 44 57 57 57 44 57 57 57 44 57 57 57
07-23-15:13:54:455  : 相机 Send: System.Byte[]，成功
07-23-15:14:14:894  : 相机 Received: 51 68 79 75 44 49 46 55 48 50 44 49 46 55 48 49 44 49 46 55 48 50 44 49 46 54 57 56 44 49 46 55 48 55 44 49 46 55 48 56 44 49 46 54 57 50 44 49 46 54 57 49 44 48 46 57 49 51 44 48 46 57 50 50 44 48 46 57 49 44 48 46 57 48 49 44 48 46 56 56 50 44 48 46 57 48 49 44 48 46 57 49 56 44 48 46 57 48 57 44 48 46 57 53 56 44 48 46 57 51 49 44 48 46 57 48 54 44 48 46 57 51 51 44 48 46 57 52 44 48 46 56 57 44 48 46 56 55 49 44 48 46 57 50 53 44 49 46 54 57 44 49 46 54 56 56 44 49 46 54 56 57 44 49 46 54 56 56 44 49 46 54 57 49 44 48 46 56 55 49
07-23-15:14:14:894  : 相机 Send: System.Byte[]，成功
07-23-15:14:17:544  : 相机 Send: System.Byte[]，成功
07-23-15:14:18:015  : 相机 Received: 67 67 68 49 44 57 57 57 44 57 57 57 44 57 57 57 44 57 57 57 44 57 57 57 44 57 57 57 44 57 57 57 44 57 57 57 44 57 57 57 44 57 57 57 44 57 57 57 44 57 57 57 44 57 57 57 44 57 57 57 44 57 57 57
07-23-15:14:18:018  : 相机 Send: System.Byte[]，成功
