09-29-14:28:57:373  : 相机 Send: System.Byte[]，成功
09-29-14:29:28:023  : 相机 Received: 67 67 68 49 44 48 46 50 49 57 44 52 51 46 55 57 56
09-29-14:33:17:637  : 相机 Received: 84 50 59 51 44 49 50 55 46 48 46 48 46 49 58 49 51 56 51
09-29-14:33:27:644  : 相机 Received: 84 50 59 52 44 49 50 55 46 48 46 48 46 49 58 49 51 56 51
09-29-14:33:27:644  : 相机 Send: System.Byte[]，成功
09-29-14:33:37:655  : 相机 Received: 84 50 59 53 44 49 50 55 46 48 46 48 46 49 58 49 51 56 51
09-29-14:33:47:737  : 相机 Received: 67 67 68 49 44 57 57 57 44 57 57 57 44 57 57 57 44 57 57 57 44 57 57 57 44 57 57 57 44 57 57 57 44 57 57 57 44 57 57 57 44 57 57 57 44 57 57 57 44 57 57 57 44 57 57 57 44 57 57 57 44 57 57 57 44 57 57 57 44 57 57 57 44 57 57 57
09-29-14:33:47:737  : 相机 Send: System.Byte[]，成功
09-29-14:34:45:592  : 相机 Send: System.Byte[]，成功
09-29-14:34:45:593  : 相机 Received: 84 50 59 51 44 49 50 55 46 48 46 48 46 49 58 49 53 49 50
09-29-14:34:55:623  : 相机 Received: 84 50 59 52 44 49 50 55 46 48 46 48 46 49 58 49 53 49 50
09-29-14:34:55:624  : 相机 Send: System.Byte[]，成功
09-29-14:35:05:627  : 相机 Received: 84 50 59 53 44 49 50 55 46 48 46 48 46 49 58 49 53 49 50
09-29-14:35:15:667  : 相机 Received: 67 67 68 49 44 57 57 57 44 57 57 57 44 57 57 57 44 57 57 57 44 57 57 57 44 57 57 57 44 57 57 57 44 57 57 57 44 57 57 57 44 57 57 57 44 57 57 57 44 57 57 57 44 57 57 57 44 57 57 57 44 57 57 57 44 57 57 57 44 57 57 57 44 57 57 57
09-29-14:35:15:667  : 相机 Send: System.Byte[]，成功
09-29-15:10:19:353  : 相机 Received: 84 50 59 51 44 49 50 55 46 48 46 48 46 49 58 49 53 49 50
09-29-15:10:29:351  : 相机 Send: System.Byte[]，成功
09-29-15:10:39:366  : 相机 Received: 84 50 59 53 44 49 50 55 46 48 46 48 46 49 58 49 53 49 50
09-29-15:10:49:525  : 相机 Received: 67 67 68 49 44 48 46 49 50 52 44 48 46 48 50 55 44 48 46 49 55 51 44 48 46 48 51 44 48 46 49 54 57 44 48 46 48 49 52 44 48 46 51 52 52 44 48 46 48 49 54 44 48 46 54 52 52 44 48 46 50 57 51 44 48 46 48 53 56 44 48 46 48 50 49 44 48 46 52 55 57 44 49 46 48 50 54 44 48 46 49 44 48 46 52 50 49 44 49 46 48 55 53 44 48 46 57 49 49
09-29-15:10:49:525  : 相机 Send: System.Byte[]，成功
09-29-15:11:37:474  : 相机 Received: 84 50 59 51 44 49 50 55 46 48 46 48 46 49 58 49 53 49 50
09-29-15:11:37:474  : 相机 Send: System.Byte[]，成功
09-29-15:11:47:473  : 相机 Received: 84 50 59 52 44 49 50 55 46 48 46 48 46 49 58 49 53 49 50
09-29-15:11:57:492  : 相机 Received: 84 50 59 53 44 49 50 55 46 48 46 48 46 49 58 49 53 49 50
09-29-15:12:07:650  : 相机 Received: 67 67 68 49 44 48 46 49 50 52 44 48 46 48 50 52 44 48 46 49 55 55 44 48 46 48 51 49 44 48 46 49 55 51 44 48 46 48 49 53 44 48 46 51 53 49 44 48 46 48 49 54 44 48 46 54 53 50 44 48 46 50 57 50 44 48 46 48 53 50 44 48 46 48 50 44 48 46 52 55 56 44 48 46 48 52 53 44 48 46 49 44 48 46 48 51 49 44 49 46 49 50 52 44 48 46 57 48 53
09-29-15:12:07:651  : 相机 Send: System.Byte[]，成功
09-29-15:13:26:143  : 相机 Received: 84 50 59 51 44 49 50 55 46 48 46 48 46 49 58 49 53 49 50
09-29-15:13:26:143  : 相机 Send: System.Byte[]，成功
09-29-15:13:36:151  : 相机 Received: 84 50 59 52 44 49 50 55 46 48 46 48 46 49 58 49 53 49 50
09-29-15:13:46:157  : 相机 Send: System.Byte[]，成功
09-29-15:13:56:310  : 相机 Received: 67 67 68 49 44 48 46 49 50 56 44 48 46 48 50 57 44 48 46 49 55 50 44 48 46 48 51 56 44 48 46 49 54 53 44 48 46 48 49 53 44 48 46 51 53 50 44 48 46 48 49 50 44 48 46 54 53 54 44 48 46 51 52 44 48 46 48 52 50 44 48 46 48 55 44 48 46 52 54 44 48 46 48 52 49 44 48 46 49 48 50 44 48 46 52 50 44 49 46 49 50 51 44 48 46 56 57 57
09-29-15:13:56:310  : 相机 Send: System.Byte[]，成功
09-29-15:18:57:968  : 相机 Send: System.Byte[]，成功
09-29-15:19:28:596  : 相机 Received: 67 67 68 49 44 48 46 51 54 44 52 52 46 49 48 49
09-29-15:19:28:596  : 相机 Send: System.Byte[]，成功
09-29-15:23:14:496  : 相机 Send: System.Byte[]，成功
09-29-15:23:24:502  : 相机 Received: 84 50 59 52 44 49 50 55 46 48 46 48 46 49 58 49 53 49 50
09-29-15:23:34:507  : 相机 Received: 84 50 59 53 44 49 50 55 46 48 46 48 46 49 58 49 53 49 50
09-29-15:23:44:674  : 相机 Received: 67 67 68 49 44 48 46 49 51 50 44 48 46 48 50 55 44 48 46 50 48 57 44 48 46 48 51 50 44 48 46 50 49 51 44 48 46 48 54 57 44 48 46 50 49 53 44 48 46 48 49 52 44 48 46 53 50 51 44 48 46 50 57 57 44 48 46 50 51 49 44 48 46 48 57 55 44 48 46 49 53 44 49 46 48 48 55 44 48 46 49 53 55 44 48 46 52 55 44 49 46 49 54 57 44 54 46 49 51
09-29-15:23:44:675  : 相机 Send: System.Byte[]，成功
09-29-15:27:31:858  : 相机 Received: 84 49 59 49 44 49 50 55 46 48 46 48 46 49 58 49 53 49 50
09-29-15:27:31:859  : 相机 Send: System.Byte[]，成功
09-29-15:28:02:491  : 相机 Received: 67 67 68 49 44 48 46 51 55 52 44 52 51 46 50 57 54
09-29-15:28:02:491  : 相机 Send: System.Byte[]，成功
09-29-15:31:56:241  : 相机 Send: System.Byte[]，成功
09-29-15:32:06:249  : 相机 Received: 84 50 59 52 44 49 50 55 46 48 46 48 46 49 58 49 53 49 50
09-29-15:32:06:249  : 相机 Send: System.Byte[]，成功
09-29-15:32:16:260  : 相机 Received: 84 50 59 53 44 49 50 55 46 48 46 48 46 49 58 49 53 49 50
09-29-15:32:16:260  : 相机 Send: System.Byte[]，成功
09-29-15:32:26:418  : 相机 Received: 67 67 68 49 44 48 46 48 56 53 44 48 46 49 48 51 44 48 46 49 57 44 48 46 48 51 49 44 48 46 49 56 50 44 48 46 48 49 56 44 48 46 50 52 53 44 48 46 48 48 56 44 48 46 53 51 49 44 48 46 51 57 49 44 48 46 51 55 49 44 48 46 49 49 53 44 48 46 52 54 52 44 48 46 48 52 50 44 48 46 50 48 49 44 48 46 51 54 50 44 49 46 49 51 56 44 50 46 57 48 52
09-29-15:32:26:420  : 相机 Send: System.Byte[]，成功
09-29-15:35:52:879  : 相机 Send: System.Byte[]，成功
09-29-15:36:23:494  : 相机 Received: 67 67 68 49 44 48 46 51 57 50 44 52 52 46 50 56 51
09-29-15:36:23:494  : 相机 Send: System.Byte[]，成功
09-29-15:40:09:313  : 相机 Send: System.Byte[]，成功
09-29-15:40:19:326  : 相机 Received: 84 50 59 52 44 49 50 55 46 48 46 48 46 49 58 49 53 49 50
09-29-15:40:29:331  : 相机 Send: System.Byte[]，成功
09-29-15:40:39:449  : 相机 Received: 67 67 68 49 44 57 57 57 44 57 57 57 44 57 57 57 44 57 57 57 44 57 57 57 44 57 57 57 44 57 57 57 44 57 57 57 44 57 57 57 44 57 57 57 44 57 57 57 44 57 57 57 44 57 57 57 44 57 57 57 44 57 57 57 44 57 57 57 44 57 57 57 44 57 57 57
09-29-15:40:39:449  : 相机 Send: System.Byte[]，成功
09-29-15:42:58:761  : 相机 Received: 84 50 59 51 44 49 50 55 46 48 46 48 46 49 58 49 53 49 50
09-29-15:43:08:777  : 相机 Received: 84 50 59 52 44 49 50 55 46 48 46 48 46 49 58 49 53 49 50
09-29-15:43:18:797  : 相机 Received: 84 50 59 53 44 49 50 55 46 48 46 48 46 49 58 49 53 49 50
09-29-15:43:28:902  : 相机 Received: 67 67 68 49 44 57 57 57 44 57 57 57 44 57 57 57 44 57 57 57 44 57 57 57 44 57 57 57 44 57 57 57 44 57 57 57 44 57 57 57 44 57 57 57 44 57 57 57 44 57 57 57 44 57 57 57 44 57 57 57 44 57 57 57 44 57 57 57 44 57 57 57 44 57 57 57
09-29-15:43:28:903  : 相机 Send: System.Byte[]，成功
09-29-15:46:19:828  : 相机 Send: System.Byte[]，成功
09-29-15:46:29:828  : 相机 Received: 84 50 59 52 44 49 50 55 46 48 46 48 46 49 58 49 53 49 50
09-29-15:46:39:834  : 相机 Received: 84 50 59 53 44 49 50 55 46 48 46 48 46 49 58 49 53 49 50
09-29-15:46:49:999  : 相机 Received: 67 67 68 49 44 48 46 49 48 50 44 48 46 48 55 49 44 48 46 49 57 50 44 48 46 48 50 56 44 48 46 49 55 56 44 48 46 48 49 56 44 48 46 50 49 57 44 48 46 48 49 53 44 48 46 52 57 57 44 48 46 49 56 56 44 48 46 48 52 53 44 48 46 48 50 51 44 48 46 50 55 49 44 48 46 48 52 52 44 48 46 49 48 55 44 48 46 48 52 52 44 49 46 49 55 53 44 49 46 49 53 51
09-29-15:46:50:000  : 相机 Send: System.Byte[]，成功
09-29-15:50:17:454  : 相机 Received: 84 49 59 49 44 49 50 55 46 48 46 48 46 49 58 49 53 49 50
09-29-15:50:48:078  : 相机 Received: 67 67 68 49 44 48 46 52 53 55 44 52 52 46 49 48 52
09-29-15:54:34:094  : 相机 Received: 84 50 59 51 44 49 50 55 46 48 46 48 46 49 58 49 53 49 50
09-29-15:54:44:127  : 相机 Received: 84 50 59 52 44 49 50 55 46 48 46 48 46 49 58 49 53 49 50
09-29-15:54:54:168  : 相机 Received: 84 50 59 53 44 49 50 55 46 48 46 48 46 49 58 49 53 49 50
09-29-15:55:04:267  : 相机 Send: System.Byte[]，成功
09-29-16:01:52:231  : 相机 Send: System.Byte[]，成功
09-29-16:01:52:231  : 相机 Received: 84 49 59 49 44 49 50 55 46 48 46 48 46 49 58 50 48 53 54 48
09-29-16:02:22:864  : 相机 Received: 67 67 68 49 44 48 46 52 56 53 44 52 52 46 51 52 55
09-29-16:06:09:755  : 相机 Received: 84 50 59 51 44 49 50 55 46 48 46 48 46 49 58 50 48 53 54 48
09-29-16:06:19:768  : 相机 Send: System.Byte[]，成功
09-29-16:06:29:782  : 相机 Received: 84 50 59 53 44 49 50 55 46 48 46 48 46 49 58 50 48 53 54 48
09-29-16:06:29:783  : 相机 Send: System.Byte[]，成功
09-29-16:06:39:929  : 相机 Received: 67 67 68 49 44 48 46 49 49 57 44 48 46 49 50 49 44 48 46 50 52 44 48 46 48 51 51 44 48 46 50 50 57 44 48 46 48 49 54 44 48 46 51 48 49 44 48 46 48 49 44 48 46 54 53 56 44 48 46 50 53 53 44 48 46 48 51 49 44 48 46 48 50 56 44 48 46 49 56 54 44 48 46 49 54 52 44 48 46 50 48 52 44 48 46 48 50 53 44 49 46 49 55 52 44 48 46 54 50 57
09-29-16:06:39:929  : 相机 Send: System.Byte[]，成功
09-29-16:10:10:533  : 相机 Send: System.Byte[]，成功
09-29-16:10:41:146  : 相机 Received: 67 67 68 49 44 48 46 52 54 49 44 52 52 46 50 55 54
09-29-16:10:41:146  : 相机 Send: System.Byte[]，成功
09-29-16:15:04:148  : 相机 Received: 84 50 59 51 44 49 50 55 46 48 46 48 46 49 58 50 48 53 54 48
09-29-16:15:14:148  : 相机 Received: 84 50 59 52 44 49 50 55 46 48 46 48 46 49 58 50 48 53 54 48
09-29-16:15:24:160  : 相机 Received: 84 50 59 53 44 49 50 55 46 48 46 48 46 49 58 50 48 53 54 48
09-29-16:15:34:410  : 相机 Received: 67 67 68 49 44 48 46 49 49 54 44 48 46 48 54 52 44 48 46 50 49 57 44 48 46 48 51 52 44 48 46 50 48 51 44 48 46 48 49 52 44 48 46 50 55 52 44 48 46 48 49 49 44 48 46 53 55 53 44 48 46 50 51 44 48 46 48 50 51 44 48 46 48 50 54 44 48 46 49 56 56 44 48 46 52 49 55 44 48 46 49 52 51 44 48 46 48 50 57 44 48 46 57 51 44 51 46 49 57 51
09-29-16:15:34:410  : 相机 Send: System.Byte[]，成功
09-29-16:18:56:067  : 相机 Send: System.Byte[]，失败
09-29-16:24:19:207  : 相机 Send: System.Byte[]，失败
09-29-16:30:03:583  : 相机 Send: System.Byte[]，成功
09-29-16:30:34:224  : 相机 Send: System.Byte[]，成功
09-29-16:34:08:489  : 相机 Received: 84 50 59 51 44 49 50 55 46 48 46 48 46 49 58 52 57 55 49 57
09-29-16:34:08:489  : 相机 Send: System.Byte[]，成功
09-29-16:34:18:490  : 相机 Received: 84 50 59 52 44 49 50 55 46 48 46 48 46 49 58 52 57 55 49 57
09-29-16:34:28:512  : 相机 Received: 84 50 59 53 44 49 50 55 46 48 46 48 46 49 58 52 57 55 49 57
09-29-16:34:38:660  : 相机 Received: 67 67 68 49 44 48 46 49 48 56 44 48 46 49 49 44 48 46 49 57 53 44 48 46 48 51 50 44 48 46 49 57 50 44 48 46 48 49 54 44 48 46 50 53 51 44 48 46 48 49 54 44 48 46 53 55 44 48 46 49 56 57 44 48 46 48 49 56 44 48 46 48 50 55 44 48 46 49 57 57 44 48 46 48 56 57 44 48 46 49 48 57 44 48 46 49 56 44 49 46 48 57 51 44 50 46 53 49 57
09-29-16:34:38:660  : 相机 Send: System.Byte[]，成功
09-29-16:39:02:122  : 相机 Received: 84 49 59 49 44 49 50 55 46 48 46 48 46 49 58 52 57 55 49 57
09-29-16:39:02:123  : 相机 Send: System.Byte[]，成功
09-29-16:39:32:741  : 相机 Send: System.Byte[]，成功
09-29-16:43:18:901  : 相机 Received: 84 50 59 51 44 49 50 55 46 48 46 48 46 49 58 52 57 55 49 57
09-29-16:43:28:922  : 相机 Send: System.Byte[]，成功
09-29-16:43:38:927  : 相机 Received: 84 50 59 53 44 49 50 55 46 48 46 48 46 49 58 52 57 55 49 57
09-29-16:43:49:068  : 相机 Send: System.Byte[]，成功
09-29-16:48:02:510  : 相机 Received: 84 49 59 49 44 49 50 55 46 48 46 48 46 49 58 52 57 55 49 57
09-29-16:48:33:135  : 相机 Send: System.Byte[]，成功
09-29-16:48:33:135  : 相机 Received: 67 67 68 49 44 48 46 51 52 53 44 52 52 46 48 53 49
09-29-16:52:22:572  : 相机 Received: 84 50 59 51 44 49 50 55 46 48 46 48 46 49 58 52 57 55 49 57
09-29-16:52:32:584  : 相机 Send: System.Byte[]，成功
09-29-16:52:42:589  : 相机 Received: 84 50 59 53 44 49 50 55 46 48 46 48 46 49 58 52 57 55 49 57
09-29-16:52:52:738  : 相机 Received: 67 67 68 49 44 48 46 48 52 44 48 46 49 48 56 44 48 46 49 56 56 44 48 46 48 51 51 44 48 46 49 54 52 44 48 46 48 49 56 44 48 46 50 51 57 44 48 46 48 49 50 44 48 46 53 54 49 44 48 46 49 57 50 44 48 46 48 54 55 44 48 46 48 50 52 44 48 46 52 49 52 44 48 46 56 53 53 44 48 46 49 54 44 48 46 48 56 56 44 49 46 49 54 49 44 49 46 48 50 50
09-29-16:52:52:738  : 相机 Send: System.Byte[]，成功
