10-21-13:54:07:247  : 相机 Send: System.Byte[]，成功
10-21-13:54:23:882  : 相机 Received: 67 67 68 49 44 45 49 46 50 51 55 44 52 52 46 50 53 54 44 45 53 46 54 51 49 44 50 46 48 50 49 44 49 46 57 52 56 44 50 46 48 57 52 44 51 46 51 51 49 44 51 46 51 51 52 44 48 46 51 49 50 44 48 46 52 52 57
10-21-13:54:23:882  : 相机 Send: System.Byte[]，成功
10-21-13:56:32:156  : 相机 Received: 84 49 59 49 44 49 50 55 46 48 46 48 46 49 58 52 57 55 50 57
10-21-13:56:48:645  : 相机 Received: 67 67 68 49 44 45 49 46 50 51 55 44 52 52 46 50 53 54 44 45 53 46 54 51 49 44 50 46 48 50 49 44 49 46 57 52 56 44 50 46 48 57 52 44 51 46 51 51 49 44 51 46 51 51 52 44 48 46 51 49 50 44 48 46 52 52 57
10-21-13:56:48:645  : 相机 Send: System.Byte[]，成功
10-21-13:58:38:189  : 相机 Send: System.Byte[]，成功
10-21-13:58:54:681  : 相机 Received: 67 67 68 49 44 45 49 46 50 51 55 44 52 52 46 50 53 54 44 45 53 46 54 51 49 44 50 46 48 50 49 44 49 46 57 52 56 44 50 46 48 57 52 44 51 46 51 51 49 44 51 46 51 51 52 44 48 46 51 49 50 44 48 46 52 52 57
10-21-13:58:54:681  : 相机 Send: System.Byte[]，成功
10-21-14:00:34:125  : 相机 Send: System.Byte[]，成功
10-21-14:00:50:623  : 相机 Received: 67 67 68 49 44 45 49 46 50 51 55 44 52 52 46 50 53 54 44 45 53 46 54 51 49 44 50 46 48 50 49 44 49 46 57 52 56 44 50 46 48 57 52 44 51 46 51 51 49 44 51 46 51 51 52 44 48 46 51 49 50 44 48 46 52 52 57
10-21-14:00:50:623  : 相机 Send: System.Byte[]，成功
10-21-14:02:14:118  : 相机 Received: 84 49 59 49 44 49 50 55 46 48 46 48 46 49 58 52 57 55 50 57
10-21-14:02:30:605  : 相机 Received: 67 67 68 49 44 45 49 46 50 51 55 44 52 52 46 50 53 54 44 45 53 46 54 51 49 44 50 46 48 50 49 44 49 46 57 52 56 44 50 46 48 57 52 44 51 46 51 51 49 44 51 46 51 51 52 44 48 46 51 49 50 44 48 46 52 52 57
10-21-14:02:30:605  : 相机 Send: System.Byte[]，成功
10-21-14:04:30:887  : 相机 Send: System.Byte[]，成功
10-21-14:04:47:375  : 相机 Received: 67 67 68 49 44 45 49 46 50 51 55 44 52 52 46 50 53 54 44 45 53 46 54 51 49 44 50 46 48 50 49 44 49 46 57 52 56 44 50 46 48 57 52 44 51 46 51 51 49 44 51 46 51 51 52 44 48 46 51 49 50 44 48 46 52 52 57
10-21-14:04:47:375  : 相机 Send: System.Byte[]，成功
10-21-14:06:39:231  : 相机 Send: System.Byte[]，成功
10-21-14:06:39:231  : 相机 Received: 84 49 59 49 44 49 50 55 46 48 46 48 46 49 58 52 57 55 50 57
10-21-14:06:55:734  : 相机 Received: 67 67 68 49 44 45 49 46 50 51 55 44 52 52 46 50 53 54 44 45 53 46 54 51 49 44 50 46 48 50 49 44 49 46 57 52 56 44 50 46 48 57 52 44 51 46 51 51 49 44 51 46 51 51 52 44 48 46 51 49 50 44 48 46 52 52 57
10-21-14:06:55:734  : 相机 Send: System.Byte[]，成功
10-21-14:08:58:976  : 相机 Received: 84 49 59 49 44 49 50 55 46 48 46 48 46 49 58 52 57 55 50 57
10-21-14:09:15:487  : 相机 Received: 67 67 68 49 44 45 49 46 50 51 55 44 52 52 46 50 53 54 44 45 53 46 54 51 49 44 50 46 48 50 49 44 49 46 57 52 56 44 50 46 48 57 52 44 51 46 51 51 49 44 51 46 51 51 52 44 48 46 51 49 50 44 48 46 52 52 57
10-21-14:09:15:488  : 相机 Send: System.Byte[]，成功
10-21-14:10:47:055  : 相机 Send: System.Byte[]，成功
10-21-14:11:03:576  : 相机 Received: 67 67 68 49 44 45 49 46 50 51 55 44 52 52 46 50 53 54 44 45 53 46 54 51 49 44 50 46 48 50 49 44 49 46 57 52 56 44 50 46 48 57 52 44 51 46 51 51 49 44 51 46 51 51 52 44 48 46 51 49 50 44 48 46 52 52 57
10-21-14:11:03:576  : 相机 Send: System.Byte[]，成功
10-21-14:12:33:813  : 相机 Received: 84 49 59 49 44 49 50 55 46 48 46 48 46 49 58 52 57 55 50 57
10-21-14:12:50:298  : 相机 Received: 67 67 68 49 44 45 49 46 50 51 55 44 52 52 46 50 53 54 44 45 53 46 54 51 49 44 50 46 48 50 49 44 49 46 57 52 56 44 50 46 48 57 52 44 51 46 51 51 49 44 51 46 51 51 52 44 48 46 51 49 50 44 48 46 52 52 57
10-21-14:12:50:298  : 相机 Send: System.Byte[]，成功
10-21-14:14:41:535  : 相机 Received: 84 49 59 49 44 49 50 55 46 48 46 48 46 49 58 52 57 55 50 57
10-21-14:14:58:043  : 相机 Send: System.Byte[]，成功
10-21-14:16:22:577  : 相机 Send: System.Byte[]，成功
10-21-14:16:39:091  : 相机 Received: 67 67 68 49 44 45 49 46 50 51 55 44 52 52 46 50 53 54 44 45 53 46 54 51 49 44 50 46 48 50 49 44 49 46 57 52 56 44 50 46 48 57 52 44 51 46 51 51 49 44 51 46 51 51 52 44 48 46 51 49 50 44 48 46 52 52 57
10-21-14:16:39:091  : 相机 Send: System.Byte[]，成功
10-21-14:18:08:620  : 相机 Send: System.Byte[]，成功
10-21-14:18:25:145  : 相机 Received: 67 67 68 49 44 45 49 46 50 51 55 44 52 52 46 50 53 54 44 45 53 46 54 51 49 44 50 46 48 50 49 44 49 46 57 52 56 44 50 46 48 57 52 44 51 46 51 51 49 44 51 46 51 51 52 44 48 46 51 49 50 44 48 46 52 52 57
10-21-14:18:25:145  : 相机 Send: System.Byte[]，成功
10-21-14:19:51:172  : 相机 Received: 84 49 59 49 44 49 50 55 46 48 46 48 46 49 58 52 57 55 50 57
10-21-14:20:07:696  : 相机 Received: 67 67 68 49 44 45 49 46 50 51 55 44 52 52 46 50 53 54 44 45 53 46 54 51 49 44 50 46 48 50 49 44 49 46 57 52 56 44 50 46 48 57 52 44 51 46 51 51 49 44 51 46 51 51 52 44 48 46 51 49 50 44 48 46 52 52 57
10-21-14:20:07:696  : 相机 Send: System.Byte[]，成功
10-21-14:21:40:572  : 相机 Send: System.Byte[]，成功
10-21-14:21:57:075  : 相机 Received: 67 67 68 49 44 45 49 46 50 51 55 44 52 52 46 50 53 54 44 45 53 46 54 51 49 44 50 46 48 50 49 44 49 46 57 52 56 44 50 46 48 57 52 44 51 46 51 51 49 44 51 46 51 51 52 44 48 46 51 49 50 44 48 46 52 52 57
10-21-14:21:57:075  : 相机 Send: System.Byte[]，成功
10-21-14:23:22:956  : 相机 Received: 84 49 59 49 44 49 50 55 46 48 46 48 46 49 58 52 57 55 50 57
10-21-14:23:39:468  : 相机 Received: 67 67 68 49 44 45 49 46 50 51 55 44 52 52 46 50 53 54 44 45 53 46 54 51 49 44 50 46 48 50 49 44 49 46 57 52 56 44 50 46 48 57 52 44 51 46 51 51 49 44 51 46 51 51 52 44 48 46 51 49 50 44 48 46 52 52 57
10-21-14:23:39:468  : 相机 Send: System.Byte[]，成功
10-21-14:25:25:153  : 相机 Send: System.Byte[]，成功
10-21-14:25:41:667  : 相机 Received: 67 67 68 49 44 45 49 46 50 51 55 44 52 52 46 50 53 54 44 45 53 46 54 51 49 44 50 46 48 50 49 44 49 46 57 52 56 44 50 46 48 57 52 44 51 46 51 51 49 44 51 46 51 51 52 44 48 46 51 49 50 44 48 46 52 52 57
10-21-14:25:41:667  : 相机 Send: System.Byte[]，成功
10-21-14:27:02:146  : 相机 Received: 84 49 59 49 44 49 50 55 46 48 46 48 46 49 58 52 57 55 50 57
10-21-14:27:18:650  : 相机 Received: 67 67 68 49 44 45 49 46 50 51 55 44 52 52 46 50 53 54 44 45 53 46 54 51 49 44 50 46 48 50 49 44 49 46 57 52 56 44 50 46 48 57 52 44 51 46 51 51 49 44 51 46 51 51 52 44 48 46 51 49 50 44 48 46 52 52 57
10-21-14:27:18:650  : 相机 Send: System.Byte[]，成功
10-21-14:32:42:394  : 相机 Send: System.Byte[]，成功
10-21-14:32:58:891  : 相机 Received: 67 67 68 49 44 45 49 46 49 56 49 44 52 52 46 50 56 57 44 45 54 46 56 50 51 44 50 46 48 48 49 44 49 46 56 57 54 44 50 46 49 48 54 44 51 46 51 53 57 44 51 46 51 52 53 44 48 46 52 50 50 44 48 46 52 49 57
10-21-14:32:58:892  : 相机 Send: System.Byte[]，成功
10-21-14:35:38:659  : 相机 Received: 84 49 59 49 44 49 50 55 46 48 46 48 46 49 58 52 57 55 50 57
10-21-14:35:55:131  : 相机 Received: 67 67 68 49 44 45 49 46 50 44 52 52 46 50 57 49 44 45 54 46 54 56 52 44 49 46 57 56 51 44 49 46 56 56 52 44 50 46 48 56 50 44 51 46 51 53 52 44 51 46 51 52 54 44 48 46 51 57 55 44 48 46 52 49 56
10-21-14:35:55:132  : 相机 Send: System.Byte[]，成功
10-21-14:37:43:934  : 相机 Received: 84 49 59 49 44 49 50 55 46 48 46 48 46 49 58 52 57 55 50 57
10-21-14:38:00:425  : 相机 Received: 67 67 68 49 44 45 49 46 50 52 50 44 52 52 46 51 48 49 44 45 54 46 50 51 54 44 49 46 57 51 56 44 49 46 56 51 57 44 50 46 48 51 54 44 51 46 51 53 44 51 46 51 51 53 44 48 46 52 49 52 44 48 46 52 49 55
10-21-14:38:00:425  : 相机 Send: System.Byte[]，成功
10-21-14:39:32:955  : 相机 Send: System.Byte[]，成功
10-21-14:39:32:955  : 相机 Received: 84 49 59 49 44 49 50 55 46 48 46 48 46 49 58 52 57 55 50 57
10-21-14:39:49:434  : 相机 Received: 67 67 68 49 44 45 49 46 49 57 52 44 52 52 46 50 57 49 44 45 54 46 54 48 51 44 49 46 57 57 52 44 49 46 56 57 44 50 46 48 57 55 44 51 46 51 52 54 44 51 46 51 51 55 44 48 46 52 49 54 44 48 46 52 49 55
10-21-14:39:49:434  : 相机 Send: System.Byte[]，成功
10-21-14:41:33:586  : 相机 Received: 84 49 59 49 44 49 50 55 46 48 46 48 46 49 58 52 57 55 50 57
10-21-14:41:50:059  : 相机 Received: 67 67 68 49 44 45 49 46 51 54 56 44 52 52 46 50 56 57 44 45 53 46 56 49 52 44 49 46 56 50 49 44 49 46 55 48 49 44 49 46 57 52 49 44 51 46 51 51 49 44 51 46 51 51 56 44 48 46 53 48 53 44 48 46 52 49 57
10-21-14:41:50:060  : 相机 Send: System.Byte[]，成功
10-21-14:44:11:311  : 相机 Received: 84 49 59 49 44 49 50 55 46 48 46 48 46 49 58 52 57 55 50 57
10-21-14:44:11:311  : 相机 Send: System.Byte[]，成功
10-21-14:44:27:800  : 相机 Received: 67 67 68 49 44 45 49 46 52 49 54 44 52 52 46 50 57 44 45 53 46 56 57 53 44 49 46 55 54 54 44 49 46 54 50 53 44 49 46 57 48 55 44 51 46 51 50 57 44 51 46 51 51 56 44 48 46 53 57 49 44 48 46 52 50
10-21-14:44:27:800  : 相机 Send: System.Byte[]，成功
10-21-14:46:36:243  : 相机 Send: System.Byte[]，成功
10-21-14:46:52:733  : 相机 Received: 67 67 68 49 44 45 49 46 49 56 56 44 52 52 46 50 56 54 44 45 54 46 55 57 53 44 50 46 48 48 52 44 49 46 57 50 50 44 50 46 48 56 54 44 51 46 51 50 56 44 51 46 51 53 49 44 48 46 51 51 56 44 48 46 52 50 55
10-21-14:46:52:733  : 相机 Send: System.Byte[]，成功
10-21-14:48:28:704  : 相机 Received: 84 49 59 49 44 49 50 55 46 48 46 48 46 49 58 52 57 55 50 57
10-21-14:48:45:182  : 相机 Received: 67 67 68 49 44 45 49 46 49 56 56 44 52 52 46 50 56 49 44 45 54 46 52 57 49 44 50 44 49 46 57 50 55 44 50 46 48 55 52 44 51 46 51 50 54 44 51 46 51 51 55 44 48 46 51 48 51 44 48 46 52 50 53
10-21-14:48:45:183  : 相机 Send: System.Byte[]，成功
10-21-14:50:21:114  : 相机 Received: 84 49 59 49 44 49 50 55 46 48 46 48 46 49 58 52 57 55 50 57
10-21-14:50:37:595  : 相机 Send: System.Byte[]，成功
10-21-14:52:23:610  : 相机 Send: System.Byte[]，成功
10-21-14:52:40:104  : 相机 Received: 67 67 68 49 44 45 49 46 49 54 55 44 52 52 46 50 55 55 44 45 53 46 57 56 52 44 50 46 48 48 57 44 49 46 57 50 52 44 50 46 48 57 53 44 51 46 51 49 55 44 51 46 51 51 51 44 48 46 51 54 52 44 48 46 52 50 51
10-21-14:52:40:104  : 相机 Send: System.Byte[]，成功
10-21-14:54:12:972  : 相机 Received: 84 49 59 49 44 49 50 55 46 48 46 48 46 49 58 52 57 55 50 57
10-21-14:54:29:458  : 相机 Received: 67 67 68 49 44 45 49 46 49 57 53 44 52 52 46 50 56 53 44 45 54 46 49 55 56 44 49 46 57 55 57 44 49 46 56 56 55 44 50 46 48 55 49 44 51 46 51 50 44 51 46 51 50 55 44 48 46 51 56 57 44 48 46 52 50 50
10-21-14:54:29:458  : 相机 Send: System.Byte[]，成功
10-21-14:56:16:171  : 相机 Send: System.Byte[]，成功
10-21-14:56:32:665  : 相机 Received: 67 67 68 49 44 45 49 46 49 57 49 44 52 52 46 50 56 56 44 45 55 46 49 57 54 44 50 44 49 46 57 48 56 44 50 46 48 57 49 44 51 46 51 50 49 44 51 46 51 50 52 44 48 46 51 54 55 44 48 46 52 50 50
10-21-14:56:32:665  : 相机 Send: System.Byte[]，成功
10-21-14:58:07:903  : 相机 Send: System.Byte[]，成功
10-21-14:58:24:370  : 相机 Send: System.Byte[]，成功
10-21-15:00:27:441  : 相机 Send: System.Byte[]，成功
10-21-15:00:43:920  : 相机 Received: 67 67 68 49 44 45 49 46 48 56 57 44 52 52 46 50 56 50 44 45 54 46 52 51 56 44 50 46 48 57 44 49 46 57 57 56 44 50 46 49 56 49 44 51 46 51 54 53 44 51 46 51 53 54 44 48 46 51 55 51 44 48 46 52 50 50
10-21-15:00:43:921  : 相机 Send: System.Byte[]，成功
10-21-15:02:26:068  : 相机 Send: System.Byte[]，成功
10-21-15:02:42:542  : 相机 Received: 67 67 68 49 44 45 49 46 48 57 50 44 52 52 46 50 56 49 44 45 54 46 55 52 54 44 50 46 49 44 50 46 48 48 54 44 50 46 49 57 51 44 51 46 51 54 51 44 51 46 51 53 52 44 48 46 51 56 44 48 46 52 50 51
10-21-15:02:42:542  : 相机 Send: System.Byte[]，成功
10-21-15:04:54:666  : 相机 Received: 84 49 59 49 44 49 50 55 46 48 46 48 46 49 58 52 57 55 50 57
10-21-15:05:11:152  : 相机 Received: 67 67 68 49 44 45 49 46 49 51 49 44 52 52 46 50 55 55 44 45 54 46 49 55 57 44 50 46 48 53 44 49 46 57 53 52 44 50 46 49 52 55 44 51 46 51 54 53 44 51 46 51 53 49 44 48 46 52 48 49 44 48 46 52 50 50
10-21-15:05:11:153  : 相机 Send: System.Byte[]，成功
10-21-15:07:06:593  : 相机 Send: System.Byte[]，成功
10-21-15:07:23:100  : 相机 Received: 67 67 68 49 44 45 49 46 49 54 55 44 52 52 46 50 56 52 44 45 55 46 50 55 44 50 46 48 50 50 44 49 46 57 49 56 44 50 46 49 50 55 44 51 46 51 54 55 44 51 46 51 54 51 44 48 46 52 49 56 44 48 46 52 50 51
10-21-15:07:23:100  : 相机 Send: System.Byte[]，成功
10-21-15:10:48:429  : 相机 Received: 84 49 59 49 44 49 50 55 46 48 46 48 46 49 58 52 57 55 50 57
10-21-15:11:04:912  : 相机 Received: 67 67 68 49 44 45 49 46 49 55 50 44 52 52 46 50 56 57 44 45 51 46 57 48 49 44 49 46 57 57 56 44 49 46 56 57 51 44 50 46 49 48 52 44 51 46 51 54 55 44 51 46 51 53 57 44 48 46 52 50 52 44 48 46 52 50 53
10-21-15:11:04:912  : 相机 Send: System.Byte[]，成功
10-21-15:12:45:281  : 相机 Send: System.Byte[]，成功
10-21-15:13:01:764  : 相机 Received: 67 67 68 49 44 45 49 46 51 52 44 52 52 46 50 56 53 44 45 54 46 51 54 57 44 49 46 56 51 55 44 49 46 54 57 55 44 49 46 57 55 56 44 51 46 51 54 50 44 51 46 51 53 51 44 48 46 53 55 44 48 46 52 50 51
10-21-15:13:01:764  : 相机 Send: System.Byte[]，成功
10-21-15:47:25:060  : 相机 Send: System.Byte[]，成功
10-21-15:47:25:060  : 相机 Received: 84 49 59 49 44 49 50 55 46 48 46 48 46 49 58 49 48 51 52
10-21-15:47:41:540  : 相机 Send: System.Byte[]，成功
10-21-15:48:58:782  : 相机 Received: 84 49 59 49 44 49 50 55 46 48 46 48 46 49 58 49 48 51 52
10-21-15:49:15:326  : 相机 Received: 67 67 68 49 44 57 57 57 44 57 57 57 44 57 57 57 44 57 57 57
10-21-15:49:15:326  : 相机 Send: System.Byte[]，成功
10-21-16:01:41:141  : 相机 Received: 84 49 59 49 44 49 50 55 46 48 46 48 46 49 58 49 48 51 52
10-21-16:01:57:604  : 相机 Received: 67 67 68 49 44 57 57 57 44 57 57 57 44 57 57 57 44 57 57 57
10-21-16:01:57:604  : 相机 Send: System.Byte[]，成功
10-21-16:03:01:388  : 相机 Received: 84 49 59 49 44 49 50 55 46 48 46 48 46 49 58 49 48 51 52
10-21-16:03:17:843  : 相机 Send: System.Byte[]，成功
10-21-16:03:17:843  : 相机 Received: 67 67 68 49 44 45 48 46 51 55 44 52 52 46 50 49 53 44 45 54 46 55 53 56 44 49 46 53 57 51 44 49 46 51 57 52 44 49 46 55 57 51 44 51 46 51 55 54 44 51 46 51 51 51 44 48 46 55 57 55 44 48 46 53 56 50
10-21-16:06:35:337  : 相机 Received: 84 49 59 49 44 49 50 55 46 48 46 48 46 49 58 49 48 51 52
10-21-16:06:35:337  : 相机 Send: System.Byte[]，成功
10-21-16:06:51:788  : 相机 Send: System.Byte[]，成功
10-21-16:06:51:788  : 相机 Received: 67 67 68 49 44 45 48 46 48 54 57 44 52 52 46 52 53 56 44 45 54 46 56 52 44 49 46 57 55 52 44 49 46 57 48 50 44 50 46 48 52 55 44 51 46 51 49 51 44 51 46 51 52 44 48 46 50 57 55 44 48 46 53 56
10-21-16:11:23:526  : 相机 Send: System.Byte[]，成功
10-21-16:11:39:987  : 相机 Send: System.Byte[]，成功
10-21-16:13:28:378  : 相机 Received: 67 67 68 49 44 45 50 50 46 54 49 50 44 49 46 51 54 52 44 49 46 48 54 55 44 49 46 54 51 53 44 51 46 52 51 44 51 46 49 49 57
10-21-16:13:28:379  : 相机 Send: System.Byte[]，成功
10-21-16:17:45:590  : 相机 Received: 84 49 59 49 44 49 50 55 46 48 46 48 46 49 58 49 48 51 52
10-21-16:18:02:037  : 相机 Received: 67 67 68 49 44 48 46 49 48 57 44 52 52 46 52 53 56 44 45 54 46 52 56 53 44 50 46 48 52 55 44 49 46 57 54 44 50 46 49 51 52 44 51 46 51 54 50 44 51 46 51 54 51 44 48 46 51 53 57 44 48 46 53 50
10-21-16:18:02:037  : 相机 Send: System.Byte[]，成功
10-21-16:18:59:848  : 相机 Received: 67 67 68 49 44 57 57 57 44 57 57 57 44 57 57 57 44 57 57 57 44 57 57 57 44 57 57 57
10-21-16:18:59:848  : 相机 Send: System.Byte[]，成功
10-21-16:22:19:085  : 相机 Send: System.Byte[]，成功
10-21-16:22:35:567  : 相机 Received: 67 67 68 49 44 45 48 46 48 54 49 44 52 52 46 52 48 56 44 45 54 46 55 53 51 44 50 46 48 48 49 44 49 46 57 48 53 44 50 46 48 57 55 44 51 46 51 50 55 44 51 46 51 51 51 44 48 46 52 48 50 44 48 46 52 57 55
10-21-16:22:35:567  : 相机 Send: System.Byte[]，成功
10-21-16:23:34:282  : 相机 Received: 67 67 68 49 44 45 50 50 46 48 57 54 44 49 46 53 53 52 44 49 46 49 55 50 44 49 46 57 50 52 44 51 46 50 57 53 44 51 46 49 56 57
10-21-16:23:34:282  : 相机 Send: System.Byte[]，成功
10-21-16:26:54:951  : 相机 Send: System.Byte[]，成功
10-21-16:27:11:451  : 相机 Received: 67 67 68 49 44 48 46 49 52 56 44 52 51 46 53 48 57 44 45 54 46 49 48 56 44 49 46 57 55 54 44 49 46 56 57 49 44 50 46 48 54 49 44 51 46 51 51 51 44 51 46 51 51 52 44 48 46 51 53 55 44 48 46 52 57 52
10-21-16:27:11:452  : 相机 Send: System.Byte[]，成功
10-21-16:28:14:151  : 相机 Received: 67 67 68 49 44 45 49 55 46 48 54 57 44 50 46 49 53 57 44 50 46 48 51 55 44 50 46 50 56 51 44 51 46 48 51 56 44 51 46 48 56 49
10-21-16:28:14:151  : 相机 Send: System.Byte[]，成功
10-21-16:30:58:202  : 相机 Send: System.Byte[]，成功
10-21-16:31:08:224  : 相机 Received: 84 50 59 52 44 49 50 55 46 48 46 48 46 49 58 49 48 51 52
10-21-16:31:18:243  : 相机 Received: 84 50 59 53 44 49 50 55 46 48 46 48 46 49 58 49 48 51 52
10-21-16:31:18:243  : 相机 Send: System.Byte[]，成功
10-21-16:31:28:272  : 相机 Received: 67 67 68 49 44 57 57 57 44 57 57 57 44 57 57 57 44 57 57 57 44 57 57 57 44 57 57 57 44 57 57 57 44 57 57 57 44 57 57 57 44 57 57 57 44 57 57 57 44 57 57 57 44 57 57 57 44 57 57 57 44 57 57 57 44 57 57 57 44 57 57 57 44 57 57 57
10-21-16:31:28:272  : 相机 Send: System.Byte[]，成功
10-21-17:01:57:758  : 相机 Send: System.Byte[]，成功
10-21-17:02:07:781  : 相机 Received: 84 50 59 52 44 49 50 55 46 48 46 48 46 49 58 49 48 51 52
10-21-17:02:17:808  : 相机 Received: 84 50 59 53 44 49 50 55 46 48 46 48 46 49 58 49 48 51 52
10-21-17:02:27:847  : 相机 Received: 67 67 68 49 44 51 46 55 49 57 44 51 46 49 54 44 49 46 49 50 53 44 49 46 49 52 50 44 51 46 49 54 55 44 50 46 54 48 57 44 49 46 48 49 51 44 49 46 50 51 51 44 51 46 50 49 52 44 51 46 52 51 57 44 48 46 50 48 53 44 48 46 48 48 51 44 51 46 49 57 56 44 49 46 56 51 49 44 49 46 52 48 53 44 48 46 57 57 54 44 49 46 52 51 51 44 48 46 57 50 55
10-21-17:02:27:847  : 相机 Send: System.Byte[]，成功
10-21-17:04:31:898  : 相机 Received: 84 49 59 49 44 49 50 55 46 48 46 48 46 49 58 49 48 51 52
10-21-17:04:31:898  : 相机 Send: System.Byte[]，成功
10-21-17:04:45:071  : 相机 Received: 67 67 68 49 44 48 46 50 52 52 44 52 52 46 51 49 57 44 45 54 46 50 56 52 44 50 46 48 49 51 44 49 46 57 51 52 44 50 46 48 57 50 44 51 46 51 53 49 44 51 46 51 55 51 44 48 46 51 50 57 44 48 46 52 56 52
10-21-17:04:45:071  : 相机 Send: System.Byte[]，成功
10-21-17:05:36:758  : 相机 Received: 67 67 68 49 44 57 57 57 44 57 57 57 44 57 57 57 44 57 57 57 44 57 57 57 44 57 57 57
10-21-17:05:36:758  : 相机 Send: System.Byte[]，成功
10-21-17:08:15:563  : 相机 Received: 84 49 59 49 44 49 50 55 46 48 46 48 46 49 58 49 48 51 52
10-21-17:08:28:749  : 相机 Received: 67 67 68 49 44 48 46 50 51 50 44 52 52 46 52 49 56 44 45 53 46 56 52 44 50 44 49 46 57 48 56 44 50 46 48 57 51 44 51 46 51 51 54 44 51 46 51 51 55 44 48 46 51 57 49 44 48 46 52 52 56
10-21-17:08:28:749  : 相机 Send: System.Byte[]，成功
10-21-17:09:19:020  : 相机 Received: 67 67 68 49 44 45 49 54 46 51 55 57 44 50 46 49 48 50 44 49 46 57 57 49 44 50 46 50 49 52 44 51 46 48 52 53 44 51 46 48 54 54
10-21-17:09:19:020  : 相机 Send: System.Byte[]，成功
10-21-17:11:26:303  : 相机 Send: System.Byte[]，成功
10-21-17:11:36:298  : 相机 Received: 84 50 59 52 44 49 50 55 46 48 46 48 46 49 58 49 48 51 52
10-21-17:11:46:337  : 相机 Received: 84 50 59 53 44 49 50 55 46 48 46 48 46 49 58 49 48 51 52
10-21-17:11:56:356  : 相机 Send: System.Byte[]，成功
10-21-17:18:24:292  : 相机 Send: System.Byte[]，成功
10-21-17:18:37:460  : 相机 Send: System.Byte[]，成功
10-21-17:18:37:460  : 相机 Received: 67 67 68 49 44 48 46 50 52 57 44 52 52 46 52 49 44 45 54 46 56 49 50 44 50 46 48 48 55 44 49 46 57 48 53 44 50 46 49 48 57 44 51 46 51 54 52 44 51 46 51 53 52 44 48 46 52 49 50 44 48 46 52 55
10-21-17:21:14:884  : 相机 Received: 67 67 68 49 44 57 57 57 44 57 57 57 44 57 57 57 44 57 57 57 44 57 57 57 44 57 57 57
10-21-17:21:14:884  : 相机 Send: System.Byte[]，成功
10-21-17:24:16:538  : 相机 Received: 84 49 59 49 44 49 50 55 46 48 46 48 46 49 58 49 48 51 52
10-21-17:24:29:725  : 相机 Received: 67 67 68 49 44 48 46 50 52 50 44 52 50 46 52 55 53 44 45 54 46 55 52 54 44 50 46 48 48 55 44 49 46 57 53 56 44 50 46 48 53 53 44 51 46 51 53 52 44 51 46 51 56 57 44 48 46 50 44 48 46 52 54 56
10-21-17:24:29:725  : 相机 Send: System.Byte[]，成功
10-21-17:25:17:278  : 相机 Received: 67 67 68 49 44 45 49 56 46 48 50 56 44 50 46 49 52 56 44 50 46 48 53 56 44 50 46 50 51 56 44 51 46 48 53 50 44 51 46 48 55 51
10-21-17:25:17:278  : 相机 Send: System.Byte[]，成功
10-21-17:27:08:607  : 相机 Received: 84 50 59 51 44 49 50 55 46 48 46 48 46 49 58 49 48 51 52
10-21-17:27:18:604  : 相机 Received: 84 50 59 52 44 49 50 55 46 48 46 48 46 49 58 49 48 51 52
10-21-17:27:28:626  : 相机 Received: 84 50 59 53 44 49 50 55 46 48 46 48 46 49 58 49 48 51 52
10-21-17:27:28:626  : 相机 Send: System.Byte[]，成功
10-21-17:27:38:670  : 相机 Send: System.Byte[]，成功
10-21-17:27:38:670  : 相机 Received: 67 67 68 49 44 51 46 50 52 51 44 51 46 50 54 55 44 49 46 49 50 53 44 49 46 49 52 50 44 51 46 50 53 52 44 51 46 52 49 56 44 49 46 48 49 51 44 49 46 50 51 51 44 51 46 51 51 49 44 51 46 50 56 51 44 48 46 50 48 53 44 48 46 48 48 51 44 51 46 50 49 55 44 51 46 51 50 50 44 49 46 52 48 53 44 48 46 57 57 54 44 49 46 52 51 51 44 48 46 57 50 55
10-21-17:34:38:054  : 相机 Received: 84 49 59 49 44 49 50 55 46 48 46 48 46 49 58 49 48 51 52
10-21-17:34:51:217  : 相机 Send: System.Byte[]，成功
10-21-17:35:39:896  : 相机 Received: 67 67 68 49 44 45 49 53 46 55 53 49 44 50 46 48 55 56 44 49 46 57 55 52 44 50 46 49 56 52 44 51 46 48 53 44 51 46 48 56 50
10-21-17:35:39:896  : 相机 Send: System.Byte[]，成功
10-21-17:37:43:778  : 相机 Send: System.Byte[]，成功
10-21-17:37:53:799  : 相机 Received: 84 50 59 52 44 49 50 55 46 48 46 48 46 49 58 49 48 51 52
10-21-17:37:53:799  : 相机 Send: System.Byte[]，成功
10-21-17:38:03:803  : 相机 Send: System.Byte[]，成功
10-21-17:38:13:858  : 相机 Received: 67 67 68 49 44 51 46 52 51 51 44 51 46 50 55 57 44 49 46 49 50 53 44 49 46 49 52 50 44 51 46 50 56 55 44 51 46 49 55 55 44 49 46 48 49 51 44 49 46 50 51 51 44 51 46 51 57 51 44 51 46 51 53 56 44 48 46 50 48 53 44 48 46 48 48 51 44 51 46 50 49 53 44 51 46 53 53 52 44 49 46 52 48 53 44 48 46 57 57 54 44 49 46 52 51 51 44 48 46 57 50 55
10-21-17:38:13:858  : 相机 Send: System.Byte[]，成功
10-21-18:12:56:533  : 相机 Received: 84 49 59 49 44 49 50 55 46 48 46 48 46 49 58 49 48 51 52
10-21-18:13:09:712  : 相机 Received: 67 67 68 49 44 45 48 46 48 53 54 44 52 52 46 50 57 51 44 45 54 46 52 57 50 44 49 46 57 55 52 44 49 46 57 54 53 44 49 46 57 56 51 44 51 46 51 55 57 44 51 46 51 52 50 44 48 46 48 51 54 44 48 46 53 50 49
10-21-18:14:05:550  : 相机 Received: 67 67 68 49 44 45 49 54 46 51 50 52 44 50 46 49 52 49 44 50 46 48 54 57 44 50 46 50 49 52 44 51 46 48 53 50 44 51 46 48 54 52
10-21-18:14:05:550  : 相机 Send: System.Byte[]，成功
10-21-18:15:54:726  : 相机 Received: 84 50 59 51 44 49 50 55 46 48 46 48 46 49 58 49 48 51 52
10-21-18:16:04:739  : 相机 Received: 84 50 59 52 44 49 50 55 46 48 46 48 46 49 58 49 48 51 52
10-21-18:16:14:738  : 相机 Send: System.Byte[]，成功
10-21-18:16:24:802  : 相机 Received: 67 67 68 49 44 51 46 50 56 53 44 51 46 51 49 53 44 49 46 49 50 53 44 49 46 49 52 50 44 51 46 50 52 50 44 51 46 51 50 55 44 49 46 48 49 51 44 49 46 50 51 51 44 51 46 51 56 53 44 51 46 51 48 53 44 48 46 50 48 53 44 48 46 48 48 51 44 51 46 55 54 54 44 51 46 51 57 56 44 49 46 52 48 53 44 48 46 57 57 54 44 49 46 52 51 51 44 48 46 57 50 55
10-21-18:19:27:458  : 相机 Received: 84 50 59 51 44 49 50 55 46 48 46 48 46 49 58 49 48 51 52
10-21-18:19:37:468  : 相机 Send: System.Byte[]，成功
10-21-18:19:47:489  : 相机 Send: System.Byte[]，成功
10-21-18:19:57:546  : 相机 Send: System.Byte[]，成功
10-21-18:19:57:546  : 相机 Received: 67 67 68 49 44 51 46 50 56 56 44 51 46 51 50 56 44 49 46 49 50 53 44 49 46 49 52 50 44 51 46 50 51 56 44 51 46 51 51 52 44 49 46 48 49 51 44 49 46 50 51 51 44 51 46 51 56 53 44 51 46 54 49 55 44 48 46 50 48 53 44 48 46 48 48 51 44 51 46 55 54 52 44 51 46 52 48 55 44 49 46 52 48 53 44 48 46 57 57 54 44 49 46 52 51 51 44 48 46 57 50 55
10-21-18:23:40:133  : 相机 Send: System.Byte[]，成功
10-21-18:23:53:312  : 相机 Send: System.Byte[]，成功
10-21-18:23:53:312  : 相机 Received: 67 67 68 49 44 48 46 48 51 49 44 52 52 46 50 56 57 44 45 54 46 57 55 54 44 50 46 48 54 54 44 50 46 48 52 53 44 50 46 48 56 56 44 51 46 51 54 55 44 51 46 51 50 56 44 48 46 48 56 54 44 48 46 53 49 49
10-21-18:24:50:625  : 相机 Received: 67 67 68 49 44 45 49 53 46 56 54 52 44 50 46 50 48 54 44 50 46 49 52 50 44 50 46 50 55 44 51 46 48 53 53 44 51 46 48 52 55
10-21-18:24:50:625  : 相机 Send: System.Byte[]，成功
10-21-18:26:44:484  : 相机 Received: 84 50 59 51 44 49 50 55 46 48 46 48 46 49 58 49 48 51 52
10-21-18:26:44:484  : 相机 Send: System.Byte[]，成功
10-21-18:26:54:505  : 相机 Received: 84 50 59 52 44 49 50 55 46 48 46 48 46 49 58 49 48 51 52
10-21-18:27:04:505  : 相机 Send: System.Byte[]，成功
10-21-18:27:14:559  : 相机 Received: 67 67 68 49 44 51 46 50 57 50 44 51 46 51 50 52 44 49 46 49 50 53 44 49 46 49 52 50 44 51 46 50 49 44 51 46 50 57 54 44 49 46 48 49 51 44 49 46 50 51 51 44 51 46 51 49 52 44 51 46 51 50 44 48 46 50 48 53 44 48 46 48 48 51 44 51 46 55 56 53 44 51 46 51 55 44 49 46 52 48 53 44 48 46 57 57 54 44 49 46 52 51 51 44 48 46 57 50 55
10-21-18:43:57:151  : 相机 Send: System.Byte[]，成功
10-21-18:44:10:313  : 相机 Received: 67 67 68 49 44 45 48 46 48 48 56 44 52 52 46 51 49 51 44 45 54 46 52 52 44 50 46 48 50 49 44 49 46 57 53 57 44 50 46 48 56 51 44 51 46 51 53 55 44 51 46 51 53 57 44 48 46 50 54 44 48 46 52 56 49
10-21-18:44:10:313  : 相机 Send: System.Byte[]，成功
10-21-18:44:58:234  : 相机 Received: 67 67 68 49 44 45 49 54 46 54 51 55 44 50 46 49 52 56 44 50 46 48 52 53 44 50 46 50 53 50 44 51 46 48 53 44 51 46 48 56 50
10-21-18:44:58:235  : 相机 Send: System.Byte[]，成功
10-21-18:46:46:994  : 相机 Send: System.Byte[]，成功
10-21-18:46:57:001  : 相机 Received: 84 50 59 52 44 49 50 55 46 48 46 48 46 49 58 49 48 51 52
10-21-18:47:07:008  : 相机 Send: System.Byte[]，成功
10-21-18:47:17:065  : 相机 Send: System.Byte[]，成功
10-21-18:49:47:881  : 相机 Received: 84 49 59 49 44 49 50 55 46 48 46 48 46 49 58 49 48 51 52
10-21-18:50:01:049  : 相机 Received: 67 67 68 49 44 45 48 46 48 54 57 44 52 52 46 50 52 57 44 45 54 46 48 50 50 44 49 46 57 53 51 44 49 46 56 52 50 44 50 46 48 54 52 44 51 46 51 51 50 44 51 46 51 54 52 44 48 46 52 55 49 44 48 46 52 54 52
10-21-18:51:21:702  : 相机 Received: 67 67 68 49 44 45 49 53 46 54 55 55 44 50 46 49 48 52 44 49 46 57 57 56 44 50 46 50 49 49 44 51 46 48 52 50 44 51 46 48 53
10-21-18:51:21:702  : 相机 Send: System.Byte[]，成功
10-21-18:53:15:305  : 相机 Send: System.Byte[]，成功
10-21-18:53:25:346  : 相机 Received: 84 50 59 52 44 49 50 55 46 48 46 48 46 49 58 49 48 51 52
10-21-18:53:35:328  : 相机 Send: System.Byte[]，成功
10-21-18:53:45:390  : 相机 Send: System.Byte[]，成功
10-21-18:55:48:177  : 相机 Send: System.Byte[]，成功
10-21-18:56:01:352  : 相机 Received: 67 67 68 49 44 45 48 46 48 48 54 44 52 52 46 49 57 56 44 45 54 46 56 49 55 44 50 46 48 49 56 44 49 46 57 50 56 44 50 46 49 48 56 44 51 46 51 52 52 44 51 46 51 53 44 48 46 51 55 50 44 48 46 53 48 51
10-21-18:56:01:352  : 相机 Send: System.Byte[]，成功
10-21-18:56:58:373  : 相机 Received: 67 67 68 49 44 45 49 54 46 48 50 44 50 46 49 54 51 44 50 46 48 55 53 44 50 46 50 53 50 44 51 46 48 54 49 44 51 46 48 55
10-21-18:56:58:373  : 相机 Send: System.Byte[]，成功
10-21-18:59:00:243  : 相机 Received: 84 50 59 51 44 49 50 55 46 48 46 48 46 49 58 49 48 51 52
10-21-18:59:10:255  : 相机 Received: 84 50 59 52 44 49 50 55 46 48 46 48 46 49 58 49 48 51 52
10-21-18:59:20:263  : 相机 Received: 84 50 59 53 44 49 50 55 46 48 46 48 46 49 58 49 48 51 52
10-21-18:59:30:302  : 相机 Send: System.Byte[]，成功
10-21-19:02:47:379  : 相机 Received: 84 49 59 49 44 49 50 55 46 48 46 48 46 49 58 49 48 51 52
10-21-19:03:00:553  : 相机 Received: 67 67 68 49 44 45 48 46 49 53 57 44 52 52 46 48 57 50 44 45 54 46 50 54 57 44 49 46 56 54 54 44 49 46 55 55 54 44 49 46 57 53 54 44 51 46 51 52 53 44 51 46 51 53 55 44 48 46 51 55 55 44 48 46 53 51 52
10-21-19:03:00:553  : 相机 Send: System.Byte[]，成功
10-21-19:03:50:474  : 相机 Received: 67 67 68 49 44 45 49 54 46 49 52 52 44 50 46 49 53 53 44 50 46 48 55 44 50 46 50 51 57 44 51 46 48 52 55 44 51 46 48 53 50
10-21-19:03:50:475  : 相机 Send: System.Byte[]，成功
10-21-19:05:43:781  : 相机 Send: System.Byte[]，成功
10-21-19:05:53:772  : 相机 Received: 84 50 59 52 44 49 50 55 46 48 46 48 46 49 58 49 48 51 52
10-21-19:06:03:781  : 相机 Send: System.Byte[]，成功
10-21-19:06:13:835  : 相机 Received: 67 67 68 49 44 51 46 49 56 55 44 51 46 51 54 53 44 49 46 49 50 53 44 49 46 49 52 50 44 51 46 51 51 56 44 51 46 54 50 54 44 49 46 48 49 51 44 49 46 50 51 51 44 51 46 53 52 50 44 51 46 49 57 56 44 48 46 50 48 53 44 48 46 48 48 51 44 51 46 53 56 51 44 51 46 50 56 50 44 49 46 52 48 53 44 48 46 57 57 54 44 49 46 52 51 51 44 48 46 57 50 55
10-21-19:06:13:835  : 相机 Send: System.Byte[]，成功
10-21-19:10:14:804  : 相机 Send: System.Byte[]，成功
10-21-19:10:27:973  : 相机 Received: 67 67 68 49 44 45 48 46 49 53 44 52 52 46 49 57 50 44 45 54 46 54 56 53 44 49 46 56 55 54 44 49 46 55 53 54 44 49 46 57 57 55 44 51 46 51 54 53 44 51 46 51 54 49 44 48 46 52 56 56 44 48 46 53 50 53
10-21-19:10:27:973  : 相机 Send: System.Byte[]，成功
10-21-19:11:31:207  : 相机 Received: 67 67 68 49 44 45 49 53 46 57 54 49 44 50 46 48 55 53 44 49 46 57 54 57 44 50 46 49 56 51 44 51 46 48 53 56 44 51 46 48 54 53
10-21-19:11:31:208  : 相机 Send: System.Byte[]，成功
10-21-19:13:31:357  : 相机 Received: 84 50 59 51 44 49 50 55 46 48 46 48 46 49 58 49 48 51 52
10-21-19:13:41:370  : 相机 Send: System.Byte[]，成功
10-21-19:13:51:384  : 相机 Received: 84 50 59 53 44 49 50 55 46 48 46 48 46 49 58 49 48 51 52
10-21-19:14:01:432  : 相机 Send: System.Byte[]，成功
10-21-19:14:01:432  : 相机 Received: 67 67 68 49 44 51 46 50 51 57 44 51 46 51 49 44 49 46 49 50 53 44 49 46 49 52 50 44 51 46 50 56 55 44 51 46 53 53 55 44 49 46 48 49 51 44 49 46 50 51 51 44 51 46 52 57 53 44 51 46 50 56 57 44 48 46 50 48 53 44 48 46 48 48 51 44 51 46 50 48 51 44 51 46 51 53 55 44 49 46 52 48 53 44 48 46 57 57 54 44 49 46 52 51 51 44 48 46 57 50 55
10-21-19:17:49:674  : 相机 Received: 84 49 59 49 44 49 50 55 46 48 46 48 46 49 58 49 48 51 52
10-21-19:18:02:838  : 相机 Send: System.Byte[]，成功
10-21-19:19:01:239  : 相机 Received: 67 67 68 49 44 45 49 54 46 52 50 56 44 50 46 49 50 54 44 50 46 48 50 57 44 50 46 50 50 54 44 51 46 48 52 44 51 46 48 56 53
10-21-19:19:01:239  : 相机 Send: System.Byte[]，成功
10-21-19:21:04:246  : 相机 Send: System.Byte[]，成功
10-21-19:21:14:260  : 相机 Received: 84 50 59 52 44 49 50 55 46 48 46 48 46 49 58 49 48 51 52
10-21-19:21:14:260  : 相机 Send: System.Byte[]，成功
10-21-19:21:24:282  : 相机 Send: System.Byte[]，成功
10-21-19:21:34:330  : 相机 Send: System.Byte[]，成功
10-21-19:24:59:349  : 相机 Send: System.Byte[]，成功
10-21-19:25:12:498  : 相机 Send: System.Byte[]，成功
10-21-19:25:12:498  : 相机 Received: 67 67 68 49 44 45 48 46 49 51 53 44 52 52 46 51 49 53 44 45 54 46 52 52 50 44 49 46 56 54 54 44 49 46 55 54 57 44 49 46 57 54 50 44 51 46 51 54 51 44 51 46 51 52 54 44 48 46 51 57 55 44 48 46 52 57 49
10-21-19:26:15:640  : 相机 Received: 67 67 68 49 44 45 49 53 46 49 44 50 46 49 50 57 44 50 46 48 52 51 44 50 46 50 49 54 44 51 46 48 53 52 44 51 46 48 54 49
10-21-19:26:15:640  : 相机 Send: System.Byte[]，成功
10-21-19:28:53:755  : 相机 Received: 84 50 59 51 44 49 50 55 46 48 46 48 46 49 58 49 48 51 52
10-21-19:29:03:751  : 相机 Send: System.Byte[]，成功
10-21-19:29:13:771  : 相机 Received: 84 50 59 53 44 49 50 55 46 48 46 48 46 49 58 49 48 51 52
10-21-19:29:23:823  : 相机 Send: System.Byte[]，成功
10-21-19:29:23:823  : 相机 Received: 67 67 68 49 44 51 46 49 55 57 44 51 46 51 53 54 44 49 46 49 50 53 44 49 46 49 52 50 44 51 46 51 50 52 44 51 46 55 44 49 46 48 49 51 44 49 46 50 51 51 44 51 46 54 54 53 44 51 46 49 54 50 44 48 46 50 48 53 44 48 46 48 48 51 44 51 46 50 48 51 44 51 46 50 53 51 44 49 46 52 48 53 44 48 46 57 57 54 44 49 46 52 51 51 44 48 46 57 50 55
10-21-19:32:10:233  : 相机 Received: 84 49 59 49 44 49 50 55 46 48 46 48 46 49 58 49 48 51 52
10-21-19:32:23:410  : 相机 Send: System.Byte[]，成功
10-21-19:32:23:410  : 相机 Received: 67 67 68 49 44 45 48 46 48 49 51 44 52 52 46 49 49 56 44 45 53 46 56 53 54 44 49 46 57 51 57 44 49 46 56 53 50 44 50 46 48 50 54 44 51 46 51 53 54 44 51 46 51 54 52 44 48 46 51 54 50 44 48 46 53 49 49
10-21-19:33:23:490  : 相机 Received: 67 67 68 49 44 45 49 53 46 56 55 44 50 46 49 54 50 44 50 46 48 56 51 44 50 46 50 52 49 44 51 46 48 53 54 44 51 46 48 53 56
10-21-19:33:23:490  : 相机 Send: System.Byte[]，成功
10-21-19:35:31:438  : 相机 Send: System.Byte[]，成功
10-21-19:35:41:444  : 相机 Received: 84 50 59 52 44 49 50 55 46 48 46 48 46 49 58 49 48 51 52
10-21-19:35:51:466  : 相机 Received: 84 50 59 53 44 49 50 55 46 48 46 48 46 49 58 49 48 51 52
10-21-19:36:01:508  : 相机 Send: System.Byte[]，成功
10-21-19:36:01:508  : 相机 Received: 67 67 68 49 44 51 46 50 48 52 44 51 46 54 49 53 44 49 46 49 50 53 44 49 46 49 52 50 44 51 46 50 55 52 44 50 46 57 56 44 49 46 48 49 51 44 49 46 50 51 51 44 51 46 53 57 52 44 51 46 49 56 50 44 48 46 50 48 53 44 48 46 48 48 51 44 51 46 51 52 49 44 51 46 50 56 55 44 49 46 52 48 53 44 48 46 57 57 54 44 49 46 52 51 51 44 48 46 57 50 55
10-21-19:43:45:551  : 相机 Send: System.Byte[]，成功
10-21-19:43:58:734  : 相机 Send: System.Byte[]，成功
10-21-19:43:58:734  : 相机 Received: 67 67 68 49 44 45 48 46 49 53 52 44 52 52 46 48 55 50 44 45 54 46 53 49 56 44 49 46 57 44 49 46 55 56 53 44 50 46 48 49 53 44 51 46 51 52 51 44 51 46 51 53 56 44 48 46 52 55 54 44 48 46 53 50 50
10-21-19:44:44:952  : 相机 Received: 67 67 68 49 44 45 49 54 46 49 49 52 44 50 46 49 48 52 44 49 46 57 57 57 44 50 46 50 49 44 51 46 48 53 52 44 51 46 48 55 56
10-21-19:44:44:952  : 相机 Send: System.Byte[]，成功
10-21-19:46:30:230  : 相机 Send: System.Byte[]，成功
10-21-19:46:40:251  : 相机 Received: 84 50 59 52 44 49 50 55 46 48 46 48 46 49 58 49 48 51 52
10-21-19:46:40:251  : 相机 Send: System.Byte[]，成功
10-21-19:46:50:254  : 相机 Received: 84 50 59 53 44 49 50 55 46 48 46 48 46 49 58 49 48 51 52
10-21-19:47:00:322  : 相机 Received: 67 67 68 49 44 51 46 50 55 49 44 51 46 51 48 49 44 49 46 49 50 53 44 49 46 49 52 50 44 51 46 51 48 56 44 51 46 53 52 57 44 49 46 48 49 51 44 49 46 50 51 51 44 51 46 52 55 49 44 51 46 50 54 52 44 48 46 50 48 53 44 48 46 48 48 51 44 51 46 51 49 49 44 51 46 51 56 56 44 49 46 52 48 53 44 48 46 57 57 54 44 49 46 52 51 51 44 48 46 57 50 55
10-21-19:47:00:322  : 相机 Send: System.Byte[]，成功
10-21-19:50:14:894  : 相机 Send: System.Byte[]，成功
10-21-19:50:28:049  : 相机 Received: 67 67 68 49 44 45 48 46 49 52 57 44 52 52 46 49 54 54 44 45 54 46 54 53 51 44 49 46 56 56 56 44 49 46 55 55 52 44 50 46 48 48 51 44 51 46 51 51 55 44 51 46 51 53 50 44 48 46 52 56 50 44 48 46 53 51 51
10-21-19:51:19:588  : 相机 Received: 67 67 68 49 44 45 49 54 46 54 53 54 44 50 46 49 50 57 44 50 46 48 52 52 44 50 46 50 49 52 44 51 46 48 52 50 44 51 46 48 56 53
10-21-19:51:19:589  : 相机 Send: System.Byte[]，成功
10-21-19:53:09:933  : 相机 Send: System.Byte[]，成功
10-21-19:53:19:938  : 相机 Send: System.Byte[]，成功
10-21-19:53:29:945  : 相机 Received: 84 50 59 53 44 49 50 55 46 48 46 48 46 49 58 49 48 51 52
10-21-19:53:39:992  : 相机 Received: 67 67 68 49 44 51 46 50 44 51 46 50 56 52 44 49 46 49 50 53 44 49 46 49 52 50 44 51 46 50 57 44 51 46 53 44 49 46 48 49 51 44 49 46 50 51 51 44 51 46 52 53 53 44 51 46 49 57 44 48 46 50 48 53 44 48 46 48 48 51 44 51 46 50 54 53 44 51 46 51 54 56 44 49 46 52 48 53 44 48 46 57 57 54 44 49 46 52 51 51 44 48 46 57 50 55
10-21-19:56:44:028  : 相机 Received: 84 49 59 49 44 49 50 55 46 48 46 48 46 49 58 49 48 51 52
10-21-19:56:44:029  : 相机 Send: System.Byte[]，成功
10-21-19:56:57:191  : 相机 Send: System.Byte[]，成功
10-21-19:58:00:724  : 相机 Received: 67 67 68 49 44 45 49 53 46 53 57 56 44 50 46 49 55 56 44 50 46 49 50 49 44 50 46 50 51 52 44 51 46 48 54 44 51 46 48 52 53
10-21-19:58:00:725  : 相机 Send: System.Byte[]，成功
10-21-19:59:53:065  : 相机 Received: 84 50 59 51 44 49 50 55 46 48 46 48 46 49 58 49 48 51 52
10-21-20:00:03:082  : 相机 Send: System.Byte[]，成功
10-21-20:00:13:088  : 相机 Received: 84 50 59 53 44 49 50 55 46 48 46 48 46 49 58 49 48 51 52
10-21-20:00:13:088  : 相机 Send: System.Byte[]，成功
10-21-20:00:23:139  : 相机 Received: 67 67 68 49 44 51 46 51 49 54 44 51 46 50 57 56 44 49 46 49 50 53 44 49 46 49 52 50 44 51 46 50 56 52 44 51 46 53 48 52 44 49 46 48 49 51 44 49 46 50 51 51 44 51 46 52 48 54 44 51 46 50 53 55 44 48 46 50 48 53 44 48 46 48 48 51 44 51 46 50 49 57 44 51 46 50 56 57 44 49 46 52 48 53 44 48 46 57 57 54 44 49 46 52 51 51 44 48 46 57 50 55
10-21-20:00:23:139  : 相机 Send: System.Byte[]，成功
10-21-20:04:15:330  : 相机 Received: 84 49 59 49 44 49 50 55 46 48 46 48 46 49 58 49 48 51 52
10-21-20:04:28:526  : 相机 Received: 67 67 68 49 44 45 48 46 49 52 50 44 52 52 46 49 54 49 44 45 54 46 54 54 50 44 49 46 57 48 50 44 49 46 56 48 54 44 49 46 57 57 56 44 51 46 51 53 54 44 51 46 51 54 49 44 48 46 51 57 44 48 46 52 57 53
10-21-20:04:28:527  : 相机 Send: System.Byte[]，成功
10-21-20:05:15:667  : 相机 Received: 67 67 68 49 44 45 49 53 46 57 57 51 44 50 46 49 55 44 50 46 48 57 54 44 50 46 50 52 53 44 51 46 48 53 55 44 51 46 48 55 55
10-21-20:05:15:667  : 相机 Send: System.Byte[]，成功
10-21-20:10:30:547  : 相机 Send: System.Byte[]，成功
10-21-20:10:40:564  : 相机 Received: 84 50 59 52 44 49 50 55 46 48 46 48 46 49 58 49 48 51 52
10-21-20:10:50:574  : 相机 Received: 84 50 59 53 44 49 50 55 46 48 46 48 46 49 58 49 48 51 52
10-21-20:11:00:619  : 相机 Send: System.Byte[]，成功
10-21-20:11:00:619  : 相机 Received: 67 67 68 49 44 51 46 50 52 54 44 51 46 51 48 57 44 49 46 49 50 53 44 49 46 49 52 50 44 51 46 50 57 54 44 51 46 53 54 44 49 46 48 49 51 44 49 46 50 51 51 44 51 46 52 55 54 44 51 46 50 53 52 44 48 46 50 48 53 44 48 46 48 48 51 44 51 46 50 51 55 44 51 46 51 49 51 44 49 46 52 48 53 44 48 46 57 57 54 44 49 46 52 51 51 44 48 46 57 50 55
10-21-20:17:02:935  : 相机 Received: 84 49 59 49 44 49 50 55 46 48 46 48 46 49 58 49 48 51 52
10-21-20:17:16:124  : 相机 Send: System.Byte[]，成功
10-21-20:19:28:313  : 相机 Received: 67 67 68 49 44 45 49 53 46 57 55 56 44 50 46 49 52 53 44 50 46 48 56 50 44 50 46 50 48 55 44 51 46 48 53 57 44 51 46 48 53 54
10-21-20:19:28:314  : 相机 Send: System.Byte[]，成功
10-21-20:21:17:800  : 相机 Received: 84 50 59 51 44 49 50 55 46 48 46 48 46 49 58 49 48 51 52
10-21-20:21:27:830  : 相机 Send: System.Byte[]，成功
10-21-20:21:37:827  : 相机 Send: System.Byte[]，成功
10-21-20:21:47:898  : 相机 Received: 67 67 68 49 44 51 46 50 53 51 44 51 46 51 49 53 44 49 46 49 50 53 44 49 46 49 52 50 44 51 46 51 48 55 44 51 46 53 54 57 44 49 46 48 49 51 44 49 46 50 51 51 44 51 46 52 50 50 44 51 46 51 49 55 44 48 46 50 48 53 44 48 46 48 48 51 44 51 46 50 49 51 44 51 46 51 49 50 44 49 46 52 48 53 44 48 46 57 57 54 44 49 46 52 51 51 44 48 46 57 50 55
10-21-20:21:47:898  : 相机 Send: System.Byte[]，成功
10-21-20:31:10:351  : 相机 Received: 84 49 59 49 44 49 50 55 46 48 46 48 46 49 58 49 48 51 52
10-21-20:31:23:521  : 相机 Received: 67 67 68 49 44 45 48 46 48 53 53 44 52 52 46 48 53 55 44 45 55 46 50 50 52 44 49 46 57 56 50 44 49 46 56 54 52 44 50 46 49 48 49 44 51 46 51 56 57 44 51 46 51 54 55 44 48 46 52 55 54 44 48 46 52 53 49
10-21-20:31:23:522  : 相机 Send: System.Byte[]，成功
10-21-20:32:18:929  : 相机 Received: 84 49 59 49 44 49 50 55 46 48 46 48 46 49 58 49 48 51 52
10-21-20:32:32:109  : 相机 Received: 67 67 68 49 44 45 48 46 48 54 56 44 52 52 46 48 55 49 44 45 54 46 57 50 57 44 49 46 57 55 44 49 46 56 53 44 50 46 48 56 57 44 51 46 51 56 57 44 51 46 51 54 57 44 48 46 52 56 49 44 48 46 52 53 49
10-21-20:32:32:109  : 相机 Send: System.Byte[]，成功
10-21-20:33:19:581  : 相机 Received: 67 67 68 49 44 45 49 55 46 55 50 54 44 50 46 50 55 44 50 46 49 56 44 50 46 51 54 44 51 46 48 54 51 44 51 46 48 56 49
10-21-20:33:19:581  : 相机 Send: System.Byte[]，成功
10-21-20:35:08:598  : 相机 Send: System.Byte[]，成功
10-21-20:35:18:598  : 相机 Received: 84 50 59 52 44 49 50 55 46 48 46 48 46 49 58 49 48 51 52
10-21-20:35:28:630  : 相机 Received: 84 50 59 53 44 49 50 55 46 48 46 48 46 49 58 49 48 51 52
10-21-20:35:38:658  : 相机 Send: System.Byte[]，成功
10-21-20:39:49:915  : 相机 Send: System.Byte[]，成功
10-21-20:40:03:087  : 相机 Received: 67 67 68 49 44 45 48 46 48 57 49 44 52 52 46 48 50 57 44 45 54 46 55 50 44 49 46 57 52 53 44 49 46 57 51 53 44 49 46 57 53 54 44 51 46 51 54 52 44 51 46 51 55 49 44 48 46 48 52 50 44 48 46 52 57 57
10-21-20:41:15:562  : 相机 Received: 67 67 68 49 44 45 49 54 46 49 50 51 44 50 46 49 52 53 44 50 46 49 51 50 44 50 46 49 53 55 44 51 46 48 52 55 44 51 46 48 55 50
10-21-20:41:15:563  : 相机 Send: System.Byte[]，成功
10-21-20:43:30:407  : 相机 Send: System.Byte[]，成功
10-21-20:43:40:433  : 相机 Send: System.Byte[]，成功
10-21-20:43:50:447  : 相机 Received: 84 50 59 53 44 49 50 55 46 48 46 48 46 49 58 49 48 51 52
10-21-20:44:00:499  : 相机 Send: System.Byte[]，成功
10-21-20:47:19:484  : 相机 Received: 84 49 59 49 44 49 50 55 46 48 46 48 46 49 58 49 48 51 52
10-21-20:47:32:671  : 相机 Received: 67 67 68 49 44 45 48 46 49 55 55 44 52 52 46 49 53 56 44 45 54 46 55 50 52 44 49 46 56 54 44 49 46 55 57 49 44 49 46 57 50 57 44 51 46 51 55 57 44 51 46 51 53 50 44 48 46 50 56 50 44 48 46 53 49 55
10-21-20:47:32:671  : 相机 Send: System.Byte[]，成功
10-21-20:48:44:536  : 相机 Received: 67 67 68 49 44 45 49 53 46 53 56 51 44 50 46 49 49 53 44 50 46 48 55 53 44 50 46 49 53 53 44 51 46 48 52 50 44 51 46 48 55 52
10-21-20:48:44:536  : 相机 Send: System.Byte[]，成功
10-21-20:51:54:291  : 相机 Send: System.Byte[]，成功
10-21-20:52:04:292  : 相机 Send: System.Byte[]，成功
10-21-20:52:14:312  : 相机 Received: 84 50 59 53 44 49 50 55 46 48 46 48 46 49 58 49 48 51 52
10-21-20:52:24:361  : 相机 Send: System.Byte[]，成功
10-21-20:54:10:794  : 相机 Send: System.Byte[]，成功
10-21-20:54:23:959  : 相机 Received: 67 67 68 49 44 45 48 46 49 52 51 44 52 52 46 48 49 57 44 45 55 46 50 52 49 44 49 46 56 57 52 44 49 46 56 51 55 44 49 46 57 53 50 44 51 46 51 56 56 44 51 46 51 56 49 44 48 46 50 51 51 44 48 46 53 48 51
10-21-20:54:23:959  : 相机 Send: System.Byte[]，成功
10-21-20:55:41:604  : 相机 Received: 67 67 68 49 44 45 49 54 46 55 54 51 44 50 46 49 49 55 44 50 46 48 57 52 44 50 46 49 52 49 44 51 46 48 53 55 44 51 46 48 55
10-21-20:55:41:605  : 相机 Send: System.Byte[]，成功
10-21-20:57:54:868  : 相机 Received: 84 50 59 51 44 49 50 55 46 48 46 48 46 49 58 49 48 51 52
10-21-20:57:54:868  : 相机 Send: System.Byte[]，成功
10-21-20:58:04:890  : 相机 Send: System.Byte[]，成功
10-21-20:58:14:906  : 相机 Send: System.Byte[]，成功
10-21-20:58:24:953  : 相机 Received: 67 67 68 49 44 51 46 50 52 51 44 51 46 51 56 53 44 49 46 49 50 53 44 49 46 49 52 50 44 51 46 50 53 54 44 51 46 52 51 54 44 49 46 48 49 51 44 49 46 50 51 51 44 51 46 51 56 50 44 51 46 51 55 44 48 46 50 48 53 44 48 46 48 48 51 44 51 46 50 49 54 44 51 46 50 53 49 44 49 46 52 48 53 44 48 46 57 57 54 44 49 46 52 51 51 44 48 46 57 50 55
10-21-21:00:46:977  : 相机 Send: System.Byte[]，成功
10-21-21:01:00:153  : 相机 Received: 67 67 68 49 44 45 48 46 50 52 49 44 52 51 46 57 55 53 44 45 55 46 49 56 56 44 49 46 55 57 56 44 49 46 54 56 55 44 49 46 57 49 44 51 46 51 56 52 44 51 46 51 55 50 44 48 46 52 53 51 44 48 46 52 56 57
10-21-21:02:15:826  : 相机 Received: 67 67 68 49 44 45 49 55 46 49 54 49 44 50 46 48 56 53 44 50 46 48 52 49 44 50 46 49 51 44 51 46 48 52 57 44 51 46 48 54 55
10-21-21:02:15:827  : 相机 Send: System.Byte[]，成功
10-21-21:04:09:587  : 相机 Received: 84 50 59 51 44 49 50 55 46 48 46 48 46 49 58 49 48 51 52
10-21-21:04:19:603  : 相机 Received: 84 50 59 52 44 49 50 55 46 48 46 48 46 49 58 49 48 51 52
10-21-21:04:29:617  : 相机 Send: System.Byte[]，成功
10-21-21:04:39:653  : 相机 Send: System.Byte[]，成功
10-21-21:07:00:646  : 相机 Received: 84 49 59 49 44 49 50 55 46 48 46 48 46 49 58 49 48 51 52
10-21-21:07:13:819  : 相机 Received: 67 67 68 49 44 45 48 46 50 48 51 44 52 52 46 48 55 44 45 51 46 51 56 50 44 49 46 56 48 52 44 49 46 55 48 57 44 49 46 57 44 51 46 51 54 51 44 51 46 51 52 54 44 48 46 52 48 49 44 48 46 52 55 53
10-21-21:07:13:820  : 相机 Send: System.Byte[]，成功
10-21-21:08:46:373  : 相机 Received: 67 67 68 49 44 45 49 55 46 48 50 51 44 50 46 48 56 52 44 50 46 48 51 51 44 50 46 49 51 53 44 51 46 48 52 49 44 51 46 48 53 56
10-21-21:08:46:374  : 相机 Send: System.Byte[]，成功
10-21-21:10:58:312  : 相机 Received: 84 50 59 51 44 49 50 55 46 48 46 48 46 49 58 49 48 51 52
10-21-21:11:08:325  : 相机 Send: System.Byte[]，成功
10-21-21:11:18:351  : 相机 Received: 84 50 59 53 44 49 50 55 46 48 46 48 46 49 58 49 48 51 52
10-21-21:11:28:395  : 相机 Received: 67 67 68 49 44 51 46 51 48 54 44 51 46 50 53 57 44 49 46 49 50 53 44 49 46 49 52 50 44 51 46 50 53 54 44 51 46 51 51 53 44 49 46 48 49 51 44 49 46 50 51 51 44 51 46 51 48 52 44 51 46 51 48 55 44 48 46 50 48 53 44 48 46 48 48 51 44 51 46 51 48 50 44 51 46 50 49 57 44 49 46 52 48 53 44 48 46 57 57 54 44 49 46 52 51 51 44 48 46 57 50 55
10-21-21:11:28:395  : 相机 Send: System.Byte[]，成功
