10-20-08:50:36:818  : 相机 Send: System.Byte[]，成功
10-20-08:50:36:818  : 相机 Received: 84 49 59 49 44 49 50 55 46 48 46 48 46 49 58 52 57 55 50 48
10-20-08:50:53:284  : 相机 Received: 67 67 68 49 44 45 49 46 50 55 53 44 52 52 46 53 57 51 44 45 51 46 55 53 54 44 49 46 57 56 55 44 49 46 56 50 44 50 46 49 53 52 44 50 46 56 54 52 44 50 46 56 53 52 44 48 46 52 54 55 44 48 46 52 52 49
10-20-08:50:53:286  : 相机 Send: System.Byte[]，成功
10-20-09:26:17:059  : 相机 Send: System.Byte[]，成功
10-20-09:26:17:060  : 相机 Received: 84 49 59 49 44 49 50 55 46 48 46 48 46 49 58 50 50 49 52 54
10-20-09:26:33:522  : 相机 Received: 67 67 68 49 44 45 49 46 50 48 55 44 52 52 46 52 48 51 44 45 52 46 51 48 57 44 50 46 48 52 55 44 49 46 57 49 44 50 46 49 56 52 44 50 46 56 54 52 44 50 46 56 53 52 44 48 46 51 54 57 44 48 46 52 52 51
10-20-09:26:33:522  : 相机 Send: System.Byte[]，成功
10-20-09:29:34:552  : 相机 Send: System.Byte[]，成功
10-20-09:29:51:005  : 相机 Received: 67 67 68 49 44 45 49 46 50 52 52 44 52 52 46 52 48 52 44 45 56 46 53 54 55 44 50 46 48 52 44 49 46 57 51 52 44 50 46 49 52 55 44 50 46 56 54 52 44 50 46 56 53 52 44 48 46 51 51 53 44 48 46 52 52 57
10-20-09:34:55:265  : 相机 Received: 84 49 59 49 44 49 50 55 46 48 46 48 46 49 58 50 50 49 52 54
10-20-09:35:11:717  : 相机 Received: 67 67 68 49 44 45 49 46 50 51 55 44 52 52 46 52 44 45 53 46 54 51 49 44 50 46 48 50 49 44 49 46 57 52 56 44 50 46 48 57 52 44 51 46 51 51 49 44 51 46 51 51 52 44 48 46 51 49 50 44 48 46 52 52 57
10-20-09:35:11:717  : 相机 Send: System.Byte[]，成功
10-20-09:53:51:982  : 相机 Send: System.Byte[]，成功
10-20-09:54:01:992  : 相机 Send: System.Byte[]，成功
10-20-09:54:12:018  : 相机 Received: 84 50 59 53 44 49 50 55 46 48 46 48 46 49 58 50 50 49 52 54
10-20-09:54:12:018  : 相机 Send: System.Byte[]，成功
10-20-09:54:22:060  : 相机 Received: 67 67 68 49 44 57 57 57 44 57 57 57 44 57 57 57 44 57 57 57 44 57 57 57 44 57 57 57 44 57 57 57 44 57 57 57 44 57 57 57 44 57 57 57 44 57 57 57 44 57 57 57 44 57 57 57 44 57 57 57 44 57 57 57 44 57 57 57 44 57 57 57 44 57 57 57
10-20-09:54:22:060  : 相机 Send: System.Byte[]，成功
10-20-10:00:45:871  : 相机 Send: System.Byte[]，成功
10-20-10:00:45:871  : 相机 Received: 84 50 59 51 44 49 50 55 46 48 46 48 46 49 58 50 50 49 52 54
10-20-10:00:55:884  : 相机 Send: System.Byte[]，成功
10-20-10:01:05:886  : 相机 Send: System.Byte[]，成功
10-20-10:01:15:968  : 相机 Send: System.Byte[]，成功
10-20-10:01:15:968  : 相机 Received: 67 67 68 49 44 57 57 57 44 57 57 57 44 57 57 57 44 57 57 57 44 57 57 57 44 57 57 57 44 57 57 57 44 57 57 57 44 57 57 57 44 57 57 57 44 57 57 57 44 57 57 57 44 57 57 57 44 57 57 57 44 57 57 57 44 57 57 57 44 57 57 57 44 57 57 57
10-20-10:03:37:897  : 相机 Received: 84 50 59 51 44 49 50 55 46 48 46 48 46 49 58 50 50 49 52 54
10-20-10:03:47:903  : 相机 Received: 84 50 59 52 44 49 50 55 46 48 46 48 46 49 58 50 50 49 52 54
10-20-10:03:57:922  : 相机 Received: 84 50 59 53 44 49 50 55 46 48 46 48 46 49 58 50 50 49 52 54
10-20-10:04:07:967  : 相机 Received: 67 67 68 49 44 57 57 57 44 57 57 57 44 57 57 57 44 57 57 57 44 57 57 57 44 57 57 57 44 57 57 57 44 57 57 57 44 57 57 57 44 57 57 57 44 57 57 57 44 57 57 57 44 57 57 57 44 57 57 57 44 57 57 57 44 57 57 57 44 57 57 57 44 57 57 57
10-20-10:04:07:967  : 相机 Send: System.Byte[]，成功
10-20-10:21:53:790  : 相机 Send: System.Byte[]，成功
10-20-10:22:03:801  : 相机 Received: 84 50 59 52 44 49 50 55 46 48 46 48 46 49 58 50 50 49 52 54
10-20-10:22:13:811  : 相机 Received: 84 50 59 53 44 49 50 55 46 48 46 48 46 49 58 50 50 49 52 54
10-20-10:22:23:910  : 相机 Received: 67 67 68 49 44 49 46 51 51 50 44 49 46 48 50 49 44 49 46 51 56 49 44 49 46 48 48 52 44 49 46 51 55 57 44 48 46 57 54 56 44 49 46 48 51 56 44 49 46 50 52 56 44 51 46 51 53 55 44 51 46 51 48 56 44 48 46 50 48 53 44 48 46 48 48 51 44 49 46 51 52 44 49 46 52 54 56 44 49 46 51 53 50 44 48 46 57 53 57 44 49 46 52 51 51 44 48 46 57 50 55
10-20-10:22:23:910  : 相机 Send: System.Byte[]，成功
10-20-10:36:17:710  : 相机 Received: 84 50 59 51 44 49 50 55 46 48 46 48 46 49 58 50 50 49 52 54
10-20-10:36:27:698  : 相机 Received: 84 50 59 52 44 49 50 55 46 48 46 48 46 49 58 50 50 49 52 54
10-20-10:36:37:716  : 相机 Received: 84 50 59 53 44 49 50 55 46 48 46 48 46 49 58 50 50 49 52 54
10-20-10:36:47:844  : 相机 Send: System.Byte[]，成功
10-20-10:44:13:433  : 相机 Send: System.Byte[]，成功
10-20-10:44:23:434  : 相机 Send: System.Byte[]，成功
10-20-10:44:33:445  : 相机 Send: System.Byte[]，成功
10-20-10:44:43:525  : 相机 Received: 67 67 68 49 44 49 46 51 48 52 44 49 46 48 48 54 44 49 46 51 52 55 44 48 46 57 48 55 44 49 46 51 55 56 44 48 46 57 51 54 44 49 46 48 48 56 44 49 46 50 50 44 51 46 51 53 55 44 51 46 51 48 56 44 48 46 50 48 53 44 48 46 48 48 51 44 49 46 51 49 54 44 49 46 52 52 54 44 49 46 51 48 51 44 48 46 57 51 49 44 49 46 52 51 51 44 48 46 57 50 55
10-20-10:44:43:525  : 相机 Send: System.Byte[]，成功
10-20-11:16:59:885  : 相机 Send: System.Byte[]，成功
10-20-11:17:16:345  : 相机 Received: 67 67 68 49 44 45 49 46 49 51 57 44 52 52 46 53 50 54 44 45 53 46 48 53 53 44 50 46 48 57 50 44 50 46 48 48 52 44 50 46 49 55 57 44 51 46 51 50 55 44 51 46 51 54 49 44 48 46 51 55 44 48 46 52 55
10-20-11:19:36:191  : 相机 Send: System.Byte[]，成功
10-20-11:19:52:634  : 相机 Received: 67 67 68 49 44 45 49 46 49 52 54 44 52 52 46 53 54 57 44 45 54 46 55 49 56 44 50 46 48 57 51 44 50 46 48 48 55 44 50 46 49 55 56 44 51 46 51 54 49 44 51 46 51 52 57 44 48 46 51 52 52 44 48 46 52 54 53
10-20-11:19:52:634  : 相机 Send: System.Byte[]，成功
10-20-11:28:25:540  : 相机 Received: 84 50 59 51 44 49 50 55 46 48 46 48 46 49 58 50 50 49 52 54
10-20-11:28:35:569  : 相机 Received: 84 50 59 52 44 49 50 55 46 48 46 48 46 49 58 50 50 49 52 54
10-20-11:28:45:575  : 相机 Received: 84 50 59 53 44 49 50 55 46 48 46 48 46 49 58 50 50 49 52 54
10-20-11:28:55:659  : 相机 Received: 67 67 68 49 44 49 46 50 57 44 49 46 48 49 57 44 49 46 50 51 49 44 49 46 48 50 53 44 49 46 51 49 55 44 48 46 57 57 57 44 49 46 48 49 44 49 46 50 50 51 44 51 46 51 53 55 44 51 46 51 48 56 44 48 46 50 48 53 44 48 46 48 48 51 44 49 46 51 54 53 44 49 46 52 51 52 44 49 46 50 56 55 44 48 46 57 51 52 44 49 46 52 51 51 44 48 46 57 50 55
10-20-11:28:55:659  : 相机 Send: System.Byte[]，成功
10-20-13:07:03:323  : 相机 Send: System.Byte[]，成功
10-20-13:07:19:773  : 相机 Received: 67 67 68 49 44 45 49 46 50 48 50 44 52 52 46 52 48 55 44 45 53 46 54 48 57 44 50 46 48 52 50 44 49 46 57 52 51 44 50 46 49 52 50 44 51 46 51 51 50 44 51 46 51 52 52 44 48 46 52 51 44 48 46 52 54 57
10-20-13:07:19:773  : 相机 Send: System.Byte[]，成功
10-20-13:11:06:918  : 相机 Received: 84 50 59 51 44 49 50 55 46 48 46 48 46 49 58 50 50 49 52 54
10-20-13:11:16:921  : 相机 Received: 84 50 59 52 44 49 50 55 46 48 46 48 46 49 58 50 50 49 52 54
10-20-13:11:26:950  : 相机 Send: System.Byte[]，成功
10-20-13:11:37:016  : 相机 Send: System.Byte[]，成功
10-20-13:11:37:016  : 相机 Received: 67 67 68 49 44 49 46 50 55 56 44 48 46 57 56 57 44 49 46 50 48 53 44 49 46 48 57 55 44 49 46 52 49 44 49 46 48 56 57 44 48 46 57 53 55 44 49 46 50 51 49 44 51 46 51 53 55 44 51 46 51 48 56 44 48 46 50 48 53 44 48 46 48 48 51 44 49 46 51 52 55 44 49 46 53 51 54 44 49 46 50 52 56 44 48 46 57 54 55 44 49 46 52 51 51 44 48 46 57 50 55
10-20-13:39:03:804  : 相机 Send: System.Byte[]，成功
10-20-13:39:03:804  : 相机 Received: 84 49 59 49 44 49 50 55 46 48 46 48 46 49 58 55 56 57 53
10-20-13:39:20:246  : 相机 Received: 67 67 68 49 44 45 49 46 49 54 52 44 52 52 46 51 48 53 44 45 54 46 50 55 52 44 50 46 48 56 54 44 49 46 57 55 57 44 50 46 49 57 50 44 51 46 51 51 54 44 51 46 51 51 53 44 48 46 52 53 49 44 48 46 52 56 49
10-20-13:42:35:714  : 相机 Received: 84 50 59 51 44 49 50 55 46 48 46 48 46 49 58 55 56 57 53
10-20-13:42:45:718  : 相机 Received: 84 50 59 52 44 49 50 55 46 48 46 48 46 49 58 55 56 57 53
10-20-13:42:55:731  : 相机 Received: 84 50 59 53 44 49 50 55 46 48 46 48 46 49 58 55 56 57 53
10-20-13:43:05:815  : 相机 Received: 67 67 68 49 44 49 46 49 52 49 44 49 46 49 49 53 44 49 46 49 52 57 44 49 46 49 51 56 44 49 46 52 44 49 46 48 57 56 44 49 46 48 49 53 44 49 46 50 52 54 44 51 46 51 53 55 44 51 46 51 48 56 44 48 46 50 48 53 44 48 46 48 48 51 44 49 46 52 51 57 44 49 46 53 54 56 44 49 46 52 51 56 44 49 46 48 50 44 49 46 52 51 51 44 48 46 57 50 55
10-20-13:43:05:815  : 相机 Send: System.Byte[]，成功
10-20-13:54:10:678  : 相机 Send: System.Byte[]，成功
10-20-13:54:27:119  : 相机 Send: System.Byte[]，成功
10-20-13:57:59:731  : 相机 Received: 84 50 59 51 44 49 50 55 46 48 46 48 46 49 58 55 56 57 53
10-20-13:58:09:759  : 相机 Received: 84 50 59 52 44 49 50 55 46 48 46 48 46 49 58 55 56 57 53
10-20-13:58:09:759  : 相机 Send: System.Byte[]，成功
10-20-13:58:19:762  : 相机 Send: System.Byte[]，成功
10-20-13:58:29:848  : 相机 Received: 67 67 68 49 44 49 46 48 56 49 44 49 46 49 55 57 44 49 46 48 57 54 44 49 46 49 53 51 44 49 46 51 54 44 49 46 49 53 49 44 48 46 57 54 56 44 49 46 50 54 57 44 51 46 51 53 55 44 51 46 51 48 56 44 48 46 50 48 53 44 48 46 48 48 51 44 49 46 50 57 56 44 49 46 54 48 55 44 49 46 51 56 56 44 48 46 57 57 49 44 49 46 52 51 51 44 48 46 57 50 55
10-20-13:58:29:848  : 相机 Send: System.Byte[]，成功
10-20-14:17:37:836  : 相机 Send: System.Byte[]，成功
10-20-14:17:54:301  : 相机 Received: 67 67 68 49 44 45 49 46 50 51 57 44 52 52 46 51 48 53 44 45 54 46 56 53 56 44 50 46 48 49 52 44 49 46 56 57 54 44 50 46 49 51 50 44 51 46 51 52 49 44 51 46 51 55 50 44 48 46 52 55 57 44 48 46 52 54 52
10-20-14:17:54:301  : 相机 Send: System.Byte[]，成功
10-20-14:21:14:946  : 相机 Received: 84 50 59 51 44 49 50 55 46 48 46 48 46 49 58 55 56 57 53
10-20-14:21:24:946  : 相机 Send: System.Byte[]，成功
10-20-14:21:34:970  : 相机 Received: 84 50 59 53 44 49 50 55 46 48 46 48 46 49 58 55 56 57 53
10-20-14:21:45:048  : 相机 Received: 67 67 68 49 44 49 46 49 50 55 44 49 46 49 50 51 44 49 46 49 51 52 44 49 46 49 51 49 44 49 46 51 52 51 44 49 46 49 50 52 44 48 46 57 57 44 49 46 50 53 53 44 51 46 51 53 55 44 51 46 51 48 56 44 48 46 50 48 53 44 48 46 48 48 51 44 49 46 50 54 57 44 49 46 53 53 51 44 49 46 51 48 53 44 49 46 48 48 51 44 49 46 52 51 51 44 48 46 57 50 55
10-20-14:21:45:048  : 相机 Send: System.Byte[]，成功
10-20-14:34:38:995  : 相机 Send: System.Byte[]，成功
10-20-14:34:55:449  : 相机 Received: 67 67 68 49 44 45 49 46 50 49 51 44 52 52 46 51 57 51 44 45 53 46 51 57 56 44 50 46 48 51 44 49 46 57 50 53 44 50 46 49 51 52 44 51 46 51 51 50 44 51 46 51 52 44 48 46 52 52 53 44 48 46 52 54 55
10-20-14:34:55:449  : 相机 Send: System.Byte[]，成功
10-20-14:38:33:091  : 相机 Received: 84 50 59 51 44 49 50 55 46 48 46 48 46 49 58 55 56 57 53
10-20-14:38:43:098  : 相机 Received: 84 50 59 52 44 49 50 55 46 48 46 48 46 49 58 55 56 57 53
10-20-14:38:53:097  : 相机 Received: 84 50 59 53 44 49 50 55 46 48 46 48 46 49 58 55 56 57 53
10-20-14:39:03:194  : 相机 Send: System.Byte[]，成功
10-20-14:51:05:540  : 相机 Send: System.Byte[]，成功
10-20-14:51:05:540  : 相机 Received: 84 49 59 49 44 49 50 55 46 48 46 48 46 49 58 55 56 57 53
10-20-14:51:22:006  : 相机 Received: 67 67 68 49 44 45 49 46 50 44 52 52 46 51 52 56 44 45 54 46 55 49 55 44 50 46 48 51 53 44 49 46 57 50 51 44 50 46 49 52 55 44 51 46 51 51 49 44 51 46 51 51 53 44 48 46 52 54 53 44 48 46 52 54 53
10-20-14:51:22:006  : 相机 Send: System.Byte[]，成功
10-20-14:55:32:659  : 相机 Send: System.Byte[]，成功
10-20-14:55:32:658  : 相机 Received: 84 50 59 51 44 49 50 55 46 48 46 48 46 49 58 55 56 57 53
10-20-14:55:42:667  : 相机 Received: 84 50 59 52 44 49 50 55 46 48 46 48 46 49 58 55 56 57 53
10-20-14:55:52:685  : 相机 Send: System.Byte[]，成功
10-20-14:56:02:785  : 相机 Send: System.Byte[]，成功
10-20-15:05:58:229  : 相机 Send: System.Byte[]，成功
10-20-15:06:14:676  : 相机 Received: 67 67 68 49 44 45 49 46 49 56 56 44 52 52 46 51 57 54 44 45 54 46 55 50 49 44 50 46 48 51 53 44 49 46 57 49 52 44 50 46 49 53 54 44 51 46 51 51 49 44 51 46 51 51 55 44 48 46 52 56 57 44 48 46 52 54 54
10-20-15:06:14:676  : 相机 Send: System.Byte[]，成功
10-20-15:09:41:569  : 相机 Received: 84 50 59 51 44 49 50 55 46 48 46 48 46 49 58 55 56 57 53
10-20-15:09:51:600  : 相机 Received: 84 50 59 52 44 49 50 55 46 48 46 48 46 49 58 55 56 57 53
10-20-15:09:51:600  : 相机 Send: System.Byte[]，成功
10-20-15:10:01:590  : 相机 Received: 84 50 59 53 44 49 50 55 46 48 46 48 46 49 58 55 56 57 53
10-20-15:10:11:675  : 相机 Send: System.Byte[]，成功
10-20-15:35:53:929  : 相机 Received: 84 49 59 49 44 49 50 55 46 48 46 48 46 49 58 55 56 57 53
10-20-15:36:10:388  : 相机 Received: 67 67 68 49 44 45 49 46 49 57 57 44 52 52 46 51 48 49 44 45 54 46 56 51 44 49 46 57 57 55 44 49 46 57 44 50 46 48 57 53 44 51 46 51 52 52 44 51 46 51 55 50 44 48 46 51 57 50 44 48 46 52 54
10-20-15:36:10:388  : 相机 Send: System.Byte[]，成功
10-20-15:39:27:474  : 相机 Received: 84 50 59 51 44 49 50 55 46 48 46 48 46 49 58 55 56 57 53
10-20-15:39:37:521  : 相机 Received: 84 50 59 52 44 49 50 55 46 48 46 48 46 49 58 55 56 57 53
10-20-15:39:47:505  : 相机 Received: 84 50 59 53 44 49 50 55 46 48 46 48 46 49 58 55 56 57 53
10-20-15:39:57:607  : 相机 Send: System.Byte[]，成功
10-20-15:39:57:607  : 相机 Received: 67 67 68 49 44 49 46 48 57 55 44 49 46 49 54 49 44 49 46 49 53 55 44 49 46 48 57 56 44 49 46 52 55 52 44 49 46 49 49 50 44 49 46 48 50 44 49 46 50 52 54 44 51 46 51 53 55 44 51 46 51 48 56 44 48 46 50 48 53 44 48 46 48 48 51 44 49 46 50 54 53 44 49 46 52 57 49 44 49 46 50 55 51 44 48 46 57 56 51 44 49 46 52 51 51 44 48 46 57 50 55
10-20-15:51:28:142  : 相机 Send: System.Byte[]，成功
10-20-15:51:44:618  : 相机 Received: 67 67 68 49 44 45 49 46 49 55 56 44 52 52 46 51 54 44 45 54 46 57 57 50 44 50 46 48 49 44 49 46 57 48 56 44 50 46 49 49 51 44 51 46 51 54 49 44 51 46 51 51 53 44 48 46 52 49 50 44 48 46 52 53 56
10-20-15:53:13:670  : 相机 Received: 84 49 59 49 44 49 50 55 46 48 46 48 46 49 58 55 56 57 53
10-20-15:53:30:124  : 相机 Send: System.Byte[]，成功
10-20-15:53:30:124  : 相机 Received: 67 67 68 49 44 45 49 46 49 55 51 44 52 52 46 52 48 56 44 45 54 46 57 54 44 50 46 48 48 53 44 49 46 57 48 50 44 50 46 49 48 56 44 51 46 51 54 44 51 46 51 51 57 44 48 46 52 49 54 44 48 46 52 53 57
10-20-15:56:50:642  : 相机 Received: 84 50 59 51 44 49 50 55 46 48 46 48 46 49 58 55 56 57 53
10-20-15:56:50:642  : 相机 Send: System.Byte[]，成功
10-20-15:57:00:644  : 相机 Send: System.Byte[]，成功
10-20-15:57:10:661  : 相机 Send: System.Byte[]，成功
10-20-15:57:20:739  : 相机 Received: 67 67 68 49 44 49 46 48 54 55 44 49 46 49 57 44 49 46 49 51 49 44 49 46 49 52 53 44 49 46 50 51 54 44 49 46 49 51 49 44 48 46 57 49 54 44 49 46 49 52 54 44 51 46 51 53 55 44 51 46 51 48 56 44 48 46 50 48 53 44 48 46 48 48 51 44 49 46 52 52 54 44 49 46 52 56 49 44 49 46 51 50 51 44 49 46 48 50 49 44 49 46 52 51 51 44 48 46 57 50 55
10-20-15:57:20:739  : 相机 Send: System.Byte[]，成功
10-20-16:08:15:938  : 相机 Received: 84 49 59 49 44 49 50 55 46 48 46 48 46 49 58 55 56 57 53
10-20-16:08:32:387  : 相机 Received: 67 67 68 49 44 45 49 46 49 56 53 44 52 52 46 51 51 57 44 45 53 46 54 57 53 44 49 46 57 52 55 44 49 46 56 52 54 44 50 46 48 52 56 44 51 46 51 51 56 44 51 46 51 50 56 44 48 46 52 50 54 44 48 46 52 53 49
10-20-16:08:32:387  : 相机 Send: System.Byte[]，成功
10-20-16:11:57:825  : 相机 Received: 84 50 59 51 44 49 50 55 46 48 46 48 46 49 58 55 56 57 53
10-20-16:11:57:825  : 相机 Send: System.Byte[]，成功
10-20-16:12:07:831  : 相机 Received: 84 50 59 52 44 49 50 55 46 48 46 48 46 49 58 55 56 57 53
10-20-16:12:17:839  : 相机 Send: System.Byte[]，成功
10-20-16:12:27:932  : 相机 Send: System.Byte[]，成功
10-20-16:28:23:445  : 相机 Send: System.Byte[]，成功
10-20-16:28:39:890  : 相机 Received: 67 67 68 49 44 45 49 46 49 48 57 44 52 52 46 50 57 56 44 45 53 46 56 51 44 49 46 57 56 51 44 49 46 56 55 57 44 50 46 48 56 55 44 51 46 51 51 53 44 51 46 51 53 44 48 46 52 52 44 48 46 52 53 52
10-20-16:28:39:890  : 相机 Send: System.Byte[]，成功
10-20-16:32:27:841  : 相机 Send: System.Byte[]，成功
10-20-16:32:37:840  : 相机 Received: 84 50 59 52 44 49 50 55 46 48 46 48 46 49 58 55 56 57 53
10-20-16:32:47:864  : 相机 Received: 84 50 59 53 44 49 50 55 46 48 46 48 46 49 58 55 56 57 53
10-20-16:32:47:864  : 相机 Send: System.Byte[]，成功
10-20-16:32:57:960  : 相机 Send: System.Byte[]，成功
10-20-16:47:33:505  : 相机 Received: 84 49 59 49 44 49 50 55 46 48 46 48 46 49 58 55 56 57 53
10-20-16:47:49:943  : 相机 Received: 67 67 68 49 44 45 49 46 48 56 44 52 52 46 51 53 56 44 45 53 46 55 57 54 44 49 46 57 55 44 49 46 56 55 55 44 50 46 48 54 51 44 51 46 51 51 56 44 51 46 51 52 50 44 48 46 51 57 52 44 48 46 52 51 54
10-20-16:47:49:943  : 相机 Send: System.Byte[]，成功
10-20-16:48:19:620  : 相机 Send: System.Byte[]，成功
10-20-16:48:36:081  : 相机 Received: 67 67 68 49 44 45 49 46 48 57 51 44 52 52 46 51 54 54 44 45 53 46 57 55 49 44 49 46 57 53 56 44 49 46 56 54 53 44 50 46 48 53 49 44 51 46 51 51 56 44 51 46 51 52 52 44 48 46 51 57 50 44 48 46 52 51 54
10-20-16:52:01:143  : 相机 Send: System.Byte[]，成功
10-20-16:52:11:153  : 相机 Received: 84 50 59 52 44 49 50 55 46 48 46 48 46 49 58 55 56 57 53
10-20-16:52:21:167  : 相机 Received: 84 50 59 53 44 49 50 55 46 48 46 48 46 49 58 55 56 57 53
10-20-16:52:31:251  : 相机 Send: System.Byte[]，成功
10-20-17:04:59:233  : 相机 Send: System.Byte[]，成功
10-20-17:04:59:233  : 相机 Received: 84 49 59 49 44 49 50 55 46 48 46 48 46 49 58 55 56 57 53
10-20-17:05:15:670  : 相机 Received: 67 67 68 49 44 45 48 46 57 57 54 44 52 52 46 51 53 49 44 45 54 46 50 56 53 44 49 46 57 53 53 44 49 46 56 53 56 44 50 46 48 53 50 44 51 46 51 52 50 44 51 46 51 53 44 48 46 52 49 50 44 48 46 52 52 51
10-20-17:05:15:670  : 相机 Send: System.Byte[]，成功
10-20-17:05:47:189  : 相机 Received: 84 49 59 49 44 49 50 55 46 48 46 48 46 49 58 55 56 57 53
10-20-17:06:03:666  : 相机 Received: 67 67 68 49 44 45 49 46 48 48 56 44 52 52 46 51 53 50 44 45 53 46 52 49 53 44 49 46 57 51 57 44 49 46 56 52 51 44 50 46 48 51 53 44 51 46 51 52 49 44 51 46 51 52 55 44 48 46 52 48 55 44 48 46 52 52 50
10-20-17:06:03:666  : 相机 Send: System.Byte[]，成功
10-20-17:09:33:251  : 相机 Received: 84 50 59 51 44 49 50 55 46 48 46 48 46 49 58 55 56 57 53
10-20-17:09:33:251  : 相机 Send: System.Byte[]，成功
10-20-17:09:43:265  : 相机 Received: 84 50 59 52 44 49 50 55 46 48 46 48 46 49 58 55 56 57 53
10-20-17:09:53:269  : 相机 Received: 84 50 59 53 44 49 50 55 46 48 46 48 46 49 58 55 56 57 53
10-20-17:09:53:269  : 相机 Send: System.Byte[]，成功
10-20-17:10:03:348  : 相机 Send: System.Byte[]，成功
10-20-17:20:33:839  : 相机 Send: System.Byte[]，成功
10-20-17:20:50:296  : 相机 Send: System.Byte[]，成功
10-20-17:21:29:385  : 相机 Send: System.Byte[]，成功
10-20-17:21:45:866  : 相机 Send: System.Byte[]，成功
10-20-17:26:08:930  : 相机 Send: System.Byte[]，成功
10-20-17:26:18:942  : 相机 Send: System.Byte[]，成功
10-20-17:26:28:956  : 相机 Send: System.Byte[]，成功
10-20-17:26:39:030  : 相机 Send: System.Byte[]，成功
10-20-18:11:08:574  : 相机 Send: System.Byte[]，成功
10-20-18:11:25:015  : 相机 Received: 67 67 68 49 44 45 48 46 56 52 53 44 52 52 46 51 52 54 44 45 54 46 55 51 56 44 49 46 57 57 53 44 49 46 56 56 57 44 50 46 49 44 51 46 51 53 51 44 51 46 51 52 49 44 48 46 52 51 44 48 46 52 52 53
10-20-18:11:25:015  : 相机 Send: System.Byte[]，成功
10-20-18:12:03:588  : 相机 Received: 84 49 59 49 44 49 50 55 46 48 46 48 46 49 58 55 56 57 53
10-20-18:12:20:047  : 相机 Send: System.Byte[]，成功
10-20-18:12:20:047  : 相机 Received: 67 67 68 49 44 45 48 46 56 54 54 44 52 52 46 51 52 55 44 45 54 46 57 49 53 44 49 46 57 55 53 44 49 46 56 54 57 44 50 46 48 56 49 44 51 46 51 52 57 44 51 46 51 51 57 44 48 46 52 50 54 44 48 46 52 52 52
10-20-18:15:53:282  : 相机 Send: System.Byte[]，成功
10-20-18:16:09:738  : 相机 Send: System.Byte[]，成功
10-20-18:16:09:738  : 相机 Received: 67 67 68 49 44 45 48 46 56 50 52 44 52 52 46 51 53 55 44 45 54 46 48 51 50 44 49 46 57 56 44 49 46 56 56 50 44 50 46 48 55 55 44 51 46 51 50 49 44 51 46 51 51 56 44 48 46 52 49 50 44 48 46 52 53 56
10-20-18:20:17:466  : 相机 Received: 84 50 59 51 44 49 50 55 46 48 46 48 46 49 58 55 56 57 53
10-20-18:20:27:478  : 相机 Received: 84 50 59 52 44 49 50 55 46 48 46 48 46 49 58 55 56 57 53
10-20-18:20:27:478  : 相机 Send: System.Byte[]，成功
10-20-18:20:37:483  : 相机 Send: System.Byte[]，成功
10-20-18:20:47:581  : 相机 Send: System.Byte[]，成功
10-20-18:20:47:581  : 相机 Received: 67 67 68 49 44 49 46 50 49 56 44 48 46 56 51 51 44 49 46 50 49 54 44 49 46 48 55 53 44 49 46 50 50 53 44 49 46 48 56 55 44 48 46 57 57 56 44 49 46 50 49 52 44 51 46 51 53 55 44 51 46 51 48 56 44 48 46 50 48 53 44 48 46 48 48 51 44 49 46 51 56 56 44 49 46 52 44 49 46 51 50 56 44 49 46 48 48 57 44 49 46 52 51 51 44 48 46 57 50 55
10-20-18:41:59:778  : 相机 Send: System.Byte[]，成功
10-20-18:42:16:230  : 相机 Received: 67 67 68 49 44 45 48 46 55 51 56 44 52 52 46 50 57 49 44 45 54 46 52 48 52 44 50 44 49 46 57 49 49 44 50 46 48 56 56 44 51 46 51 52 55 44 51 46 51 52 55 44 48 46 51 54 44 48 46 52 52 54
10-20-18:42:16:230  : 相机 Send: System.Byte[]，成功
10-20-18:47:12:256  : 相机 Send: System.Byte[]，成功
10-20-18:47:22:281  : 相机 Received: 84 50 59 52 44 49 50 55 46 48 46 48 46 49 58 55 56 57 53
10-20-18:47:32:283  : 相机 Received: 84 50 59 53 44 49 50 55 46 48 46 48 46 49 58 55 56 57 53
10-20-18:47:42:378  : 相机 Received: 67 67 68 49 44 49 46 49 48 50 44 48 46 55 51 54 44 49 46 49 56 50 44 49 46 49 44 49 46 52 51 57 44 49 46 49 51 51 44 48 46 57 56 55 44 49 46 50 52 50 44 51 46 51 53 55 44 51 46 51 48 56 44 48 46 50 48 53 44 48 46 48 48 51 44 49 46 51 57 55 44 49 46 52 52 56 44 49 46 49 56 54 44 49 46 48 49 52 44 49 46 52 51 51 44 48 46 57 50 55
10-20-18:47:42:378  : 相机 Send: System.Byte[]，成功
10-20-19:15:56:715  : 相机 Send: System.Byte[]，成功
10-20-19:16:13:170  : 相机 Received: 67 67 68 49 44 45 48 46 55 50 54 44 52 52 46 51 50 51 44 45 53 46 54 54 44 49 46 57 52 54 44 49 46 56 52 54 44 50 46 48 52 53 44 51 46 51 51 50 44 51 46 51 52 54 44 48 46 52 50 50 44 48 46 52 53 54
10-20-19:16:13:172  : 相机 Send: System.Byte[]，成功
10-20-19:17:45:129  : 相机 Received: 84 49 59 49 44 49 50 55 46 48 46 48 46 49 58 55 56 57 53
10-20-19:18:01:594  : 相机 Received: 67 67 68 49 44 45 49 46 50 57 56 44 52 52 46 50 55 44 45 53 46 53 53 52 44 49 46 57 51 53 44 49 46 56 51 53 44 50 46 48 51 53 44 51 46 51 51 51 44 51 46 51 52 57 44 48 46 52 50 54 44 48 46 52 54 57
10-20-19:18:01:594  : 相机 Send: System.Byte[]，成功
10-20-19:22:05:586  : 相机 Send: System.Byte[]，成功
10-20-19:22:15:609  : 相机 Received: 84 50 59 52 44 49 50 55 46 48 46 48 46 49 58 55 56 57 53
10-20-19:22:15:609  : 相机 Send: System.Byte[]，成功
10-20-19:22:25:628  : 相机 Send: System.Byte[]，成功
10-20-19:22:35:718  : 相机 Received: 67 67 68 49 44 49 46 49 48 50 44 49 46 48 49 56 44 49 46 49 51 53 44 49 46 49 53 51 44 49 46 50 51 50 44 49 46 48 50 50 44 48 46 57 53 57 44 49 46 50 50 55 44 51 46 51 53 55 44 51 46 51 48 56 44 48 46 50 48 53 44 48 46 48 48 51 44 49 46 52 49 54 44 49 46 52 53 53 44 49 46 50 57 55 44 49 46 48 49 49 44 49 46 52 51 51 44 48 46 57 50 55
10-20-19:22:35:718  : 相机 Send: System.Byte[]，成功
10-20-19:45:02:534  : 相机 Received: 84 49 59 49 44 49 50 55 46 48 46 48 46 49 58 55 56 57 53
10-20-19:45:18:992  : 相机 Send: System.Byte[]，成功
10-20-19:45:18:992  : 相机 Received: 67 67 68 49 44 45 49 46 50 51 50 44 52 52 46 51 56 57 44 45 54 46 49 57 57 44 49 46 57 54 54 44 49 46 56 54 57 44 50 46 48 54 51 44 51 46 51 53 49 44 51 46 51 54 49 44 48 46 52 48 54 44 48 46 52 51 57
10-20-19:48:01:073  : 相机 Send: System.Byte[]，成功
10-20-19:48:17:516  : 相机 Received: 67 67 68 49 44 45 49 46 50 54 53 44 52 52 46 51 53 54 44 45 54 46 52 49 55 44 49 46 57 53 52 44 49 46 56 54 44 50 46 48 52 57 44 51 46 51 53 44 51 46 51 54 52 44 48 46 51 57 56 44 48 46 52 53 56
10-20-19:48:17:516  : 相机 Send: System.Byte[]，成功
10-20-19:50:29:997  : 相机 Received: 84 49 59 49 44 49 50 55 46 48 46 48 46 49 58 55 56 57 53
10-20-19:50:46:464  : 相机 Received: 67 67 68 49 44 45 49 46 48 51 57 44 52 52 46 51 53 49 44 45 53 46 54 56 51 44 49 46 57 56 57 44 49 46 56 56 49 44 50 46 48 57 55 44 51 46 51 52 52 44 51 46 51 54 53 44 48 46 52 53 56 44 48 46 52 53
10-20-19:50:46:464  : 相机 Send: System.Byte[]，成功
10-20-19:59:36:759  : 相机 Received: 84 49 59 49 44 49 50 55 46 48 46 48 46 49 58 55 56 57 53
10-20-19:59:53:204  : 相机 Send: System.Byte[]，成功
10-20-19:59:53:204  : 相机 Received: 67 67 68 49 44 45 49 46 48 50 56 44 52 52 46 51 55 49 44 45 53 46 57 53 56 44 49 46 57 55 55 44 49 46 56 54 54 44 50 46 48 56 56 44 51 46 51 51 53 44 51 46 51 55 49 44 48 46 52 54 57 44 48 46 52 52 55
10-20-20:02:53:669  : 相机 Received: 84 50 59 51 44 49 50 55 46 48 46 48 46 49 58 55 56 57 53
10-20-20:03:03:698  : 相机 Send: System.Byte[]，成功
10-20-20:03:03:698  : 相机 Received: 84 50 59 52 44 49 50 55 46 48 46 48 46 49 58 55 56 57 53
10-20-20:03:13:705  : 相机 Received: 84 50 59 53 44 49 50 55 46 48 46 48 46 49 58 55 56 57 53
10-20-20:03:23:821  : 相机 Received: 67 67 68 49 44 49 46 48 56 57 44 49 46 49 54 57 44 49 46 48 56 57 44 49 46 49 53 55 44 49 46 51 54 49 44 49 46 49 55 53 44 49 46 48 50 49 44 49 46 50 49 57 44 51 46 51 53 55 44 51 46 51 48 56 44 48 46 50 48 53 44 48 46 48 48 51 44 49 46 50 57 57 44 49 46 53 49 56 44 49 46 49 56 56 44 48 46 57 54 56 44 49 46 52 51 51 44 48 46 57 50 55
10-20-20:21:21:581  : 相机 Received: 84 49 59 49 44 49 50 55 46 48 46 48 46 49 58 55 56 57 53
10-20-20:21:38:036  : 相机 Send: System.Byte[]，成功
10-20-20:26:34:593  : 相机 Send: System.Byte[]，成功
10-20-20:26:44:617  : 相机 Received: 84 50 59 52 44 49 50 55 46 48 46 48 46 49 58 55 56 57 53
10-20-20:26:44:617  : 相机 Send: System.Byte[]，成功
10-20-20:26:54:626  : 相机 Received: 84 50 59 53 44 49 50 55 46 48 46 48 46 49 58 55 56 57 53
10-20-20:27:04:690  : 相机 Send: System.Byte[]，成功
10-20-20:40:17:564  : 相机 Send: System.Byte[]，成功
10-20-20:40:34:005  : 相机 Send: System.Byte[]，成功
10-20-20:43:42:117  : 相机 Send: System.Byte[]，成功
10-20-20:43:52:152  : 相机 Send: System.Byte[]，成功
10-20-20:44:02:147  : 相机 Send: System.Byte[]，成功
10-20-20:44:12:240  : 相机 Received: 67 67 68 49 44 49 46 49 49 55 44 49 46 49 51 53 44 49 46 49 52 53 44 49 46 49 53 52 44 49 46 50 57 49 44 49 46 49 51 56 44 48 46 57 56 55 44 49 46 50 49 49 44 51 46 51 53 55 44 51 46 51 48 56 44 48 46 50 48 53 44 48 46 48 48 51 44 49 46 52 49 54 44 49 46 53 51 53 44 49 46 52 49 56 44 48 46 57 56 49 44 49 46 52 51 51 44 48 46 57 50 55
10-20-20:44:12:240  : 相机 Send: System.Byte[]，成功
10-20-20:54:54:690  : 相机 Received: 84 49 59 49 44 49 50 55 46 48 46 48 46 49 58 55 56 57 53
10-20-20:55:11:127  : 相机 Received: 67 67 68 49 44 45 48 46 56 49 54 44 52 52 46 51 56 53 44 45 52 46 57 57 54 44 49 46 57 48 54 44 49 46 56 49 44 50 46 48 48 49 44 51 46 51 51 53 44 51 46 51 50 56 44 48 46 52 48 55 44 48 46 52 50 57
10-20-20:55:11:127  : 相机 Send: System.Byte[]，成功
10-20-20:56:42:031  : 相机 Send: System.Byte[]，成功
10-20-20:56:58:483  : 相机 Received: 67 67 68 49 44 45 49 46 51 49 50 44 52 52 46 51 55 52 44 45 52 46 56 53 56 44 49 46 57 48 53 44 49 46 56 49 44 50 46 48 48 49 44 51 46 51 51 55 44 51 46 51 51 49 44 48 46 52 48 56 44 48 46 52 51 54
10-20-21:00:02:071  : 相机 Received: 84 50 59 51 44 49 50 55 46 48 46 48 46 49 58 55 56 57 53
10-20-21:00:02:071  : 相机 Send: System.Byte[]，成功
10-20-21:00:12:076  : 相机 Received: 84 50 59 52 44 49 50 55 46 48 46 48 46 49 58 55 56 57 53
10-20-21:00:22:090  : 相机 Received: 84 50 59 53 44 49 50 55 46 48 46 48 46 49 58 55 56 57 53
10-20-21:00:32:168  : 相机 Received: 67 67 68 49 44 49 46 49 49 57 44 49 46 49 54 55 44 49 46 48 56 57 44 49 46 50 48 52 44 49 46 51 54 57 44 49 46 49 55 54 44 49 46 48 51 53 44 49 46 50 49 55 44 51 46 51 53 55 44 51 46 51 48 56 44 48 46 50 48 53 44 48 46 48 48 51 44 49 46 51 53 54 44 49 46 53 52 57 44 49 46 51 50 51 44 48 46 57 57 51 44 49 46 52 51 51 44 48 46 57 50 55
10-20-21:00:32:168  : 相机 Send: System.Byte[]，成功
