10-22-09:57:10:875  : 相机 Send: System.Byte[]，成功
10-22-09:57:24:088  : 相机 Received: 67 67 68 49 44 57 57 57 44 57 57 57 44 57 57 57 44 57 57 57
10-22-09:59:11:194  : 相机 Received: 84 49 59 49 44 49 50 55 46 48 46 48 46 49 58 52 57 55 49 57
10-22-09:59:11:194  : 相机 Send: System.Byte[]，成功
10-22-09:59:24:361  : 相机 Send: System.Byte[]，成功
10-22-09:59:24:361  : 相机 Received: 67 67 68 49 44 57 57 57 44 57 57 57 44 57 57 57 44 57 57 57
10-22-10:22:21:159  : 相机 Send: System.Byte[]，失败
10-22-10:23:59:382  : 相机 Send: System.Byte[]，失败
10-22-10:26:28:974  : 相机 Send: System.Byte[]，成功
10-22-10:26:28:976  : 相机 Received: 84 49 59 49 44 49 50 55 46 48 46 48 46 49 58 53 48 49 50 52
10-22-10:26:42:138  : 相机 Received: 67 67 68 49 44 57 57 57 44 57 57 57 44 57 57 57 44 57 57 57
10-22-10:42:02:094  : 相机 Send: System.Byte[]，成功
10-22-10:42:02:094  : 相机 Received: 84 49 59 49 44 49 50 55 46 48 46 48 46 49 58 53 48 50 54 51
10-22-10:42:15:255  : 相机 Received: 67 67 68 49 44 45 48 46 48 56 51 44 52 51 46 48 55 57 44 45 54 46 54 49 50 44 49 46 57 53 49 44 49 46 57 49 52 44 49 46 57 56 56 44 51 46 51 54 54 44 51 46 51 56 50 44 48 46 49 53 52 44 48 46 53 51 51
10-22-10:42:15:255  : 相机 Send: System.Byte[]，成功
10-22-10:48:39:847  : 相机 Send: System.Byte[]，成功
10-22-10:48:53:097  : 相机 Received: 67 67 68 49 44 45 48 46 49 44 52 52 46 51 53 49 44 45 54 46 54 52 52 44 49 46 57 52 53 44 49 46 57 48 57 44 49 46 57 56 49 44 51 46 51 54 55 44 51 46 51 56 50 44 48 46 49 52 56 44 48 46 53 49 49
10-22-10:48:53:098  : 相机 Send: System.Byte[]，成功
10-22-10:50:00:013  : 相机 Received: 84 49 59 49 44 49 50 55 46 48 46 48 46 49 58 53 48 50 54 51
10-22-10:50:00:013  : 相机 Send: System.Byte[]，成功
10-22-10:50:13:251  : 相机 Received: 67 67 68 49 44 45 48 46 49 48 49 44 52 52 46 52 49 53 44 45 54 46 54 49 53 44 49 46 57 52 51 44 49 46 57 48 55 44 49 46 57 56 44 51 46 51 54 55 44 51 46 51 56 50 44 48 46 49 53 49 44 48 46 53 49 57
10-22-10:50:13:251  : 相机 Send: System.Byte[]，成功
10-22-10:51:16:692  : 相机 Received: 84 49 59 49 44 49 50 55 46 48 46 48 46 49 58 53 48 50 54 51
10-22-10:51:16:693  : 相机 Send: System.Byte[]，成功
10-22-10:51:29:946  : 相机 Received: 67 67 68 49 44 45 48 46 49 48 50 44 52 51 46 50 57 56 44 45 54 46 54 49 53 44 49 46 57 52 53 44 49 46 57 49 49 44 49 46 57 56 44 51 46 51 54 52 44 51 46 51 56 53 44 48 46 49 52 51 44 48 46 53 49 57
10-22-10:51:29:946  : 相机 Send: System.Byte[]，成功
10-22-10:52:57:019  : 相机 Received: 84 49 59 49 44 49 50 55 46 48 46 48 46 49 58 53 48 50 54 51
10-22-10:53:10:254  : 相机 Received: 67 67 68 49 44 45 48 46 49 48 53 44 52 51 46 50 56 56 44 45 54 46 53 50 57 44 49 46 57 52 54 44 49 46 57 48 57 44 49 46 57 56 51 44 51 46 51 54 54 44 51 46 51 56 52 44 48 46 49 53 50 44 48 46 53 50
10-22-10:53:10:254  : 相机 Send: System.Byte[]，成功
10-22-10:54:08:723  : 相机 Received: 84 49 59 49 44 49 50 55 46 48 46 48 46 49 58 53 48 50 54 51
10-22-10:54:21:964  : 相机 Received: 67 67 68 49 44 45 48 46 49 48 52 44 52 51 46 51 49 44 45 54 46 53 53 54 44 49 46 57 52 53 44 49 46 57 48 57 44 49 46 57 56 49 44 51 46 51 54 55 44 51 46 51 56 50 44 48 46 49 52 56 44 48 46 53 49 56
10-22-10:54:21:964  : 相机 Send: System.Byte[]，成功
10-22-10:55:35:968  : 相机 Send: System.Byte[]，成功
10-22-10:55:49:206  : 相机 Received: 67 67 68 49 44 45 48 46 49 48 51 44 52 52 46 52 48 55 44 45 54 46 53 56 49 44 49 46 57 52 52 44 49 46 57 48 56 44 49 46 57 56 49 44 51 46 51 54 55 44 51 46 51 56 51 44 48 46 49 53 44 48 46 53 49 55
10-22-10:55:49:206  : 相机 Send: System.Byte[]，成功
10-22-10:56:46:040  : 相机 Send: System.Byte[]，成功
10-22-10:56:59:289  : 相机 Received: 67 67 68 49 44 45 48 46 49 48 51 44 52 52 46 52 48 55 44 45 54 46 54 52 44 49 46 57 52 55 44 49 46 57 49 49 44 49 46 57 56 50 44 51 46 51 54 56 44 51 46 51 56 51 44 48 46 49 52 56 44 48 46 53 49 57
10-22-10:56:59:290  : 相机 Send: System.Byte[]，成功
10-22-10:58:01:788  : 相机 Received: 84 49 59 49 44 49 50 55 46 48 46 48 46 49 58 53 48 50 54 51
10-22-10:58:15:034  : 相机 Received: 67 67 68 49 44 45 48 46 49 48 51 44 52 51 46 50 56 44 45 54 46 54 53 50 44 49 46 57 52 55 44 49 46 57 49 50 44 49 46 57 56 50 44 51 46 51 54 56 44 51 46 51 56 50 44 48 46 49 52 55 44 48 46 53 50
10-22-10:58:15:035  : 相机 Send: System.Byte[]，成功
10-22-10:59:13:681  : 相机 Received: 84 49 59 49 44 49 50 55 46 48 46 48 46 49 58 53 48 50 54 51
10-22-10:59:26:915  : 相机 Received: 67 67 68 49 44 45 48 46 49 48 52 44 52 52 46 52 49 57 44 45 54 46 54 51 57 44 49 46 57 52 53 44 49 46 57 48 57 44 49 46 57 56 49 44 51 46 51 54 56 44 51 46 51 56 50 44 48 46 49 52 57 44 48 46 53 50 50
10-22-10:59:26:915  : 相机 Send: System.Byte[]，成功
10-22-11:00:26:028  : 相机 Send: System.Byte[]，成功
10-22-11:00:39:267  : 相机 Send: System.Byte[]，成功
10-22-11:07:33:913  : 相机 Send: System.Byte[]，成功
10-22-11:07:47:172  : 相机 Received: 67 67 68 49 44 45 48 46 48 56 44 52 52 46 51 54 55 44 45 54 46 53 48 51 44 49 46 57 55 50 44 49 46 57 49 44 50 46 48 51 52 44 51 46 51 54 44 51 46 51 54 55 44 48 46 50 53 56 44 48 46 53 48 53
10-22-11:07:47:172  : 相机 Send: System.Byte[]，成功
10-22-11:10:24:676  : 相机 Received: 67 67 68 49 44 45 49 54 46 54 48 51 44 50 46 48 55 56 44 50 46 48 50 53 44 50 46 49 51 44 51 46 48 55 54 44 51 46 48 56 56
10-22-11:10:24:677  : 相机 Send: System.Byte[]，成功
10-22-11:14:47:744  : 相机 Received: 84 49 59 49 44 49 50 55 46 48 46 48 46 49 58 53 48 50 54 51
10-22-11:14:47:744  : 相机 Send: System.Byte[]，成功
10-22-11:15:00:956  : 相机 Received: 67 67 68 49 44 45 48 46 48 48 49 44 52 52 46 52 57 51 44 45 55 46 51 50 54 44 50 46 48 51 51 44 50 46 48 50 51 44 50 46 48 52 50 44 51 46 51 52 57 44 51 46 51 53 53 44 48 46 48 52 44 48 46 53 52 55
10-22-11:15:00:956  : 相机 Send: System.Byte[]，成功
10-22-11:16:50:338  : 相机 Received: 67 67 68 49 44 45 49 54 46 54 53 56 44 50 46 48 48 51 44 49 46 57 49 57 44 50 46 48 56 54 44 51 46 49 49 55 44 51 46 48 56 52
10-22-11:16:50:338  : 相机 Send: System.Byte[]，成功
10-22-11:20:42:746  : 相机 Send: System.Byte[]，成功
10-22-11:20:55:919  : 相机 Send: System.Byte[]，成功
10-22-11:21:43:893  : 相机 Received: 67 67 68 49 44 45 50 49 46 55 57 51 44 49 46 54 50 49 44 49 46 51 52 55 44 49 46 56 56 53 44 51 46 50 56 51 44 51 46 49 55 52
10-22-11:21:43:894  : 相机 Send: System.Byte[]，成功
10-22-11:24:23:903  : 相机 Received: 84 49 59 49 44 49 50 55 46 48 46 48 46 49 58 53 48 50 54 51
10-22-11:24:37:106  : 相机 Received: 67 67 68 49 44 48 46 48 50 53 44 52 52 46 52 48 53 44 45 55 46 50 53 49 44 50 46 48 54 53 44 50 46 48 50 52 44 50 46 49 48 54 44 51 46 51 52 57 44 51 46 51 54 54 44 48 46 49 54 53 44 48 46 53 51 57
10-22-11:24:37:107  : 相机 Send: System.Byte[]，成功
10-22-11:27:36:224  : 相机 Received: 84 49 59 49 44 49 50 55 46 48 46 48 46 49 58 53 48 50 54 51
10-22-11:27:36:224  : 相机 Send: System.Byte[]，成功
10-22-11:27:49:403  : 相机 Received: 67 67 68 49 44 45 48 46 48 55 49 44 52 52 46 51 57 54 44 45 54 46 56 54 54 44 49 46 57 55 44 49 46 57 51 44 50 46 48 49 44 51 46 51 52 54 44 51 46 51 53 53 44 48 46 49 54 53 44 48 46 53 50 56
10-22-11:27:49:403  : 相机 Send: System.Byte[]，成功
10-22-11:28:36:554  : 相机 Received: 67 67 68 49 44 45 49 54 46 53 55 44 50 46 48 54 51 44 50 46 48 48 50 44 50 46 49 50 51 44 51 46 48 56 52 44 51 46 48 57
10-22-11:28:36:554  : 相机 Send: System.Byte[]，成功
10-22-11:31:39:656  : 相机 Received: 84 49 59 49 44 49 50 55 46 48 46 48 46 49 58 53 48 50 54 51
10-22-11:31:52:849  : 相机 Received: 67 67 68 49 44 45 48 46 48 52 44 52 52 46 52 54 54 44 45 54 46 48 48 54 44 50 46 48 48 53 44 49 46 57 54 55 44 50 46 48 52 51 44 51 46 51 52 51 44 51 46 51 52 53 44 48 46 49 54 51 44 48 46 52 56 57
10-22-11:31:52:849  : 相机 Send: System.Byte[]，成功
10-22-11:32:42:313  : 相机 Received: 67 67 68 49 44 45 49 56 46 52 51 53 44 50 46 48 56 55 44 50 46 48 50 53 44 50 46 49 52 56 44 51 46 48 57 52 44 51 46 48 57 50
10-22-11:32:42:313  : 相机 Send: System.Byte[]，成功
10-22-11:36:18:104  : 相机 Received: 84 49 59 49 44 49 50 55 46 48 46 48 46 49 58 53 48 50 54 51
10-22-11:36:31:266  : 相机 Send: System.Byte[]，成功
10-22-11:36:31:266  : 相机 Received: 67 67 68 49 44 45 48 46 48 55 53 44 52 52 46 53 50 49 44 45 54 46 53 57 54 44 49 46 57 55 56 44 49 46 57 49 55 44 50 46 48 51 57 44 51 46 51 51 49 44 51 46 51 52 56 44 48 46 50 53 54 44 48 46 53 48 52
10-22-11:37:18:847  : 相机 Received: 67 67 68 49 44 45 49 55 46 48 51 56 44 50 46 48 54 56 44 50 46 48 48 56 44 50 46 49 50 55 44 51 46 48 55 51 44 51 46 48 56
10-22-11:37:18:847  : 相机 Send: System.Byte[]，成功
10-22-13:18:18:055  : 相机 Send: System.Byte[]，成功
10-22-13:18:31:226  : 相机 Received: 67 67 68 49 44 45 48 46 48 54 51 44 52 52 46 57 53 51 44 45 53 46 49 49 52 44 49 46 57 55 57 44 49 46 57 52 57 44 50 46 48 48 56 44 51 46 51 50 53 44 51 46 51 54 52 44 48 46 49 50 53 44 48 46 52 57
10-22-13:18:31:226  : 相机 Send: System.Byte[]，成功
10-22-13:19:20:024  : 相机 Received: 67 67 68 49 44 45 49 54 46 52 49 54 44 50 46 48 54 53 44 50 46 48 49 50 44 50 46 49 49 56 44 51 46 48 55 50 44 51 46 48 55
10-22-13:19:20:024  : 相机 Send: System.Byte[]，成功
10-22-13:33:17:543  : 相机 Received: 84 49 59 49 44 49 50 55 46 48 46 48 46 49 58 53 48 50 54 51
10-22-13:33:17:543  : 相机 Send: System.Byte[]，成功
10-22-13:33:30:752  : 相机 Send: System.Byte[]，成功
10-22-13:34:24:875  : 相机 Received: 67 67 68 49 44 45 49 54 46 57 57 49 44 50 46 48 51 55 44 49 46 57 55 51 44 50 46 49 48 50 44 51 46 48 55 57 44 51 46 49 48 51
10-22-13:34:24:875  : 相机 Send: System.Byte[]，成功
10-22-13:48:06:059  : 相机 Received: 84 49 59 49 44 49 50 55 46 48 46 48 46 49 58 53 48 50 54 51
10-22-13:48:06:059  : 相机 Send: System.Byte[]，成功
10-22-13:48:19:229  : 相机 Send: System.Byte[]，成功
10-22-13:49:10:876  : 相机 Received: 67 67 68 49 44 45 49 55 46 49 55 49 44 50 46 48 56 49 44 50 46 48 50 49 44 50 46 49 52 50 44 51 46 48 54 52 44 51 46 48 56 55
10-22-13:49:10:876  : 相机 Send: System.Byte[]，成功
10-22-14:09:39:588  : 相机 Received: 84 49 59 49 44 49 50 55 46 48 46 48 46 49 58 53 48 50 54 51
10-22-14:09:52:777  : 相机 Received: 67 67 68 49 44 45 48 46 49 52 44 52 52 46 51 52 55 44 45 55 46 52 57 50 44 49 46 57 49 57 44 49 46 56 52 51 44 49 46 57 57 53 44 51 46 51 52 55 44 51 46 51 54 53 44 48 46 51 48 55 44 48 46 52 55 56
10-22-14:09:52:777  : 相机 Send: System.Byte[]，成功
10-22-14:10:39:623  : 相机 Received: 67 67 68 49 44 45 49 55 46 50 55 51 44 50 46 48 55 55 44 50 46 48 50 44 50 46 49 51 53 44 51 46 48 53 51 44 51 46 48 56 54
10-22-14:10:39:624  : 相机 Send: System.Byte[]，成功
10-22-14:15:20:975  : 相机 Received: 84 49 59 49 44 49 50 55 46 48 46 48 46 49 58 53 48 50 54 51
10-22-14:15:34:128  : 相机 Received: 67 67 68 49 44 45 48 46 49 52 52 44 52 52 46 54 48 53 44 45 54 46 48 57 49 44 49 46 57 48 52 44 49 46 56 51 55 44 49 46 57 55 49 44 51 46 51 50 57 44 51 46 51 51 56 44 48 46 50 56 53 44 48 46 52 54 55
10-22-14:15:34:128  : 相机 Send: System.Byte[]，成功
10-22-14:16:24:823  : 相机 Received: 67 67 68 49 44 45 49 54 46 57 55 50 44 50 46 48 56 44 50 46 48 50 44 50 46 49 52 44 51 46 48 54 55 44 51 46 48 55 54
10-22-14:16:24:823  : 相机 Send: System.Byte[]，成功
10-22-14:30:37:915  : 相机 Received: 84 49 59 49 44 49 50 55 46 48 46 48 46 49 58 53 48 50 54 51
10-22-14:30:51:093  : 相机 Received: 67 67 68 49 44 45 48 46 48 54 49 44 52 53 46 48 51 44 45 54 46 49 50 55 44 49 46 57 55 57 44 49 46 57 51 53 44 50 46 48 50 50 44 51 46 51 55 57 44 51 46 51 54 55 44 48 46 49 56 44 48 46 52 53 53
10-22-14:30:51:093  : 相机 Send: System.Byte[]，成功
10-22-14:31:45:328  : 相机 Received: 67 67 68 49 44 45 49 54 46 55 52 50 44 50 46 48 55 54 44 50 46 48 50 50 44 50 46 49 51 49 44 51 46 48 55 51 44 51 46 48 56
10-22-14:31:45:328  : 相机 Send: System.Byte[]，成功
10-22-14:40:02:656  : 相机 Received: 84 49 59 49 44 49 50 55 46 48 46 48 46 49 58 53 48 50 54 51
10-22-14:40:02:656  : 相机 Send: System.Byte[]，成功
10-22-14:40:15:850  : 相机 Send: System.Byte[]，成功
10-22-14:41:12:244  : 相机 Received: 67 67 68 49 44 45 49 56 46 52 48 52 44 50 46 49 50 52 44 50 46 48 56 50 44 50 46 49 54 54 44 51 46 48 56 50 44 51 46 48 56 52
10-22-14:41:12:244  : 相机 Send: System.Byte[]，成功
10-22-14:52:05:908  : 相机 Received: 84 49 59 49 44 49 50 55 46 48 46 48 46 49 58 53 48 50 54 51
10-22-14:52:05:908  : 相机 Send: System.Byte[]，成功
10-22-14:52:19:107  : 相机 Received: 67 67 68 49 44 45 48 46 48 57 52 44 52 52 46 52 48 50 44 45 55 46 52 55 44 49 46 57 53 55 44 49 46 56 57 49 44 50 46 48 50 50 44 51 46 51 55 54 44 51 46 51 55 57 44 48 46 50 54 49 44 48 46 53 48 51
10-22-14:52:19:107  : 相机 Send: System.Byte[]，成功
10-22-14:53:49:260  : 相机 Received: 67 67 68 49 44 45 49 56 46 50 55 51 44 50 46 49 49 56 44 50 46 48 55 56 44 50 46 49 53 57 44 51 46 48 53 50 44 51 46 48 54 54
10-22-14:53:49:260  : 相机 Send: System.Byte[]，成功
10-22-14:57:35:239  : 相机 Received: 84 49 59 49 44 49 50 55 46 48 46 48 46 49 58 53 48 50 54 51
10-22-14:57:48:427  : 相机 Received: 67 67 68 49 44 45 48 46 48 54 55 44 52 52 46 53 51 44 45 54 46 51 55 54 44 49 46 57 56 44 49 46 57 51 49 44 50 46 48 50 57 44 51 46 51 55 55 44 51 46 51 55 50 44 48 46 50 44 48 46 52 55 57
10-22-14:57:48:427  : 相机 Send: System.Byte[]，成功
10-22-14:58:39:308  : 相机 Received: 67 67 68 49 44 45 49 56 46 48 53 50 44 50 46 49 50 56 44 50 46 48 56 50 44 50 46 49 55 52 44 51 46 48 55 54 44 51 46 48 55
10-22-14:58:39:309  : 相机 Send: System.Byte[]，成功
10-22-15:07:48:991  : 相机 Received: 84 49 59 49 44 49 50 55 46 48 46 48 46 49 58 53 48 50 54 51
10-22-15:08:02:181  : 相机 Send: System.Byte[]，成功
10-22-15:08:56:631  : 相机 Received: 67 67 68 49 44 45 49 56 46 57 57 52 44 50 46 49 48 56 44 50 46 48 52 57 44 50 46 49 54 55 44 51 46 48 55 44 51 46 48 55 49
10-22-15:08:56:632  : 相机 Send: System.Byte[]，成功
10-22-15:18:17:198  : 相机 Send: System.Byte[]，成功
10-22-15:18:17:198  : 相机 Received: 84 49 59 49 44 49 50 55 46 48 46 48 46 49 58 53 48 50 54 51
10-22-15:18:30:376  : 相机 Send: System.Byte[]，成功
10-22-15:19:20:397  : 相机 Received: 67 67 68 49 44 45 49 55 46 48 49 52 44 50 46 48 54 57 44 50 46 48 48 52 44 50 46 49 51 53 44 51 46 48 53 53 44 51 46 48 56 53
10-22-15:19:20:397  : 相机 Send: System.Byte[]，成功
10-22-15:34:09:362  : 相机 Received: 84 49 59 49 44 49 50 55 46 48 46 48 46 49 58 53 48 50 54 51
10-22-15:34:22:534  : 相机 Received: 67 67 68 49 44 45 48 46 48 57 49 44 52 52 46 51 55 50 44 45 55 46 49 56 57 44 49 46 57 54 44 49 46 57 48 53 44 50 46 48 49 53 44 51 46 51 54 53 44 51 46 51 53 53 44 48 46 50 50 51 44 48 46 52 55 54
10-22-15:34:22:534  : 相机 Send: System.Byte[]，成功
10-22-15:35:10:800  : 相机 Received: 67 67 68 49 44 45 49 55 46 48 53 49 44 50 46 48 56 49 44 50 46 48 49 56 44 50 46 49 52 52 44 51 46 48 55 57 44 51 46 48 56 51
10-22-15:35:10:800  : 相机 Send: System.Byte[]，成功
10-22-15:50:08:466  : 相机 Received: 84 49 59 49 44 49 50 55 46 48 46 48 46 49 58 53 48 50 54 51
10-22-15:50:08:467  : 相机 Send: System.Byte[]，成功
10-22-15:50:21:638  : 相机 Received: 67 67 68 49 44 45 48 46 48 54 54 44 52 52 46 53 55 54 44 45 54 46 55 49 55 44 49 46 57 55 53 44 49 46 57 51 54 44 50 46 48 49 52 44 51 46 51 54 54 44 51 46 51 52 51 44 48 46 49 54 50 44 48 46 52 54
10-22-15:50:21:638  : 相机 Send: System.Byte[]，成功
10-22-15:51:13:800  : 相机 Received: 67 67 68 49 44 45 49 55 46 55 48 50 44 50 46 49 48 52 44 50 46 48 52 52 44 50 46 49 54 52 44 51 46 48 54 54 44 51 46 48 56 57
10-22-15:51:13:801  : 相机 Send: System.Byte[]，成功
10-22-15:53:01:105  : 相机 Received: 84 50 59 51 44 49 50 55 46 48 46 48 46 49 58 53 48 50 54 51
10-22-15:53:01:105  : 相机 Send: System.Byte[]，成功
10-22-15:53:11:098  : 相机 Send: System.Byte[]，成功
10-22-15:53:21:133  : 相机 Send: System.Byte[]，成功
10-22-15:53:31:173  : 相机 Received: 67 67 68 49 44 57 57 57 44 57 57 57 44 57 57 57 44 57 57 57 44 57 57 57 44 57 57 57 44 57 57 57 44 57 57 57 44 57 57 57 44 57 57 57 44 57 57 57 44 57 57 57 44 57 57 57 44 57 57 57 44 57 57 57 44 57 57 57 44 57 57 57 44 57 57 57
10-22-15:53:31:174  : 相机 Send: System.Byte[]，成功
10-22-16:03:24:855  : 相机 Received: 84 49 59 49 44 49 50 55 46 48 46 48 46 49 58 53 48 50 54 51
10-22-16:03:38:031  : 相机 Received: 67 67 68 49 44 45 48 46 48 56 57 44 52 52 46 53 48 50 44 45 54 46 57 55 49 44 49 46 57 53 50 44 49 46 56 56 52 44 50 46 48 49 57 44 51 46 51 56 44 51 46 51 53 56 44 48 46 50 55 49 44 48 46 52 52 50
10-22-16:03:38:031  : 相机 Send: System.Byte[]，成功
10-22-16:04:42:156  : 相机 Received: 67 67 68 49 44 45 49 55 46 50 57 44 50 46 48 56 44 50 46 48 50 52 44 50 46 49 51 54 44 51 46 48 55 52 44 51 46 48 55 49
10-22-16:04:42:158  : 相机 Send: System.Byte[]，成功
10-22-16:15:06:315  : 相机 Send: System.Byte[]，成功
10-22-16:15:19:493  : 相机 Received: 67 67 68 49 44 45 48 46 48 53 57 44 52 52 46 53 53 53 44 45 55 46 49 51 53 44 49 46 57 56 44 49 46 56 57 52 44 50 46 48 54 53 44 51 46 51 54 52 44 51 46 51 55 53 44 48 46 51 52 54 44 48 46 52 51 55
10-22-16:15:19:493  : 相机 Send: System.Byte[]，成功
10-22-16:16:09:553  : 相机 Received: 67 67 68 49 44 45 49 56 46 51 50 44 50 46 49 52 54 44 50 46 48 53 52 44 50 46 50 51 56 44 51 46 48 54 52 44 51 46 48 55 55
10-22-16:16:09:553  : 相机 Send: System.Byte[]，成功
10-22-16:17:54:342  : 相机 Received: 84 50 59 51 44 49 50 55 46 48 46 48 46 49 58 53 48 50 54 51
10-22-16:18:04:354  : 相机 Received: 84 50 59 52 44 49 50 55 46 48 46 48 46 49 58 53 48 50 54 51
10-22-16:18:04:354  : 相机 Send: System.Byte[]，成功
10-22-16:18:14:359  : 相机 Send: System.Byte[]，成功
10-22-16:18:24:433  : 相机 Received: 67 67 68 49 44 57 57 57 44 57 57 57 44 57 57 57 44 57 57 57 44 57 57 57 44 57 57 57 44 57 57 57 44 57 57 57 44 57 57 57 44 57 57 57 44 57 57 57 44 57 57 57 44 57 57 57 44 57 57 57 44 57 57 57 44 57 57 57 44 57 57 57 44 57 57 57
10-22-16:18:24:433  : 相机 Send: System.Byte[]，成功
10-22-16:25:48:049  : 相机 Send: System.Byte[]，成功
10-22-16:26:01:215  : 相机 Received: 67 67 68 49 44 45 48 46 48 54 52 44 52 52 46 50 57 44 45 54 46 57 56 56 44 49 46 57 54 53 44 49 46 57 50 49 44 50 46 48 48 57 44 51 46 51 54 52 44 51 46 51 54 49 44 48 46 49 56 50 44 48 46 52 55 53
10-22-16:26:01:215  : 相机 Send: System.Byte[]，成功
10-22-16:26:59:711  : 相机 Received: 67 67 68 49 44 45 49 55 46 51 54 55 44 50 46 48 56 44 50 46 48 49 56 44 50 46 49 52 49 44 51 46 48 56 50 44 51 46 48 54 54
10-22-16:26:59:711  : 相机 Send: System.Byte[]，成功
10-22-16:34:07:685  : 相机 Received: 84 49 59 49 44 49 50 55 46 48 46 48 46 49 58 53 48 50 54 51
10-22-16:34:20:863  : 相机 Received: 67 67 68 49 44 45 48 46 48 56 54 44 52 52 46 51 51 44 45 55 46 51 54 50 44 49 46 57 54 44 49 46 57 48 52 44 50 46 48 49 55 44 51 46 51 55 56 44 51 46 51 57 44 48 46 50 51 44 48 46 53 49 55
10-22-16:34:20:863  : 相机 Send: System.Byte[]，成功
10-22-16:35:09:211  : 相机 Received: 67 67 68 49 44 45 49 55 46 51 51 51 44 50 46 48 56 49 44 50 46 48 49 53 44 50 46 49 52 54 44 51 46 48 57 51 44 51 46 48 55 49
10-22-16:35:09:212  : 相机 Send: System.Byte[]，成功
10-22-16:38:57:638  : 相机 Send: System.Byte[]，成功
10-22-16:39:10:801  : 相机 Send: System.Byte[]，成功
10-22-16:40:01:644  : 相机 Received: 67 67 68 49 44 45 49 55 46 52 54 57 44 50 46 48 56 52 44 50 46 48 50 49 44 50 46 49 52 56 44 51 46 48 54 54 44 51 46 48 56 55
10-22-16:40:01:644  : 相机 Send: System.Byte[]，成功
10-22-16:48:37:647  : 相机 Send: System.Byte[]，成功
10-22-16:48:50:804  : 相机 Received: 67 67 68 49 44 45 48 46 48 52 54 44 52 52 46 52 51 51 44 45 55 46 49 48 53 44 49 46 57 57 51 44 49 46 57 54 44 50 46 48 50 54 44 51 46 51 55 53 44 51 46 51 54 49 44 48 46 49 51 53 44 48 46 52 53 51
10-22-16:48:50:804  : 相机 Send: System.Byte[]，成功
10-22-16:50:45:720  : 相机 Received: 67 67 68 49 44 45 49 55 46 48 50 50 44 50 46 49 51 52 44 50 46 48 55 56 44 50 46 49 56 57 44 51 46 48 55 44 51 46 48 54 57
10-22-16:50:45:720  : 相机 Send: System.Byte[]，成功
10-22-16:58:52:515  : 相机 Received: 84 49 59 49 44 49 50 55 46 48 46 48 46 49 58 53 48 50 54 51
10-22-16:58:52:515  : 相机 Send: System.Byte[]，成功
10-22-16:59:05:698  : 相机 Received: 67 67 68 49 44 45 48 46 48 54 52 44 52 52 46 52 49 52 44 45 55 46 50 48 57 44 49 46 57 55 50 44 49 46 57 50 50 44 50 46 48 50 50 44 51 46 51 56 44 51 46 51 55 55 44 48 46 50 48 53 44 48 46 52 54 49
10-22-16:59:05:698  : 相机 Send: System.Byte[]，成功
10-22-16:59:51:750  : 相机 Received: 67 67 68 49 44 45 49 55 46 49 57 52 44 50 46 48 54 55 44 50 46 48 48 54 44 50 46 49 50 55 44 51 46 48 55 57 44 51 46 48 56 56
10-22-16:59:51:750  : 相机 Send: System.Byte[]，成功
10-22-17:06:26:812  : 相机 Received: 84 49 59 49 44 49 50 55 46 48 46 48 46 49 58 53 48 50 54 51
10-22-17:06:39:972  : 相机 Received: 67 67 68 49 44 45 48 46 48 56 44 52 52 46 52 54 55 44 45 54 46 53 54 54 44 49 46 57 53 51 44 49 46 56 57 51 44 50 46 48 49 51 44 51 46 51 53 53 44 51 46 51 53 57 44 48 46 50 52 57 44 48 46 53 50 49
10-22-17:06:39:972  : 相机 Send: System.Byte[]，成功
10-22-17:07:38:424  : 相机 Received: 67 67 68 49 44 45 49 55 46 49 49 53 44 50 46 48 55 50 44 50 46 48 48 55 44 50 46 49 51 56 44 51 46 48 54 54 44 51 46 48 56 51
10-22-17:07:38:424  : 相机 Send: System.Byte[]，成功
10-22-17:16:51:511  : 相机 Received: 84 49 59 49 44 49 50 55 46 48 46 48 46 49 58 53 48 50 54 51
10-22-17:17:04:688  : 相机 Received: 67 67 68 49 44 45 48 46 48 57 44 52 52 46 53 48 52 44 45 55 46 50 51 54 44 49 46 57 52 56 44 49 46 56 55 51 44 50 46 48 50 51 44 51 46 51 52 53 44 51 46 51 53 51 44 48 46 51 48 51 44 48 46 52 54 50
10-22-17:17:04:688  : 相机 Send: System.Byte[]，成功
10-22-17:18:06:898  : 相机 Received: 67 67 68 49 44 45 49 55 46 48 56 56 44 50 46 48 56 44 50 46 48 49 52 44 50 46 49 52 54 44 51 46 48 54 54 44 51 46 48 56 57
10-22-17:18:06:898  : 相机 Send: System.Byte[]，成功
10-22-17:25:28:054  : 相机 Send: System.Byte[]，成功
10-22-17:25:28:054  : 相机 Received: 84 49 59 49 44 49 50 55 46 48 46 48 46 49 58 53 48 50 54 51
10-22-17:25:41:226  : 相机 Received: 67 67 68 49 44 45 48 46 48 56 51 44 52 52 46 51 55 51 44 45 54 46 53 52 51 44 49 46 57 53 53 44 49 46 56 55 55 44 50 46 48 51 51 44 51 46 51 52 50 44 51 46 51 54 44 48 46 51 50 55 44 48 46 52 56 50
10-22-17:25:41:226  : 相机 Send: System.Byte[]，成功
10-22-17:26:25:927  : 相机 Received: 67 67 68 49 44 45 49 55 46 51 51 57 44 50 46 48 57 51 44 50 46 48 49 57 44 50 46 49 54 56 44 51 46 48 55 44 51 46 49 48 51
10-22-17:26:25:927  : 相机 Send: System.Byte[]，成功
10-22-18:03:53:320  : 相机 Send: System.Byte[]，成功
10-22-18:04:06:497  : 相机 Received: 67 67 68 49 44 45 48 46 49 48 53 44 52 52 46 53 48 52 44 45 54 46 50 54 51 44 49 46 57 51 57 44 49 46 56 54 49 44 50 46 48 49 54 44 51 46 51 52 52 44 51 46 51 53 51 44 48 46 51 51 49 44 48 46 52 56 49
10-22-18:04:06:498  : 相机 Send: System.Byte[]，成功
10-22-18:04:55:202  : 相机 Received: 67 67 68 49 44 45 49 56 46 49 53 52 44 50 46 49 52 54 44 50 46 48 56 54 44 50 46 50 48 55 44 51 46 48 55 50 44 51 46 48 56 57
10-22-18:04:55:202  : 相机 Send: System.Byte[]，成功
10-22-18:13:06:871  : 相机 Send: System.Byte[]，成功
10-22-18:13:20:053  : 相机 Received: 67 67 68 49 44 45 48 46 49 52 52 44 52 52 46 52 52 52 44 45 54 46 49 54 49 44 49 46 56 57 52 44 49 46 56 52 44 49 46 57 52 56 44 51 46 51 52 49 44 51 46 51 52 55 44 48 46 50 51 50 44 48 46 52 52 52
10-22-18:13:20:053  : 相机 Send: System.Byte[]，成功
10-22-18:14:19:141  : 相机 Received: 67 67 68 49 44 45 49 55 46 50 55 50 44 50 46 48 57 53 44 50 46 48 51 54 44 50 46 49 53 52 44 51 46 48 52 55 44 51 46 48 55 52
10-22-18:14:19:142  : 相机 Send: System.Byte[]，成功
10-22-18:18:20:174  : 相机 Send: System.Byte[]，成功
10-22-18:18:33:367  : 相机 Received: 67 67 68 49 44 45 48 46 48 55 57 44 52 52 46 51 49 49 44 45 54 46 57 51 49 44 49 46 57 54 44 49 46 57 49 49 44 50 46 48 48 56 44 51 46 51 52 50 44 51 46 51 54 53 44 48 46 50 48 50 44 48 46 52 57 50
10-22-18:18:33:367  : 相机 Send: System.Byte[]，成功
10-22-18:21:04:549  : 相机 Received: 84 49 59 49 44 49 50 55 46 48 46 48 46 49 58 53 48 50 54 51
10-22-18:21:17:748  : 相机 Send: System.Byte[]，成功
10-22-18:22:52:191  : 相机 Received: 67 67 68 49 44 45 49 55 46 49 56 49 44 50 46 49 50 51 44 50 46 48 55 57 44 50 46 49 54 56 44 51 46 48 54 44 51 46 48 55 54
10-22-18:22:52:192  : 相机 Send: System.Byte[]，成功
10-22-18:31:45:902  : 相机 Received: 84 49 59 49 44 49 50 55 46 48 46 48 46 49 58 53 48 50 54 51
10-22-18:31:59:088  : 相机 Send: System.Byte[]，成功
10-22-18:31:59:088  : 相机 Received: 67 67 68 49 44 45 48 46 48 51 55 44 52 52 46 53 51 51 44 45 54 46 54 57 52 44 50 46 48 49 44 49 46 57 54 44 50 46 48 54 49 44 51 46 51 54 49 44 51 46 51 52 51 44 48 46 50 48 54 44 48 46 53 48 57
10-22-18:34:42:636  : 相机 Send: System.Byte[]，成功
10-22-18:34:55:833  : 相机 Received: 67 67 68 49 44 45 48 46 48 52 56 44 52 52 46 52 51 57 44 45 54 46 54 52 56 44 49 46 57 56 53 44 49 46 57 50 53 44 50 46 48 52 52 44 51 46 51 51 53 44 51 46 51 50 44 48 46 50 52 55 44 48 46 53 51 49
10-22-18:34:55:833  : 相机 Send: System.Byte[]，成功
10-22-18:36:03:094  : 相机 Received: 67 67 68 49 44 45 49 56 46 49 57 50 44 50 46 49 50 52 44 50 46 48 54 50 44 50 46 49 56 55 44 51 46 48 54 52 44 51 46 48 55
10-22-18:36:03:094  : 相机 Send: System.Byte[]，成功
10-22-18:43:58:035  : 相机 Received: 84 49 59 49 44 49 50 55 46 48 46 48 46 49 58 53 48 50 54 51
10-22-18:44:11:220  : 相机 Received: 67 67 68 49 44 45 48 46 48 55 56 44 52 52 46 53 57 44 45 53 46 57 52 56 44 49 46 57 55 56 44 49 46 57 48 53 44 50 46 48 53 44 51 46 51 51 57 44 51 46 51 52 51 44 48 46 51 48 49 44 48 46 52 52 52
10-22-18:45:47:145  : 相机 Received: 67 67 68 49 44 45 49 56 46 50 52 51 44 50 46 49 49 44 50 46 48 53 53 44 50 46 49 54 52 44 51 46 48 54 49 44 51 46 48 55 57
10-22-18:45:47:145  : 相机 Send: System.Byte[]，成功
