10-13-09:45:24:816  : 光源:0连接成功
10-13-10:26:45:684  : 光源:0连接成功
10-13-15:58:43:641  : System.IO.IOException: 端口“COM1”不存在。
   在 System.IO.Ports.InternalResources.WinIOError(Int32 errorCode, String str)
   在 System.IO.Ports.SerialStream..ctor(String portName, Int32 baudRate, Parity parity, Int32 dataBits, StopBits stopBits, Int32 readTimeout, Int32 writeTimeout, Handshake handshake, Boolean dtrEnable, Boolean rtsEnable, Boolean discardNull, Byte parityReplace)
   在 System.IO.Ports.SerialPort.Open()
   在 RCProject.power.PowerCtrlRq.InitSerialport() 位置 C:\Users\Lenovo\Desktop\EC01\EC01\RCProject\RCProject\power\PowerCtrlRq.cs:行号 35   在 System.IO.Ports.InternalResources.WinIOError(Int32 errorCode, String str)
   在 System.IO.Ports.SerialStream..ctor(String portName, Int32 baudRate, Parity parity, Int32 dataBits, StopBits stopBits, Int32 readTimeout, Int32 writeTimeout, Handshake handshake, Boolean dtrEnable, Boolean rtsEnable, Boolean discardNull, Byte parityReplace)
   在 System.IO.Ports.SerialPort.Open()
   在 RCProject.power.PowerCtrlRq.InitSerialport() 位置 C:\Users\Lenovo\Desktop\EC01\EC01\RCProject\RCProject\power\PowerCtrlRq.cs:行号 35
10-13-16:03:47:775  : System.IO.IOException: 端口“COM1”不存在。
   在 System.IO.Ports.InternalResources.WinIOError(Int32 errorCode, String str)
   在 System.IO.Ports.SerialStream..ctor(String portName, Int32 baudRate, Parity parity, Int32 dataBits, StopBits stopBits, Int32 readTimeout, Int32 writeTimeout, Handshake handshake, Boolean dtrEnable, Boolean rtsEnable, Boolean discardNull, Byte parityReplace)
   在 System.IO.Ports.SerialPort.Open()
   在 RCProject.power.PowerCtrlRq.InitSerialport() 位置 C:\Users\Lenovo\Desktop\EC01\EC01\RCProject\RCProject\power\PowerCtrlRq.cs:行号 35   在 System.IO.Ports.InternalResources.WinIOError(Int32 errorCode, String str)
   在 System.IO.Ports.SerialStream..ctor(String portName, Int32 baudRate, Parity parity, Int32 dataBits, StopBits stopBits, Int32 readTimeout, Int32 writeTimeout, Handshake handshake, Boolean dtrEnable, Boolean rtsEnable, Boolean discardNull, Byte parityReplace)
   在 System.IO.Ports.SerialPort.Open()
   在 RCProject.power.PowerCtrlRq.InitSerialport() 位置 C:\Users\Lenovo\Desktop\EC01\EC01\RCProject\RCProject\power\PowerCtrlRq.cs:行号 35
10-13-16:18:24:732  : System.IO.IOException: 端口“COM1”不存在。
   在 System.IO.Ports.InternalResources.WinIOError(Int32 errorCode, String str)
   在 System.IO.Ports.SerialStream..ctor(String portName, Int32 baudRate, Parity parity, Int32 dataBits, StopBits stopBits, Int32 readTimeout, Int32 writeTimeout, Handshake handshake, Boolean dtrEnable, Boolean rtsEnable, Boolean discardNull, Byte parityReplace)
   在 System.IO.Ports.SerialPort.Open()
   在 RCProject.power.PowerCtrlRq.InitSerialport() 位置 C:\Users\Lenovo\Desktop\EC01\EC01\RCProject\RCProject\power\PowerCtrlRq.cs:行号 35   在 System.IO.Ports.InternalResources.WinIOError(Int32 errorCode, String str)
   在 System.IO.Ports.SerialStream..ctor(String portName, Int32 baudRate, Parity parity, Int32 dataBits, StopBits stopBits, Int32 readTimeout, Int32 writeTimeout, Handshake handshake, Boolean dtrEnable, Boolean rtsEnable, Boolean discardNull, Byte parityReplace)
   在 System.IO.Ports.SerialPort.Open()
   在 RCProject.power.PowerCtrlRq.InitSerialport() 位置 C:\Users\Lenovo\Desktop\EC01\EC01\RCProject\RCProject\power\PowerCtrlRq.cs:行号 35
10-13-16:27:10:451  : System.IO.IOException: 端口“COM1”不存在。
   在 System.IO.Ports.InternalResources.WinIOError(Int32 errorCode, String str)
   在 System.IO.Ports.SerialStream..ctor(String portName, Int32 baudRate, Parity parity, Int32 dataBits, StopBits stopBits, Int32 readTimeout, Int32 writeTimeout, Handshake handshake, Boolean dtrEnable, Boolean rtsEnable, Boolean discardNull, Byte parityReplace)
   在 System.IO.Ports.SerialPort.Open()
   在 RCProject.power.PowerCtrlRq.InitSerialport() 位置 C:\Users\Lenovo\Desktop\EC01\EC01\RCProject\RCProject\power\PowerCtrlRq.cs:行号 35   在 System.IO.Ports.InternalResources.WinIOError(Int32 errorCode, String str)
   在 System.IO.Ports.SerialStream..ctor(String portName, Int32 baudRate, Parity parity, Int32 dataBits, StopBits stopBits, Int32 readTimeout, Int32 writeTimeout, Handshake handshake, Boolean dtrEnable, Boolean rtsEnable, Boolean discardNull, Byte parityReplace)
   在 System.IO.Ports.SerialPort.Open()
   在 RCProject.power.PowerCtrlRq.InitSerialport() 位置 C:\Users\Lenovo\Desktop\EC01\EC01\RCProject\RCProject\power\PowerCtrlRq.cs:行号 35
10-13-16:27:46:809  : System.IO.IOException: 端口“COM1”不存在。
   在 System.IO.Ports.InternalResources.WinIOError(Int32 errorCode, String str)
   在 System.IO.Ports.SerialStream..ctor(String portName, Int32 baudRate, Parity parity, Int32 dataBits, StopBits stopBits, Int32 readTimeout, Int32 writeTimeout, Handshake handshake, Boolean dtrEnable, Boolean rtsEnable, Boolean discardNull, Byte parityReplace)
   在 System.IO.Ports.SerialPort.Open()
   在 RCProject.power.PowerCtrlRq.InitSerialport() 位置 C:\Users\Lenovo\Desktop\EC01\EC01\RCProject\RCProject\power\PowerCtrlRq.cs:行号 35   在 System.IO.Ports.InternalResources.WinIOError(Int32 errorCode, String str)
   在 System.IO.Ports.SerialStream..ctor(String portName, Int32 baudRate, Parity parity, Int32 dataBits, StopBits stopBits, Int32 readTimeout, Int32 writeTimeout, Handshake handshake, Boolean dtrEnable, Boolean rtsEnable, Boolean discardNull, Byte parityReplace)
   在 System.IO.Ports.SerialPort.Open()
   在 RCProject.power.PowerCtrlRq.InitSerialport() 位置 C:\Users\Lenovo\Desktop\EC01\EC01\RCProject\RCProject\power\PowerCtrlRq.cs:行号 35
10-13-16:30:43:818  : System.IO.IOException: 端口“COM1”不存在。
   在 System.IO.Ports.InternalResources.WinIOError(Int32 errorCode, String str)
   在 System.IO.Ports.SerialStream..ctor(String portName, Int32 baudRate, Parity parity, Int32 dataBits, StopBits stopBits, Int32 readTimeout, Int32 writeTimeout, Handshake handshake, Boolean dtrEnable, Boolean rtsEnable, Boolean discardNull, Byte parityReplace)
   在 System.IO.Ports.SerialPort.Open()
   在 RCProject.power.PowerCtrlRq.InitSerialport() 位置 C:\Users\Lenovo\Desktop\EC01\EC01\RCProject\RCProject\power\PowerCtrlRq.cs:行号 35   在 System.IO.Ports.InternalResources.WinIOError(Int32 errorCode, String str)
   在 System.IO.Ports.SerialStream..ctor(String portName, Int32 baudRate, Parity parity, Int32 dataBits, StopBits stopBits, Int32 readTimeout, Int32 writeTimeout, Handshake handshake, Boolean dtrEnable, Boolean rtsEnable, Boolean discardNull, Byte parityReplace)
   在 System.IO.Ports.SerialPort.Open()
   在 RCProject.power.PowerCtrlRq.InitSerialport() 位置 C:\Users\Lenovo\Desktop\EC01\EC01\RCProject\RCProject\power\PowerCtrlRq.cs:行号 35
10-13-16:35:31:741  : System.IO.IOException: 端口“COM1”不存在。
   在 System.IO.Ports.InternalResources.WinIOError(Int32 errorCode, String str)
   在 System.IO.Ports.SerialStream..ctor(String portName, Int32 baudRate, Parity parity, Int32 dataBits, StopBits stopBits, Int32 readTimeout, Int32 writeTimeout, Handshake handshake, Boolean dtrEnable, Boolean rtsEnable, Boolean discardNull, Byte parityReplace)
   在 System.IO.Ports.SerialPort.Open()
   在 RCProject.power.PowerCtrlRq.InitSerialport() 位置 C:\Users\Lenovo\Desktop\EC01\EC01\RCProject\RCProject\power\PowerCtrlRq.cs:行号 35   在 System.IO.Ports.InternalResources.WinIOError(Int32 errorCode, String str)
   在 System.IO.Ports.SerialStream..ctor(String portName, Int32 baudRate, Parity parity, Int32 dataBits, StopBits stopBits, Int32 readTimeout, Int32 writeTimeout, Handshake handshake, Boolean dtrEnable, Boolean rtsEnable, Boolean discardNull, Byte parityReplace)
   在 System.IO.Ports.SerialPort.Open()
   在 RCProject.power.PowerCtrlRq.InitSerialport() 位置 C:\Users\Lenovo\Desktop\EC01\EC01\RCProject\RCProject\power\PowerCtrlRq.cs:行号 35
10-13-17:00:57:971  : System.IO.IOException: 端口“COM1”不存在。
   在 System.IO.Ports.InternalResources.WinIOError(Int32 errorCode, String str)
   在 System.IO.Ports.SerialStream..ctor(String portName, Int32 baudRate, Parity parity, Int32 dataBits, StopBits stopBits, Int32 readTimeout, Int32 writeTimeout, Handshake handshake, Boolean dtrEnable, Boolean rtsEnable, Boolean discardNull, Byte parityReplace)
   在 System.IO.Ports.SerialPort.Open()
   在 RCProject.power.PowerCtrlRq.InitSerialport() 位置 C:\Users\Lenovo\Desktop\EC01\EC01\RCProject\RCProject\power\PowerCtrlRq.cs:行号 35   在 System.IO.Ports.InternalResources.WinIOError(Int32 errorCode, String str)
   在 System.IO.Ports.SerialStream..ctor(String portName, Int32 baudRate, Parity parity, Int32 dataBits, StopBits stopBits, Int32 readTimeout, Int32 writeTimeout, Handshake handshake, Boolean dtrEnable, Boolean rtsEnable, Boolean discardNull, Byte parityReplace)
   在 System.IO.Ports.SerialPort.Open()
   在 RCProject.power.PowerCtrlRq.InitSerialport() 位置 C:\Users\Lenovo\Desktop\EC01\EC01\RCProject\RCProject\power\PowerCtrlRq.cs:行号 35
10-13-17:01:47:609  : System.IO.IOException: 端口“COM1”不存在。
   在 System.IO.Ports.InternalResources.WinIOError(Int32 errorCode, String str)
   在 System.IO.Ports.SerialStream..ctor(String portName, Int32 baudRate, Parity parity, Int32 dataBits, StopBits stopBits, Int32 readTimeout, Int32 writeTimeout, Handshake handshake, Boolean dtrEnable, Boolean rtsEnable, Boolean discardNull, Byte parityReplace)
   在 System.IO.Ports.SerialPort.Open()
   在 RCProject.power.PowerCtrlRq.InitSerialport() 位置 C:\Users\Lenovo\Desktop\EC01\EC01\RCProject\RCProject\power\PowerCtrlRq.cs:行号 35   在 System.IO.Ports.InternalResources.WinIOError(Int32 errorCode, String str)
   在 System.IO.Ports.SerialStream..ctor(String portName, Int32 baudRate, Parity parity, Int32 dataBits, StopBits stopBits, Int32 readTimeout, Int32 writeTimeout, Handshake handshake, Boolean dtrEnable, Boolean rtsEnable, Boolean discardNull, Byte parityReplace)
   在 System.IO.Ports.SerialPort.Open()
   在 RCProject.power.PowerCtrlRq.InitSerialport() 位置 C:\Users\Lenovo\Desktop\EC01\EC01\RCProject\RCProject\power\PowerCtrlRq.cs:行号 35
10-13-17:55:43:922  : System.IO.IOException: 端口“COM1”不存在。
   在 System.IO.Ports.InternalResources.WinIOError(Int32 errorCode, String str)
   在 System.IO.Ports.SerialStream..ctor(String portName, Int32 baudRate, Parity parity, Int32 dataBits, StopBits stopBits, Int32 readTimeout, Int32 writeTimeout, Handshake handshake, Boolean dtrEnable, Boolean rtsEnable, Boolean discardNull, Byte parityReplace)
   在 System.IO.Ports.SerialPort.Open()
   在 RCProject.power.PowerCtrlRq.InitSerialport() 位置 C:\Users\Lenovo\Desktop\EC01\EC01\RCProject\RCProject\power\PowerCtrlRq.cs:行号 35   在 System.IO.Ports.InternalResources.WinIOError(Int32 errorCode, String str)
   在 System.IO.Ports.SerialStream..ctor(String portName, Int32 baudRate, Parity parity, Int32 dataBits, StopBits stopBits, Int32 readTimeout, Int32 writeTimeout, Handshake handshake, Boolean dtrEnable, Boolean rtsEnable, Boolean discardNull, Byte parityReplace)
   在 System.IO.Ports.SerialPort.Open()
   在 RCProject.power.PowerCtrlRq.InitSerialport() 位置 C:\Users\Lenovo\Desktop\EC01\EC01\RCProject\RCProject\power\PowerCtrlRq.cs:行号 35
10-13-20:09:42:744  : 光源:0连接成功
10-13-20:19:26:915  : 光源:0连接成功
10-13-20:25:20:836  : 光源:0连接成功
10-13-20:35:35:588  : 光源:0连接成功
