10-14-13:57:24:811  : System.IO.IOException: 端口“COM1”不存在。
   在 System.IO.Ports.InternalResources.WinIOError(Int32 errorCode, String str)
   在 System.IO.Ports.SerialStream..ctor(String portName, Int32 baudRate, Parity parity, Int32 dataBits, StopBits stopBits, Int32 readTimeout, Int32 writeTimeout, Handshake handshake, Boolean dtrEnable, Boolean rtsEnable, Boolean discardNull, Byte parityReplace)
   在 System.IO.Ports.SerialPort.Open()
   在 RCProject.power.PowerCtrlRq.InitSerialport() 位置 D:\EC01_1013\EC01\RCProject\RCProject\power\PowerCtrlRq.cs:行号 35   在 System.IO.Ports.InternalResources.WinIOError(Int32 errorCode, String str)
   在 System.IO.Ports.SerialStream..ctor(String portName, Int32 baudRate, Parity parity, Int32 dataBits, StopBits stopBits, Int32 readTimeout, Int32 writeTimeout, Handshake handshake, Boolean dtrEnable, Boolean rtsEnable, Boolean discardNull, Byte parityReplace)
   在 System.IO.Ports.SerialPort.Open()
   在 RCProject.power.PowerCtrlRq.InitSerialport() 位置 D:\EC01_1013\EC01\RCProject\RCProject\power\PowerCtrlRq.cs:行号 35
10-14-14:02:25:832  : System.IO.IOException: 端口“COM1”不存在。
   在 System.IO.Ports.InternalResources.WinIOError(Int32 errorCode, String str)
   在 System.IO.Ports.SerialStream..ctor(String portName, Int32 baudRate, Parity parity, Int32 dataBits, StopBits stopBits, Int32 readTimeout, Int32 writeTimeout, Handshake handshake, Boolean dtrEnable, Boolean rtsEnable, Boolean discardNull, Byte parityReplace)
   在 System.IO.Ports.SerialPort.Open()
   在 RCProject.power.PowerCtrlRq.InitSerialport() 位置 C:\Users\zss\Desktop\EC01_1013\EC01\RCProject\RCProject\power\PowerCtrlRq.cs:行号 35   在 System.IO.Ports.InternalResources.WinIOError(Int32 errorCode, String str)
   在 System.IO.Ports.SerialStream..ctor(String portName, Int32 baudRate, Parity parity, Int32 dataBits, StopBits stopBits, Int32 readTimeout, Int32 writeTimeout, Handshake handshake, Boolean dtrEnable, Boolean rtsEnable, Boolean discardNull, Byte parityReplace)
   在 System.IO.Ports.SerialPort.Open()
   在 RCProject.power.PowerCtrlRq.InitSerialport() 位置 C:\Users\zss\Desktop\EC01_1013\EC01\RCProject\RCProject\power\PowerCtrlRq.cs:行号 35
10-14-15:23:24:152  : 光源:0连接成功
10-14-15:29:03:619  : 光源:0连接成功
10-14-15:30:45:212  : 光源:0连接成功
10-14-15:52:27:947  : 光源:0连接成功
10-14-16:28:12:031  : 光源:0连接成功
10-14-16:39:47:027  : 光源:0连接成功
10-14-18:24:58:559  : 光源:0连接成功
