07-20-15:33:26:156  : System.IO.IOException: 端口“COM7”不存在。
   在 System.IO.Ports.InternalResources.WinIOError(Int32 errorCode, String str)
   在 System.IO.Ports.SerialStream..ctor(String portName, Int32 baudRate, Parity parity, Int32 dataBits, StopBits stopBits, Int32 readTimeout, Int32 writeTimeout, Handshake handshake, Boolean dtrEnable, Boolean rtsEnable, Boolean discardNull, Byte parityReplace)
   在 System.IO.Ports.SerialPort.Open()
   在 RCProject.power.PowerCtrlRq.InitSerialport() 位置 D:\RCProject\RCProject\power\PowerCtrlRq.cs:行号 35   在 System.IO.Ports.InternalResources.WinIOError(Int32 errorCode, String str)
   在 System.IO.Ports.SerialStream..ctor(String portName, Int32 baudRate, Parity parity, Int32 dataBits, StopBits stopBits, Int32 readTimeout, Int32 writeTimeout, Handshake handshake, Boolean dtrEnable, Boolean rtsEnable, Boolean discardNull, Byte parityReplace)
   在 System.IO.Ports.SerialPort.Open()
   在 RCProject.power.PowerCtrlRq.InitSerialport() 位置 D:\RCProject\RCProject\power\PowerCtrlRq.cs:行号 35
07-20-15:33:40:804  : System.IO.IOException: 端口“COM7”不存在。
   在 System.IO.Ports.InternalResources.WinIOError(Int32 errorCode, String str)
   在 System.IO.Ports.SerialStream..ctor(String portName, Int32 baudRate, Parity parity, Int32 dataBits, StopBits stopBits, Int32 readTimeout, Int32 writeTimeout, Handshake handshake, Boolean dtrEnable, Boolean rtsEnable, Boolean discardNull, Byte parityReplace)
   在 System.IO.Ports.SerialPort.Open()
   在 RCProject.power.PowerCtrlRq.InitSerialport() 位置 D:\RCProject\RCProject\power\PowerCtrlRq.cs:行号 35   在 System.IO.Ports.InternalResources.WinIOError(Int32 errorCode, String str)
   在 System.IO.Ports.SerialStream..ctor(String portName, Int32 baudRate, Parity parity, Int32 dataBits, StopBits stopBits, Int32 readTimeout, Int32 writeTimeout, Handshake handshake, Boolean dtrEnable, Boolean rtsEnable, Boolean discardNull, Byte parityReplace)
   在 System.IO.Ports.SerialPort.Open()
   在 RCProject.power.PowerCtrlRq.InitSerialport() 位置 D:\RCProject\RCProject\power\PowerCtrlRq.cs:行号 35
07-20-15:35:43:565  : 光源:0连接成功
07-20-15:37:56:135  : 光源:0连接成功
07-20-16:33:18:832  : 光源:0连接成功
07-20-16:57:13:329  : 光源:0连接成功
07-20-17:10:29:256  : 光源:0连接成功
