09-29-14:00:45:463  : 光源:0连接成功
09-29-14:24:43:226  : 光源:0连接成功
09-29-14:25:47:688  : 光源:0连接成功
09-29-14:34:32:010  : 光源:0连接成功
09-29-15:58:37:656  : 光源:0连接成功
09-29-16:19:08:851  : 光源:0连接成功
09-29-16:19:46:065  : 光源:0连接成功
09-29-16:22:43:337  : 光源:0连接成功
09-29-16:23:27:148  : 光源:0连接成功
09-29-16:25:40:333  : 光源:0连接成功
09-29-16:27:47:537  : 光源:0连接成功
09-29-17:14:40:506  : System.IO.IOException: 端口“COM1”不存在。
   在 System.IO.Ports.InternalResources.WinIOError(Int32 errorCode, String str)
   在 System.IO.Ports.SerialStream..ctor(String portName, Int32 baudRate, Parity parity, Int32 dataBits, StopBits stopBits, Int32 readTimeout, Int32 writeTimeout, Handshake handshake, Boolean dtrEnable, Boolean rtsEnable, Boolean discardNull, Byte parityReplace)
   在 System.IO.Ports.SerialPort.Open()
   在 RCProject.power.PowerCtrlRq.InitSerialport() 位置 D:\EC01\RCProject\RCProject\power\PowerCtrlRq.cs:行号 35   在 System.IO.Ports.InternalResources.WinIOError(Int32 errorCode, String str)
   在 System.IO.Ports.SerialStream..ctor(String portName, Int32 baudRate, Parity parity, Int32 dataBits, StopBits stopBits, Int32 readTimeout, Int32 writeTimeout, Handshake handshake, Boolean dtrEnable, Boolean rtsEnable, Boolean discardNull, Byte parityReplace)
   在 System.IO.Ports.SerialPort.Open()
   在 RCProject.power.PowerCtrlRq.InitSerialport() 位置 D:\EC01\RCProject\RCProject\power\PowerCtrlRq.cs:行号 35
09-29-17:15:06:739  : System.IO.IOException: 端口“COM1”不存在。
   在 System.IO.Ports.InternalResources.WinIOError(Int32 errorCode, String str)
   在 System.IO.Ports.SerialStream..ctor(String portName, Int32 baudRate, Parity parity, Int32 dataBits, StopBits stopBits, Int32 readTimeout, Int32 writeTimeout, Handshake handshake, Boolean dtrEnable, Boolean rtsEnable, Boolean discardNull, Byte parityReplace)
   在 System.IO.Ports.SerialPort.Open()
   在 RCProject.power.PowerCtrlRq.InitSerialport() 位置 D:\EC01\RCProject\RCProject\power\PowerCtrlRq.cs:行号 35   在 System.IO.Ports.InternalResources.WinIOError(Int32 errorCode, String str)
   在 System.IO.Ports.SerialStream..ctor(String portName, Int32 baudRate, Parity parity, Int32 dataBits, StopBits stopBits, Int32 readTimeout, Int32 writeTimeout, Handshake handshake, Boolean dtrEnable, Boolean rtsEnable, Boolean discardNull, Byte parityReplace)
   在 System.IO.Ports.SerialPort.Open()
   在 RCProject.power.PowerCtrlRq.InitSerialport() 位置 D:\EC01\RCProject\RCProject\power\PowerCtrlRq.cs:行号 35
