07-07-11:08:26:762  : 读取PLC Config文件失败————未能找到路径“D:\Rongcheer-04\RCProject\RCProject\bin\Debug\Config\PLC.xml”的一部分。/r/n   在 System.IO.__Error.WinIOError(Int32 errorCode, String maybeFullPath)
   在 System.IO.FileStream.Init(String path, FileMode mode, FileAccess access, Int32 rights, Boolean useRights, FileShare share, Int32 bufferSize, FileOptions options, SECURITY_ATTRIBUTES secAttrs, String msgPath, Boolean bFromProxy, Boolean useLongPath, Boolean checkHost)
   在 System.IO.FileStream..ctor(String path, FileMode mode, FileAccess access, FileShare share, Int32 bufferSize)
   在 System.Xml.XmlDownloadManager.GetStream(Uri uri, ICredentials credentials, IWebProxy proxy, RequestCachePolicy cachePolicy)
   在 System.Xml.XmlUrlResolver.GetEntity(Uri absoluteUri, String role, Type ofObjectToReturn)
   在 System.Xml.XmlTextReaderImpl.FinishInitUriString()
   在 System.Xml.XmlTextReaderImpl..ctor(String uriStr, XmlReaderSettings settings, XmlParserContext context, XmlResolver uriResolver)
   在 System.Xml.XmlReaderSettings.CreateReader(String inputUri, XmlParserContext inputContext)
   在 System.Xml.XmlReader.Create(String inputUri, XmlReaderSettings settings, XmlParserContext inputContext)
   在 System.Xml.Linq.XDocument.Load(String uri, LoadOptions options)
   在 System.Xml.Linq.XDocument.Load(String uri)
   在 RCProject.PLC.PlcManager.Init() 位置 D:\Rongcheer-04\RCProject\RCProject\PLC\PlcManager.cs:行号 26
07-07-11:09:20:977  : 读取Camera XML文件失败————未能找到路径“D:\Rongcheer-04\RCProject\RCProject\bin\Debug\Config\Camera.xml”的一部分。/r/n   在 System.IO.__Error.WinIOError(Int32 errorCode, String maybeFullPath)
   在 System.IO.FileStream.Init(String path, FileMode mode, FileAccess access, Int32 rights, Boolean useRights, FileShare share, Int32 bufferSize, FileOptions options, SECURITY_ATTRIBUTES secAttrs, String msgPath, Boolean bFromProxy, Boolean useLongPath, Boolean checkHost)
   在 System.IO.FileStream..ctor(String path, FileMode mode, FileAccess access, FileShare share, Int32 bufferSize)
   在 System.Xml.XmlDownloadManager.GetStream(Uri uri, ICredentials credentials, IWebProxy proxy, RequestCachePolicy cachePolicy)
   在 System.Xml.XmlUrlResolver.GetEntity(Uri absoluteUri, String role, Type ofObjectToReturn)
   在 System.Xml.XmlTextReaderImpl.FinishInitUriString()
   在 System.Xml.XmlTextReaderImpl..ctor(String uriStr, XmlReaderSettings settings, XmlParserContext context, XmlResolver uriResolver)
   在 System.Xml.XmlReaderSettings.CreateReader(String inputUri, XmlParserContext inputContext)
   在 System.Xml.XmlReader.Create(String inputUri, XmlReaderSettings settings, XmlParserContext inputContext)
   在 System.Xml.Linq.XDocument.Load(String uri, LoadOptions options)
   在 System.Xml.Linq.XDocument.Load(String uri)
   在 RCProject.Camera.CameraManager.Init() 位置 D:\Rongcheer-04\RCProject\RCProject\Camera\CameraManager.cs:行号 23
07-07-11:10:36:103  : 读取Laser XML文件失败————未能找到路径“D:\Rongcheer-04\RCProject\RCProject\bin\Debug\Config\Laser.xml”的一部分。/r/n   在 System.IO.__Error.WinIOError(Int32 errorCode, String maybeFullPath)
   在 System.IO.FileStream.Init(String path, FileMode mode, FileAccess access, Int32 rights, Boolean useRights, FileShare share, Int32 bufferSize, FileOptions options, SECURITY_ATTRIBUTES secAttrs, String msgPath, Boolean bFromProxy, Boolean useLongPath, Boolean checkHost)
   在 System.IO.FileStream..ctor(String path, FileMode mode, FileAccess access, FileShare share, Int32 bufferSize)
   在 System.Xml.XmlDownloadManager.GetStream(Uri uri, ICredentials credentials, IWebProxy proxy, RequestCachePolicy cachePolicy)
   在 System.Xml.XmlUrlResolver.GetEntity(Uri absoluteUri, String role, Type ofObjectToReturn)
   在 System.Xml.XmlTextReaderImpl.FinishInitUriString()
   在 System.Xml.XmlTextReaderImpl..ctor(String uriStr, XmlReaderSettings settings, XmlParserContext context, XmlResolver uriResolver)
   在 System.Xml.XmlReaderSettings.CreateReader(String inputUri, XmlParserContext inputContext)
   在 System.Xml.XmlReader.Create(String inputUri, XmlReaderSettings settings, XmlParserContext inputContext)
   在 System.Xml.Linq.XDocument.Load(String uri, LoadOptions options)
   在 System.Xml.Linq.XDocument.Load(String uri)
   在 RCProject.Laser.LaserManager.Init() 位置 D:\Rongcheer-04\RCProject\RCProject\Laser\LaserManager.cs:行号 21
07-07-11:10:36:104  : 读取Camera XML文件失败————未能找到路径“D:\Rongcheer-04\RCProject\RCProject\bin\Debug\Config\Camera.xml”的一部分。/r/n   在 System.IO.__Error.WinIOError(Int32 errorCode, String maybeFullPath)
   在 System.IO.FileStream.Init(String path, FileMode mode, FileAccess access, Int32 rights, Boolean useRights, FileShare share, Int32 bufferSize, FileOptions options, SECURITY_ATTRIBUTES secAttrs, String msgPath, Boolean bFromProxy, Boolean useLongPath, Boolean checkHost)
   在 System.IO.FileStream..ctor(String path, FileMode mode, FileAccess access, FileShare share, Int32 bufferSize)
   在 System.Xml.XmlDownloadManager.GetStream(Uri uri, ICredentials credentials, IWebProxy proxy, RequestCachePolicy cachePolicy)
   在 System.Xml.XmlUrlResolver.GetEntity(Uri absoluteUri, String role, Type ofObjectToReturn)
   在 System.Xml.XmlTextReaderImpl.FinishInitUriString()
   在 System.Xml.XmlTextReaderImpl..ctor(String uriStr, XmlReaderSettings settings, XmlParserContext context, XmlResolver uriResolver)
   在 System.Xml.XmlReaderSettings.CreateReader(String inputUri, XmlParserContext inputContext)
   在 System.Xml.XmlReader.Create(String inputUri, XmlReaderSettings settings, XmlParserContext inputContext)
   在 System.Xml.Linq.XDocument.Load(String uri, LoadOptions options)
   在 System.Xml.Linq.XDocument.Load(String uri)
   在 RCProject.Camera.CameraManager.Init() 位置 D:\Rongcheer-04\RCProject\RCProject\Camera\CameraManager.cs:行号 23
07-07-11:14:35:491  : 读取Laser XML文件失败————未能找到路径“D:\Rongcheer-04\RCProject\RCProject\bin\Debug\Config\Laser.xml”的一部分。/r/n   在 System.IO.__Error.WinIOError(Int32 errorCode, String maybeFullPath)
   在 System.IO.FileStream.Init(String path, FileMode mode, FileAccess access, Int32 rights, Boolean useRights, FileShare share, Int32 bufferSize, FileOptions options, SECURITY_ATTRIBUTES secAttrs, String msgPath, Boolean bFromProxy, Boolean useLongPath, Boolean checkHost)
   在 System.IO.FileStream..ctor(String path, FileMode mode, FileAccess access, FileShare share, Int32 bufferSize)
   在 System.Xml.XmlDownloadManager.GetStream(Uri uri, ICredentials credentials, IWebProxy proxy, RequestCachePolicy cachePolicy)
   在 System.Xml.XmlUrlResolver.GetEntity(Uri absoluteUri, String role, Type ofObjectToReturn)
   在 System.Xml.XmlTextReaderImpl.FinishInitUriString()
   在 System.Xml.XmlTextReaderImpl..ctor(String uriStr, XmlReaderSettings settings, XmlParserContext context, XmlResolver uriResolver)
   在 System.Xml.XmlReaderSettings.CreateReader(String inputUri, XmlParserContext inputContext)
   在 System.Xml.XmlReader.Create(String inputUri, XmlReaderSettings settings, XmlParserContext inputContext)
   在 System.Xml.Linq.XDocument.Load(String uri, LoadOptions options)
   在 System.Xml.Linq.XDocument.Load(String uri)
   在 RCProject.Laser.LaserManager.Init() 位置 D:\Rongcheer-04\RCProject\RCProject\Laser\LaserManager.cs:行号 21
07-07-11:19:03:427  : 读取Laser XML文件失败————未能找到路径“D:\Rongcheer-04\RCProject\RCProject\bin\Debug\Config\Laser.xml”的一部分。/r/n   在 System.IO.__Error.WinIOError(Int32 errorCode, String maybeFullPath)
   在 System.IO.FileStream.Init(String path, FileMode mode, FileAccess access, Int32 rights, Boolean useRights, FileShare share, Int32 bufferSize, FileOptions options, SECURITY_ATTRIBUTES secAttrs, String msgPath, Boolean bFromProxy, Boolean useLongPath, Boolean checkHost)
   在 System.IO.FileStream..ctor(String path, FileMode mode, FileAccess access, FileShare share, Int32 bufferSize)
   在 System.Xml.XmlDownloadManager.GetStream(Uri uri, ICredentials credentials, IWebProxy proxy, RequestCachePolicy cachePolicy)
   在 System.Xml.XmlUrlResolver.GetEntity(Uri absoluteUri, String role, Type ofObjectToReturn)
   在 System.Xml.XmlTextReaderImpl.FinishInitUriString()
   在 System.Xml.XmlTextReaderImpl..ctor(String uriStr, XmlReaderSettings settings, XmlParserContext context, XmlResolver uriResolver)
   在 System.Xml.XmlReaderSettings.CreateReader(String inputUri, XmlParserContext inputContext)
   在 System.Xml.XmlReader.Create(String inputUri, XmlReaderSettings settings, XmlParserContext inputContext)
   在 System.Xml.Linq.XDocument.Load(String uri, LoadOptions options)
   在 System.Xml.Linq.XDocument.Load(String uri)
   在 RCProject.Laser.LaserManager.Init() 位置 D:\Rongcheer-04\RCProject\RCProject\Laser\LaserManager.cs:行号 21
07-07-11:19:10:841  : 读取Laser XML文件失败————未能找到路径“D:\Rongcheer-04\RCProject\RCProject\bin\Debug\Config\Laser.xml”的一部分。/r/n   在 System.IO.__Error.WinIOError(Int32 errorCode, String maybeFullPath)
   在 System.IO.FileStream.Init(String path, FileMode mode, FileAccess access, Int32 rights, Boolean useRights, FileShare share, Int32 bufferSize, FileOptions options, SECURITY_ATTRIBUTES secAttrs, String msgPath, Boolean bFromProxy, Boolean useLongPath, Boolean checkHost)
   在 System.IO.FileStream..ctor(String path, FileMode mode, FileAccess access, FileShare share, Int32 bufferSize)
   在 System.Xml.XmlDownloadManager.GetStream(Uri uri, ICredentials credentials, IWebProxy proxy, RequestCachePolicy cachePolicy)
   在 System.Xml.XmlUrlResolver.GetEntity(Uri absoluteUri, String role, Type ofObjectToReturn)
   在 System.Xml.XmlTextReaderImpl.FinishInitUriString()
   在 System.Xml.XmlTextReaderImpl..ctor(String uriStr, XmlReaderSettings settings, XmlParserContext context, XmlResolver uriResolver)
   在 System.Xml.XmlReaderSettings.CreateReader(String inputUri, XmlParserContext inputContext)
   在 System.Xml.XmlReader.Create(String inputUri, XmlReaderSettings settings, XmlParserContext inputContext)
   在 System.Xml.Linq.XDocument.Load(String uri, LoadOptions options)
   在 System.Xml.Linq.XDocument.Load(String uri)
   在 RCProject.Laser.LaserManager.Init() 位置 D:\Rongcheer-04\RCProject\RCProject\Laser\LaserManager.cs:行号 21
07-07-11:19:43:724  : 读取PLC Config文件失败————未能找到路径“D:\Rongcheer-04\RCProject\RCProject\bin\Debug\Config\PLC.xml”的一部分。/r/n   在 System.IO.__Error.WinIOError(Int32 errorCode, String maybeFullPath)
   在 System.IO.FileStream.Init(String path, FileMode mode, FileAccess access, Int32 rights, Boolean useRights, FileShare share, Int32 bufferSize, FileOptions options, SECURITY_ATTRIBUTES secAttrs, String msgPath, Boolean bFromProxy, Boolean useLongPath, Boolean checkHost)
   在 System.IO.FileStream..ctor(String path, FileMode mode, FileAccess access, FileShare share, Int32 bufferSize)
   在 System.Xml.XmlDownloadManager.GetStream(Uri uri, ICredentials credentials, IWebProxy proxy, RequestCachePolicy cachePolicy)
   在 System.Xml.XmlUrlResolver.GetEntity(Uri absoluteUri, String role, Type ofObjectToReturn)
   在 System.Xml.XmlTextReaderImpl.FinishInitUriString()
   在 System.Xml.XmlTextReaderImpl..ctor(String uriStr, XmlReaderSettings settings, XmlParserContext context, XmlResolver uriResolver)
   在 System.Xml.XmlReaderSettings.CreateReader(String inputUri, XmlParserContext inputContext)
   在 System.Xml.XmlReader.Create(String inputUri, XmlReaderSettings settings, XmlParserContext inputContext)
   在 System.Xml.Linq.XDocument.Load(String uri, LoadOptions options)
   在 System.Xml.Linq.XDocument.Load(String uri)
   在 RCProject.PLC.PlcManager.Init() 位置 D:\Rongcheer-04\RCProject\RCProject\PLC\PlcManager.cs:行号 26
07-07-11:21:04:610  : 读取PLC Config文件失败————未能找到路径“D:\Rongcheer-04\RCProject\RCProject\bin\Debug\Config\PLC.xml”的一部分。/r/n   在 System.IO.__Error.WinIOError(Int32 errorCode, String maybeFullPath)
   在 System.IO.FileStream.Init(String path, FileMode mode, FileAccess access, Int32 rights, Boolean useRights, FileShare share, Int32 bufferSize, FileOptions options, SECURITY_ATTRIBUTES secAttrs, String msgPath, Boolean bFromProxy, Boolean useLongPath, Boolean checkHost)
   在 System.IO.FileStream..ctor(String path, FileMode mode, FileAccess access, FileShare share, Int32 bufferSize)
   在 System.Xml.XmlDownloadManager.GetStream(Uri uri, ICredentials credentials, IWebProxy proxy, RequestCachePolicy cachePolicy)
   在 System.Xml.XmlUrlResolver.GetEntity(Uri absoluteUri, String role, Type ofObjectToReturn)
   在 System.Xml.XmlTextReaderImpl.FinishInitUriString()
   在 System.Xml.XmlTextReaderImpl..ctor(String uriStr, XmlReaderSettings settings, XmlParserContext context, XmlResolver uriResolver)
   在 System.Xml.XmlReaderSettings.CreateReader(String inputUri, XmlParserContext inputContext)
   在 System.Xml.XmlReader.Create(String inputUri, XmlReaderSettings settings, XmlParserContext inputContext)
   在 System.Xml.Linq.XDocument.Load(String uri, LoadOptions options)
   在 System.Xml.Linq.XDocument.Load(String uri)
   在 RCProject.PLC.PlcManager.Init() 位置 D:\Rongcheer-04\RCProject\RCProject\PLC\PlcManager.cs:行号 26
07-07-11:21:04:611  : 读取Laser XML文件失败————未能找到路径“D:\Rongcheer-04\RCProject\RCProject\bin\Debug\Config\Laser.xml”的一部分。/r/n   在 System.IO.__Error.WinIOError(Int32 errorCode, String maybeFullPath)
   在 System.IO.FileStream.Init(String path, FileMode mode, FileAccess access, Int32 rights, Boolean useRights, FileShare share, Int32 bufferSize, FileOptions options, SECURITY_ATTRIBUTES secAttrs, String msgPath, Boolean bFromProxy, Boolean useLongPath, Boolean checkHost)
   在 System.IO.FileStream..ctor(String path, FileMode mode, FileAccess access, FileShare share, Int32 bufferSize)
   在 System.Xml.XmlDownloadManager.GetStream(Uri uri, ICredentials credentials, IWebProxy proxy, RequestCachePolicy cachePolicy)
   在 System.Xml.XmlUrlResolver.GetEntity(Uri absoluteUri, String role, Type ofObjectToReturn)
   在 System.Xml.XmlTextReaderImpl.FinishInitUriString()
   在 System.Xml.XmlTextReaderImpl..ctor(String uriStr, XmlReaderSettings settings, XmlParserContext context, XmlResolver uriResolver)
   在 System.Xml.XmlReaderSettings.CreateReader(String inputUri, XmlParserContext inputContext)
   在 System.Xml.XmlReader.Create(String inputUri, XmlReaderSettings settings, XmlParserContext inputContext)
   在 System.Xml.Linq.XDocument.Load(String uri, LoadOptions options)
   在 System.Xml.Linq.XDocument.Load(String uri)
   在 RCProject.Laser.LaserManager.Init() 位置 D:\Rongcheer-04\RCProject\RCProject\Laser\LaserManager.cs:行号 21
07-07-11:22:32:639  : 读取Camera XML文件失败————未能找到路径“D:\Rongcheer-04\RCProject\RCProject\bin\Debug\Config\Camera.xml”的一部分。/r/n   在 System.IO.__Error.WinIOError(Int32 errorCode, String maybeFullPath)
   在 System.IO.FileStream.Init(String path, FileMode mode, FileAccess access, Int32 rights, Boolean useRights, FileShare share, Int32 bufferSize, FileOptions options, SECURITY_ATTRIBUTES secAttrs, String msgPath, Boolean bFromProxy, Boolean useLongPath, Boolean checkHost)
   在 System.IO.FileStream..ctor(String path, FileMode mode, FileAccess access, FileShare share, Int32 bufferSize)
   在 System.Xml.XmlDownloadManager.GetStream(Uri uri, ICredentials credentials, IWebProxy proxy, RequestCachePolicy cachePolicy)
   在 System.Xml.XmlUrlResolver.GetEntity(Uri absoluteUri, String role, Type ofObjectToReturn)
   在 System.Xml.XmlTextReaderImpl.FinishInitUriString()
   在 System.Xml.XmlTextReaderImpl..ctor(String uriStr, XmlReaderSettings settings, XmlParserContext context, XmlResolver uriResolver)
   在 System.Xml.XmlReaderSettings.CreateReader(String inputUri, XmlParserContext inputContext)
   在 System.Xml.XmlReader.Create(String inputUri, XmlReaderSettings settings, XmlParserContext inputContext)
   在 System.Xml.Linq.XDocument.Load(String uri, LoadOptions options)
   在 System.Xml.Linq.XDocument.Load(String uri)
   在 RCProject.Camera.CameraManager.Init() 位置 D:\Rongcheer-04\RCProject\RCProject\Camera\CameraManager.cs:行号 23
07-07-11:25:03:318  : 读取Laser XML文件失败————未能找到路径“D:\Rongcheer-04\RCProject\RCProject\bin\Debug\Config\Laser.xml”的一部分。/r/n   在 System.IO.__Error.WinIOError(Int32 errorCode, String maybeFullPath)
   在 System.IO.FileStream.Init(String path, FileMode mode, FileAccess access, Int32 rights, Boolean useRights, FileShare share, Int32 bufferSize, FileOptions options, SECURITY_ATTRIBUTES secAttrs, String msgPath, Boolean bFromProxy, Boolean useLongPath, Boolean checkHost)
   在 System.IO.FileStream..ctor(String path, FileMode mode, FileAccess access, FileShare share, Int32 bufferSize)
   在 System.Xml.XmlDownloadManager.GetStream(Uri uri, ICredentials credentials, IWebProxy proxy, RequestCachePolicy cachePolicy)
   在 System.Xml.XmlUrlResolver.GetEntity(Uri absoluteUri, String role, Type ofObjectToReturn)
   在 System.Xml.XmlTextReaderImpl.FinishInitUriString()
   在 System.Xml.XmlTextReaderImpl..ctor(String uriStr, XmlReaderSettings settings, XmlParserContext context, XmlResolver uriResolver)
   在 System.Xml.XmlReaderSettings.CreateReader(String inputUri, XmlParserContext inputContext)
   在 System.Xml.XmlReader.Create(String inputUri, XmlReaderSettings settings, XmlParserContext inputContext)
   在 System.Xml.Linq.XDocument.Load(String uri, LoadOptions options)
   在 System.Xml.Linq.XDocument.Load(String uri)
   在 RCProject.Laser.LaserManager.Init() 位置 D:\Rongcheer-04\RCProject\RCProject\Laser\LaserManager.cs:行号 21
07-07-11:25:03:319  : 读取PLC Config文件失败————未能找到路径“D:\Rongcheer-04\RCProject\RCProject\bin\Debug\Config\PLC.xml”的一部分。/r/n   在 System.IO.__Error.WinIOError(Int32 errorCode, String maybeFullPath)
   在 System.IO.FileStream.Init(String path, FileMode mode, FileAccess access, Int32 rights, Boolean useRights, FileShare share, Int32 bufferSize, FileOptions options, SECURITY_ATTRIBUTES secAttrs, String msgPath, Boolean bFromProxy, Boolean useLongPath, Boolean checkHost)
   在 System.IO.FileStream..ctor(String path, FileMode mode, FileAccess access, FileShare share, Int32 bufferSize)
   在 System.Xml.XmlDownloadManager.GetStream(Uri uri, ICredentials credentials, IWebProxy proxy, RequestCachePolicy cachePolicy)
   在 System.Xml.XmlUrlResolver.GetEntity(Uri absoluteUri, String role, Type ofObjectToReturn)
   在 System.Xml.XmlTextReaderImpl.FinishInitUriString()
   在 System.Xml.XmlTextReaderImpl..ctor(String uriStr, XmlReaderSettings settings, XmlParserContext context, XmlResolver uriResolver)
   在 System.Xml.XmlReaderSettings.CreateReader(String inputUri, XmlParserContext inputContext)
   在 System.Xml.XmlReader.Create(String inputUri, XmlReaderSettings settings, XmlParserContext inputContext)
   在 System.Xml.Linq.XDocument.Load(String uri, LoadOptions options)
   在 System.Xml.Linq.XDocument.Load(String uri)
   在 RCProject.PLC.PlcManager.Init() 位置 D:\Rongcheer-04\RCProject\RCProject\PLC\PlcManager.cs:行号 26
07-07-11:31:18:508  : 读取PLC Config文件失败————未能找到路径“D:\Rongcheer-04\RCProject\RCProject\bin\Debug\Config\PLC.xml”的一部分。/r/n   在 System.IO.__Error.WinIOError(Int32 errorCode, String maybeFullPath)
   在 System.IO.FileStream.Init(String path, FileMode mode, FileAccess access, Int32 rights, Boolean useRights, FileShare share, Int32 bufferSize, FileOptions options, SECURITY_ATTRIBUTES secAttrs, String msgPath, Boolean bFromProxy, Boolean useLongPath, Boolean checkHost)
   在 System.IO.FileStream..ctor(String path, FileMode mode, FileAccess access, FileShare share, Int32 bufferSize)
   在 System.Xml.XmlDownloadManager.GetStream(Uri uri, ICredentials credentials, IWebProxy proxy, RequestCachePolicy cachePolicy)
   在 System.Xml.XmlUrlResolver.GetEntity(Uri absoluteUri, String role, Type ofObjectToReturn)
   在 System.Xml.XmlTextReaderImpl.FinishInitUriString()
   在 System.Xml.XmlTextReaderImpl..ctor(String uriStr, XmlReaderSettings settings, XmlParserContext context, XmlResolver uriResolver)
   在 System.Xml.XmlReaderSettings.CreateReader(String inputUri, XmlParserContext inputContext)
   在 System.Xml.XmlReader.Create(String inputUri, XmlReaderSettings settings, XmlParserContext inputContext)
   在 System.Xml.Linq.XDocument.Load(String uri, LoadOptions options)
   在 System.Xml.Linq.XDocument.Load(String uri)
   在 RCProject.PLC.PlcManager.Init() 位置 D:\Rongcheer-04\RCProject\RCProject\PLC\PlcManager.cs:行号 26
07-07-11:39:12:190  : 读取PLC Config文件失败————未能找到路径“D:\Rongcheer-04\RCProject\RCProject\bin\Debug\Config\PLC.xml”的一部分。/r/n   在 System.IO.__Error.WinIOError(Int32 errorCode, String maybeFullPath)
   在 System.IO.FileStream.Init(String path, FileMode mode, FileAccess access, Int32 rights, Boolean useRights, FileShare share, Int32 bufferSize, FileOptions options, SECURITY_ATTRIBUTES secAttrs, String msgPath, Boolean bFromProxy, Boolean useLongPath, Boolean checkHost)
   在 System.IO.FileStream..ctor(String path, FileMode mode, FileAccess access, FileShare share, Int32 bufferSize)
   在 System.Xml.XmlDownloadManager.GetStream(Uri uri, ICredentials credentials, IWebProxy proxy, RequestCachePolicy cachePolicy)
   在 System.Xml.XmlUrlResolver.GetEntity(Uri absoluteUri, String role, Type ofObjectToReturn)
   在 System.Xml.XmlTextReaderImpl.FinishInitUriString()
   在 System.Xml.XmlTextReaderImpl..ctor(String uriStr, XmlReaderSettings settings, XmlParserContext context, XmlResolver uriResolver)
   在 System.Xml.XmlReaderSettings.CreateReader(String inputUri, XmlParserContext inputContext)
   在 System.Xml.XmlReader.Create(String inputUri, XmlReaderSettings settings, XmlParserContext inputContext)
   在 System.Xml.Linq.XDocument.Load(String uri, LoadOptions options)
   在 System.Xml.Linq.XDocument.Load(String uri)
   在 RCProject.PLC.PlcManager.Init() 位置 D:\Rongcheer-04\RCProject\RCProject\PLC\PlcManager.cs:行号 26
