07-30-13:57:36:637  : Socket连接失败由于连接方在一段时间后没有正确答复或连接的主机没有反应，连接尝试失败。
   在 Communication.HTCOMMSocketClient.Connect()
07-30-13:57:38:666  : Socket连接失败由于连接方在一段时间后没有正确答复或连接的主机没有反应，连接尝试失败。
   在 Communication.HTCOMMSocketClient.Connect()
07-30-14:09:38:479  : Socket连接失败由于连接方在一段时间后没有正确答复或连接的主机没有反应，连接尝试失败。
   在 Communication.HTCOMMSocketClient.Connect()
07-30-14:09:40:458  : Socket连接失败由于连接方在一段时间后没有正确答复或连接的主机没有反应，连接尝试失败。
   在 Communication.HTCOMMSocketClient.Connect()
07-30-14:14:53:691  : Socket连接失败由于连接方在一段时间后没有正确答复或连接的主机没有反应，连接尝试失败。
   在 Communication.HTCOMMSocketClient.Connect()
07-30-14:14:53:738  : 由于套接字没有连接并且(当使用一个 sendto 调用发送数据报套接字时)没有提供地址，发送或接收数据的请求没有被接受。
   在 Communication.HTCOMMSocketClient.Send(Byte[] data)
   在 Modbus.ModbusTcpMaster.Write(Byte slaveAddress, Byte functionCode, UInt16 startingAddress, UInt16 registerNumber, Byte[] data) 位置 C:\Users\Lenovo\Desktop\T08\RCProject\Modbus\ModbusTcpMaster.cs:行号 149
   在 Modbus.ModbusMaster.WriteSingleCoil(Byte slaveAddress, UInt16 startingAddress, Boolean data) 位置 C:\Users\Lenovo\Desktop\T08\RCProject\Modbus\ModbusMaster.cs:行号 89
   在 RCProject.Frm_Main.Frm_Main_FormClosing(Object sender, FormClosingEventArgs e) 位置 C:\Users\Lenovo\Desktop\T08\RCProject\RCProject\Frm_Main.cs:行号 99
07-30-14:37:31:467  : Socket连接失败由于连接方在一段时间后没有正确答复或连接的主机没有反应，连接尝试失败。
   在 Communication.HTCOMMSocketClient.Connect()
07-30-14:37:33:408  : Socket连接失败由于连接方在一段时间后没有正确答复或连接的主机没有反应，连接尝试失败。
   在 Communication.HTCOMMSocketClient.Connect()
07-30-14:37:33:757  : Socket连接失败由于连接方在一段时间后没有正确答复或连接的主机没有反应，连接尝试失败。
   在 Communication.HTCOMMSocketClient.Connect()
07-30-14:37:33:812  : 由于套接字没有连接并且(当使用一个 sendto 调用发送数据报套接字时)没有提供地址，发送或接收数据的请求没有被接受。
   在 Communication.HTCOMMSocketClient.Send(Byte[] data)
   在 Modbus.ModbusTcpMaster.Write(Byte slaveAddress, Byte functionCode, UInt16 startingAddress, UInt16 registerNumber, Byte[] data) 位置 C:\Users\Lenovo\Desktop\T08\RCProject\Modbus\ModbusTcpMaster.cs:行号 149
   在 Modbus.ModbusMaster.WriteSingleCoil(Byte slaveAddress, UInt16 startingAddress, Boolean data) 位置 C:\Users\Lenovo\Desktop\T08\RCProject\Modbus\ModbusMaster.cs:行号 89
   在 RCProject.Frm_Main.Frm_Main_FormClosing(Object sender, FormClosingEventArgs e) 位置 C:\Users\Lenovo\Desktop\T08\RCProject\RCProject\Frm_Main.cs:行号 99
07-30-14:38:39:237  : Socket连接失败由于连接方在一段时间后没有正确答复或连接的主机没有反应，连接尝试失败。
   在 Communication.HTCOMMSocketClient.Connect()
07-30-14:38:41:209  : Socket连接失败由于连接方在一段时间后没有正确答复或连接的主机没有反应，连接尝试失败。
   在 Communication.HTCOMMSocketClient.Connect()
07-30-14:40:27:950  : Socket连接失败由于连接方在一段时间后没有正确答复或连接的主机没有反应，连接尝试失败。
   在 Communication.HTCOMMSocketClient.Connect()
07-30-14:40:38:138  : Socket连接失败由于连接方在一段时间后没有正确答复或连接的主机没有反应，连接尝试失败。
   在 Communication.HTCOMMSocketClient.Connect()
07-30-14:40:45:662  : Socket连接失败由于连接方在一段时间后没有正确答复或连接的主机没有反应，连接尝试失败。
   在 Communication.HTCOMMSocketClient.Connect()
07-30-14:41:19:936  : Socket连接失败由于连接方在一段时间后没有正确答复或连接的主机没有反应，连接尝试失败。
   在 Communication.HTCOMMSocketClient.Connect()
07-30-14:42:24:231  : Socket连接失败由于连接方在一段时间后没有正确答复或连接的主机没有反应，连接尝试失败。
   在 Communication.HTCOMMSocketClient.Connect()
07-30-14:47:33:220  : Socket连接失败由于连接方在一段时间后没有正确答复或连接的主机没有反应，连接尝试失败。
   在 Communication.HTCOMMSocketClient.Connect()
07-30-14:47:35:167  : Socket连接失败由于连接方在一段时间后没有正确答复或连接的主机没有反应，连接尝试失败。
   在 Communication.HTCOMMSocketClient.Connect()
07-30-14:48:08:782  : Socket连接失败由于连接方在一段时间后没有正确答复或连接的主机没有反应，连接尝试失败。
   在 Communication.HTCOMMSocketClient.Connect()
07-30-14:48:08:827  : 由于套接字没有连接并且(当使用一个 sendto 调用发送数据报套接字时)没有提供地址，发送或接收数据的请求没有被接受。
   在 Communication.HTCOMMSocketClient.Send(Byte[] data)
   在 Modbus.ModbusTcpMaster.Write(Byte slaveAddress, Byte functionCode, UInt16 startingAddress, UInt16 registerNumber, Byte[] data) 位置 C:\Users\Lenovo\Desktop\T08\RCProject\Modbus\ModbusTcpMaster.cs:行号 149
   在 Modbus.ModbusMaster.WriteSingleCoil(Byte slaveAddress, UInt16 startingAddress, Boolean data) 位置 C:\Users\Lenovo\Desktop\T08\RCProject\Modbus\ModbusMaster.cs:行号 89
   在 RCProject.Frm_Main.Frm_Main_FormClosing(Object sender, FormClosingEventArgs e) 位置 C:\Users\Lenovo\Desktop\T08\RCProject\RCProject\Frm_Main.cs:行号 99
07-30-15:01:58:336  : Socket连接失败由于连接方在一段时间后没有正确答复或连接的主机没有反应，连接尝试失败。
   在 Communication.HTCOMMSocketClient.Connect()
07-30-15:02:00:334  : Socket连接失败由于连接方在一段时间后没有正确答复或连接的主机没有反应，连接尝试失败。
   在 Communication.HTCOMMSocketClient.Connect()
07-30-15:02:56:597  : Socket连接失败由于连接方在一段时间后没有正确答复或连接的主机没有反应，连接尝试失败。
   在 Communication.HTCOMMSocketClient.Connect()
07-30-15:02:56:637  : 由于套接字没有连接并且(当使用一个 sendto 调用发送数据报套接字时)没有提供地址，发送或接收数据的请求没有被接受。
   在 Communication.HTCOMMSocketClient.Send(Byte[] data)
   在 Modbus.ModbusTcpMaster.Write(Byte slaveAddress, Byte functionCode, UInt16 startingAddress, UInt16 registerNumber, Byte[] data) 位置 C:\Users\Lenovo\Desktop\T08\RCProject\Modbus\ModbusTcpMaster.cs:行号 149
   在 Modbus.ModbusMaster.WriteSingleCoil(Byte slaveAddress, UInt16 startingAddress, Boolean data) 位置 C:\Users\Lenovo\Desktop\T08\RCProject\Modbus\ModbusMaster.cs:行号 89
   在 RCProject.Frm_Main.Frm_Main_FormClosing(Object sender, FormClosingEventArgs e) 位置 C:\Users\Lenovo\Desktop\T08\RCProject\RCProject\Frm_Main.cs:行号 99
07-30-15:03:26:043  : Socket连接失败由于连接方在一段时间后没有正确答复或连接的主机没有反应，连接尝试失败。
   在 Communication.HTCOMMSocketClient.Connect()
07-30-15:03:28:042  : Socket连接失败由于连接方在一段时间后没有正确答复或连接的主机没有反应，连接尝试失败。
   在 Communication.HTCOMMSocketClient.Connect()
07-30-15:04:57:317  : Socket连接失败由于连接方在一段时间后没有正确答复或连接的主机没有反应，连接尝试失败。
   在 Communication.HTCOMMSocketClient.Connect()
07-30-15:04:59:318  : Socket连接失败由于连接方在一段时间后没有正确答复或连接的主机没有反应，连接尝试失败。
   在 Communication.HTCOMMSocketClient.Connect()
07-30-15:08:06:673  : Socket连接失败由于连接方在一段时间后没有正确答复或连接的主机没有反应，连接尝试失败。
   在 Communication.HTCOMMSocketClient.Connect()
07-30-15:08:08:681  : Socket连接失败由于连接方在一段时间后没有正确答复或连接的主机没有反应，连接尝试失败。
   在 Communication.HTCOMMSocketClient.Connect()
07-30-15:09:22:138  : Socket连接失败由于连接方在一段时间后没有正确答复或连接的主机没有反应，连接尝试失败。
   在 Communication.HTCOMMSocketClient.Connect()
07-30-15:09:24:082  : Socket连接失败由于连接方在一段时间后没有正确答复或连接的主机没有反应，连接尝试失败。
   在 Communication.HTCOMMSocketClient.Connect()
07-30-15:11:26:415  : Socket连接失败由于连接方在一段时间后没有正确答复或连接的主机没有反应，连接尝试失败。
   在 Communication.HTCOMMSocketClient.Connect()
07-30-15:11:28:415  : Socket连接失败由于连接方在一段时间后没有正确答复或连接的主机没有反应，连接尝试失败。
   在 Communication.HTCOMMSocketClient.Connect()
07-30-15:11:31:664  : Socket连接失败由于连接方在一段时间后没有正确答复或连接的主机没有反应，连接尝试失败。
   在 Communication.HTCOMMSocketClient.Connect()
07-30-15:11:31:719  : 由于套接字没有连接并且(当使用一个 sendto 调用发送数据报套接字时)没有提供地址，发送或接收数据的请求没有被接受。
   在 Communication.HTCOMMSocketClient.Send(Byte[] data)
   在 Modbus.ModbusTcpMaster.Write(Byte slaveAddress, Byte functionCode, UInt16 startingAddress, UInt16 registerNumber, Byte[] data) 位置 C:\Users\Lenovo\Desktop\T08\RCProject\Modbus\ModbusTcpMaster.cs:行号 149
   在 Modbus.ModbusMaster.WriteSingleCoil(Byte slaveAddress, UInt16 startingAddress, Boolean data) 位置 C:\Users\Lenovo\Desktop\T08\RCProject\Modbus\ModbusMaster.cs:行号 89
   在 RCProject.Frm_Main.Frm_Main_FormClosing(Object sender, FormClosingEventArgs e) 位置 C:\Users\Lenovo\Desktop\T08\RCProject\RCProject\Frm_Main.cs:行号 99
07-30-15:14:02:039  : Socket连接失败由于连接方在一段时间后没有正确答复或连接的主机没有反应，连接尝试失败。
   在 Communication.HTCOMMSocketClient.Connect()
07-30-15:14:04:012  : Socket连接失败由于连接方在一段时间后没有正确答复或连接的主机没有反应，连接尝试失败。
   在 Communication.HTCOMMSocketClient.Connect()
07-30-15:16:45:330  : Socket连接失败由于连接方在一段时间后没有正确答复或连接的主机没有反应，连接尝试失败。
   在 Communication.HTCOMMSocketClient.Connect()
07-30-15:16:47:338  : Socket连接失败由于连接方在一段时间后没有正确答复或连接的主机没有反应，连接尝试失败。
   在 Communication.HTCOMMSocketClient.Connect()
07-30-15:23:07:379  : Socket连接失败由于连接方在一段时间后没有正确答复或连接的主机没有反应，连接尝试失败。
   在 Communication.HTCOMMSocketClient.Connect()
07-30-15:23:09:379  : Socket连接失败由于连接方在一段时间后没有正确答复或连接的主机没有反应，连接尝试失败。
   在 Communication.HTCOMMSocketClient.Connect()
07-30-15:23:13:704  : Socket连接失败由于连接方在一段时间后没有正确答复或连接的主机没有反应，连接尝试失败。
   在 Communication.HTCOMMSocketClient.Connect()
07-30-15:23:13:752  : 由于套接字没有连接并且(当使用一个 sendto 调用发送数据报套接字时)没有提供地址，发送或接收数据的请求没有被接受。
   在 Communication.HTCOMMSocketClient.Send(Byte[] data)
   在 Modbus.ModbusTcpMaster.Write(Byte slaveAddress, Byte functionCode, UInt16 startingAddress, UInt16 registerNumber, Byte[] data) 位置 C:\Users\Lenovo\Desktop\T08\RCProject\Modbus\ModbusTcpMaster.cs:行号 149
   在 Modbus.ModbusMaster.WriteSingleCoil(Byte slaveAddress, UInt16 startingAddress, Boolean data) 位置 C:\Users\Lenovo\Desktop\T08\RCProject\Modbus\ModbusMaster.cs:行号 89
   在 RCProject.Frm_Main.Frm_Main_FormClosing(Object sender, FormClosingEventArgs e) 位置 C:\Users\Lenovo\Desktop\T08\RCProject\RCProject\Frm_Main.cs:行号 99
07-30-15:23:21:626  : Socket连接失败由于连接方在一段时间后没有正确答复或连接的主机没有反应，连接尝试失败。
   在 Communication.HTCOMMSocketClient.Connect()
07-30-15:23:23:378  : Socket连接失败由于连接方在一段时间后没有正确答复或连接的主机没有反应，连接尝试失败。
   在 Communication.HTCOMMSocketClient.Connect()
07-30-15:23:23:427  : 由于套接字没有连接并且(当使用一个 sendto 调用发送数据报套接字时)没有提供地址，发送或接收数据的请求没有被接受。
   在 Communication.HTCOMMSocketClient.Send(Byte[] data)
   在 Modbus.ModbusTcpMaster.Write(Byte slaveAddress, Byte functionCode, UInt16 startingAddress, UInt16 registerNumber, Byte[] data) 位置 C:\Users\Lenovo\Desktop\T08\RCProject\Modbus\ModbusTcpMaster.cs:行号 149
   在 Modbus.ModbusMaster.WriteSingleCoil(Byte slaveAddress, UInt16 startingAddress, Boolean data) 位置 C:\Users\Lenovo\Desktop\T08\RCProject\Modbus\ModbusMaster.cs:行号 89
   在 RCProject.Frm_Main.Frm_Main_FormClosing(Object sender, FormClosingEventArgs e) 位置 C:\Users\Lenovo\Desktop\T08\RCProject\RCProject\Frm_Main.cs:行号 99
07-30-15:24:01:587  : Socket连接失败由于连接方在一段时间后没有正确答复或连接的主机没有反应，连接尝试失败。
   在 Communication.HTCOMMSocketClient.Connect()
07-30-15:24:03:535  : Socket连接失败由于连接方在一段时间后没有正确答复或连接的主机没有反应，连接尝试失败。
   在 Communication.HTCOMMSocketClient.Connect()
07-30-15:24:03:583  : 由于套接字没有连接并且(当使用一个 sendto 调用发送数据报套接字时)没有提供地址，发送或接收数据的请求没有被接受。
   在 Communication.HTCOMMSocketClient.Send(Byte[] data)
   在 Modbus.ModbusTcpMaster.Write(Byte slaveAddress, Byte functionCode, UInt16 startingAddress, UInt16 registerNumber, Byte[] data) 位置 C:\Users\Lenovo\Desktop\T08\RCProject\Modbus\ModbusTcpMaster.cs:行号 149
   在 Modbus.ModbusMaster.WriteSingleCoil(Byte slaveAddress, UInt16 startingAddress, Boolean data) 位置 C:\Users\Lenovo\Desktop\T08\RCProject\Modbus\ModbusMaster.cs:行号 89
   在 RCProject.Frm_Main.Frm_Main_FormClosing(Object sender, FormClosingEventArgs e) 位置 C:\Users\Lenovo\Desktop\T08\RCProject\RCProject\Frm_Main.cs:行号 99
07-30-15:24:03:590  : Socket连接失败由于连接方在一段时间后没有正确答复或连接的主机没有反应，连接尝试失败。
   在 Communication.HTCOMMSocketClient.Connect()
07-30-15:26:52:435  : Socket连接失败由于连接方在一段时间后没有正确答复或连接的主机没有反应，连接尝试失败。
   在 Communication.HTCOMMSocketClient.Connect()
07-30-15:26:55:712  : Socket连接失败由于连接方在一段时间后没有正确答复或连接的主机没有反应，连接尝试失败。
   在 Communication.HTCOMMSocketClient.Connect()
07-30-15:27:09:855  : Socket连接失败由于连接方在一段时间后没有正确答复或连接的主机没有反应，连接尝试失败。
   在 Communication.HTCOMMSocketClient.Connect()
07-30-15:27:34:228  : Socket连接失败由于连接方在一段时间后没有正确答复或连接的主机没有反应，连接尝试失败。
   在 Communication.HTCOMMSocketClient.Connect()
07-30-15:30:25:000  : Socket连接失败由于连接方在一段时间后没有正确答复或连接的主机没有反应，连接尝试失败。
   在 Communication.HTCOMMSocketClient.Connect()
07-30-15:30:30:472  : Socket连接失败由于连接方在一段时间后没有正确答复或连接的主机没有反应，连接尝试失败。
   在 Communication.HTCOMMSocketClient.Connect()
07-30-15:31:29:841  : Socket连接失败由于连接方在一段时间后没有正确答复或连接的主机没有反应，连接尝试失败。
   在 Communication.HTCOMMSocketClient.Connect()
07-30-15:31:33:881  : Socket连接失败由于连接方在一段时间后没有正确答复或连接的主机没有反应，连接尝试失败。
   在 Communication.HTCOMMSocketClient.Connect()
07-30-16:11:17:546  : Socket连接失败由于连接方在一段时间后没有正确答复或连接的主机没有反应，连接尝试失败。
   在 Communication.HTCOMMSocketClient.Connect()
07-30-16:11:45:135  : Socket连接失败由于连接方在一段时间后没有正确答复或连接的主机没有反应，连接尝试失败。
   在 Communication.HTCOMMSocketClient.Connect()
07-30-16:14:45:890  : Socket连接失败由于连接方在一段时间后没有正确答复或连接的主机没有反应，连接尝试失败。
   在 Communication.HTCOMMSocketClient.Connect()
07-30-16:14:47:734  : Socket连接失败由于连接方在一段时间后没有正确答复或连接的主机没有反应，连接尝试失败。
   在 Communication.HTCOMMSocketClient.Connect()
07-30-16:22:57:612  : Socket连接失败由于连接方在一段时间后没有正确答复或连接的主机没有反应，连接尝试失败。
   在 Communication.HTCOMMSocketClient.Connect()
07-30-16:22:59:619  : Socket连接失败由于连接方在一段时间后没有正确答复或连接的主机没有反应，连接尝试失败。
   在 Communication.HTCOMMSocketClient.Connect()
07-30-16:31:17:905  : Socket连接失败由于连接方在一段时间后没有正确答复或连接的主机没有反应，连接尝试失败。
   在 Communication.HTCOMMSocketClient.Connect()
07-30-16:31:19:870  : Socket连接失败由于连接方在一段时间后没有正确答复或连接的主机没有反应，连接尝试失败。
   在 Communication.HTCOMMSocketClient.Connect()
07-30-16:31:21:558  : Socket连接失败由于连接方在一段时间后没有正确答复或连接的主机没有反应，连接尝试失败。
   在 Communication.HTCOMMSocketClient.Connect()
07-30-16:31:21:610  : 由于套接字没有连接并且(当使用一个 sendto 调用发送数据报套接字时)没有提供地址，发送或接收数据的请求没有被接受。
   在 Communication.HTCOMMSocketClient.Send(Byte[] data)
   在 Modbus.ModbusTcpMaster.Write(Byte slaveAddress, Byte functionCode, UInt16 startingAddress, UInt16 registerNumber, Byte[] data) 位置 C:\Users\Lenovo\Desktop\T08\RCProject\Modbus\ModbusTcpMaster.cs:行号 149
   在 Modbus.ModbusMaster.WriteSingleCoil(Byte slaveAddress, UInt16 startingAddress, Boolean data) 位置 C:\Users\Lenovo\Desktop\T08\RCProject\Modbus\ModbusMaster.cs:行号 89
   在 RCProject.Frm_Main.Frm_Main_FormClosing(Object sender, FormClosingEventArgs e) 位置 C:\Users\Lenovo\Desktop\T08\RCProject\RCProject\Frm_Main.cs:行号 99
07-30-16:31:43:994  : Socket连接失败由于连接方在一段时间后没有正确答复或连接的主机没有反应，连接尝试失败。
   在 Communication.HTCOMMSocketClient.Connect()
07-30-16:31:45:990  : Socket连接失败由于连接方在一段时间后没有正确答复或连接的主机没有反应，连接尝试失败。
   在 Communication.HTCOMMSocketClient.Connect()
07-30-16:31:47:483  : Socket连接失败由于连接方在一段时间后没有正确答复或连接的主机没有反应，连接尝试失败。
   在 Communication.HTCOMMSocketClient.Connect()
07-30-16:31:47:544  : 由于套接字没有连接并且(当使用一个 sendto 调用发送数据报套接字时)没有提供地址，发送或接收数据的请求没有被接受。
   在 Communication.HTCOMMSocketClient.Send(Byte[] data)
   在 Modbus.ModbusTcpMaster.Write(Byte slaveAddress, Byte functionCode, UInt16 startingAddress, UInt16 registerNumber, Byte[] data) 位置 C:\Users\Lenovo\Desktop\T08\RCProject\Modbus\ModbusTcpMaster.cs:行号 149
   在 Modbus.ModbusMaster.WriteSingleCoil(Byte slaveAddress, UInt16 startingAddress, Boolean data) 位置 C:\Users\Lenovo\Desktop\T08\RCProject\Modbus\ModbusMaster.cs:行号 89
   在 RCProject.Frm_Main.Frm_Main_FormClosing(Object sender, FormClosingEventArgs e) 位置 C:\Users\Lenovo\Desktop\T08\RCProject\RCProject\Frm_Main.cs:行号 99
07-30-16:32:17:590  : Socket连接失败由于连接方在一段时间后没有正确答复或连接的主机没有反应，连接尝试失败。
   在 Communication.HTCOMMSocketClient.Connect()
07-30-16:32:19:583  : Socket连接失败由于连接方在一段时间后没有正确答复或连接的主机没有反应，连接尝试失败。
   在 Communication.HTCOMMSocketClient.Connect()
07-30-16:32:37:474  : Socket连接失败由于连接方在一段时间后没有正确答复或连接的主机没有反应，连接尝试失败。
   在 Communication.HTCOMMSocketClient.Connect()
07-30-16:32:37:525  : 由于套接字没有连接并且(当使用一个 sendto 调用发送数据报套接字时)没有提供地址，发送或接收数据的请求没有被接受。
   在 Communication.HTCOMMSocketClient.Send(Byte[] data)
   在 Modbus.ModbusTcpMaster.Write(Byte slaveAddress, Byte functionCode, UInt16 startingAddress, UInt16 registerNumber, Byte[] data) 位置 C:\Users\Lenovo\Desktop\T08\RCProject\Modbus\ModbusTcpMaster.cs:行号 149
   在 Modbus.ModbusMaster.WriteSingleCoil(Byte slaveAddress, UInt16 startingAddress, Boolean data) 位置 C:\Users\Lenovo\Desktop\T08\RCProject\Modbus\ModbusMaster.cs:行号 89
   在 RCProject.Frm_Main.Frm_Main_FormClosing(Object sender, FormClosingEventArgs e) 位置 C:\Users\Lenovo\Desktop\T08\RCProject\RCProject\Frm_Main.cs:行号 99
