07-05-16:04:44:541  : 读取PLC Config文件失败————未能找到路径“D:\Rongcheer-04\RCProject\RCProject\bin\Debug\Config\PLC.xml”的一部分。/r/n   在 System.IO.__Error.WinIOError(Int32 errorCode, String maybeFullPath)
   在 System.IO.FileStream.Init(String path, FileMode mode, FileAccess access, Int32 rights, Boolean useRights, FileShare share, Int32 bufferSize, FileOptions options, SECURITY_ATTRIBUTES secAttrs, String msgPath, Boolean bFromProxy, Boolean useLongPath, Boolean checkHost)
   在 System.IO.FileStream..ctor(String path, FileMode mode, FileAccess access, FileShare share, Int32 bufferSize)
   在 System.Xml.XmlDownloadManager.GetStream(Uri uri, ICredentials credentials, IWebProxy proxy, RequestCachePolicy cachePolicy)
   在 System.Xml.XmlUrlResolver.GetEntity(Uri absoluteUri, String role, Type ofObjectToReturn)
   在 System.Xml.XmlTextReaderImpl.FinishInitUriString()
   在 System.Xml.XmlTextReaderImpl..ctor(String uriStr, XmlReaderSettings settings, XmlParserContext context, XmlResolver uriResolver)
   在 System.Xml.XmlReaderSettings.CreateReader(String inputUri, XmlParserContext inputContext)
   在 System.Xml.XmlReader.Create(String inputUri, XmlReaderSettings settings, XmlParserContext inputContext)
   在 System.Xml.Linq.XDocument.Load(String uri, LoadOptions options)
   在 System.Xml.Linq.XDocument.Load(String uri)
   在 RCProject.PLC.PlcManager.Init() 位置 D:\Rongcheer-04\RCProject\RCProject\PLC\PlcManager.cs:行号 26
07-05-17:08:40:216  : 读取PLC Config文件失败————未能找到路径“D:\Rongcheer-04\RCProject\RCProject\bin\Debug\Config\PLC.xml”的一部分。/r/n   在 System.IO.__Error.WinIOError(Int32 errorCode, String maybeFullPath)
   在 System.IO.FileStream.Init(String path, FileMode mode, FileAccess access, Int32 rights, Boolean useRights, FileShare share, Int32 bufferSize, FileOptions options, SECURITY_ATTRIBUTES secAttrs, String msgPath, Boolean bFromProxy, Boolean useLongPath, Boolean checkHost)
   在 System.IO.FileStream..ctor(String path, FileMode mode, FileAccess access, FileShare share, Int32 bufferSize)
   在 System.Xml.XmlDownloadManager.GetStream(Uri uri, ICredentials credentials, IWebProxy proxy, RequestCachePolicy cachePolicy)
   在 System.Xml.XmlUrlResolver.GetEntity(Uri absoluteUri, String role, Type ofObjectToReturn)
   在 System.Xml.XmlTextReaderImpl.FinishInitUriString()
   在 System.Xml.XmlTextReaderImpl..ctor(String uriStr, XmlReaderSettings settings, XmlParserContext context, XmlResolver uriResolver)
   在 System.Xml.XmlReaderSettings.CreateReader(String inputUri, XmlParserContext inputContext)
   在 System.Xml.XmlReader.Create(String inputUri, XmlReaderSettings settings, XmlParserContext inputContext)
   在 System.Xml.Linq.XDocument.Load(String uri, LoadOptions options)
   在 System.Xml.Linq.XDocument.Load(String uri)
   在 RCProject.PLC.PlcManager.Init() 位置 D:\Rongcheer-04\RCProject\RCProject\PLC\PlcManager.cs:行号 26
07-05-17:10:48:705  : 读取PLC Config文件失败————未能找到路径“D:\Rongcheer-04\RCProject\RCProject\bin\Debug\Config\PLC.xml”的一部分。/r/n   在 System.IO.__Error.WinIOError(Int32 errorCode, String maybeFullPath)
   在 System.IO.FileStream.Init(String path, FileMode mode, FileAccess access, Int32 rights, Boolean useRights, FileShare share, Int32 bufferSize, FileOptions options, SECURITY_ATTRIBUTES secAttrs, String msgPath, Boolean bFromProxy, Boolean useLongPath, Boolean checkHost)
   在 System.IO.FileStream..ctor(String path, FileMode mode, FileAccess access, FileShare share, Int32 bufferSize)
   在 System.Xml.XmlDownloadManager.GetStream(Uri uri, ICredentials credentials, IWebProxy proxy, RequestCachePolicy cachePolicy)
   在 System.Xml.XmlUrlResolver.GetEntity(Uri absoluteUri, String role, Type ofObjectToReturn)
   在 System.Xml.XmlTextReaderImpl.FinishInitUriString()
   在 System.Xml.XmlTextReaderImpl..ctor(String uriStr, XmlReaderSettings settings, XmlParserContext context, XmlResolver uriResolver)
   在 System.Xml.XmlReaderSettings.CreateReader(String inputUri, XmlParserContext inputContext)
   在 System.Xml.XmlReader.Create(String inputUri, XmlReaderSettings settings, XmlParserContext inputContext)
   在 System.Xml.Linq.XDocument.Load(String uri, LoadOptions options)
   在 System.Xml.Linq.XDocument.Load(String uri)
   在 RCProject.PLC.PlcManager.Init() 位置 D:\Rongcheer-04\RCProject\RCProject\PLC\PlcManager.cs:行号 26
07-05-17:10:48:706  : 读取Camera XML文件失败————未能找到路径“D:\Rongcheer-04\RCProject\RCProject\bin\Debug\Config\Camera.xml”的一部分。/r/n   在 System.IO.__Error.WinIOError(Int32 errorCode, String maybeFullPath)
   在 System.IO.FileStream.Init(String path, FileMode mode, FileAccess access, Int32 rights, Boolean useRights, FileShare share, Int32 bufferSize, FileOptions options, SECURITY_ATTRIBUTES secAttrs, String msgPath, Boolean bFromProxy, Boolean useLongPath, Boolean checkHost)
   在 System.IO.FileStream..ctor(String path, FileMode mode, FileAccess access, FileShare share, Int32 bufferSize)
   在 System.Xml.XmlDownloadManager.GetStream(Uri uri, ICredentials credentials, IWebProxy proxy, RequestCachePolicy cachePolicy)
   在 System.Xml.XmlUrlResolver.GetEntity(Uri absoluteUri, String role, Type ofObjectToReturn)
   在 System.Xml.XmlTextReaderImpl.FinishInitUriString()
   在 System.Xml.XmlTextReaderImpl..ctor(String uriStr, XmlReaderSettings settings, XmlParserContext context, XmlResolver uriResolver)
   在 System.Xml.XmlReaderSettings.CreateReader(String inputUri, XmlParserContext inputContext)
   在 System.Xml.XmlReader.Create(String inputUri, XmlReaderSettings settings, XmlParserContext inputContext)
   在 System.Xml.Linq.XDocument.Load(String uri, LoadOptions options)
   在 System.Xml.Linq.XDocument.Load(String uri)
   在 RCProject.Camera.CameraManager.Init() 位置 D:\Rongcheer-04\RCProject\RCProject\Camera\CameraManager.cs:行号 23
07-05-17:13:40:274  : 读取Camera XML文件失败————未能找到路径“D:\Rongcheer-04\RCProject\RCProject\bin\Debug\Config\Camera.xml”的一部分。/r/n   在 System.IO.__Error.WinIOError(Int32 errorCode, String maybeFullPath)
   在 System.IO.FileStream.Init(String path, FileMode mode, FileAccess access, Int32 rights, Boolean useRights, FileShare share, Int32 bufferSize, FileOptions options, SECURITY_ATTRIBUTES secAttrs, String msgPath, Boolean bFromProxy, Boolean useLongPath, Boolean checkHost)
   在 System.IO.FileStream..ctor(String path, FileMode mode, FileAccess access, FileShare share, Int32 bufferSize)
   在 System.Xml.XmlDownloadManager.GetStream(Uri uri, ICredentials credentials, IWebProxy proxy, RequestCachePolicy cachePolicy)
   在 System.Xml.XmlUrlResolver.GetEntity(Uri absoluteUri, String role, Type ofObjectToReturn)
   在 System.Xml.XmlTextReaderImpl.FinishInitUriString()
   在 System.Xml.XmlTextReaderImpl..ctor(String uriStr, XmlReaderSettings settings, XmlParserContext context, XmlResolver uriResolver)
   在 System.Xml.XmlReaderSettings.CreateReader(String inputUri, XmlParserContext inputContext)
   在 System.Xml.XmlReader.Create(String inputUri, XmlReaderSettings settings, XmlParserContext inputContext)
   在 System.Xml.Linq.XDocument.Load(String uri, LoadOptions options)
   在 System.Xml.Linq.XDocument.Load(String uri)
   在 RCProject.Camera.CameraManager.Init() 位置 D:\Rongcheer-04\RCProject\RCProject\Camera\CameraManager.cs:行号 23
07-05-17:13:40:285  : 读取PLC Config文件失败————未能找到路径“D:\Rongcheer-04\RCProject\RCProject\bin\Debug\Config\PLC.xml”的一部分。/r/n   在 System.IO.__Error.WinIOError(Int32 errorCode, String maybeFullPath)
   在 System.IO.FileStream.Init(String path, FileMode mode, FileAccess access, Int32 rights, Boolean useRights, FileShare share, Int32 bufferSize, FileOptions options, SECURITY_ATTRIBUTES secAttrs, String msgPath, Boolean bFromProxy, Boolean useLongPath, Boolean checkHost)
   在 System.IO.FileStream..ctor(String path, FileMode mode, FileAccess access, FileShare share, Int32 bufferSize)
   在 System.Xml.XmlDownloadManager.GetStream(Uri uri, ICredentials credentials, IWebProxy proxy, RequestCachePolicy cachePolicy)
   在 System.Xml.XmlUrlResolver.GetEntity(Uri absoluteUri, String role, Type ofObjectToReturn)
   在 System.Xml.XmlTextReaderImpl.FinishInitUriString()
   在 System.Xml.XmlTextReaderImpl..ctor(String uriStr, XmlReaderSettings settings, XmlParserContext context, XmlResolver uriResolver)
   在 System.Xml.XmlReaderSettings.CreateReader(String inputUri, XmlParserContext inputContext)
   在 System.Xml.XmlReader.Create(String inputUri, XmlReaderSettings settings, XmlParserContext inputContext)
   在 System.Xml.Linq.XDocument.Load(String uri, LoadOptions options)
   在 System.Xml.Linq.XDocument.Load(String uri)
   在 RCProject.PLC.PlcManager.Init() 位置 D:\Rongcheer-04\RCProject\RCProject\PLC\PlcManager.cs:行号 26
07-05-17:13:51:375  : 读取Camera XML文件失败————未能找到路径“D:\Rongcheer-04\RCProject\RCProject\bin\Debug\Config\Camera.xml”的一部分。/r/n   在 System.IO.__Error.WinIOError(Int32 errorCode, String maybeFullPath)
   在 System.IO.FileStream.Init(String path, FileMode mode, FileAccess access, Int32 rights, Boolean useRights, FileShare share, Int32 bufferSize, FileOptions options, SECURITY_ATTRIBUTES secAttrs, String msgPath, Boolean bFromProxy, Boolean useLongPath, Boolean checkHost)
   在 System.IO.FileStream..ctor(String path, FileMode mode, FileAccess access, FileShare share, Int32 bufferSize)
   在 System.Xml.XmlDownloadManager.GetStream(Uri uri, ICredentials credentials, IWebProxy proxy, RequestCachePolicy cachePolicy)
   在 System.Xml.XmlUrlResolver.GetEntity(Uri absoluteUri, String role, Type ofObjectToReturn)
   在 System.Xml.XmlTextReaderImpl.FinishInitUriString()
   在 System.Xml.XmlTextReaderImpl..ctor(String uriStr, XmlReaderSettings settings, XmlParserContext context, XmlResolver uriResolver)
   在 System.Xml.XmlReaderSettings.CreateReader(String inputUri, XmlParserContext inputContext)
   在 System.Xml.XmlReader.Create(String inputUri, XmlReaderSettings settings, XmlParserContext inputContext)
   在 System.Xml.Linq.XDocument.Load(String uri, LoadOptions options)
   在 System.Xml.Linq.XDocument.Load(String uri)
   在 RCProject.Camera.CameraManager.Init() 位置 D:\Rongcheer-04\RCProject\RCProject\Camera\CameraManager.cs:行号 23
