09-30-09:10:48:027  : Socket连接失败由于连接方在一段时间后没有正确答复或连接的主机没有反应，连接尝试失败。
   在 Communication.HTCOMMSocketClient.Connect()
09-30-09:10:50:057  : Socket连接失败由于连接方在一段时间后没有正确答复或连接的主机没有反应，连接尝试失败。
   在 Communication.HTCOMMSocketClient.Connect()
09-30-09:25:29:104  : Socket连接失败由于连接方在一段时间后没有正确答复或连接的主机没有反应，连接尝试失败。
   在 Communication.HTCOMMSocketClient.Connect()
09-30-09:25:31:109  : Socket连接失败由于连接方在一段时间后没有正确答复或连接的主机没有反应，连接尝试失败。
   在 Communication.HTCOMMSocketClient.Connect()
09-30-09:26:21:528  : Socket连接失败由于连接方在一段时间后没有正确答复或连接的主机没有反应，连接尝试失败。
   在 Communication.HTCOMMSocketClient.Connect()
09-30-09:26:23:546  : Socket连接失败由于连接方在一段时间后没有正确答复或连接的主机没有反应，连接尝试失败。
   在 Communication.HTCOMMSocketClient.Connect()
09-30-09:32:45:434  : Socket连接失败由于连接方在一段时间后没有正确答复或连接的主机没有反应，连接尝试失败。
   在 Communication.HTCOMMSocketClient.Connect()
09-30-09:32:47:429  : Socket连接失败由于连接方在一段时间后没有正确答复或连接的主机没有反应，连接尝试失败。
   在 Communication.HTCOMMSocketClient.Connect()
09-30-09:32:58:394  : Socket连接失败由于连接方在一段时间后没有正确答复或连接的主机没有反应，连接尝试失败。
   在 Communication.HTCOMMSocketClient.Connect()
09-30-09:33:02:110  : Socket连接失败由于连接方在一段时间后没有正确答复或连接的主机没有反应，连接尝试失败。
   在 Communication.HTCOMMSocketClient.Connect()
09-30-09:33:57:953  : Socket连接失败由于连接方在一段时间后没有正确答复或连接的主机没有反应，连接尝试失败。
   在 Communication.HTCOMMSocketClient.Connect()
09-30-09:34:01:514  : Socket连接失败由于连接方在一段时间后没有正确答复或连接的主机没有反应，连接尝试失败。
   在 Communication.HTCOMMSocketClient.Connect()
09-30-09:34:51:094  : Socket连接失败由于连接方在一段时间后没有正确答复或连接的主机没有反应，连接尝试失败。
   在 Communication.HTCOMMSocketClient.Connect()
09-30-09:34:53:102  : Socket连接失败由于连接方在一段时间后没有正确答复或连接的主机没有反应，连接尝试失败。
   在 Communication.HTCOMMSocketClient.Connect()
09-30-09:37:25:133  : Socket连接失败由于连接方在一段时间后没有正确答复或连接的主机没有反应，连接尝试失败。
   在 Communication.HTCOMMSocketClient.Connect()
09-30-09:37:27:142  : Socket连接失败由于连接方在一段时间后没有正确答复或连接的主机没有反应，连接尝试失败。
   在 Communication.HTCOMMSocketClient.Connect()
09-30-09:54:39:017  : Socket连接失败由于连接方在一段时间后没有正确答复或连接的主机没有反应，连接尝试失败。
   在 Communication.HTCOMMSocketClient.Connect()
09-30-09:54:41:035  : Socket连接失败由于连接方在一段时间后没有正确答复或连接的主机没有反应，连接尝试失败。
   在 Communication.HTCOMMSocketClient.Connect()
09-30-09:55:06:958  : Socket连接失败由于连接方在一段时间后没有正确答复或连接的主机没有反应，连接尝试失败。
   在 Communication.HTCOMMSocketClient.Connect()
09-30-09:55:08:985  : Socket连接失败由于连接方在一段时间后没有正确答复或连接的主机没有反应，连接尝试失败。
   在 Communication.HTCOMMSocketClient.Connect()
09-30-09:55:46:723  : Socket连接失败由于连接方在一段时间后没有正确答复或连接的主机没有反应，连接尝试失败。
   在 Communication.HTCOMMSocketClient.Connect()
09-30-09:55:48:752  : Socket连接失败由于连接方在一段时间后没有正确答复或连接的主机没有反应，连接尝试失败。
   在 Communication.HTCOMMSocketClient.Connect()
09-30-09:59:44:020  : Socket连接失败由于连接方在一段时间后没有正确答复或连接的主机没有反应，连接尝试失败。
   在 Communication.HTCOMMSocketClient.Connect()
09-30-09:59:46:040  : Socket连接失败由于连接方在一段时间后没有正确答复或连接的主机没有反应，连接尝试失败。
   在 Communication.HTCOMMSocketClient.Connect()
09-30-09:59:57:463  : Socket连接失败由于连接方在一段时间后没有正确答复或连接的主机没有反应，连接尝试失败。
   在 Communication.HTCOMMSocketClient.Connect()
09-30-09:59:59:482  : Socket连接失败由于连接方在一段时间后没有正确答复或连接的主机没有反应，连接尝试失败。
   在 Communication.HTCOMMSocketClient.Connect()
09-30-10:00:16:198  : Socket连接失败由于连接方在一段时间后没有正确答复或连接的主机没有反应，连接尝试失败。
   在 Communication.HTCOMMSocketClient.Connect()
09-30-10:00:18:229  : Socket连接失败由于连接方在一段时间后没有正确答复或连接的主机没有反应，连接尝试失败。
   在 Communication.HTCOMMSocketClient.Connect()
09-30-10:04:11:321  : Socket连接失败由于连接方在一段时间后没有正确答复或连接的主机没有反应，连接尝试失败。
   在 Communication.HTCOMMSocketClient.Connect()
09-30-10:04:13:349  : Socket连接失败由于连接方在一段时间后没有正确答复或连接的主机没有反应，连接尝试失败。
   在 Communication.HTCOMMSocketClient.Connect()
09-30-10:10:25:265  : 未将对象引用设置到对象的实例。
   在 RCProject.Frm_Main.Dtg_ChangeStyle() 位置 D:\EC01\RCProject\RCProject\Frm_Main.cs:行号 139
09-30-10:10:25:334  : Socket连接失败由于连接方在一段时间后没有正确答复或连接的主机没有反应，连接尝试失败。
   在 Communication.HTCOMMSocketClient.Connect()
09-30-10:10:27:365  : Socket连接失败由于连接方在一段时间后没有正确答复或连接的主机没有反应，连接尝试失败。
   在 Communication.HTCOMMSocketClient.Connect()
09-30-10:11:30:074  : 未将对象引用设置到对象的实例。
   在 RCProject.Frm_Main.Dtg_ChangeStyle() 位置 D:\EC01\RCProject\RCProject\Frm_Main.cs:行号 139
09-30-10:11:30:127  : Socket连接失败由于连接方在一段时间后没有正确答复或连接的主机没有反应，连接尝试失败。
   在 Communication.HTCOMMSocketClient.Connect()
09-30-10:11:32:155  : Socket连接失败由于连接方在一段时间后没有正确答复或连接的主机没有反应，连接尝试失败。
   在 Communication.HTCOMMSocketClient.Connect()
09-30-10:12:16:583  : 未将对象引用设置到对象的实例。
   在 RCProject.Frm_Main.Dtg_ChangeStyle() 位置 D:\EC01\RCProject\RCProject\Frm_Main.cs:行号 139
09-30-10:12:16:641  : Socket连接失败由于连接方在一段时间后没有正确答复或连接的主机没有反应，连接尝试失败。
   在 Communication.HTCOMMSocketClient.Connect()
09-30-10:12:18:662  : Socket连接失败由于连接方在一段时间后没有正确答复或连接的主机没有反应，连接尝试失败。
   在 Communication.HTCOMMSocketClient.Connect()
09-30-10:13:01:670  : 未将对象引用设置到对象的实例。
   在 RCProject.Frm_Main.Dtg_ChangeStyle() 位置 D:\EC01\RCProject\RCProject\Frm_Main.cs:行号 139
09-30-10:13:01:724  : Socket连接失败由于连接方在一段时间后没有正确答复或连接的主机没有反应，连接尝试失败。
   在 Communication.HTCOMMSocketClient.Connect()
09-30-10:13:03:767  : Socket连接失败由于连接方在一段时间后没有正确答复或连接的主机没有反应，连接尝试失败。
   在 Communication.HTCOMMSocketClient.Connect()
09-30-10:14:19:057  : 未将对象引用设置到对象的实例。
   在 RCProject.Frm_Main.Dtg_ChangeStyle() 位置 D:\EC01\RCProject\RCProject\Frm_Main.cs:行号 139
09-30-10:14:19:145  : Socket连接失败由于连接方在一段时间后没有正确答复或连接的主机没有反应，连接尝试失败。
   在 Communication.HTCOMMSocketClient.Connect()
09-30-10:14:21:173  : Socket连接失败由于连接方在一段时间后没有正确答复或连接的主机没有反应，连接尝试失败。
   在 Communication.HTCOMMSocketClient.Connect()
09-30-10:14:29:132  : 未将对象引用设置到对象的实例。
   在 RCProject.Frm_Main.Dtg_ChangeStyle() 位置 D:\EC01\RCProject\RCProject\Frm_Main.cs:行号 139
09-30-10:14:29:186  : Socket连接失败由于连接方在一段时间后没有正确答复或连接的主机没有反应，连接尝试失败。
   在 Communication.HTCOMMSocketClient.Connect()
09-30-10:14:31:207  : Socket连接失败由于连接方在一段时间后没有正确答复或连接的主机没有反应，连接尝试失败。
   在 Communication.HTCOMMSocketClient.Connect()
09-30-10:16:28:692  : 未将对象引用设置到对象的实例。
   在 RCProject.Frm_Main.Dtg_ChangeStyle() 位置 D:\EC01\RCProject\RCProject\Frm_Main.cs:行号 139
09-30-10:16:28:751  : Socket连接失败由于连接方在一段时间后没有正确答复或连接的主机没有反应，连接尝试失败。
   在 Communication.HTCOMMSocketClient.Connect()
09-30-10:16:30:775  : Socket连接失败由于连接方在一段时间后没有正确答复或连接的主机没有反应，连接尝试失败。
   在 Communication.HTCOMMSocketClient.Connect()
09-30-10:22:36:816  : 未将对象引用设置到对象的实例。
   在 RCProject.Frm_Main.Dtg_ChangeStyle() 位置 D:\EC01\RCProject\RCProject\Frm_Main.cs:行号 139
09-30-10:22:36:995  : Socket连接失败由于连接方在一段时间后没有正确答复或连接的主机没有反应，连接尝试失败。
   在 Communication.HTCOMMSocketClient.Connect()
09-30-10:22:38:157  : 未将对象引用设置到对象的实例。
   在 RCProject.Frm_Main.Frm_Main_FormClosing(Object sender, FormClosingEventArgs e) 位置 D:\EC01\RCProject\RCProject\Frm_Main.cs:行号 178
09-30-10:22:40:714  : 未将对象引用设置到对象的实例。
   在 RCProject.Frm_Main.Dtg_ChangeStyle() 位置 D:\EC01\RCProject\RCProject\Frm_Main.cs:行号 139
09-30-10:22:40:773  : Socket连接失败由于连接方在一段时间后没有正确答复或连接的主机没有反应，连接尝试失败。
   在 Communication.HTCOMMSocketClient.Connect()
09-30-10:22:42:806  : Socket连接失败由于连接方在一段时间后没有正确答复或连接的主机没有反应，连接尝试失败。
   在 Communication.HTCOMMSocketClient.Connect()
09-30-10:26:10:351  : 未将对象引用设置到对象的实例。
   在 RCProject.Frm_Main.Dtg_ChangeStyle() 位置 D:\EC01\RCProject\RCProject\Frm_Main.cs:行号 139
09-30-10:26:10:404  : Socket连接失败由于连接方在一段时间后没有正确答复或连接的主机没有反应，连接尝试失败。
   在 Communication.HTCOMMSocketClient.Connect()
09-30-10:26:12:427  : Socket连接失败由于连接方在一段时间后没有正确答复或连接的主机没有反应，连接尝试失败。
   在 Communication.HTCOMMSocketClient.Connect()
09-30-10:27:27:153  : 未将对象引用设置到对象的实例。
   在 RCProject.Frm_Main.Dtg_ChangeStyle() 位置 D:\EC01\RCProject\RCProject\Frm_Main.cs:行号 139
09-30-10:27:27:206  : Socket连接失败由于连接方在一段时间后没有正确答复或连接的主机没有反应，连接尝试失败。
   在 Communication.HTCOMMSocketClient.Connect()
09-30-10:27:29:231  : Socket连接失败由于连接方在一段时间后没有正确答复或连接的主机没有反应，连接尝试失败。
   在 Communication.HTCOMMSocketClient.Connect()
09-30-10:35:48:739  : 未将对象引用设置到对象的实例。
   在 RCProject.Frm_Main.Dtg_ChangeStyle() 位置 D:\EC01\RCProject\RCProject\Frm_Main.cs:行号 139
09-30-10:35:48:799  : Socket连接失败由于连接方在一段时间后没有正确答复或连接的主机没有反应，连接尝试失败。
   在 Communication.HTCOMMSocketClient.Connect()
09-30-10:35:50:810  : Socket连接失败由于连接方在一段时间后没有正确答复或连接的主机没有反应，连接尝试失败。
   在 Communication.HTCOMMSocketClient.Connect()
09-30-10:40:29:301  : 未将对象引用设置到对象的实例。
   在 RCProject.Frm_Main.Dtg_ChangeStyle() 位置 D:\EC01\RCProject\RCProject\Frm_Main.cs:行号 139
09-30-10:40:29:471  : Socket连接失败由于连接方在一段时间后没有正确答复或连接的主机没有反应，连接尝试失败。
   在 Communication.HTCOMMSocketClient.Connect()
09-30-10:40:32:901  : Socket连接失败由于连接方在一段时间后没有正确答复或连接的主机没有反应，连接尝试失败。
   在 Communication.HTCOMMSocketClient.Connect()
09-30-10:41:43:426  : 未将对象引用设置到对象的实例。
   在 RCProject.Frm_Main.Dtg_ChangeStyle() 位置 D:\EC01\RCProject\RCProject\Frm_Main.cs:行号 139
09-30-10:41:43:586  : Socket连接失败由于连接方在一段时间后没有正确答复或连接的主机没有反应，连接尝试失败。
   在 Communication.HTCOMMSocketClient.Connect()
09-30-10:41:45:596  : Socket连接失败由于连接方在一段时间后没有正确答复或连接的主机没有反应，连接尝试失败。
   在 Communication.HTCOMMSocketClient.Connect()
09-30-10:41:55:325  : 未将对象引用设置到对象的实例。
   在 RCProject.Frm_Main.Dtg_ChangeStyle() 位置 D:\EC01\RCProject\RCProject\Frm_Main.cs:行号 139
09-30-10:41:55:375  : Socket连接失败由于连接方在一段时间后没有正确答复或连接的主机没有反应，连接尝试失败。
   在 Communication.HTCOMMSocketClient.Connect()
09-30-10:41:57:385  : Socket连接失败由于连接方在一段时间后没有正确答复或连接的主机没有反应，连接尝试失败。
   在 Communication.HTCOMMSocketClient.Connect()
09-30-10:42:48:312  : 未将对象引用设置到对象的实例。
   在 RCProject.Frm_Main.Dtg_ChangeStyle() 位置 D:\EC01\RCProject\RCProject\Frm_Main.cs:行号 139
09-30-10:42:48:372  : Socket连接失败由于连接方在一段时间后没有正确答复或连接的主机没有反应，连接尝试失败。
   在 Communication.HTCOMMSocketClient.Connect()
09-30-10:42:50:392  : Socket连接失败由于连接方在一段时间后没有正确答复或连接的主机没有反应，连接尝试失败。
   在 Communication.HTCOMMSocketClient.Connect()
09-30-10:44:17:706  : 未将对象引用设置到对象的实例。
   在 RCProject.Frm_Main.Dtg_ChangeStyle() 位置 D:\EC01\RCProject\RCProject\Frm_Main.cs:行号 139
09-30-10:44:17:796  : Socket连接失败由于连接方在一段时间后没有正确答复或连接的主机没有反应，连接尝试失败。
   在 Communication.HTCOMMSocketClient.Connect()
09-30-10:44:19:806  : Socket连接失败由于连接方在一段时间后没有正确答复或连接的主机没有反应，连接尝试失败。
   在 Communication.HTCOMMSocketClient.Connect()
09-30-10:45:04:617  : 未将对象引用设置到对象的实例。
   在 RCProject.Frm_Main.Dtg_ChangeStyle() 位置 D:\EC01\RCProject\RCProject\Frm_Main.cs:行号 139
09-30-10:45:04:727  : Socket连接失败由于连接方在一段时间后没有正确答复或连接的主机没有反应，连接尝试失败。
   在 Communication.HTCOMMSocketClient.Connect()
09-30-10:45:06:757  : Socket连接失败由于连接方在一段时间后没有正确答复或连接的主机没有反应，连接尝试失败。
   在 Communication.HTCOMMSocketClient.Connect()
09-30-11:10:55:380  : 未将对象引用设置到对象的实例。
   在 RCProject.Frm_Main.Dtg_ChangeStyle() 位置 D:\EC01\RCProject\RCProject\Frm_Main.cs:行号 139
09-30-11:10:57:443  : Socket连接失败由于连接方在一段时间后没有正确答复或连接的主机没有反应，连接尝试失败。
   在 Communication.HTCOMMSocketClient.Connect()
09-30-11:11:07:036  : 未将对象引用设置到对象的实例。
   在 RCProject.Frm_Main.Dtg_ChangeStyle() 位置 D:\EC01\RCProject\RCProject\Frm_Main.cs:行号 139
09-30-11:11:09:083  : Socket连接失败由于连接方在一段时间后没有正确答复或连接的主机没有反应，连接尝试失败。
   在 Communication.HTCOMMSocketClient.Connect()
09-30-11:12:37:162  : Socket连接失败由于连接方在一段时间后没有正确答复或连接的主机没有反应，连接尝试失败。
   在 Communication.HTCOMMSocketClient.Connect()
09-30-11:23:40:105  : Socket连接失败由于连接方在一段时间后没有正确答复或连接的主机没有反应，连接尝试失败。
   在 Communication.HTCOMMSocketClient.Connect()
09-30-11:24:12:207  : 未将对象引用设置到对象的实例。
   在 Communication.HTCOMMSocketClient.Send(Byte[] data)
   在 Modbus.ModbusTcpMaster.Read(Byte slaveAddress, Byte functionCode, UInt16 startingAddress, UInt16 registerNumber)
   在 Modbus.ModbusMaster.ReadCoils(Byte slaveAddress, UInt16 startingAddress, UInt16 registerNumber)
   在 RCProject.PLC.PlcManager.PlcRead()
09-30-11:24:12:215  : 未将对象引用设置到对象的实例。
   在 Modbus.ModbusTcpMaster.ConnectPlc()
   在 RCProject.PLC.PlcManager.GetConnected()
   在 RCProject.PLC.PlcManager.PlcRead()
09-30-11:24:12:222  : 未将对象引用设置到对象的实例。
   在 Modbus.ModbusTcpMaster.ConnectPlc()
   在 RCProject.PLC.PlcManager.GetConnected()
   在 RCProject.PLC.PlcManager.PlcRead()
09-30-11:24:12:232  : 未将对象引用设置到对象的实例。
   在 Modbus.ModbusTcpMaster.ConnectPlc()
   在 RCProject.PLC.PlcManager.GetConnected()
   在 RCProject.PLC.PlcManager.PlcRead()
09-30-11:24:17:435  : 未将对象引用设置到对象的实例。
   在 RCProject.Frm_Main.Frm_Main_FormClosing(Object sender, FormClosingEventArgs e) 位置 D:\EC01\RCProject\RCProject\Frm_Main.cs:行号 178
09-30-11:25:06:989  : 未将对象引用设置到对象的实例。
   在 RCProject.Frm_Main.Frm_Main_FormClosing(Object sender, FormClosingEventArgs e) 位置 D:\EC01\RCProject\RCProject\Frm_Main.cs:行号 178
09-30-11:25:18:684  : 未将对象引用设置到对象的实例。
   在 RCProject.Frm_Main.Frm_Main_FormClosing(Object sender, FormClosingEventArgs e) 位置 D:\EC01\RCProject\RCProject\Frm_Main.cs:行号 178
09-30-11:25:23:739  : 未将对象引用设置到对象的实例。
   在 RCProject.Frm_Main.Frm_Main_FormClosing(Object sender, FormClosingEventArgs e) 位置 D:\EC01\RCProject\RCProject\Frm_Main.cs:行号 178
09-30-11:25:41:405  : Modbus read error,no responce! Fun:1, Addr:6400, Num:100
   在 Modbus.ModbusTcpMaster.Read(Byte slaveAddress, Byte functionCode, UInt16 startingAddress, UInt16 registerNumber) 位置 D:\EC01\RCProject\Modbus\ModbusTcpMaster.cs:行号 95
   在 Modbus.ModbusMaster.ReadCoils(Byte slaveAddress, UInt16 startingAddress, UInt16 registerNumber) 位置 D:\EC01\RCProject\Modbus\ModbusMaster.cs:行号 53
   在 RCProject.PLC.PlcManager.PlcRead() 位置 D:\EC01\RCProject\RCProject\PLC\PlcManager.cs:行号 105
09-30-11:25:41:435  : 未将对象引用设置到对象的实例。
   在 Modbus.ModbusTcpMaster.ConnectPlc() 位置 D:\EC01\RCProject\Modbus\ModbusTcpMaster.cs:行号 38
   在 RCProject.PLC.PlcManager.GetConnected() 位置 D:\EC01\RCProject\RCProject\PLC\PlcManager.cs:行号 75
   在 RCProject.PLC.PlcManager.PlcRead() 位置 D:\EC01\RCProject\RCProject\PLC\PlcManager.cs:行号 98
09-30-11:25:41:435  : Socket连接失败由于连接方在一段时间后没有正确答复或连接的主机没有反应，连接尝试失败。
   在 Communication.HTCOMMSocketClient.Connect()
09-30-11:25:45:753  : 未将对象引用设置到对象的实例。
   在 Modbus.ModbusTcpMaster.ConnectPlc() 位置 D:\EC01\RCProject\Modbus\ModbusTcpMaster.cs:行号 38
   在 RCProject.PLC.PlcManager.GetConnected() 位置 D:\EC01\RCProject\RCProject\PLC\PlcManager.cs:行号 75
   在 RCProject.PLC.PlcManager.PlcRead() 位置 D:\EC01\RCProject\RCProject\PLC\PlcManager.cs:行号 98
09-30-11:25:45:763  : 未将对象引用设置到对象的实例。
   在 Modbus.ModbusTcpMaster.ConnectPlc() 位置 D:\EC01\RCProject\Modbus\ModbusTcpMaster.cs:行号 38
   在 RCProject.PLC.PlcManager.GetConnected() 位置 D:\EC01\RCProject\RCProject\PLC\PlcManager.cs:行号 75
   在 RCProject.PLC.PlcManager.PlcRead() 位置 D:\EC01\RCProject\RCProject\PLC\PlcManager.cs:行号 98
09-30-11:25:45:776  : 未将对象引用设置到对象的实例。
   在 Modbus.ModbusTcpMaster.ConnectPlc() 位置 D:\EC01\RCProject\Modbus\ModbusTcpMaster.cs:行号 38
   在 RCProject.PLC.PlcManager.GetConnected() 位置 D:\EC01\RCProject\RCProject\PLC\PlcManager.cs:行号 75
   在 RCProject.PLC.PlcManager.PlcRead() 位置 D:\EC01\RCProject\RCProject\PLC\PlcManager.cs:行号 98
09-30-11:25:45:783  : 未将对象引用设置到对象的实例。
   在 Modbus.ModbusTcpMaster.ConnectPlc() 位置 D:\EC01\RCProject\Modbus\ModbusTcpMaster.cs:行号 38
   在 RCProject.PLC.PlcManager.GetConnected() 位置 D:\EC01\RCProject\RCProject\PLC\PlcManager.cs:行号 75
   在 RCProject.PLC.PlcManager.PlcRead() 位置 D:\EC01\RCProject\RCProject\PLC\PlcManager.cs:行号 98
09-30-11:25:45:790  : 未将对象引用设置到对象的实例。
   在 Modbus.ModbusTcpMaster.ConnectPlc() 位置 D:\EC01\RCProject\Modbus\ModbusTcpMaster.cs:行号 38
   在 RCProject.PLC.PlcManager.GetConnected() 位置 D:\EC01\RCProject\RCProject\PLC\PlcManager.cs:行号 75
   在 RCProject.PLC.PlcManager.PlcRead() 位置 D:\EC01\RCProject\RCProject\PLC\PlcManager.cs:行号 98
09-30-11:25:45:800  : 未将对象引用设置到对象的实例。
   在 Modbus.ModbusTcpMaster.ConnectPlc()
   在 RCProject.PLC.PlcManager.GetConnected()
   在 RCProject.PLC.PlcManager.PlcRead()
09-30-11:25:45:808  : 未将对象引用设置到对象的实例。
   在 Modbus.ModbusTcpMaster.ConnectPlc()
   在 RCProject.PLC.PlcManager.GetConnected()
   在 RCProject.PLC.PlcManager.PlcRead()
09-30-11:25:45:815  : 未将对象引用设置到对象的实例。
   在 Modbus.ModbusTcpMaster.ConnectPlc()
   在 RCProject.PLC.PlcManager.GetConnected()
   在 RCProject.PLC.PlcManager.PlcRead()
09-30-11:26:04:305  : 未将对象引用设置到对象的实例。
   在 RCProject.Frm_Main.Frm_Main_FormClosing(Object sender, FormClosingEventArgs e) 位置 D:\EC01\RCProject\RCProject\Frm_Main.cs:行号 178
09-30-11:26:16:397  : Modbus read error,no responce! Fun:1, Addr:6400, Num:100
   在 Modbus.ModbusTcpMaster.Read(Byte slaveAddress, Byte functionCode, UInt16 startingAddress, UInt16 registerNumber) 位置 D:\EC01\RCProject\Modbus\ModbusTcpMaster.cs:行号 95
   在 Modbus.ModbusMaster.ReadCoils(Byte slaveAddress, UInt16 startingAddress, UInt16 registerNumber) 位置 D:\EC01\RCProject\Modbus\ModbusMaster.cs:行号 53
   在 RCProject.PLC.PlcManager.PlcRead() 位置 D:\EC01\RCProject\RCProject\PLC\PlcManager.cs:行号 105
09-30-11:26:16:398  : Socket连接失败由于连接方在一段时间后没有正确答复或连接的主机没有反应，连接尝试失败。
   在 Communication.HTCOMMSocketClient.Connect()
09-30-11:26:16:402  : 未将对象引用设置到对象的实例。
   在 RCProject.Frm_Main.Frm_Main_FormClosing(Object sender, FormClosingEventArgs e) 位置 D:\EC01\RCProject\RCProject\Frm_Main.cs:行号 178
09-30-11:26:16:406  : 未将对象引用设置到对象的实例。
   在 Modbus.ModbusTcpMaster.ConnectPlc() 位置 D:\EC01\RCProject\Modbus\ModbusTcpMaster.cs:行号 38
   在 RCProject.PLC.PlcManager.GetConnected() 位置 D:\EC01\RCProject\RCProject\PLC\PlcManager.cs:行号 75
   在 RCProject.PLC.PlcManager.PlcRead() 位置 D:\EC01\RCProject\RCProject\PLC\PlcManager.cs:行号 98
09-30-11:26:16:424  : 未将对象引用设置到对象的实例。
   在 Modbus.ModbusTcpMaster.ConnectPlc() 位置 D:\EC01\RCProject\Modbus\ModbusTcpMaster.cs:行号 38
   在 RCProject.PLC.PlcManager.GetConnected() 位置 D:\EC01\RCProject\RCProject\PLC\PlcManager.cs:行号 75
   在 RCProject.PLC.PlcManager.PlcRead() 位置 D:\EC01\RCProject\RCProject\PLC\PlcManager.cs:行号 98
09-30-11:26:16:435  : 未将对象引用设置到对象的实例。
   在 Modbus.ModbusTcpMaster.ConnectPlc() 位置 D:\EC01\RCProject\Modbus\ModbusTcpMaster.cs:行号 38
   在 RCProject.PLC.PlcManager.GetConnected() 位置 D:\EC01\RCProject\RCProject\PLC\PlcManager.cs:行号 75
   在 RCProject.PLC.PlcManager.PlcRead() 位置 D:\EC01\RCProject\RCProject\PLC\PlcManager.cs:行号 98
09-30-11:26:16:442  : 未将对象引用设置到对象的实例。
   在 Modbus.ModbusTcpMaster.ConnectPlc() 位置 D:\EC01\RCProject\Modbus\ModbusTcpMaster.cs:行号 38
   在 RCProject.PLC.PlcManager.GetConnected() 位置 D:\EC01\RCProject\RCProject\PLC\PlcManager.cs:行号 75
   在 RCProject.PLC.PlcManager.PlcRead() 位置 D:\EC01\RCProject\RCProject\PLC\PlcManager.cs:行号 98
09-30-11:26:16:463  : 无法访问已释放的对象。
对象名:“ListBox”。   在 System.Windows.Forms.Control.CreateHandle()
   在 System.Windows.Forms.Control.get_Handle()
   在 System.Windows.Forms.Control.CreateGraphicsInternal()
   在 System.Windows.Forms.Control.CreateGraphics()
   在 RCProject.Frm_Main.AddListBox_ChineseMsg(String strMsg, Color color) 位置 D:\EC01\RCProject\RCProject\Frm_Main.cs:行号 494
09-30-11:26:16:467  : 未将对象引用设置到对象的实例。
   在 Modbus.ModbusTcpMaster.ConnectPlc() 位置 D:\EC01\RCProject\Modbus\ModbusTcpMaster.cs:行号 38
   在 RCProject.PLC.PlcManager.GetConnected() 位置 D:\EC01\RCProject\RCProject\PLC\PlcManager.cs:行号 75
   在 RCProject.PLC.PlcManager.PlcRead() 位置 D:\EC01\RCProject\RCProject\PLC\PlcManager.cs:行号 98
09-30-11:26:16:473  : 未将对象引用设置到对象的实例。
   在 Modbus.ModbusTcpMaster.ConnectPlc() 位置 D:\EC01\RCProject\Modbus\ModbusTcpMaster.cs:行号 38
   在 RCProject.PLC.PlcManager.GetConnected() 位置 D:\EC01\RCProject\RCProject\PLC\PlcManager.cs:行号 75
   在 RCProject.PLC.PlcManager.PlcRead() 位置 D:\EC01\RCProject\RCProject\PLC\PlcManager.cs:行号 98
09-30-11:26:16:479  : 未将对象引用设置到对象的实例。
   在 Modbus.ModbusTcpMaster.ConnectPlc() 位置 D:\EC01\RCProject\Modbus\ModbusTcpMaster.cs:行号 38
   在 RCProject.PLC.PlcManager.GetConnected() 位置 D:\EC01\RCProject\RCProject\PLC\PlcManager.cs:行号 75
   在 RCProject.PLC.PlcManager.PlcRead() 位置 D:\EC01\RCProject\RCProject\PLC\PlcManager.cs:行号 98
09-30-11:26:16:486  : 未将对象引用设置到对象的实例。
   在 Modbus.ModbusTcpMaster.ConnectPlc()
   在 RCProject.PLC.PlcManager.GetConnected()
   在 RCProject.PLC.PlcManager.PlcRead()
09-30-11:26:27:249  : 无法访问已释放的对象。
对象名:“System.Net.Sockets.Socket”。
   在 System.Net.Sockets.Socket.Send(Byte[] buffer, Int32 offset, Int32 size, SocketFlags socketFlags, SocketError& errorCode)
   在 System.Net.Sockets.Socket.Send(Byte[] buffer, Int32 offset, Int32 size, SocketFlags socketFlags)
   在 System.Net.Sockets.Socket.Send(Byte[] buffer)
   在 Communication.HTCOMMSocketClient.Send(Byte[] data)
   在 Modbus.ModbusTcpMaster.Read(Byte slaveAddress, Byte functionCode, UInt16 startingAddress, UInt16 registerNumber) 位置 D:\EC01\RCProject\Modbus\ModbusTcpMaster.cs:行号 87
   在 Modbus.ModbusMaster.ReadCoils(Byte slaveAddress, UInt16 startingAddress, UInt16 registerNumber) 位置 D:\EC01\RCProject\Modbus\ModbusMaster.cs:行号 53
   在 RCProject.PLC.PlcManager.PlcRead() 位置 D:\EC01\RCProject\RCProject\PLC\PlcManager.cs:行号 105
09-30-11:27:16:100  : 未将对象引用设置到对象的实例。
   在 RCProject.Frm_Main.Frm_Main_FormClosing(Object sender, FormClosingEventArgs e) 位置 D:\EC01\RCProject\RCProject\Frm_Main.cs:行号 178
09-30-11:27:21:616  : Socket连接失败由于连接方在一段时间后没有正确答复或连接的主机没有反应，连接尝试失败。
   在 Communication.HTCOMMSocketClient.Connect()
09-30-11:28:11:022  : Modbus read error,no responce! Fun:1, Addr:6400, Num:100
   在 Modbus.ModbusTcpMaster.Read(Byte slaveAddress, Byte functionCode, UInt16 startingAddress, UInt16 registerNumber) 位置 D:\EC01\RCProject\Modbus\ModbusTcpMaster.cs:行号 95
   在 Modbus.ModbusMaster.ReadCoils(Byte slaveAddress, UInt16 startingAddress, UInt16 registerNumber) 位置 D:\EC01\RCProject\Modbus\ModbusMaster.cs:行号 53
   在 RCProject.PLC.PlcManager.PlcRead() 位置 D:\EC01\RCProject\RCProject\PLC\PlcManager.cs:行号 105
09-30-11:42:33:224  : Modbus read error,no responce! Fun:1, Addr:6400, Num:100
   在 Modbus.ModbusTcpMaster.Read(Byte slaveAddress, Byte functionCode, UInt16 startingAddress, UInt16 registerNumber) 位置 D:\EC01\RCProject\Modbus\ModbusTcpMaster.cs:行号 95
   在 Modbus.ModbusMaster.ReadCoils(Byte slaveAddress, UInt16 startingAddress, UInt16 registerNumber) 位置 D:\EC01\RCProject\Modbus\ModbusMaster.cs:行号 53
   在 RCProject.PLC.PlcManager.PlcRead() 位置 D:\EC01\RCProject\RCProject\PLC\PlcManager.cs:行号 105
