10-18-08:42:02:642  : Socket连接失败由于连接方在一段时间后没有正确答复或连接的主机没有反应，连接尝试失败。
   在 Communication.HTCOMMSocketClient.Connect()
10-18-10:11:54:649  : Modbus read error,no responce! Fun:1, Addr:6400, Num:100
   在 Modbus.ModbusTcpMaster.Read(Byte slaveAddress, Byte functionCode, UInt16 startingAddress, UInt16 registerNumber) 位置 C:\Users\Lenovo\Desktop\EC01\EC01\RCProject\Modbus\ModbusTcpMaster.cs:行号 95
   在 Modbus.ModbusMaster.ReadCoils(Byte slaveAddress, UInt16 startingAddress, UInt16 registerNumber) 位置 C:\Users\Lenovo\Desktop\EC01\EC01\RCProject\Modbus\ModbusMaster.cs:行号 53
   在 RCProject.PLC.PlcManager.PlcRead() 位置 D:\EC01\RCProject\RCProject\PLC\PlcManager.cs:行号 105
10-18-10:11:54:801  : Modbus read error,no responce! Fun:1, Addr:6400, Num:100
   在 Modbus.ModbusTcpMaster.Read(Byte slaveAddress, Byte functionCode, UInt16 startingAddress, UInt16 registerNumber) 位置 C:\Users\Lenovo\Desktop\EC01\EC01\RCProject\Modbus\ModbusTcpMaster.cs:行号 95
   在 Modbus.ModbusMaster.ReadCoils(Byte slaveAddress, UInt16 startingAddress, UInt16 registerNumber) 位置 C:\Users\Lenovo\Desktop\EC01\EC01\RCProject\Modbus\ModbusMaster.cs:行号 53
   在 RCProject.PLC.PlcManager.PlcRead() 位置 D:\EC01\RCProject\RCProject\PLC\PlcManager.cs:行号 105
10-18-10:11:54:925  : Modbus read error,id error! Fun:1, Addr:6400, Num:100
   在 Modbus.ModbusTcpMaster.Read(Byte slaveAddress, Byte functionCode, UInt16 startingAddress, UInt16 registerNumber) 位置 C:\Users\Lenovo\Desktop\EC01\EC01\RCProject\Modbus\ModbusTcpMaster.cs:行号 104
   在 Modbus.ModbusMaster.ReadCoils(Byte slaveAddress, UInt16 startingAddress, UInt16 registerNumber) 位置 C:\Users\Lenovo\Desktop\EC01\EC01\RCProject\Modbus\ModbusMaster.cs:行号 53
   在 RCProject.PLC.PlcManager.PlcRead() 位置 D:\EC01\RCProject\RCProject\PLC\PlcManager.cs:行号 105
10-18-10:11:55:065  : Modbus read error,id error! Fun:1, Addr:6400, Num:100
   在 Modbus.ModbusTcpMaster.Read(Byte slaveAddress, Byte functionCode, UInt16 startingAddress, UInt16 registerNumber) 位置 C:\Users\Lenovo\Desktop\EC01\EC01\RCProject\Modbus\ModbusTcpMaster.cs:行号 104
   在 Modbus.ModbusMaster.ReadCoils(Byte slaveAddress, UInt16 startingAddress, UInt16 registerNumber) 位置 C:\Users\Lenovo\Desktop\EC01\EC01\RCProject\Modbus\ModbusMaster.cs:行号 53
   在 RCProject.PLC.PlcManager.PlcRead() 位置 D:\EC01\RCProject\RCProject\PLC\PlcManager.cs:行号 105
10-18-10:11:55:222  : Modbus read error,no responce! Fun:1, Addr:6400, Num:100
   在 Modbus.ModbusTcpMaster.Read(Byte slaveAddress, Byte functionCode, UInt16 startingAddress, UInt16 registerNumber) 位置 C:\Users\Lenovo\Desktop\EC01\EC01\RCProject\Modbus\ModbusTcpMaster.cs:行号 95
   在 Modbus.ModbusMaster.ReadCoils(Byte slaveAddress, UInt16 startingAddress, UInt16 registerNumber) 位置 C:\Users\Lenovo\Desktop\EC01\EC01\RCProject\Modbus\ModbusMaster.cs:行号 53
   在 RCProject.PLC.PlcManager.PlcRead() 位置 D:\EC01\RCProject\RCProject\PLC\PlcManager.cs:行号 105
10-18-10:11:55:376  : Modbus read error,no responce! Fun:1, Addr:6400, Num:100
   在 Modbus.ModbusTcpMaster.Read(Byte slaveAddress, Byte functionCode, UInt16 startingAddress, UInt16 registerNumber) 位置 C:\Users\Lenovo\Desktop\EC01\EC01\RCProject\Modbus\ModbusTcpMaster.cs:行号 95
   在 Modbus.ModbusMaster.ReadCoils(Byte slaveAddress, UInt16 startingAddress, UInt16 registerNumber) 位置 C:\Users\Lenovo\Desktop\EC01\EC01\RCProject\Modbus\ModbusMaster.cs:行号 53
   在 RCProject.PLC.PlcManager.PlcRead() 位置 D:\EC01\RCProject\RCProject\PLC\PlcManager.cs:行号 105
10-18-10:11:55:385  : Modbus read error,id error! Fun:1, Addr:6400, Num:100
   在 Modbus.ModbusTcpMaster.Read(Byte slaveAddress, Byte functionCode, UInt16 startingAddress, UInt16 registerNumber) 位置 C:\Users\Lenovo\Desktop\EC01\EC01\RCProject\Modbus\ModbusTcpMaster.cs:行号 104
   在 Modbus.ModbusMaster.ReadCoils(Byte slaveAddress, UInt16 startingAddress, UInt16 registerNumber) 位置 C:\Users\Lenovo\Desktop\EC01\EC01\RCProject\Modbus\ModbusMaster.cs:行号 53
   在 RCProject.PLC.PlcManager.PlcRead() 位置 D:\EC01\RCProject\RCProject\PLC\PlcManager.cs:行号 105
10-18-10:11:55:547  : Modbus read error,no responce! Fun:1, Addr:6400, Num:100
   在 Modbus.ModbusTcpMaster.Read(Byte slaveAddress, Byte functionCode, UInt16 startingAddress, UInt16 registerNumber) 位置 C:\Users\Lenovo\Desktop\EC01\EC01\RCProject\Modbus\ModbusTcpMaster.cs:行号 95
   在 Modbus.ModbusMaster.ReadCoils(Byte slaveAddress, UInt16 startingAddress, UInt16 registerNumber) 位置 C:\Users\Lenovo\Desktop\EC01\EC01\RCProject\Modbus\ModbusMaster.cs:行号 53
   在 RCProject.PLC.PlcManager.PlcRead() 位置 D:\EC01\RCProject\RCProject\PLC\PlcManager.cs:行号 105
10-18-10:11:55:597  : Modbus read error,id error! Fun:1, Addr:6400, Num:100
   在 Modbus.ModbusTcpMaster.Read(Byte slaveAddress, Byte functionCode, UInt16 startingAddress, UInt16 registerNumber) 位置 C:\Users\Lenovo\Desktop\EC01\EC01\RCProject\Modbus\ModbusTcpMaster.cs:行号 104
   在 Modbus.ModbusMaster.ReadCoils(Byte slaveAddress, UInt16 startingAddress, UInt16 registerNumber) 位置 C:\Users\Lenovo\Desktop\EC01\EC01\RCProject\Modbus\ModbusMaster.cs:行号 53
   在 RCProject.PLC.PlcManager.PlcRead() 位置 D:\EC01\RCProject\RCProject\PLC\PlcManager.cs:行号 105
10-18-10:18:43:541  : 索引超出了数组界限。
   在 RCProject.CSV.WriteCsv.SaveFrontPhotoResult(String[] result) 位置 D:\EC01\RCProject\RCProject\CSV\WriteCsv.cs:行号 156
10-18-11:53:52:221  : Modbus read error,no responce! Fun:1, Addr:6400, Num:100
   在 Modbus.ModbusTcpMaster.Read(Byte slaveAddress, Byte functionCode, UInt16 startingAddress, UInt16 registerNumber) 位置 C:\Users\Lenovo\Desktop\EC01\EC01\RCProject\Modbus\ModbusTcpMaster.cs:行号 95
   在 Modbus.ModbusMaster.ReadCoils(Byte slaveAddress, UInt16 startingAddress, UInt16 registerNumber) 位置 C:\Users\Lenovo\Desktop\EC01\EC01\RCProject\Modbus\ModbusMaster.cs:行号 53
   在 RCProject.PLC.PlcManager.PlcRead() 位置 D:\EC01\RCProject\RCProject\PLC\PlcManager.cs:行号 105
10-18-11:53:52:377  : Modbus read error,no responce! Fun:1, Addr:6400, Num:100
   在 Modbus.ModbusTcpMaster.Read(Byte slaveAddress, Byte functionCode, UInt16 startingAddress, UInt16 registerNumber) 位置 C:\Users\Lenovo\Desktop\EC01\EC01\RCProject\Modbus\ModbusTcpMaster.cs:行号 95
   在 Modbus.ModbusMaster.ReadCoils(Byte slaveAddress, UInt16 startingAddress, UInt16 registerNumber) 位置 C:\Users\Lenovo\Desktop\EC01\EC01\RCProject\Modbus\ModbusMaster.cs:行号 53
   在 RCProject.PLC.PlcManager.PlcRead() 位置 D:\EC01\RCProject\RCProject\PLC\PlcManager.cs:行号 105
10-18-11:53:52:526  : Modbus read error,id error! Fun:1, Addr:6400, Num:100
   在 Modbus.ModbusTcpMaster.Read(Byte slaveAddress, Byte functionCode, UInt16 startingAddress, UInt16 registerNumber) 位置 C:\Users\Lenovo\Desktop\EC01\EC01\RCProject\Modbus\ModbusTcpMaster.cs:行号 104
   在 Modbus.ModbusMaster.ReadCoils(Byte slaveAddress, UInt16 startingAddress, UInt16 registerNumber) 位置 C:\Users\Lenovo\Desktop\EC01\EC01\RCProject\Modbus\ModbusMaster.cs:行号 53
   在 RCProject.PLC.PlcManager.PlcRead() 位置 D:\EC01\RCProject\RCProject\PLC\PlcManager.cs:行号 105
10-18-11:53:52:649  : Modbus read error,id error! Fun:1, Addr:6400, Num:100
   在 Modbus.ModbusTcpMaster.Read(Byte slaveAddress, Byte functionCode, UInt16 startingAddress, UInt16 registerNumber) 位置 C:\Users\Lenovo\Desktop\EC01\EC01\RCProject\Modbus\ModbusTcpMaster.cs:行号 104
   在 Modbus.ModbusMaster.ReadCoils(Byte slaveAddress, UInt16 startingAddress, UInt16 registerNumber) 位置 C:\Users\Lenovo\Desktop\EC01\EC01\RCProject\Modbus\ModbusMaster.cs:行号 53
   在 RCProject.PLC.PlcManager.PlcRead() 位置 D:\EC01\RCProject\RCProject\PLC\PlcManager.cs:行号 105
10-18-11:53:52:812  : Modbus read error,no responce! Fun:1, Addr:6400, Num:100
   在 Modbus.ModbusTcpMaster.Read(Byte slaveAddress, Byte functionCode, UInt16 startingAddress, UInt16 registerNumber) 位置 C:\Users\Lenovo\Desktop\EC01\EC01\RCProject\Modbus\ModbusTcpMaster.cs:行号 95
   在 Modbus.ModbusMaster.ReadCoils(Byte slaveAddress, UInt16 startingAddress, UInt16 registerNumber) 位置 C:\Users\Lenovo\Desktop\EC01\EC01\RCProject\Modbus\ModbusMaster.cs:行号 53
   在 RCProject.PLC.PlcManager.PlcRead() 位置 D:\EC01\RCProject\RCProject\PLC\PlcManager.cs:行号 105
10-18-11:53:52:926  : Modbus read error,id error! Fun:1, Addr:6400, Num:100
   在 Modbus.ModbusTcpMaster.Read(Byte slaveAddress, Byte functionCode, UInt16 startingAddress, UInt16 registerNumber) 位置 C:\Users\Lenovo\Desktop\EC01\EC01\RCProject\Modbus\ModbusTcpMaster.cs:行号 104
   在 Modbus.ModbusMaster.ReadCoils(Byte slaveAddress, UInt16 startingAddress, UInt16 registerNumber) 位置 C:\Users\Lenovo\Desktop\EC01\EC01\RCProject\Modbus\ModbusMaster.cs:行号 53
   在 RCProject.PLC.PlcManager.PlcRead() 位置 D:\EC01\RCProject\RCProject\PLC\PlcManager.cs:行号 105
10-18-11:53:53:080  : Modbus read error,no responce! Fun:1, Addr:6400, Num:100
   在 Modbus.ModbusTcpMaster.Read(Byte slaveAddress, Byte functionCode, UInt16 startingAddress, UInt16 registerNumber) 位置 C:\Users\Lenovo\Desktop\EC01\EC01\RCProject\Modbus\ModbusTcpMaster.cs:行号 95
   在 Modbus.ModbusMaster.ReadCoils(Byte slaveAddress, UInt16 startingAddress, UInt16 registerNumber) 位置 C:\Users\Lenovo\Desktop\EC01\EC01\RCProject\Modbus\ModbusMaster.cs:行号 53
   在 RCProject.PLC.PlcManager.PlcRead() 位置 D:\EC01\RCProject\RCProject\PLC\PlcManager.cs:行号 105
10-18-11:53:53:146  : Modbus read error,id error! Fun:1, Addr:6400, Num:100
   在 Modbus.ModbusTcpMaster.Read(Byte slaveAddress, Byte functionCode, UInt16 startingAddress, UInt16 registerNumber) 位置 C:\Users\Lenovo\Desktop\EC01\EC01\RCProject\Modbus\ModbusTcpMaster.cs:行号 104
   在 Modbus.ModbusMaster.ReadCoils(Byte slaveAddress, UInt16 startingAddress, UInt16 registerNumber) 位置 C:\Users\Lenovo\Desktop\EC01\EC01\RCProject\Modbus\ModbusMaster.cs:行号 53
   在 RCProject.PLC.PlcManager.PlcRead() 位置 D:\EC01\RCProject\RCProject\PLC\PlcManager.cs:行号 105
10-18-11:53:53:299  : Modbus read error,no responce! Fun:1, Addr:6400, Num:100
   在 Modbus.ModbusTcpMaster.Read(Byte slaveAddress, Byte functionCode, UInt16 startingAddress, UInt16 registerNumber) 位置 C:\Users\Lenovo\Desktop\EC01\EC01\RCProject\Modbus\ModbusTcpMaster.cs:行号 95
   在 Modbus.ModbusMaster.ReadCoils(Byte slaveAddress, UInt16 startingAddress, UInt16 registerNumber) 位置 C:\Users\Lenovo\Desktop\EC01\EC01\RCProject\Modbus\ModbusMaster.cs:行号 53
   在 RCProject.PLC.PlcManager.PlcRead() 位置 D:\EC01\RCProject\RCProject\PLC\PlcManager.cs:行号 105
10-18-11:53:53:303  : Modbus read error,id error! Fun:1, Addr:6400, Num:100
   在 Modbus.ModbusTcpMaster.Read(Byte slaveAddress, Byte functionCode, UInt16 startingAddress, UInt16 registerNumber) 位置 C:\Users\Lenovo\Desktop\EC01\EC01\RCProject\Modbus\ModbusTcpMaster.cs:行号 104
   在 Modbus.ModbusMaster.ReadCoils(Byte slaveAddress, UInt16 startingAddress, UInt16 registerNumber) 位置 C:\Users\Lenovo\Desktop\EC01\EC01\RCProject\Modbus\ModbusMaster.cs:行号 53
   在 RCProject.PLC.PlcManager.PlcRead() 位置 D:\EC01\RCProject\RCProject\PLC\PlcManager.cs:行号 105
10-18-14:00:51:667  : 索引超出了数组界限。
   在 RCProject.CSV.WriteCsv.SaveFrontPhotoResult(String[] result) 位置 D:\EC01\RCProject\RCProject\CSV\WriteCsv.cs:行号 156
10-18-14:01:47:280  : 索引超出了数组界限。
   在 RCProject.CSV.WriteCsv.SaveFrontPhotoResult(String[] result) 位置 D:\EC01\RCProject\RCProject\CSV\WriteCsv.cs:行号 156
10-18-14:03:21:490  : 索引超出了数组界限。
   在 RCProject.CSV.WriteCsv.SaveFrontPhotoResult(String[] result) 位置 D:\EC01\RCProject\RCProject\CSV\WriteCsv.cs:行号 156
10-18-17:01:46:361  : 索引超出了数组界限。
   在 RCProject.CSV.WriteCsv.SaveFrontPhotoResult(String[] result) 位置 D:\EC01\RCProject\RCProject\CSV\WriteCsv.cs:行号 156
10-18-19:29:17:102  : 未将对象引用设置到对象的实例。
   在 Communication.HTCOMMSocketClient.Send(Byte[] data)
   在 Modbus.ModbusTcpMaster.Read(Byte slaveAddress, Byte functionCode, UInt16 startingAddress, UInt16 registerNumber) 位置 C:\Users\Lenovo\Desktop\EC01\EC01\RCProject\Modbus\ModbusTcpMaster.cs:行号 87
   在 Modbus.ModbusMaster.ReadCoils(Byte slaveAddress, UInt16 startingAddress, UInt16 registerNumber) 位置 C:\Users\Lenovo\Desktop\EC01\EC01\RCProject\Modbus\ModbusMaster.cs:行号 53
   在 RCProject.PLC.PlcManager.PlcRead() 位置 D:\EC01\RCProject\RCProject\PLC\PlcManager.cs:行号 105
10-18-19:29:17:102  : 未将对象引用设置到对象的实例。
   在 Modbus.ModbusTcpMaster.ConnectPlc() 位置 C:\Users\Lenovo\Desktop\EC01\EC01\RCProject\Modbus\ModbusTcpMaster.cs:行号 38
   在 RCProject.PLC.PlcManager.GetConnected() 位置 D:\EC01\RCProject\RCProject\PLC\PlcManager.cs:行号 75
   在 RCProject.PLC.PlcManager.PlcRead() 位置 D:\EC01\RCProject\RCProject\PLC\PlcManager.cs:行号 98
10-18-19:29:17:103  : 未将对象引用设置到对象的实例。
   在 Modbus.ModbusTcpMaster.ConnectPlc() 位置 C:\Users\Lenovo\Desktop\EC01\EC01\RCProject\Modbus\ModbusTcpMaster.cs:行号 38
   在 RCProject.PLC.PlcManager.GetConnected() 位置 D:\EC01\RCProject\RCProject\PLC\PlcManager.cs:行号 75
   在 RCProject.PLC.PlcManager.PlcRead() 位置 D:\EC01\RCProject\RCProject\PLC\PlcManager.cs:行号 98
10-18-19:29:17:103  : 未将对象引用设置到对象的实例。
   在 Modbus.ModbusTcpMaster.ConnectPlc() 位置 C:\Users\Lenovo\Desktop\EC01\EC01\RCProject\Modbus\ModbusTcpMaster.cs:行号 38
   在 RCProject.PLC.PlcManager.GetConnected() 位置 D:\EC01\RCProject\RCProject\PLC\PlcManager.cs:行号 75
   在 RCProject.PLC.PlcManager.PlcRead() 位置 D:\EC01\RCProject\RCProject\PLC\PlcManager.cs:行号 98
10-18-19:29:17:103  : 未将对象引用设置到对象的实例。
   在 Modbus.ModbusTcpMaster.ConnectPlc() 位置 C:\Users\Lenovo\Desktop\EC01\EC01\RCProject\Modbus\ModbusTcpMaster.cs:行号 38
   在 RCProject.PLC.PlcManager.GetConnected() 位置 D:\EC01\RCProject\RCProject\PLC\PlcManager.cs:行号 75
   在 RCProject.PLC.PlcManager.PlcRead() 位置 D:\EC01\RCProject\RCProject\PLC\PlcManager.cs:行号 98
10-18-19:29:17:103  : 未将对象引用设置到对象的实例。
   在 Modbus.ModbusTcpMaster.ConnectPlc() 位置 C:\Users\Lenovo\Desktop\EC01\EC01\RCProject\Modbus\ModbusTcpMaster.cs:行号 38
   在 RCProject.PLC.PlcManager.GetConnected() 位置 D:\EC01\RCProject\RCProject\PLC\PlcManager.cs:行号 75
   在 RCProject.PLC.PlcManager.PlcRead() 位置 D:\EC01\RCProject\RCProject\PLC\PlcManager.cs:行号 98
10-18-19:29:17:103  : 未将对象引用设置到对象的实例。
   在 Modbus.ModbusTcpMaster.ConnectPlc() 位置 C:\Users\Lenovo\Desktop\EC01\EC01\RCProject\Modbus\ModbusTcpMaster.cs:行号 38
   在 RCProject.PLC.PlcManager.GetConnected() 位置 D:\EC01\RCProject\RCProject\PLC\PlcManager.cs:行号 75
   在 RCProject.PLC.PlcManager.PlcRead() 位置 D:\EC01\RCProject\RCProject\PLC\PlcManager.cs:行号 98
10-18-19:29:17:103  : 未将对象引用设置到对象的实例。
   在 Modbus.ModbusTcpMaster.ConnectPlc() 位置 C:\Users\Lenovo\Desktop\EC01\EC01\RCProject\Modbus\ModbusTcpMaster.cs:行号 38
   在 RCProject.PLC.PlcManager.GetConnected() 位置 D:\EC01\RCProject\RCProject\PLC\PlcManager.cs:行号 75
   在 RCProject.PLC.PlcManager.PlcRead() 位置 D:\EC01\RCProject\RCProject\PLC\PlcManager.cs:行号 98
10-18-19:29:17:103  : 未将对象引用设置到对象的实例。
   在 Modbus.ModbusTcpMaster.ConnectPlc() 位置 C:\Users\Lenovo\Desktop\EC01\EC01\RCProject\Modbus\ModbusTcpMaster.cs:行号 38
   在 RCProject.PLC.PlcManager.GetConnected() 位置 D:\EC01\RCProject\RCProject\PLC\PlcManager.cs:行号 75
   在 RCProject.PLC.PlcManager.PlcRead() 位置 D:\EC01\RCProject\RCProject\PLC\PlcManager.cs:行号 98
10-18-19:29:17:103  : 未将对象引用设置到对象的实例。
   在 Modbus.ModbusTcpMaster.ConnectPlc() 位置 C:\Users\Lenovo\Desktop\EC01\EC01\RCProject\Modbus\ModbusTcpMaster.cs:行号 38
   在 RCProject.PLC.PlcManager.GetConnected() 位置 D:\EC01\RCProject\RCProject\PLC\PlcManager.cs:行号 75
   在 RCProject.PLC.PlcManager.PlcRead() 位置 D:\EC01\RCProject\RCProject\PLC\PlcManager.cs:行号 98
10-18-19:29:17:103  : 未将对象引用设置到对象的实例。
   在 Modbus.ModbusTcpMaster.ConnectPlc() 位置 C:\Users\Lenovo\Desktop\EC01\EC01\RCProject\Modbus\ModbusTcpMaster.cs:行号 38
   在 RCProject.PLC.PlcManager.GetConnected() 位置 D:\EC01\RCProject\RCProject\PLC\PlcManager.cs:行号 75
   在 RCProject.PLC.PlcManager.PlcRead() 位置 D:\EC01\RCProject\RCProject\PLC\PlcManager.cs:行号 98
10-18-19:29:17:104  : 未将对象引用设置到对象的实例。
   在 Modbus.ModbusTcpMaster.ConnectPlc() 位置 C:\Users\Lenovo\Desktop\EC01\EC01\RCProject\Modbus\ModbusTcpMaster.cs:行号 38
   在 RCProject.PLC.PlcManager.GetConnected() 位置 D:\EC01\RCProject\RCProject\PLC\PlcManager.cs:行号 75
   在 RCProject.PLC.PlcManager.PlcRead() 位置 D:\EC01\RCProject\RCProject\PLC\PlcManager.cs:行号 98
10-18-19:29:17:104  : 未将对象引用设置到对象的实例。
   在 Modbus.ModbusTcpMaster.ConnectPlc() 位置 C:\Users\Lenovo\Desktop\EC01\EC01\RCProject\Modbus\ModbusTcpMaster.cs:行号 38
   在 RCProject.PLC.PlcManager.GetConnected() 位置 D:\EC01\RCProject\RCProject\PLC\PlcManager.cs:行号 75
   在 RCProject.PLC.PlcManager.PlcRead() 位置 D:\EC01\RCProject\RCProject\PLC\PlcManager.cs:行号 98
10-18-19:29:17:104  : 未将对象引用设置到对象的实例。
   在 Modbus.ModbusTcpMaster.ConnectPlc() 位置 C:\Users\Lenovo\Desktop\EC01\EC01\RCProject\Modbus\ModbusTcpMaster.cs:行号 38
   在 RCProject.PLC.PlcManager.GetConnected() 位置 D:\EC01\RCProject\RCProject\PLC\PlcManager.cs:行号 75
   在 RCProject.PLC.PlcManager.PlcRead() 位置 D:\EC01\RCProject\RCProject\PLC\PlcManager.cs:行号 98
10-18-19:29:17:104  : 未将对象引用设置到对象的实例。
   在 Modbus.ModbusTcpMaster.ConnectPlc() 位置 C:\Users\Lenovo\Desktop\EC01\EC01\RCProject\Modbus\ModbusTcpMaster.cs:行号 38
   在 RCProject.PLC.PlcManager.GetConnected() 位置 D:\EC01\RCProject\RCProject\PLC\PlcManager.cs:行号 75
   在 RCProject.PLC.PlcManager.PlcRead() 位置 D:\EC01\RCProject\RCProject\PLC\PlcManager.cs:行号 98
10-18-19:29:17:104  : 未将对象引用设置到对象的实例。
   在 Modbus.ModbusTcpMaster.ConnectPlc() 位置 C:\Users\Lenovo\Desktop\EC01\EC01\RCProject\Modbus\ModbusTcpMaster.cs:行号 38
   在 RCProject.PLC.PlcManager.GetConnected() 位置 D:\EC01\RCProject\RCProject\PLC\PlcManager.cs:行号 75
   在 RCProject.PLC.PlcManager.PlcRead() 位置 D:\EC01\RCProject\RCProject\PLC\PlcManager.cs:行号 98
10-18-19:29:17:104  : 未将对象引用设置到对象的实例。
   在 Modbus.ModbusTcpMaster.ConnectPlc() 位置 C:\Users\Lenovo\Desktop\EC01\EC01\RCProject\Modbus\ModbusTcpMaster.cs:行号 38
   在 RCProject.PLC.PlcManager.GetConnected() 位置 D:\EC01\RCProject\RCProject\PLC\PlcManager.cs:行号 75
   在 RCProject.PLC.PlcManager.PlcRead() 位置 D:\EC01\RCProject\RCProject\PLC\PlcManager.cs:行号 98
10-18-19:29:17:104  : 未将对象引用设置到对象的实例。
   在 Modbus.ModbusTcpMaster.ConnectPlc() 位置 C:\Users\Lenovo\Desktop\EC01\EC01\RCProject\Modbus\ModbusTcpMaster.cs:行号 38
   在 RCProject.PLC.PlcManager.GetConnected() 位置 D:\EC01\RCProject\RCProject\PLC\PlcManager.cs:行号 75
   在 RCProject.PLC.PlcManager.PlcRead() 位置 D:\EC01\RCProject\RCProject\PLC\PlcManager.cs:行号 98
10-18-19:29:17:105  : 未将对象引用设置到对象的实例。
   在 Modbus.ModbusTcpMaster.ConnectPlc() 位置 C:\Users\Lenovo\Desktop\EC01\EC01\RCProject\Modbus\ModbusTcpMaster.cs:行号 38
   在 RCProject.PLC.PlcManager.GetConnected() 位置 D:\EC01\RCProject\RCProject\PLC\PlcManager.cs:行号 75
   在 RCProject.PLC.PlcManager.PlcRead() 位置 D:\EC01\RCProject\RCProject\PLC\PlcManager.cs:行号 98
10-18-19:29:17:105  : 未将对象引用设置到对象的实例。
   在 Modbus.ModbusTcpMaster.ConnectPlc() 位置 C:\Users\Lenovo\Desktop\EC01\EC01\RCProject\Modbus\ModbusTcpMaster.cs:行号 38
   在 RCProject.PLC.PlcManager.GetConnected() 位置 D:\EC01\RCProject\RCProject\PLC\PlcManager.cs:行号 75
   在 RCProject.PLC.PlcManager.PlcRead() 位置 D:\EC01\RCProject\RCProject\PLC\PlcManager.cs:行号 98
10-18-19:29:17:105  : 未将对象引用设置到对象的实例。
   在 Modbus.ModbusTcpMaster.ConnectPlc() 位置 C:\Users\Lenovo\Desktop\EC01\EC01\RCProject\Modbus\ModbusTcpMaster.cs:行号 38
   在 RCProject.PLC.PlcManager.GetConnected() 位置 D:\EC01\RCProject\RCProject\PLC\PlcManager.cs:行号 75
   在 RCProject.PLC.PlcManager.PlcRead() 位置 D:\EC01\RCProject\RCProject\PLC\PlcManager.cs:行号 98
10-18-19:29:17:105  : 未将对象引用设置到对象的实例。
   在 Modbus.ModbusTcpMaster.ConnectPlc() 位置 C:\Users\Lenovo\Desktop\EC01\EC01\RCProject\Modbus\ModbusTcpMaster.cs:行号 38
   在 RCProject.PLC.PlcManager.GetConnected() 位置 D:\EC01\RCProject\RCProject\PLC\PlcManager.cs:行号 75
   在 RCProject.PLC.PlcManager.PlcRead() 位置 D:\EC01\RCProject\RCProject\PLC\PlcManager.cs:行号 98
10-18-19:29:17:105  : 未将对象引用设置到对象的实例。
   在 Modbus.ModbusTcpMaster.ConnectPlc() 位置 C:\Users\Lenovo\Desktop\EC01\EC01\RCProject\Modbus\ModbusTcpMaster.cs:行号 38
   在 RCProject.PLC.PlcManager.GetConnected() 位置 D:\EC01\RCProject\RCProject\PLC\PlcManager.cs:行号 75
   在 RCProject.PLC.PlcManager.PlcRead() 位置 D:\EC01\RCProject\RCProject\PLC\PlcManager.cs:行号 98
10-18-19:29:17:105  : 未将对象引用设置到对象的实例。
   在 Modbus.ModbusTcpMaster.ConnectPlc() 位置 C:\Users\Lenovo\Desktop\EC01\EC01\RCProject\Modbus\ModbusTcpMaster.cs:行号 38
   在 RCProject.PLC.PlcManager.GetConnected() 位置 D:\EC01\RCProject\RCProject\PLC\PlcManager.cs:行号 75
   在 RCProject.PLC.PlcManager.PlcRead() 位置 D:\EC01\RCProject\RCProject\PLC\PlcManager.cs:行号 98
10-18-19:29:17:105  : 未将对象引用设置到对象的实例。
   在 Modbus.ModbusTcpMaster.ConnectPlc() 位置 C:\Users\Lenovo\Desktop\EC01\EC01\RCProject\Modbus\ModbusTcpMaster.cs:行号 38
   在 RCProject.PLC.PlcManager.GetConnected() 位置 D:\EC01\RCProject\RCProject\PLC\PlcManager.cs:行号 75
   在 RCProject.PLC.PlcManager.PlcRead() 位置 D:\EC01\RCProject\RCProject\PLC\PlcManager.cs:行号 98
10-18-19:29:17:106  : 未将对象引用设置到对象的实例。
   在 Modbus.ModbusTcpMaster.ConnectPlc() 位置 C:\Users\Lenovo\Desktop\EC01\EC01\RCProject\Modbus\ModbusTcpMaster.cs:行号 38
   在 RCProject.PLC.PlcManager.GetConnected() 位置 D:\EC01\RCProject\RCProject\PLC\PlcManager.cs:行号 75
   在 RCProject.PLC.PlcManager.PlcRead() 位置 D:\EC01\RCProject\RCProject\PLC\PlcManager.cs:行号 98
10-18-19:29:17:106  : 未将对象引用设置到对象的实例。
   在 Modbus.ModbusTcpMaster.ConnectPlc() 位置 C:\Users\Lenovo\Desktop\EC01\EC01\RCProject\Modbus\ModbusTcpMaster.cs:行号 38
   在 RCProject.PLC.PlcManager.GetConnected() 位置 D:\EC01\RCProject\RCProject\PLC\PlcManager.cs:行号 75
   在 RCProject.PLC.PlcManager.PlcRead() 位置 D:\EC01\RCProject\RCProject\PLC\PlcManager.cs:行号 98
10-18-19:29:17:106  : 未将对象引用设置到对象的实例。
   在 Modbus.ModbusTcpMaster.ConnectPlc() 位置 C:\Users\Lenovo\Desktop\EC01\EC01\RCProject\Modbus\ModbusTcpMaster.cs:行号 38
   在 RCProject.PLC.PlcManager.GetConnected() 位置 D:\EC01\RCProject\RCProject\PLC\PlcManager.cs:行号 75
   在 RCProject.PLC.PlcManager.PlcRead() 位置 D:\EC01\RCProject\RCProject\PLC\PlcManager.cs:行号 98
10-18-19:29:17:106  : 未将对象引用设置到对象的实例。
   在 Modbus.ModbusTcpMaster.ConnectPlc() 位置 C:\Users\Lenovo\Desktop\EC01\EC01\RCProject\Modbus\ModbusTcpMaster.cs:行号 38
   在 RCProject.PLC.PlcManager.GetConnected() 位置 D:\EC01\RCProject\RCProject\PLC\PlcManager.cs:行号 75
   在 RCProject.PLC.PlcManager.PlcRead() 位置 D:\EC01\RCProject\RCProject\PLC\PlcManager.cs:行号 98
10-18-19:29:17:106  : 未将对象引用设置到对象的实例。
   在 Modbus.ModbusTcpMaster.ConnectPlc() 位置 C:\Users\Lenovo\Desktop\EC01\EC01\RCProject\Modbus\ModbusTcpMaster.cs:行号 38
   在 RCProject.PLC.PlcManager.GetConnected() 位置 D:\EC01\RCProject\RCProject\PLC\PlcManager.cs:行号 75
   在 RCProject.PLC.PlcManager.PlcRead() 位置 D:\EC01\RCProject\RCProject\PLC\PlcManager.cs:行号 98
10-18-19:29:17:107  : 未将对象引用设置到对象的实例。
   在 Modbus.ModbusTcpMaster.ConnectPlc() 位置 C:\Users\Lenovo\Desktop\EC01\EC01\RCProject\Modbus\ModbusTcpMaster.cs:行号 38
   在 RCProject.PLC.PlcManager.GetConnected() 位置 D:\EC01\RCProject\RCProject\PLC\PlcManager.cs:行号 75
   在 RCProject.PLC.PlcManager.PlcRead() 位置 D:\EC01\RCProject\RCProject\PLC\PlcManager.cs:行号 98
10-18-19:29:17:107  : 未将对象引用设置到对象的实例。
   在 Modbus.ModbusTcpMaster.ConnectPlc() 位置 C:\Users\Lenovo\Desktop\EC01\EC01\RCProject\Modbus\ModbusTcpMaster.cs:行号 38
   在 RCProject.PLC.PlcManager.GetConnected() 位置 D:\EC01\RCProject\RCProject\PLC\PlcManager.cs:行号 75
   在 RCProject.PLC.PlcManager.PlcRead() 位置 D:\EC01\RCProject\RCProject\PLC\PlcManager.cs:行号 98
10-18-19:29:17:107  : 未将对象引用设置到对象的实例。
   在 Modbus.ModbusTcpMaster.ConnectPlc() 位置 C:\Users\Lenovo\Desktop\EC01\EC01\RCProject\Modbus\ModbusTcpMaster.cs:行号 38
   在 RCProject.PLC.PlcManager.GetConnected() 位置 D:\EC01\RCProject\RCProject\PLC\PlcManager.cs:行号 75
   在 RCProject.PLC.PlcManager.PlcRead() 位置 D:\EC01\RCProject\RCProject\PLC\PlcManager.cs:行号 98
10-18-19:29:17:107  : 未将对象引用设置到对象的实例。
   在 Modbus.ModbusTcpMaster.ConnectPlc() 位置 C:\Users\Lenovo\Desktop\EC01\EC01\RCProject\Modbus\ModbusTcpMaster.cs:行号 38
   在 RCProject.PLC.PlcManager.GetConnected() 位置 D:\EC01\RCProject\RCProject\PLC\PlcManager.cs:行号 75
   在 RCProject.PLC.PlcManager.PlcRead() 位置 D:\EC01\RCProject\RCProject\PLC\PlcManager.cs:行号 98
10-18-19:29:17:107  : 未将对象引用设置到对象的实例。
   在 Modbus.ModbusTcpMaster.ConnectPlc() 位置 C:\Users\Lenovo\Desktop\EC01\EC01\RCProject\Modbus\ModbusTcpMaster.cs:行号 38
   在 RCProject.PLC.PlcManager.GetConnected() 位置 D:\EC01\RCProject\RCProject\PLC\PlcManager.cs:行号 75
   在 RCProject.PLC.PlcManager.PlcRead() 位置 D:\EC01\RCProject\RCProject\PLC\PlcManager.cs:行号 98
10-18-19:29:17:107  : 未将对象引用设置到对象的实例。
   在 Modbus.ModbusTcpMaster.ConnectPlc() 位置 C:\Users\Lenovo\Desktop\EC01\EC01\RCProject\Modbus\ModbusTcpMaster.cs:行号 38
   在 RCProject.PLC.PlcManager.GetConnected() 位置 D:\EC01\RCProject\RCProject\PLC\PlcManager.cs:行号 75
   在 RCProject.PLC.PlcManager.PlcRead() 位置 D:\EC01\RCProject\RCProject\PLC\PlcManager.cs:行号 98
10-18-19:29:17:107  : 未将对象引用设置到对象的实例。
   在 Modbus.ModbusTcpMaster.ConnectPlc() 位置 C:\Users\Lenovo\Desktop\EC01\EC01\RCProject\Modbus\ModbusTcpMaster.cs:行号 38
   在 RCProject.PLC.PlcManager.GetConnected() 位置 D:\EC01\RCProject\RCProject\PLC\PlcManager.cs:行号 75
   在 RCProject.PLC.PlcManager.PlcRead() 位置 D:\EC01\RCProject\RCProject\PLC\PlcManager.cs:行号 98
10-18-19:29:17:108  : 未将对象引用设置到对象的实例。
   在 Modbus.ModbusTcpMaster.ConnectPlc() 位置 C:\Users\Lenovo\Desktop\EC01\EC01\RCProject\Modbus\ModbusTcpMaster.cs:行号 38
   在 RCProject.PLC.PlcManager.GetConnected() 位置 D:\EC01\RCProject\RCProject\PLC\PlcManager.cs:行号 75
   在 RCProject.PLC.PlcManager.PlcRead() 位置 D:\EC01\RCProject\RCProject\PLC\PlcManager.cs:行号 98
10-18-19:29:17:108  : 未将对象引用设置到对象的实例。
   在 Modbus.ModbusTcpMaster.ConnectPlc() 位置 C:\Users\Lenovo\Desktop\EC01\EC01\RCProject\Modbus\ModbusTcpMaster.cs:行号 38
   在 RCProject.PLC.PlcManager.GetConnected() 位置 D:\EC01\RCProject\RCProject\PLC\PlcManager.cs:行号 75
   在 RCProject.PLC.PlcManager.PlcRead() 位置 D:\EC01\RCProject\RCProject\PLC\PlcManager.cs:行号 98
10-18-19:29:17:108  : 未将对象引用设置到对象的实例。
   在 Modbus.ModbusTcpMaster.ConnectPlc() 位置 C:\Users\Lenovo\Desktop\EC01\EC01\RCProject\Modbus\ModbusTcpMaster.cs:行号 38
   在 RCProject.PLC.PlcManager.GetConnected() 位置 D:\EC01\RCProject\RCProject\PLC\PlcManager.cs:行号 75
   在 RCProject.PLC.PlcManager.PlcRead() 位置 D:\EC01\RCProject\RCProject\PLC\PlcManager.cs:行号 98
10-18-19:29:17:108  : 未将对象引用设置到对象的实例。
   在 Modbus.ModbusTcpMaster.ConnectPlc() 位置 C:\Users\Lenovo\Desktop\EC01\EC01\RCProject\Modbus\ModbusTcpMaster.cs:行号 38
   在 RCProject.PLC.PlcManager.GetConnected() 位置 D:\EC01\RCProject\RCProject\PLC\PlcManager.cs:行号 75
   在 RCProject.PLC.PlcManager.PlcRead() 位置 D:\EC01\RCProject\RCProject\PLC\PlcManager.cs:行号 98
10-18-19:29:17:108  : 未将对象引用设置到对象的实例。
   在 Modbus.ModbusTcpMaster.ConnectPlc() 位置 C:\Users\Lenovo\Desktop\EC01\EC01\RCProject\Modbus\ModbusTcpMaster.cs:行号 38
   在 RCProject.PLC.PlcManager.GetConnected() 位置 D:\EC01\RCProject\RCProject\PLC\PlcManager.cs:行号 75
   在 RCProject.PLC.PlcManager.PlcRead() 位置 D:\EC01\RCProject\RCProject\PLC\PlcManager.cs:行号 98
10-18-19:29:17:108  : 未将对象引用设置到对象的实例。
   在 Modbus.ModbusTcpMaster.ConnectPlc() 位置 C:\Users\Lenovo\Desktop\EC01\EC01\RCProject\Modbus\ModbusTcpMaster.cs:行号 38
   在 RCProject.PLC.PlcManager.GetConnected() 位置 D:\EC01\RCProject\RCProject\PLC\PlcManager.cs:行号 75
   在 RCProject.PLC.PlcManager.PlcRead() 位置 D:\EC01\RCProject\RCProject\PLC\PlcManager.cs:行号 98
10-18-19:29:17:108  : 未将对象引用设置到对象的实例。
   在 Modbus.ModbusTcpMaster.ConnectPlc() 位置 C:\Users\Lenovo\Desktop\EC01\EC01\RCProject\Modbus\ModbusTcpMaster.cs:行号 38
   在 RCProject.PLC.PlcManager.GetConnected() 位置 D:\EC01\RCProject\RCProject\PLC\PlcManager.cs:行号 75
   在 RCProject.PLC.PlcManager.PlcRead() 位置 D:\EC01\RCProject\RCProject\PLC\PlcManager.cs:行号 98
10-18-19:29:17:108  : 未将对象引用设置到对象的实例。
   在 Modbus.ModbusTcpMaster.ConnectPlc() 位置 C:\Users\Lenovo\Desktop\EC01\EC01\RCProject\Modbus\ModbusTcpMaster.cs:行号 38
   在 RCProject.PLC.PlcManager.GetConnected() 位置 D:\EC01\RCProject\RCProject\PLC\PlcManager.cs:行号 75
   在 RCProject.PLC.PlcManager.PlcRead() 位置 D:\EC01\RCProject\RCProject\PLC\PlcManager.cs:行号 98
10-18-19:29:17:109  : 未将对象引用设置到对象的实例。
   在 Modbus.ModbusTcpMaster.ConnectPlc() 位置 C:\Users\Lenovo\Desktop\EC01\EC01\RCProject\Modbus\ModbusTcpMaster.cs:行号 38
   在 RCProject.PLC.PlcManager.GetConnected() 位置 D:\EC01\RCProject\RCProject\PLC\PlcManager.cs:行号 75
   在 RCProject.PLC.PlcManager.PlcRead() 位置 D:\EC01\RCProject\RCProject\PLC\PlcManager.cs:行号 98
10-18-19:29:17:109  : 未将对象引用设置到对象的实例。
   在 Modbus.ModbusTcpMaster.ConnectPlc() 位置 C:\Users\Lenovo\Desktop\EC01\EC01\RCProject\Modbus\ModbusTcpMaster.cs:行号 38
   在 RCProject.PLC.PlcManager.GetConnected() 位置 D:\EC01\RCProject\RCProject\PLC\PlcManager.cs:行号 75
   在 RCProject.PLC.PlcManager.PlcRead() 位置 D:\EC01\RCProject\RCProject\PLC\PlcManager.cs:行号 98
10-18-19:29:17:109  : 未将对象引用设置到对象的实例。
   在 Modbus.ModbusTcpMaster.ConnectPlc() 位置 C:\Users\Lenovo\Desktop\EC01\EC01\RCProject\Modbus\ModbusTcpMaster.cs:行号 38
   在 RCProject.PLC.PlcManager.GetConnected() 位置 D:\EC01\RCProject\RCProject\PLC\PlcManager.cs:行号 75
   在 RCProject.PLC.PlcManager.PlcRead() 位置 D:\EC01\RCProject\RCProject\PLC\PlcManager.cs:行号 98
10-18-19:29:17:109  : 未将对象引用设置到对象的实例。
   在 Modbus.ModbusTcpMaster.ConnectPlc() 位置 C:\Users\Lenovo\Desktop\EC01\EC01\RCProject\Modbus\ModbusTcpMaster.cs:行号 38
   在 RCProject.PLC.PlcManager.GetConnected() 位置 D:\EC01\RCProject\RCProject\PLC\PlcManager.cs:行号 75
   在 RCProject.PLC.PlcManager.PlcRead() 位置 D:\EC01\RCProject\RCProject\PLC\PlcManager.cs:行号 98
10-18-19:29:17:109  : 未将对象引用设置到对象的实例。
   在 Modbus.ModbusTcpMaster.ConnectPlc() 位置 C:\Users\Lenovo\Desktop\EC01\EC01\RCProject\Modbus\ModbusTcpMaster.cs:行号 38
   在 RCProject.PLC.PlcManager.GetConnected() 位置 D:\EC01\RCProject\RCProject\PLC\PlcManager.cs:行号 75
   在 RCProject.PLC.PlcManager.PlcRead() 位置 D:\EC01\RCProject\RCProject\PLC\PlcManager.cs:行号 98
10-18-19:29:17:109  : 未将对象引用设置到对象的实例。
   在 Modbus.ModbusTcpMaster.ConnectPlc()
   在 RCProject.PLC.PlcManager.GetConnected()
   在 RCProject.PLC.PlcManager.PlcRead()
10-18-19:29:17:109  : 未将对象引用设置到对象的实例。
   在 Modbus.ModbusTcpMaster.ConnectPlc()
   在 RCProject.PLC.PlcManager.GetConnected()
   在 RCProject.PLC.PlcManager.PlcRead()
10-18-19:29:17:109  : 未将对象引用设置到对象的实例。
   在 Modbus.ModbusTcpMaster.ConnectPlc()
   在 RCProject.PLC.PlcManager.GetConnected()
   在 RCProject.PLC.PlcManager.PlcRead()
10-18-19:29:17:110  : 未将对象引用设置到对象的实例。
   在 Modbus.ModbusTcpMaster.ConnectPlc()
   在 RCProject.PLC.PlcManager.GetConnected()
   在 RCProject.PLC.PlcManager.PlcRead()
10-18-19:29:17:110  : 未将对象引用设置到对象的实例。
   在 Modbus.ModbusTcpMaster.ConnectPlc()
   在 RCProject.PLC.PlcManager.GetConnected()
   在 RCProject.PLC.PlcManager.PlcRead()
10-18-19:29:17:110  : 未将对象引用设置到对象的实例。
   在 Modbus.ModbusTcpMaster.ConnectPlc()
   在 RCProject.PLC.PlcManager.GetConnected()
   在 RCProject.PLC.PlcManager.PlcRead()
10-18-19:29:17:110  : 未将对象引用设置到对象的实例。
   在 Modbus.ModbusTcpMaster.ConnectPlc()
   在 RCProject.PLC.PlcManager.GetConnected()
   在 RCProject.PLC.PlcManager.PlcRead()
10-18-19:29:17:110  : 未将对象引用设置到对象的实例。
   在 Modbus.ModbusTcpMaster.ConnectPlc()
   在 RCProject.PLC.PlcManager.GetConnected()
   在 RCProject.PLC.PlcManager.PlcRead()
10-18-19:29:17:110  : 未将对象引用设置到对象的实例。
   在 Modbus.ModbusTcpMaster.ConnectPlc()
   在 RCProject.PLC.PlcManager.GetConnected()
   在 RCProject.PLC.PlcManager.PlcRead()
10-18-19:29:17:110  : 未将对象引用设置到对象的实例。
   在 Modbus.ModbusTcpMaster.ConnectPlc()
   在 RCProject.PLC.PlcManager.GetConnected()
   在 RCProject.PLC.PlcManager.PlcRead()
10-18-19:29:17:110  : 未将对象引用设置到对象的实例。
   在 Modbus.ModbusTcpMaster.ConnectPlc()
   在 RCProject.PLC.PlcManager.GetConnected()
   在 RCProject.PLC.PlcManager.PlcRead()
10-18-19:29:17:110  : 未将对象引用设置到对象的实例。
   在 Modbus.ModbusTcpMaster.ConnectPlc()
   在 RCProject.PLC.PlcManager.GetConnected()
   在 RCProject.PLC.PlcManager.PlcRead()
10-18-19:29:17:110  : 未将对象引用设置到对象的实例。
   在 Modbus.ModbusTcpMaster.ConnectPlc()
   在 RCProject.PLC.PlcManager.GetConnected()
   在 RCProject.PLC.PlcManager.PlcRead()
