09-27-09:41:27:096  : Socket连接失败由于连接方在一段时间后没有正确答复或连接的主机没有反应，连接尝试失败。
   在 Communication.HTCOMMSocketClient.Connect()
09-27-09:41:28:081  : Socket连接失败由于连接方在一段时间后没有正确答复或连接的主机没有反应，连接尝试失败。
   在 Communication.HTCOMMSocketClient.Connect()
09-27-09:41:39:424  : Socket连接失败由于连接方在一段时间后没有正确答复或连接的主机没有反应，连接尝试失败。
   在 Communication.HTCOMMSocketClient.Connect()
09-27-09:41:40:419  : Socket连接失败由于连接方在一段时间后没有正确答复或连接的主机没有反应，连接尝试失败。
   在 Communication.HTCOMMSocketClient.Connect()
09-27-09:45:17:954  : Socket连接失败由于连接方在一段时间后没有正确答复或连接的主机没有反应，连接尝试失败。
   在 Communication.HTCOMMSocketClient.Connect()
09-27-09:45:18:921  : Socket连接失败由于连接方在一段时间后没有正确答复或连接的主机没有反应，连接尝试失败。
   在 Communication.HTCOMMSocketClient.Connect()
09-27-09:46:34:623  : Socket连接失败由于连接方在一段时间后没有正确答复或连接的主机没有反应，连接尝试失败。
   在 Communication.HTCOMMSocketClient.Connect()
09-27-09:46:35:612  : Socket连接失败由于连接方在一段时间后没有正确答复或连接的主机没有反应，连接尝试失败。
   在 Communication.HTCOMMSocketClient.Connect()
09-27-09:47:02:359  : Socket连接失败由于连接方在一段时间后没有正确答复或连接的主机没有反应，连接尝试失败。
   在 Communication.HTCOMMSocketClient.Connect()
09-27-09:47:03:356  : Socket连接失败由于连接方在一段时间后没有正确答复或连接的主机没有反应，连接尝试失败。
   在 Communication.HTCOMMSocketClient.Connect()
09-27-09:52:55:754  : Socket连接失败由于连接方在一段时间后没有正确答复或连接的主机没有反应，连接尝试失败。
   在 Communication.HTCOMMSocketClient.Connect()
09-27-09:52:56:736  : Socket连接失败由于连接方在一段时间后没有正确答复或连接的主机没有反应，连接尝试失败。
   在 Communication.HTCOMMSocketClient.Connect()
09-27-09:54:04:809  : Socket连接失败由于连接方在一段时间后没有正确答复或连接的主机没有反应，连接尝试失败。
   在 Communication.HTCOMMSocketClient.Connect()
09-27-09:54:05:791  : Socket连接失败由于连接方在一段时间后没有正确答复或连接的主机没有反应，连接尝试失败。
   在 Communication.HTCOMMSocketClient.Connect()
09-27-09:55:05:790  : Socket连接失败由于连接方在一段时间后没有正确答复或连接的主机没有反应，连接尝试失败。
   在 Communication.HTCOMMSocketClient.Connect()
09-27-09:55:07:813  : Socket连接失败由于连接方在一段时间后没有正确答复或连接的主机没有反应，连接尝试失败。
   在 Communication.HTCOMMSocketClient.Connect()
09-27-09:57:04:286  : Socket连接失败由于连接方在一段时间后没有正确答复或连接的主机没有反应，连接尝试失败。
   在 Communication.HTCOMMSocketClient.Connect()
09-27-09:57:05:274  : Socket连接失败由于连接方在一段时间后没有正确答复或连接的主机没有反应，连接尝试失败。
   在 Communication.HTCOMMSocketClient.Connect()
09-27-09:57:43:956  : Socket连接失败由于连接方在一段时间后没有正确答复或连接的主机没有反应，连接尝试失败。
   在 Communication.HTCOMMSocketClient.Connect()
09-27-09:57:44:942  : Socket连接失败由于连接方在一段时间后没有正确答复或连接的主机没有反应，连接尝试失败。
   在 Communication.HTCOMMSocketClient.Connect()
09-27-10:03:52:314  : Socket连接失败由于连接方在一段时间后没有正确答复或连接的主机没有反应，连接尝试失败。
   在 Communication.HTCOMMSocketClient.Connect()
09-27-10:03:53:296  : Socket连接失败由于连接方在一段时间后没有正确答复或连接的主机没有反应，连接尝试失败。
   在 Communication.HTCOMMSocketClient.Connect()
09-27-10:09:39:465  : Socket连接失败由于连接方在一段时间后没有正确答复或连接的主机没有反应，连接尝试失败。
   在 Communication.HTCOMMSocketClient.Connect()
09-27-10:09:40:454  : Socket连接失败由于连接方在一段时间后没有正确答复或连接的主机没有反应，连接尝试失败。
   在 Communication.HTCOMMSocketClient.Connect()
09-27-10:10:14:852  : Socket连接失败由于连接方在一段时间后没有正确答复或连接的主机没有反应，连接尝试失败。
   在 Communication.HTCOMMSocketClient.Connect()
09-27-10:10:15:825  : Socket连接失败由于连接方在一段时间后没有正确答复或连接的主机没有反应，连接尝试失败。
   在 Communication.HTCOMMSocketClient.Connect()
09-27-10:10:36:292  : Socket连接失败由于连接方在一段时间后没有正确答复或连接的主机没有反应，连接尝试失败。
   在 Communication.HTCOMMSocketClient.Connect()
09-27-10:10:37:278  : Socket连接失败由于连接方在一段时间后没有正确答复或连接的主机没有反应，连接尝试失败。
   在 Communication.HTCOMMSocketClient.Connect()
09-27-10:12:16:544  : Socket连接失败由于连接方在一段时间后没有正确答复或连接的主机没有反应，连接尝试失败。
   在 Communication.HTCOMMSocketClient.Connect()
09-27-10:12:17:532  : Socket连接失败由于连接方在一段时间后没有正确答复或连接的主机没有反应，连接尝试失败。
   在 Communication.HTCOMMSocketClient.Connect()
09-27-10:16:43:515  : Socket连接失败由于连接方在一段时间后没有正确答复或连接的主机没有反应，连接尝试失败。
   在 Communication.HTCOMMSocketClient.Connect()
09-27-10:16:44:488  : Socket连接失败由于连接方在一段时间后没有正确答复或连接的主机没有反应，连接尝试失败。
   在 Communication.HTCOMMSocketClient.Connect()
09-27-10:17:31:352  : Socket连接失败由于连接方在一段时间后没有正确答复或连接的主机没有反应，连接尝试失败。
   在 Communication.HTCOMMSocketClient.Connect()
09-27-10:17:32:338  : Socket连接失败由于连接方在一段时间后没有正确答复或连接的主机没有反应，连接尝试失败。
   在 Communication.HTCOMMSocketClient.Connect()
09-27-10:20:13:295  : Socket连接失败由于连接方在一段时间后没有正确答复或连接的主机没有反应，连接尝试失败。
   在 Communication.HTCOMMSocketClient.Connect()
09-27-10:20:14:283  : Socket连接失败由于连接方在一段时间后没有正确答复或连接的主机没有反应，连接尝试失败。
   在 Communication.HTCOMMSocketClient.Connect()
09-27-10:26:42:303  : Socket连接失败由于连接方在一段时间后没有正确答复或连接的主机没有反应，连接尝试失败。
   在 Communication.HTCOMMSocketClient.Connect()
09-27-10:26:43:290  : Socket连接失败由于连接方在一段时间后没有正确答复或连接的主机没有反应，连接尝试失败。
   在 Communication.HTCOMMSocketClient.Connect()
09-27-10:27:21:065  : Socket连接失败由于连接方在一段时间后没有正确答复或连接的主机没有反应，连接尝试失败。
   在 Communication.HTCOMMSocketClient.Connect()
09-27-10:27:21:413  : 未将对象引用设置到对象的实例。
   在 RCProject.Frm_Main.Frm_Main_FormClosing(Object sender, FormClosingEventArgs e) 位置 D:\EC01\RCProject\RCProject\Frm_Main.cs:行号 125
09-27-10:27:39:772  : Socket连接失败由于连接方在一段时间后没有正确答复或连接的主机没有反应，连接尝试失败。
   在 Communication.HTCOMMSocketClient.Connect()
09-27-10:27:40:758  : Socket连接失败由于连接方在一段时间后没有正确答复或连接的主机没有反应，连接尝试失败。
   在 Communication.HTCOMMSocketClient.Connect()
09-27-10:28:28:529  : Socket连接失败由于连接方在一段时间后没有正确答复或连接的主机没有反应，连接尝试失败。
   在 Communication.HTCOMMSocketClient.Connect()
09-27-10:28:29:510  : Socket连接失败由于连接方在一段时间后没有正确答复或连接的主机没有反应，连接尝试失败。
   在 Communication.HTCOMMSocketClient.Connect()
09-27-10:29:33:174  : Socket连接失败由于连接方在一段时间后没有正确答复或连接的主机没有反应，连接尝试失败。
   在 Communication.HTCOMMSocketClient.Connect()
09-27-10:29:34:172  : Socket连接失败由于连接方在一段时间后没有正确答复或连接的主机没有反应，连接尝试失败。
   在 Communication.HTCOMMSocketClient.Connect()
09-27-10:30:37:770  : Socket连接失败由于连接方在一段时间后没有正确答复或连接的主机没有反应，连接尝试失败。
   在 Communication.HTCOMMSocketClient.Connect()
09-27-10:30:38:756  : Socket连接失败由于连接方在一段时间后没有正确答复或连接的主机没有反应，连接尝试失败。
   在 Communication.HTCOMMSocketClient.Connect()
09-27-10:30:51:839  : Socket连接失败由于连接方在一段时间后没有正确答复或连接的主机没有反应，连接尝试失败。
   在 Communication.HTCOMMSocketClient.Connect()
09-27-10:30:52:809  : Socket连接失败由于连接方在一段时间后没有正确答复或连接的主机没有反应，连接尝试失败。
   在 Communication.HTCOMMSocketClient.Connect()
09-27-10:31:23:240  : Socket连接失败由于连接方在一段时间后没有正确答复或连接的主机没有反应，连接尝试失败。
   在 Communication.HTCOMMSocketClient.Connect()
09-27-10:36:10:637  : Socket连接失败由于连接方在一段时间后没有正确答复或连接的主机没有反应，连接尝试失败。
   在 Communication.HTCOMMSocketClient.Connect()
09-27-10:36:11:619  : Socket连接失败由于连接方在一段时间后没有正确答复或连接的主机没有反应，连接尝试失败。
   在 Communication.HTCOMMSocketClient.Connect()
09-27-10:36:53:165  : Socket连接失败由于连接方在一段时间后没有正确答复或连接的主机没有反应，连接尝试失败。
   在 Communication.HTCOMMSocketClient.Connect()
09-27-10:36:54:153  : Socket连接失败由于连接方在一段时间后没有正确答复或连接的主机没有反应，连接尝试失败。
   在 Communication.HTCOMMSocketClient.Connect()
09-27-10:39:29:807  : Socket连接失败由于连接方在一段时间后没有正确答复或连接的主机没有反应，连接尝试失败。
   在 Communication.HTCOMMSocketClient.Connect()
09-27-10:39:30:783  : Socket连接失败由于连接方在一段时间后没有正确答复或连接的主机没有反应，连接尝试失败。
   在 Communication.HTCOMMSocketClient.Connect()
09-27-10:39:53:888  : Socket连接失败由于连接方在一段时间后没有正确答复或连接的主机没有反应，连接尝试失败。
   在 Communication.HTCOMMSocketClient.Connect()
09-27-10:39:54:877  : Socket连接失败由于连接方在一段时间后没有正确答复或连接的主机没有反应，连接尝试失败。
   在 Communication.HTCOMMSocketClient.Connect()
09-27-10:40:11:969  : Socket连接失败由于连接方在一段时间后没有正确答复或连接的主机没有反应，连接尝试失败。
   在 Communication.HTCOMMSocketClient.Connect()
09-27-10:40:12:215  : 未将对象引用设置到对象的实例。
   在 RCProject.Frm_Main.Frm_Main_FormClosing(Object sender, FormClosingEventArgs e) 位置 D:\EC01\RCProject\RCProject\Frm_Main.cs:行号 121
09-27-10:40:12:229  : 读取Camera XML文件失败————无法访问已释放的对象。
对象名:“Frm_Main”。/r/n   在 System.Windows.Forms.Control.MarshaledInvoke(Control caller, Delegate method, Object[] args, Boolean synchronous)
   在 System.Windows.Forms.Control.Invoke(Delegate method, Object[] args)
   在 RCProject.Frm_Main.SetLabel_HadeWareSatus(HadewareStatus hadewareStatus) 位置 D:\EC01\RCProject\RCProject\Frm_Main.cs:行号 214
   在 RCProject.Camera.CameraManager.Init() 位置 D:\EC01\RCProject\RCProject\Camera\CameraManager.cs:行号 50
09-27-10:40:23:729  : Socket连接失败由于连接方在一段时间后没有正确答复或连接的主机没有反应，连接尝试失败。
   在 Communication.HTCOMMSocketClient.Connect()
09-27-10:40:23:818  : 未将对象引用设置到对象的实例。
   在 RCProject.Frm_Main.Frm_Main_FormClosing(Object sender, FormClosingEventArgs e) 位置 D:\EC01\RCProject\RCProject\Frm_Main.cs:行号 121
09-27-10:40:23:831  : 读取Camera XML文件失败————无法访问已释放的对象。
对象名:“Frm_Main”。/r/n   在 System.Windows.Forms.Control.MarshaledInvoke(Control caller, Delegate method, Object[] args, Boolean synchronous)
   在 System.Windows.Forms.Control.Invoke(Delegate method, Object[] args)
   在 RCProject.Frm_Main.SetLabel_HadeWareSatus(HadewareStatus hadewareStatus) 位置 D:\EC01\RCProject\RCProject\Frm_Main.cs:行号 214
   在 RCProject.Camera.CameraManager.Init() 位置 D:\EC01\RCProject\RCProject\Camera\CameraManager.cs:行号 50
09-27-10:40:32:683  : Socket连接失败由于连接方在一段时间后没有正确答复或连接的主机没有反应，连接尝试失败。
   在 Communication.HTCOMMSocketClient.Connect()
09-27-10:40:33:653  : Socket连接失败由于连接方在一段时间后没有正确答复或连接的主机没有反应，连接尝试失败。
   在 Communication.HTCOMMSocketClient.Connect()
09-27-10:40:42:066  : 未将对象引用设置到对象的实例。
   在 RCProject.Frm_Main.Frm_Main_FormClosing(Object sender, FormClosingEventArgs e) 位置 D:\EC01\RCProject\RCProject\Frm_Main.cs:行号 121
09-27-10:40:51:186  : Socket连接失败由于连接方在一段时间后没有正确答复或连接的主机没有反应，连接尝试失败。
   在 Communication.HTCOMMSocketClient.Connect()
09-27-10:40:51:270  : 未将对象引用设置到对象的实例。
   在 RCProject.Frm_Main.Frm_Main_FormClosing(Object sender, FormClosingEventArgs e) 位置 D:\EC01\RCProject\RCProject\Frm_Main.cs:行号 121
09-27-10:40:51:282  : 读取Camera XML文件失败————无法访问已释放的对象。
对象名:“Frm_Main”。/r/n   在 System.Windows.Forms.Control.MarshaledInvoke(Control caller, Delegate method, Object[] args, Boolean synchronous)
   在 System.Windows.Forms.Control.Invoke(Delegate method, Object[] args)
   在 RCProject.Frm_Main.SetLabel_HadeWareSatus(HadewareStatus hadewareStatus) 位置 D:\EC01\RCProject\RCProject\Frm_Main.cs:行号 214
   在 RCProject.Camera.CameraManager.Init() 位置 D:\EC01\RCProject\RCProject\Camera\CameraManager.cs:行号 50
09-27-10:40:59:075  : Socket连接失败由于连接方在一段时间后没有正确答复或连接的主机没有反应，连接尝试失败。
   在 Communication.HTCOMMSocketClient.Connect()
09-27-10:40:59:342  : 未将对象引用设置到对象的实例。
   在 RCProject.Frm_Main.Frm_Main_FormClosing(Object sender, FormClosingEventArgs e) 位置 D:\EC01\RCProject\RCProject\Frm_Main.cs:行号 121
09-27-10:41:08:567  : Socket连接失败由于连接方在一段时间后没有正确答复或连接的主机没有反应，连接尝试失败。
   在 Communication.HTCOMMSocketClient.Connect()
09-27-10:41:09:538  : Socket连接失败由于连接方在一段时间后没有正确答复或连接的主机没有反应，连接尝试失败。
   在 Communication.HTCOMMSocketClient.Connect()
09-27-10:41:20:053  : Socket连接失败由于连接方在一段时间后没有正确答复或连接的主机没有反应，连接尝试失败。
   在 Communication.HTCOMMSocketClient.Connect()
09-27-10:41:21:006  : Socket连接失败由于连接方在一段时间后没有正确答复或连接的主机没有反应，连接尝试失败。
   在 Communication.HTCOMMSocketClient.Connect()
09-27-10:41:52:744  : Socket连接失败由于连接方在一段时间后没有正确答复或连接的主机没有反应，连接尝试失败。
   在 Communication.HTCOMMSocketClient.Connect()
09-27-10:41:53:738  : Socket连接失败由于连接方在一段时间后没有正确答复或连接的主机没有反应，连接尝试失败。
   在 Communication.HTCOMMSocketClient.Connect()
09-27-10:42:08:845  : Socket连接失败由于连接方在一段时间后没有正确答复或连接的主机没有反应，连接尝试失败。
   在 Communication.HTCOMMSocketClient.Connect()
09-27-10:42:09:818  : Socket连接失败由于连接方在一段时间后没有正确答复或连接的主机没有反应，连接尝试失败。
   在 Communication.HTCOMMSocketClient.Connect()
09-27-10:46:51:217  : Socket连接失败由于连接方在一段时间后没有正确答复或连接的主机没有反应，连接尝试失败。
   在 Communication.HTCOMMSocketClient.Connect()
09-27-10:46:52:202  : Socket连接失败由于连接方在一段时间后没有正确答复或连接的主机没有反应，连接尝试失败。
   在 Communication.HTCOMMSocketClient.Connect()
09-27-11:03:32:221  : Socket连接失败由于连接方在一段时间后没有正确答复或连接的主机没有反应，连接尝试失败。
   在 Communication.HTCOMMSocketClient.Connect()
09-27-11:03:33:204  : Socket连接失败由于连接方在一段时间后没有正确答复或连接的主机没有反应，连接尝试失败。
   在 Communication.HTCOMMSocketClient.Connect()
09-27-11:03:48:659  : Socket连接失败由于连接方在一段时间后没有正确答复或连接的主机没有反应，连接尝试失败。
   在 Communication.HTCOMMSocketClient.Connect()
09-27-11:03:49:644  : Socket连接失败由于连接方在一段时间后没有正确答复或连接的主机没有反应，连接尝试失败。
   在 Communication.HTCOMMSocketClient.Connect()
09-27-11:07:56:402  : Socket连接失败由于连接方在一段时间后没有正确答复或连接的主机没有反应，连接尝试失败。
   在 Communication.HTCOMMSocketClient.Connect()
09-27-11:07:57:385  : Socket连接失败由于连接方在一段时间后没有正确答复或连接的主机没有反应，连接尝试失败。
   在 Communication.HTCOMMSocketClient.Connect()
09-27-11:07:57:397  : 读取PLC Config文件失败————无法访问已释放的对象。
对象名:“Frm_Main”。
   在 System.Windows.Forms.Control.MarshaledInvoke(Control caller, Delegate method, Object[] args, Boolean synchronous)
   在 System.Windows.Forms.Control.Invoke(Delegate method, Object[] args)
   在 RCProject.Frm_Main.SetLabel_HadeWareSatus(HadewareStatus hadewareStatus) 位置 D:\EC01\RCProject\RCProject\Frm_Main.cs:行号 235
   在 RCProject.PLC.PlcManager.Init() 位置 D:\EC01\RCProject\RCProject\PLC\PlcManager.cs:行号 54
09-27-11:11:14:942  : Socket连接失败由于连接方在一段时间后没有正确答复或连接的主机没有反应，连接尝试失败。
   在 Communication.HTCOMMSocketClient.Connect()
09-27-11:11:16:963  : Socket连接失败由于连接方在一段时间后没有正确答复或连接的主机没有反应，连接尝试失败。
   在 Communication.HTCOMMSocketClient.Connect()
09-27-11:12:15:393  : Socket连接失败由于连接方在一段时间后没有正确答复或连接的主机没有反应，连接尝试失败。
   在 Communication.HTCOMMSocketClient.Connect()
09-27-11:12:17:401  : Socket连接失败由于连接方在一段时间后没有正确答复或连接的主机没有反应，连接尝试失败。
   在 Communication.HTCOMMSocketClient.Connect()
09-27-11:14:14:844  : Socket连接失败由于连接方在一段时间后没有正确答复或连接的主机没有反应，连接尝试失败。
   在 Communication.HTCOMMSocketClient.Connect()
09-27-11:14:15:829  : Socket连接失败由于连接方在一段时间后没有正确答复或连接的主机没有反应，连接尝试失败。
   在 Communication.HTCOMMSocketClient.Connect()
09-27-11:14:35:825  : Socket连接失败由于连接方在一段时间后没有正确答复或连接的主机没有反应，连接尝试失败。
   在 Communication.HTCOMMSocketClient.Connect()
09-27-11:14:36:814  : Socket连接失败由于连接方在一段时间后没有正确答复或连接的主机没有反应，连接尝试失败。
   在 Communication.HTCOMMSocketClient.Connect()
09-27-11:15:30:114  : Socket连接失败由于连接方在一段时间后没有正确答复或连接的主机没有反应，连接尝试失败。
   在 Communication.HTCOMMSocketClient.Connect()
09-27-11:15:31:093  : Socket连接失败由于连接方在一段时间后没有正确答复或连接的主机没有反应，连接尝试失败。
   在 Communication.HTCOMMSocketClient.Connect()
09-27-11:17:47:916  : Socket连接失败由于连接方在一段时间后没有正确答复或连接的主机没有反应，连接尝试失败。
   在 Communication.HTCOMMSocketClient.Connect()
09-27-11:17:48:911  : Socket连接失败由于连接方在一段时间后没有正确答复或连接的主机没有反应，连接尝试失败。
   在 Communication.HTCOMMSocketClient.Connect()
09-27-11:18:50:480  : Socket连接失败由于连接方在一段时间后没有正确答复或连接的主机没有反应，连接尝试失败。
   在 Communication.HTCOMMSocketClient.Connect()
09-27-11:18:51:462  : Socket连接失败由于连接方在一段时间后没有正确答复或连接的主机没有反应，连接尝试失败。
   在 Communication.HTCOMMSocketClient.Connect()
09-27-11:25:28:609  : 未将对象引用设置到对象的实例。
   在 RCProject.Frm_Main.Frm_Main_FormClosing(Object sender, FormClosingEventArgs e) 位置 D:\EC01\RCProject\RCProject\Frm_Main.cs:行号 153
09-27-11:25:28:616  : Socket连接失败由于连接方在一段时间后没有正确答复或连接的主机没有反应，连接尝试失败。
   在 Communication.HTCOMMSocketClient.Connect()
09-27-11:26:54:859  : Socket连接失败由于连接方在一段时间后没有正确答复或连接的主机没有反应，连接尝试失败。
   在 Communication.HTCOMMSocketClient.Connect()
09-27-11:26:55:845  : Socket连接失败由于连接方在一段时间后没有正确答复或连接的主机没有反应，连接尝试失败。
   在 Communication.HTCOMMSocketClient.Connect()
09-27-11:27:57:845  : 未将对象引用设置到对象的实例。
   在 RCProject.Frm_Main.Frm_Main_FormClosing(Object sender, FormClosingEventArgs e) 位置 D:\EC01\RCProject\RCProject\Frm_Main.cs:行号 158
09-27-11:28:06:653  : 未将对象引用设置到对象的实例。
   在 RCProject.Frm_Main.Frm_Main_FormClosing(Object sender, FormClosingEventArgs e) 位置 D:\EC01\RCProject\RCProject\Frm_Main.cs:行号 158
09-27-11:28:13:622  : Socket连接失败由于连接方在一段时间后没有正确答复或连接的主机没有反应，连接尝试失败。
   在 Communication.HTCOMMSocketClient.Connect()
09-27-11:28:14:586  : Socket连接失败由于连接方在一段时间后没有正确答复或连接的主机没有反应，连接尝试失败。
   在 Communication.HTCOMMSocketClient.Connect()
09-27-11:28:41:348  : 未将对象引用设置到对象的实例。
   在 RCProject.Frm_Main.Frm_Main_FormClosing(Object sender, FormClosingEventArgs e) 位置 D:\EC01\RCProject\RCProject\Frm_Main.cs:行号 158
09-27-11:30:06:332  : Socket连接失败由于连接方在一段时间后没有正确答复或连接的主机没有反应，连接尝试失败。
   在 Communication.HTCOMMSocketClient.Connect()
09-27-11:30:07:298  : Socket连接失败由于连接方在一段时间后没有正确答复或连接的主机没有反应，连接尝试失败。
   在 Communication.HTCOMMSocketClient.Connect()
