10-14-13:52:17:502  : Modbus read error,no responce! Fun:1, Addr:6400, Num:100
   在 Modbus.ModbusTcpMaster.Read(Byte slaveAddress, Byte functionCode, UInt16 startingAddress, UInt16 registerNumber) 位置 C:\Users\Lenovo\Desktop\EC01\EC01\RCProject\Modbus\ModbusTcpMaster.cs:行号 95
   在 Modbus.ModbusMaster.ReadCoils(Byte slaveAddress, UInt16 startingAddress, UInt16 registerNumber) 位置 C:\Users\Lenovo\Desktop\EC01\EC01\RCProject\Modbus\ModbusMaster.cs:行号 53
   在 RCProject.PLC.PlcManager.PlcRead() 位置 D:\EC01_1013\EC01\RCProject\RCProject\PLC\PlcManager.cs:行号 105
10-14-13:57:24:811  : Socket连接失败由于连接方在一段时间后没有正确答复或连接的主机没有反应，连接尝试失败。
   在 Communication.HTCOMMSocketClient.Connect()
10-14-13:57:26:837  : Socket连接失败由于连接方在一段时间后没有正确答复或连接的主机没有反应，连接尝试失败。
   在 Communication.HTCOMMSocketClient.Connect()
10-14-14:02:25:832  : Socket连接失败由于连接方在一段时间后没有正确答复或连接的主机没有反应，连接尝试失败。
   在 Communication.HTCOMMSocketClient.Connect()
10-14-14:02:27:852  : Socket连接失败由于连接方在一段时间后没有正确答复或连接的主机没有反应，连接尝试失败。
   在 Communication.HTCOMMSocketClient.Connect()
10-14-15:26:20:515  : Modbus read error,no responce! Fun:1, Addr:6400, Num:100
   在 Modbus.ModbusTcpMaster.Read(Byte slaveAddress, Byte functionCode, UInt16 startingAddress, UInt16 registerNumber) 位置 C:\Users\Lenovo\Desktop\EC01\EC01\RCProject\Modbus\ModbusTcpMaster.cs:行号 95
   在 Modbus.ModbusMaster.ReadCoils(Byte slaveAddress, UInt16 startingAddress, UInt16 registerNumber) 位置 C:\Users\Lenovo\Desktop\EC01\EC01\RCProject\Modbus\ModbusMaster.cs:行号 53
   在 RCProject.PLC.PlcManager.PlcRead() 位置 D:\EC01\RCProject\RCProject\PLC\PlcManager.cs:行号 105
10-14-15:29:17:757  : Modbus read error,no responce! Fun:1, Addr:6400, Num:100
   在 Modbus.ModbusTcpMaster.Read(Byte slaveAddress, Byte functionCode, UInt16 startingAddress, UInt16 registerNumber) 位置 C:\Users\Lenovo\Desktop\EC01\EC01\RCProject\Modbus\ModbusTcpMaster.cs:行号 95
   在 Modbus.ModbusMaster.ReadCoils(Byte slaveAddress, UInt16 startingAddress, UInt16 registerNumber) 位置 C:\Users\Lenovo\Desktop\EC01\EC01\RCProject\Modbus\ModbusMaster.cs:行号 53
   在 RCProject.PLC.PlcManager.PlcRead() 位置 D:\EC01\RCProject\RCProject\PLC\PlcManager.cs:行号 105
10-14-15:31:24:973  : Modbus read error,no responce! Fun:1, Addr:6400, Num:100
   在 Modbus.ModbusTcpMaster.Read(Byte slaveAddress, Byte functionCode, UInt16 startingAddress, UInt16 registerNumber) 位置 C:\Users\Lenovo\Desktop\EC01\EC01\RCProject\Modbus\ModbusTcpMaster.cs:行号 95
   在 Modbus.ModbusMaster.ReadCoils(Byte slaveAddress, UInt16 startingAddress, UInt16 registerNumber) 位置 C:\Users\Lenovo\Desktop\EC01\EC01\RCProject\Modbus\ModbusMaster.cs:行号 53
   在 RCProject.PLC.PlcManager.PlcRead() 位置 D:\EC01\RCProject\RCProject\PLC\PlcManager.cs:行号 105
10-14-15:32:09:260  : Modbus read error,no responce! Fun:1, Addr:6400, Num:100
   在 Modbus.ModbusTcpMaster.Read(Byte slaveAddress, Byte functionCode, UInt16 startingAddress, UInt16 registerNumber) 位置 C:\Users\Lenovo\Desktop\EC01\EC01\RCProject\Modbus\ModbusTcpMaster.cs:行号 95
   在 Modbus.ModbusMaster.ReadCoils(Byte slaveAddress, UInt16 startingAddress, UInt16 registerNumber) 位置 C:\Users\Lenovo\Desktop\EC01\EC01\RCProject\Modbus\ModbusMaster.cs:行号 53
   在 RCProject.PLC.PlcManager.PlcRead() 位置 D:\EC01\RCProject\RCProject\PLC\PlcManager.cs:行号 105
10-14-15:32:17:741  : Modbus read error,no responce! Fun:1, Addr:6400, Num:100
   在 Modbus.ModbusTcpMaster.Read(Byte slaveAddress, Byte functionCode, UInt16 startingAddress, UInt16 registerNumber) 位置 C:\Users\Lenovo\Desktop\EC01\EC01\RCProject\Modbus\ModbusTcpMaster.cs:行号 95
   在 Modbus.ModbusMaster.ReadCoils(Byte slaveAddress, UInt16 startingAddress, UInt16 registerNumber) 位置 C:\Users\Lenovo\Desktop\EC01\EC01\RCProject\Modbus\ModbusMaster.cs:行号 53
   在 RCProject.PLC.PlcManager.PlcRead() 位置 D:\EC01\RCProject\RCProject\PLC\PlcManager.cs:行号 105
10-14-15:34:21:072  : Modbus read error,no responce! Fun:1, Addr:6400, Num:100
   在 Modbus.ModbusTcpMaster.Read(Byte slaveAddress, Byte functionCode, UInt16 startingAddress, UInt16 registerNumber) 位置 C:\Users\Lenovo\Desktop\EC01\EC01\RCProject\Modbus\ModbusTcpMaster.cs:行号 95
   在 Modbus.ModbusMaster.ReadCoils(Byte slaveAddress, UInt16 startingAddress, UInt16 registerNumber) 位置 C:\Users\Lenovo\Desktop\EC01\EC01\RCProject\Modbus\ModbusMaster.cs:行号 53
   在 RCProject.PLC.PlcManager.PlcRead() 位置 D:\EC01\RCProject\RCProject\PLC\PlcManager.cs:行号 105
10-14-15:55:07:831  : Modbus read error,no responce! Fun:1, Addr:6400, Num:100
   在 Modbus.ModbusTcpMaster.Read(Byte slaveAddress, Byte functionCode, UInt16 startingAddress, UInt16 registerNumber) 位置 C:\Users\Lenovo\Desktop\EC01\EC01\RCProject\Modbus\ModbusTcpMaster.cs:行号 95
   在 Modbus.ModbusMaster.ReadCoils(Byte slaveAddress, UInt16 startingAddress, UInt16 registerNumber) 位置 C:\Users\Lenovo\Desktop\EC01\EC01\RCProject\Modbus\ModbusMaster.cs:行号 53
   在 RCProject.PLC.PlcManager.PlcRead() 位置 D:\EC01\RCProject\RCProject\PLC\PlcManager.cs:行号 105
10-14-15:55:11:302  : Modbus read error,no responce! Fun:1, Addr:6400, Num:100
   在 Modbus.ModbusTcpMaster.Read(Byte slaveAddress, Byte functionCode, UInt16 startingAddress, UInt16 registerNumber) 位置 C:\Users\Lenovo\Desktop\EC01\EC01\RCProject\Modbus\ModbusTcpMaster.cs:行号 95
   在 Modbus.ModbusMaster.ReadCoils(Byte slaveAddress, UInt16 startingAddress, UInt16 registerNumber) 位置 C:\Users\Lenovo\Desktop\EC01\EC01\RCProject\Modbus\ModbusMaster.cs:行号 53
   在 RCProject.PLC.PlcManager.PlcRead() 位置 D:\EC01\RCProject\RCProject\PLC\PlcManager.cs:行号 105
10-14-16:32:00:195  : Modbus read error,no responce! Fun:1, Addr:6400, Num:100
   在 Modbus.ModbusTcpMaster.Read(Byte slaveAddress, Byte functionCode, UInt16 startingAddress, UInt16 registerNumber) 位置 C:\Users\Lenovo\Desktop\EC01\EC01\RCProject\Modbus\ModbusTcpMaster.cs:行号 95
   在 Modbus.ModbusMaster.ReadCoils(Byte slaveAddress, UInt16 startingAddress, UInt16 registerNumber) 位置 C:\Users\Lenovo\Desktop\EC01\EC01\RCProject\Modbus\ModbusMaster.cs:行号 53
   在 RCProject.PLC.PlcManager.PlcRead() 位置 D:\EC01\RCProject\RCProject\PLC\PlcManager.cs:行号 105
10-14-16:32:07:308  : Modbus read error,no responce! Fun:1, Addr:6400, Num:100
   在 Modbus.ModbusTcpMaster.Read(Byte slaveAddress, Byte functionCode, UInt16 startingAddress, UInt16 registerNumber) 位置 C:\Users\Lenovo\Desktop\EC01\EC01\RCProject\Modbus\ModbusTcpMaster.cs:行号 95
   在 Modbus.ModbusMaster.ReadCoils(Byte slaveAddress, UInt16 startingAddress, UInt16 registerNumber) 位置 C:\Users\Lenovo\Desktop\EC01\EC01\RCProject\Modbus\ModbusMaster.cs:行号 53
   在 RCProject.PLC.PlcManager.PlcRead() 位置 D:\EC01\RCProject\RCProject\PLC\PlcManager.cs:行号 105
10-14-16:51:57:996  : Modbus read error,no responce! Fun:1, Addr:6400, Num:100
   在 Modbus.ModbusTcpMaster.Read(Byte slaveAddress, Byte functionCode, UInt16 startingAddress, UInt16 registerNumber) 位置 C:\Users\Lenovo\Desktop\EC01\EC01\RCProject\Modbus\ModbusTcpMaster.cs:行号 95
   在 Modbus.ModbusMaster.ReadCoils(Byte slaveAddress, UInt16 startingAddress, UInt16 registerNumber) 位置 C:\Users\Lenovo\Desktop\EC01\EC01\RCProject\Modbus\ModbusMaster.cs:行号 53
   在 RCProject.PLC.PlcManager.PlcRead() 位置 D:\EC01\RCProject\RCProject\PLC\PlcManager.cs:行号 105
10-14-16:51:58:375  : Modbus read error,no responce! Fun:1, Addr:6400, Num:100
   在 Modbus.ModbusTcpMaster.Read(Byte slaveAddress, Byte functionCode, UInt16 startingAddress, UInt16 registerNumber) 位置 C:\Users\Lenovo\Desktop\EC01\EC01\RCProject\Modbus\ModbusTcpMaster.cs:行号 95
   在 Modbus.ModbusMaster.ReadCoils(Byte slaveAddress, UInt16 startingAddress, UInt16 registerNumber) 位置 C:\Users\Lenovo\Desktop\EC01\EC01\RCProject\Modbus\ModbusMaster.cs:行号 53
   在 RCProject.PLC.PlcManager.PlcRead() 位置 D:\EC01\RCProject\RCProject\PLC\PlcManager.cs:行号 105
10-14-17:00:16:429  : Modbus read error,no responce! Fun:1, Addr:6400, Num:100
   在 Modbus.ModbusTcpMaster.Read(Byte slaveAddress, Byte functionCode, UInt16 startingAddress, UInt16 registerNumber) 位置 C:\Users\Lenovo\Desktop\EC01\EC01\RCProject\Modbus\ModbusTcpMaster.cs:行号 95
   在 Modbus.ModbusMaster.ReadCoils(Byte slaveAddress, UInt16 startingAddress, UInt16 registerNumber) 位置 C:\Users\Lenovo\Desktop\EC01\EC01\RCProject\Modbus\ModbusMaster.cs:行号 53
   在 RCProject.PLC.PlcManager.PlcRead() 位置 D:\EC01\RCProject\RCProject\PLC\PlcManager.cs:行号 105
10-14-18:17:26:852  : Modbus read error,no responce! Fun:1, Addr:6400, Num:100
   在 Modbus.ModbusTcpMaster.Read(Byte slaveAddress, Byte functionCode, UInt16 startingAddress, UInt16 registerNumber) 位置 C:\Users\Lenovo\Desktop\EC01\EC01\RCProject\Modbus\ModbusTcpMaster.cs:行号 95
   在 Modbus.ModbusMaster.ReadCoils(Byte slaveAddress, UInt16 startingAddress, UInt16 registerNumber) 位置 C:\Users\Lenovo\Desktop\EC01\EC01\RCProject\Modbus\ModbusMaster.cs:行号 53
   在 RCProject.PLC.PlcManager.PlcRead() 位置 D:\EC01\RCProject\RCProject\PLC\PlcManager.cs:行号 105
10-14-18:27:31:567  : Modbus read error,no responce! Fun:1, Addr:6400, Num:100
   在 Modbus.ModbusTcpMaster.Read(Byte slaveAddress, Byte functionCode, UInt16 startingAddress, UInt16 registerNumber) 位置 C:\Users\Lenovo\Desktop\EC01\EC01\RCProject\Modbus\ModbusTcpMaster.cs:行号 95
   在 Modbus.ModbusMaster.ReadCoils(Byte slaveAddress, UInt16 startingAddress, UInt16 registerNumber) 位置 C:\Users\Lenovo\Desktop\EC01\EC01\RCProject\Modbus\ModbusMaster.cs:行号 53
   在 RCProject.PLC.PlcManager.PlcRead() 位置 D:\EC01\RCProject\RCProject\PLC\PlcManager.cs:行号 105
