10-22-09:57:24:097  : 偏差值：CCD1,999,999,999,999
10-22-09:59:24:369  : 偏差值：CCD1,999,999,999,999
10-22-10:26:42:146  : 偏差值：CCD1,999,999,999,999
10-22-10:42:15:265  : 偏差值：CCD1,-0.083,43.079,-6.612,1.951,1.914,1.988,3.366,3.382,0.154,0.533
10-22-10:48:53:106  : 偏差值：CCD1,-0.1,44.351,-6.644,1.945,1.909,1.981,3.367,3.382,0.148,0.511
10-22-10:50:13:259  : 偏差值：CCD1,-0.101,44.415,-6.615,1.943,1.907,1.98,3.367,3.382,0.151,0.519
10-22-10:51:29:954  : 偏差值：CCD1,-0.102,43.298,-6.615,1.945,1.911,1.98,3.364,3.385,0.143,0.519
10-22-10:53:10:261  : 偏差值：CCD1,-0.105,43.288,-6.529,1.946,1.909,1.983,3.366,3.384,0.152,0.52
10-22-10:54:21:972  : 偏差值：CCD1,-0.104,43.31,-6.556,1.945,1.909,1.981,3.367,3.382,0.148,0.518
10-22-10:55:49:214  : 偏差值：CCD1,-0.103,44.407,-6.581,1.944,1.908,1.981,3.367,3.383,0.15,0.517
10-22-10:56:59:297  : 偏差值：CCD1,-0.103,44.407,-6.64,1.947,1.911,1.982,3.368,3.383,0.148,0.519
10-22-10:58:15:043  : 偏差值：CCD1,-0.103,43.28,-6.652,1.947,1.912,1.982,3.368,3.382,0.147,0.52
10-22-10:59:26:923  : 偏差值：CCD1,-0.104,44.419,-6.639,1.945,1.909,1.981,3.368,3.382,0.149,0.522
10-22-11:00:39:275  : 偏差值：CCD1,-0.104,34.969,-6.532,1.947,1.911,1.983,3.366,3.383,0.148,0.52
10-22-11:07:47:180  : 偏差值：CCD1,-0.08,44.367,-6.503,1.972,1.91,2.034,3.36,3.367,0.258,0.505
10-22-11:10:24:685  : 后复检值：CCD1,-16.603,2.078,2.025,2.13,3.076,3.088
10-22-11:10:24:698  : 动态补偿值：0.053
10-22-11:15:00:964  : 偏差值：CCD1,-0.001,44.493,-7.326,2.033,2.023,2.042,3.349,3.355,0.04,0.547
10-22-11:16:50:346  : 后复检值：CCD1,-16.658,2.003,1.919,2.086,3.117,3.084
10-22-11:16:50:353  : 动态补偿值：-0.015
10-22-11:20:55:927  : 偏差值：CCD1,-0.028,44.483,-8.351,2.041,2.023,2.06,3.358,3.369,0.075,0.506
10-22-11:21:43:902  : 后复检值：CCD1,-21.793,1.621,1.347,1.885,3.283,3.174
10-22-11:21:43:911  : 动态补偿值：-0.21
10-22-11:24:37:114  : 偏差值：CCD1,0.025,44.405,-7.251,2.065,2.024,2.106,3.349,3.366,0.165,0.539
10-22-11:27:49:411  : 偏差值：CCD1,-0.071,44.396,-6.866,1.97,1.93,2.01,3.346,3.355,0.165,0.528
10-22-11:28:36:562  : 后复检值：CCD1,-16.57,2.063,2.002,2.123,3.084,3.09
10-22-11:28:36:567  : 动态补偿值：0.0465
10-22-11:31:52:857  : 偏差值：CCD1,-0.04,44.466,-6.006,2.005,1.967,2.043,3.343,3.345,0.163,0.489
10-22-11:32:42:322  : 后复检值：CCD1,-18.435,2.087,2.025,2.148,3.094,3.092
10-22-11:32:42:332  : 动态补偿值：0.041
10-22-11:36:31:274  : 偏差值：CCD1,-0.075,44.521,-6.596,1.978,1.917,2.039,3.331,3.348,0.256,0.504
10-22-11:37:18:855  : 后复检值：CCD1,-17.038,2.068,2.008,2.127,3.073,3.08
10-22-11:37:18:876  : 动态补偿值：0.045
10-22-13:18:31:234  : 偏差值：CCD1,-0.063,44.953,-5.114,1.979,1.949,2.008,3.325,3.364,0.125,0.49
10-22-13:19:20:032  : 后复检值：CCD1,-16.416,2.065,2.012,2.118,3.072,3.07
10-22-13:19:20:042  : 动态补偿值：0.043
10-22-13:33:30:761  : 偏差值：CCD1,-0.092,44.363,-6.909,1.965,1.908,2.023,3.371,3.37,0.236,0.488
10-22-13:34:24:883  : 后复检值：CCD1,-16.991,2.037,1.973,2.102,3.079,3.103
10-22-13:34:24:916  : 动态补偿值：0.036
10-22-13:48:19:237  : 偏差值：CCD1,-0.097,44.475,-6.248,1.957,1.908,2.007,3.358,3.35,0.206,0.482
10-22-13:49:10:884  : 后复检值：CCD1,-17.171,2.081,2.021,2.142,3.064,3.087
10-22-13:49:10:889  : 动态补偿值：0.062
10-22-14:09:52:785  : 偏差值：CCD1,-0.14,44.347,-7.492,1.919,1.843,1.995,3.347,3.365,0.307,0.478
10-22-14:10:39:632  : 后复检值：CCD1,-17.273,2.077,2.02,2.135,3.053,3.086
10-22-14:10:39:645  : 动态补偿值：0.079
10-22-14:15:34:136  : 偏差值：CCD1,-0.144,44.605,-6.091,1.904,1.837,1.971,3.329,3.338,0.285,0.467
10-22-14:16:24:831  : 后复检值：CCD1,-16.972,2.08,2.02,2.14,3.067,3.076
10-22-14:16:24:849  : 动态补偿值：0.088
10-22-14:30:51:101  : 偏差值：CCD1,-0.061,45.03,-6.127,1.979,1.935,2.022,3.379,3.367,0.18,0.455
10-22-14:31:45:336  : 后复检值：CCD1,-16.742,2.076,2.022,2.131,3.073,3.08
10-22-14:31:45:341  : 动态补偿值：0.0485
10-22-14:40:15:858  : 偏差值：CCD1,-0.062,44.415,-6.341,1.975,1.921,2.029,3.379,3.379,0.222,0.501
10-22-14:41:12:252  : 后复检值：CCD1,-18.404,2.124,2.082,2.166,3.082,3.084
10-22-14:41:12:270  : 动态补偿值：0.0745
10-22-14:52:19:115  : 偏差值：CCD1,-0.094,44.402,-7.47,1.957,1.891,2.022,3.376,3.379,0.261,0.503
10-22-14:53:49:268  : 后复检值：CCD1,-18.273,2.118,2.078,2.159,3.052,3.066
10-22-14:53:49:307  : 动态补偿值：0.0805
10-22-14:57:48:435  : 偏差值：CCD1,-0.067,44.53,-6.376,1.98,1.931,2.029,3.377,3.372,0.2,0.479
10-22-14:58:39:316  : 后复检值：CCD1,-18.052,2.128,2.082,2.174,3.076,3.07
10-22-14:58:39:323  : 动态补偿值：0.074
10-22-15:08:02:189  : 偏差值：CCD1,-0.085,44.373,-6.957,1.976,1.905,2.046,3.368,3.369,0.286,0.492
10-22-15:08:56:639  : 后复检值：CCD1,-18.994,2.108,2.049,2.167,3.07,3.071
10-22-15:08:56:649  : 动态补偿值：0.066
10-22-15:18:30:384  : 偏差值：CCD1,-0.133,44.509,-6.376,1.915,1.839,1.99,3.343,3.361,0.319,0.486
10-22-15:19:20:405  : 后复检值：CCD1,-17.014,2.069,2.004,2.135,3.055,3.085
10-22-15:19:20:427  : 动态补偿值：0.077
10-22-15:34:22:542  : 偏差值：CCD1,-0.091,44.372,-7.189,1.96,1.905,2.015,3.365,3.355,0.223,0.476
10-22-15:35:10:808  : 后复检值：CCD1,-17.051,2.081,2.018,2.144,3.079,3.083
10-22-15:35:10:821  : 动态补偿值：0.0605
10-22-15:50:21:646  : 偏差值：CCD1,-0.066,44.576,-6.717,1.975,1.936,2.014,3.366,3.343,0.162,0.46
10-22-15:51:13:808  : 后复检值：CCD1,-17.702,2.104,2.044,2.164,3.066,3.089
10-22-15:51:13:844  : 动态补偿值：0.0645
10-22-15:53:31:182  : 复检值1：CCD1,999,999,999,999,999,999,999,999,999,999,999,999,999,999,999,999,999,999
10-22-16:03:38:039  : 偏差值：CCD1,-0.089,44.502,-6.971,1.952,1.884,2.019,3.38,3.358,0.271,0.442
10-22-16:04:42:164  : 后复检值：CCD1,-17.29,2.08,2.024,2.136,3.074,3.071
10-22-16:04:42:201  : 动态补偿值：0.064
10-22-16:15:19:501  : 偏差值：CCD1,-0.059,44.555,-7.135,1.98,1.894,2.065,3.364,3.375,0.346,0.437
10-22-16:16:09:561  : 后复检值：CCD1,-18.32,2.146,2.054,2.238,3.064,3.077
10-22-16:16:09:571  : 动态补偿值：0.083
10-22-16:18:24:440  : 复检值1：CCD1,999,999,999,999,999,999,999,999,999,999,999,999,999,999,999,999,999,999
10-22-16:26:01:223  : 偏差值：CCD1,-0.064,44.29,-6.988,1.965,1.921,2.009,3.364,3.361,0.182,0.475
10-22-16:26:59:719  : 后复检值：CCD1,-17.367,2.08,2.018,2.141,3.082,3.066
10-22-16:26:59:741  : 动态补偿值：0.0575
10-22-16:34:20:871  : 偏差值：CCD1,-0.086,44.33,-7.362,1.96,1.904,2.017,3.378,3.39,0.23,0.517
10-22-16:35:09:220  : 后复检值：CCD1,-17.333,2.081,2.015,2.146,3.093,3.071
10-22-16:35:09:231  : 动态补偿值：0.0605
10-22-16:39:10:809  : 偏差值：CCD1,-0.107,44.415,-6.835,1.943,1.893,1.993,3.339,3.35,0.205,0.492
10-22-16:40:01:652  : 后复检值：CCD1,-17.469,2.084,2.021,2.148,3.066,3.087
10-22-16:40:01:675  : 动态补偿值：0.0705
10-22-16:48:50:812  : 偏差值：CCD1,-0.046,44.433,-7.105,1.993,1.96,2.026,3.375,3.361,0.135,0.453
10-22-16:50:45:729  : 后复检值：CCD1,-17.022,2.134,2.078,2.189,3.07,3.069
10-22-16:50:45:737  : 动态补偿值：0.0705
10-22-16:59:05:706  : 偏差值：CCD1,-0.064,44.414,-7.209,1.972,1.922,2.022,3.38,3.377,0.205,0.461
10-22-16:59:51:758  : 后复检值：CCD1,-17.194,2.067,2.006,2.127,3.079,3.088
10-22-16:59:51:793  : 动态补偿值：0.0475
10-22-17:06:39:980  : 偏差值：CCD1,-0.08,44.467,-6.566,1.953,1.893,2.013,3.355,3.359,0.249,0.521
10-22-17:07:38:432  : 后复检值：CCD1,-17.115,2.072,2.007,2.138,3.066,3.083
10-22-17:07:38:445  : 动态补偿值：0.0595
10-22-17:17:04:696  : 偏差值：CCD1,-0.09,44.504,-7.236,1.948,1.873,2.023,3.345,3.353,0.303,0.462
10-22-17:18:06:906  : 后复检值：CCD1,-17.088,2.08,2.014,2.146,3.066,3.089
10-22-17:18:06:944  : 动态补偿值：0.066
10-22-17:25:41:234  : 偏差值：CCD1,-0.083,44.373,-6.543,1.955,1.877,2.033,3.342,3.36,0.327,0.482
10-22-17:26:25:935  : 后复检值：CCD1,-17.339,2.093,2.019,2.168,3.07,3.103
10-22-17:26:25:954  : 动态补偿值：0.069
10-22-18:04:06:505  : 偏差值：CCD1,-0.105,44.504,-6.263,1.939,1.861,2.016,3.344,3.353,0.331,0.481
10-22-18:04:55:210  : 后复检值：CCD1,-18.154,2.146,2.086,2.207,3.072,3.089
10-22-18:04:55:248  : 动态补偿值：0.1035
10-22-18:13:20:064  : 偏差值：CCD1,-0.144,44.444,-6.161,1.894,1.84,1.948,3.341,3.347,0.232,0.444
10-22-18:14:19:149  : 后复检值：CCD1,-17.272,2.095,2.036,2.154,3.047,3.074
10-22-18:14:19:170  : 动态补偿值：0.1005
10-22-18:18:33:375  : 偏差值：CCD1,-0.079,44.311,-6.931,1.96,1.911,2.008,3.342,3.365,0.202,0.492
10-22-18:21:17:756  : 偏差值：CCD1,-0.008,44.471,-7.026,2.031,1.997,2.065,3.36,3.357,0.139,0.52
10-22-18:22:52:200  : 后复检值：CCD1,-17.181,2.123,2.079,2.168,3.06,3.076
10-22-18:22:52:225  : 动态补偿值：0.046
10-22-18:31:59:096  : 偏差值：CCD1,-0.037,44.533,-6.694,2.01,1.96,2.061,3.361,3.343,0.206,0.509
10-22-18:34:55:841  : 偏差值：CCD1,-0.048,44.439,-6.648,1.985,1.925,2.044,3.335,3.32,0.247,0.531
10-22-18:36:03:102  : 后复检值：CCD1,-18.192,2.124,2.062,2.187,3.064,3.07
10-22-18:36:03:117  : 动态补偿值：0.0695
10-22-18:44:11:229  : 偏差值：CCD1,-0.078,44.59,-5.948,1.978,1.905,2.05,3.339,3.343,0.301,0.444
10-22-18:45:47:153  : 后复检值：CCD1,-18.243,2.11,2.055,2.164,3.061,3.079
10-22-18:45:47:166  : 动态补偿值：0.066
