10-20-08:50:53:295  : 偏差值：CCD1,-1.275,44.593,-3.756,1.987,1.82,2.154,2.864,2.854,0.467,0.441
10-20-09:26:33:550  : 偏差值：CCD1,-1.207,44.403,-4.309,2.047,1.91,2.184,2.864,2.854,0.369,0.443
10-20-09:29:51:014  : 偏差值：CCD1,-1.244,44.404,-8.567,2.04,1.934,2.147,2.864,2.854,0.335,0.449
10-20-09:35:11:725  : 偏差值：CCD1,-1.237,44.4,-5.631,2.021,1.948,2.094,3.331,3.334,0.312,0.449
10-20-09:54:22:068  : 复检值1：CCD1,999,999,999,999,999,999,999,999,999,999,999,999,999,999,999,999,999,999
10-20-10:01:15:976  : 复检值1：CCD1,999,999,999,999,999,999,999,999,999,999,999,999,999,999,999,999,999,999
10-20-10:04:07:975  : 复检值1：CCD1,999,999,999,999,999,999,999,999,999,999,999,999,999,999,999,999,999,999
10-20-10:22:23:919  : 复检值1：CCD1,1.332,1.021,1.381,1.004,1.379,0.968,1.038,1.248,3.357,3.308,0.205,0.003,1.34,1.468,1.352,0.959,1.433,0.927
10-20-10:36:47:852  : 复检值1：CCD1,1.304,1.006,1.347,0.907,1.378,0.936,1.008,1.22,3.357,3.308,0.205,0.003,1.35,1.453,1.306,0.933,1.433,0.927
10-20-10:44:43:533  : 复检值1：CCD1,1.304,1.006,1.347,0.907,1.378,0.936,1.008,1.22,3.357,3.308,0.205,0.003,1.316,1.446,1.303,0.931,1.433,0.927
10-20-11:17:16:353  : 偏差值：CCD1,-1.139,44.526,-5.055,2.092,2.004,2.179,3.327,3.361,0.37,0.47
10-20-11:19:52:642  : 偏差值：CCD1,-1.146,44.569,-6.718,2.093,2.007,2.178,3.361,3.349,0.344,0.465
10-20-11:28:55:667  : 复检值1：CCD1,1.29,1.019,1.231,1.025,1.317,0.999,1.01,1.223,3.357,3.308,0.205,0.003,1.365,1.434,1.287,0.934,1.433,0.927
10-20-13:07:19:781  : 偏差值：CCD1,-1.202,44.407,-5.609,2.042,1.943,2.142,3.332,3.344,0.43,0.469
10-20-13:11:37:024  : 复检值1：CCD1,1.278,0.989,1.205,1.097,1.41,1.089,0.957,1.231,3.357,3.308,0.205,0.003,1.347,1.536,1.248,0.967,1.433,0.927
10-20-13:39:20:254  : 偏差值：CCD1,-1.164,44.305,-6.274,2.086,1.979,2.192,3.336,3.335,0.451,0.481
10-20-13:43:05:824  : 复检值1：CCD1,1.141,1.115,1.149,1.138,1.4,1.098,1.015,1.246,3.357,3.308,0.205,0.003,1.439,1.568,1.438,1.02,1.433,0.927
10-20-13:54:27:126  : 偏差值：CCD1,-1.217,44.394,-6.39,2.039,1.929,2.15,3.349,3.373,0.459,0.479
10-20-13:58:29:856  : 复检值1：CCD1,1.081,1.179,1.096,1.153,1.36,1.151,0.968,1.269,3.357,3.308,0.205,0.003,1.298,1.607,1.388,0.991,1.433,0.927
10-20-14:17:54:309  : 偏差值：CCD1,-1.239,44.305,-6.858,2.014,1.896,2.132,3.341,3.372,0.479,0.464
10-20-14:21:45:055  : 复检值1：CCD1,1.127,1.123,1.134,1.131,1.343,1.124,0.99,1.255,3.357,3.308,0.205,0.003,1.269,1.553,1.305,1.003,1.433,0.927
10-20-14:34:55:457  : 偏差值：CCD1,-1.213,44.393,-5.398,2.03,1.925,2.134,3.332,3.34,0.445,0.467
10-20-14:39:03:202  : 复检值1：CCD1,1.089,1.186,1.074,1.215,1.259,1.218,0.956,1.117,3.357,3.308,0.205,0.003,1.25,1.564,1.396,0.999,1.433,0.927
10-20-14:51:22:015  : 偏差值：CCD1,-1.2,44.348,-6.717,2.035,1.923,2.147,3.331,3.335,0.465,0.465
10-20-14:56:02:793  : 复检值1：CCD1,1.146,1.137,1.136,1.147,1.223,1.159,1.048,1.221,3.357,3.308,0.205,0.003,1.397,1.593,1.296,1.017,1.433,0.927
10-20-15:06:14:684  : 偏差值：CCD1,-1.188,44.396,-6.721,2.035,1.914,2.156,3.331,3.337,0.489,0.466
10-20-15:10:11:682  : 复检值1：CCD1,1.118,1.097,1.128,1.152,1.362,1.14,1.013,1.233,3.357,3.308,0.205,0.003,1.287,1.562,1.405,0.996,1.433,0.927
10-20-15:36:10:396  : 偏差值：CCD1,-1.199,44.301,-6.83,1.997,1.9,2.095,3.344,3.372,0.392,0.46
10-20-15:39:57:616  : 复检值1：CCD1,1.097,1.161,1.157,1.098,1.474,1.112,1.02,1.246,3.357,3.308,0.205,0.003,1.265,1.491,1.273,0.983,1.433,0.927
10-20-15:51:44:626  : 偏差值：CCD1,-1.178,44.36,-6.992,2.01,1.908,2.113,3.361,3.335,0.412,0.458
10-20-15:53:30:132  : 偏差值：CCD1,-1.173,44.408,-6.96,2.005,1.902,2.108,3.36,3.339,0.416,0.459
10-20-15:57:20:747  : 复检值1：CCD1,1.067,1.19,1.131,1.145,1.236,1.131,0.916,1.146,3.357,3.308,0.205,0.003,1.446,1.481,1.323,1.021,1.433,0.927
10-20-16:08:32:395  : 偏差值：CCD1,-1.185,44.339,-5.695,1.947,1.846,2.048,3.338,3.328,0.426,0.451
10-20-16:12:27:940  : 复检值1：CCD1,1.122,1.154,1.135,1.169,1.488,1.168,0.957,1.229,3.357,3.308,0.205,0.003,1.362,1.571,1.434,0.971,1.433,0.927
10-20-16:28:39:898  : 偏差值：CCD1,-1.109,44.298,-5.83,1.983,1.879,2.087,3.335,3.35,0.44,0.454
10-20-16:32:57:968  : 复检值1：CCD1,1.087,1.182,1.114,1.16,1.271,1.167,0.932,1.235,3.357,3.308,0.205,0.003,1.404,1.579,1.188,0.97,1.433,0.927
10-20-16:47:49:953  : 偏差值：CCD1,-1.08,44.358,-5.796,1.97,1.877,2.063,3.338,3.342,0.394,0.436
10-20-16:48:36:089  : 偏差值：CCD1,-1.093,44.366,-5.971,1.958,1.865,2.051,3.338,3.344,0.392,0.436
10-20-16:52:31:259  : 复检值1：CCD1,1.062,1.208,1.098,1.178,1.215,1.168,0.963,1.229,3.357,3.308,0.205,0.003,1.467,1.616,1.219,0.932,1.433,0.927
10-20-17:05:15:678  : 偏差值：CCD1,-0.996,44.351,-6.285,1.955,1.858,2.052,3.342,3.35,0.412,0.443
10-20-17:06:03:675  : 偏差值：CCD1,-1.008,44.352,-5.415,1.939,1.843,2.035,3.341,3.347,0.407,0.442
10-20-17:10:03:356  : 复检值1：CCD1,1.093,1.182,1.137,1.168,1.406,1.158,1.024,1.239,3.357,3.308,0.205,0.003,1.431,1.611,1.472,1.013,1.433,0.927
10-20-17:20:50:304  : 偏差值：CCD1,-0.956,44.331,-6.028,1.945,1.836,2.054,3.327,3.336,0.462,0.452
10-20-17:21:45:874  : 偏差值：CCD1,-0.963,44.335,-6.003,1.936,1.83,2.041,3.329,3.332,0.449,0.451
10-20-17:26:39:038  : 复检值1：CCD1,1.142,1.141,1.157,1.146,1.358,1.147,0.881,1.185,3.357,3.308,0.205,0.003,1.392,1.559,1.369,1.019,1.433,0.927
10-20-18:11:25:023  : 偏差值：CCD1,-0.845,44.346,-6.738,1.995,1.889,2.1,3.353,3.341,0.43,0.445
10-20-18:12:20:054  : 偏差值：CCD1,-0.866,44.347,-6.915,1.975,1.869,2.081,3.349,3.339,0.426,0.444
10-20-18:16:09:746  : 偏差值：CCD1,-0.824,44.357,-6.032,1.98,1.882,2.077,3.321,3.338,0.412,0.458
10-20-18:20:47:589  : 复检值1：CCD1,1.218,0.833,1.216,1.075,1.225,1.087,0.998,1.214,3.357,3.308,0.205,0.003,1.388,1.4,1.328,1.009,1.433,0.927
10-20-18:42:16:238  : 偏差值：CCD1,-0.738,44.291,-6.404,2,1.911,2.088,3.347,3.347,0.36,0.446
10-20-18:47:42:386  : 复检值1：CCD1,1.102,0.736,1.182,1.1,1.439,1.133,0.987,1.242,3.357,3.308,0.205,0.003,1.397,1.448,1.186,1.014,1.433,0.927
10-20-19:16:13:180  : 偏差值：CCD1,-0.726,44.323,-5.66,1.946,1.846,2.045,3.332,3.346,0.422,0.456
10-20-19:18:01:601  : 偏差值：CCD1,-1.298,44.27,-5.554,1.935,1.835,2.035,3.333,3.349,0.426,0.469
10-20-19:22:35:726  : 复检值1：CCD1,1.102,1.018,1.135,1.153,1.232,1.022,0.959,1.227,3.357,3.308,0.205,0.003,1.416,1.455,1.297,1.011,1.433,0.927
10-20-19:45:18:999  : 偏差值：CCD1,-1.232,44.389,-6.199,1.966,1.869,2.063,3.351,3.361,0.406,0.439
10-20-19:48:17:524  : 偏差值：CCD1,-1.265,44.356,-6.417,1.954,1.86,2.049,3.35,3.364,0.398,0.458
10-20-19:50:46:472  : 偏差值：CCD1,-1.039,44.351,-5.683,1.989,1.881,2.097,3.344,3.365,0.458,0.45
10-20-19:59:53:211  : 偏差值：CCD1,-1.028,44.371,-5.958,1.977,1.866,2.088,3.335,3.371,0.469,0.447
10-20-20:03:23:829  : 复检值1：CCD1,1.089,1.169,1.089,1.157,1.361,1.175,1.021,1.219,3.357,3.308,0.205,0.003,1.299,1.518,1.188,0.968,1.433,0.927
10-20-20:21:38:044  : 偏差值：CCD1,-1.28,44.343,-5.497,1.925,1.825,2.025,3.332,3.365,0.424,0.45
10-20-20:27:04:698  : 复检值1：CCD1,1.173,1.08,1.138,1.119,1.226,1.172,1.016,1.267,3.357,3.308,0.205,0.003,1.303,1.456,1.351,1.008,1.433,0.927
10-20-20:40:34:014  : 偏差值：CCD1,-1.181,44.527,-5.766,1.962,1.848,2.077,3.348,3.348,0.484,0.418
10-20-20:44:12:249  : 复检值1：CCD1,1.117,1.135,1.145,1.154,1.291,1.138,0.987,1.211,3.357,3.308,0.205,0.003,1.416,1.535,1.418,0.981,1.433,0.927
10-20-20:55:11:135  : 偏差值：CCD1,-0.816,44.385,-4.996,1.906,1.81,2.001,3.335,3.328,0.407,0.429
10-20-20:56:58:491  : 偏差值：CCD1,-1.312,44.374,-4.858,1.905,1.81,2.001,3.337,3.331,0.408,0.436
10-20-21:00:32:176  : 复检值1：CCD1,1.119,1.167,1.089,1.204,1.369,1.176,1.035,1.217,3.357,3.308,0.205,0.003,1.356,1.549,1.323,0.993,1.433,0.927
