10-21-13:54:23:895  : 偏差值：CCD1,-1.237,44.256,-5.631,2.021,1.948,2.094,3.331,3.334,0.312,0.449
10-21-13:56:48:657  : 偏差值：CCD1,-1.237,44.256,-5.631,2.021,1.948,2.094,3.331,3.334,0.312,0.449
10-21-13:58:54:689  : 偏差值：CCD1,-1.237,44.256,-5.631,2.021,1.948,2.094,3.331,3.334,0.312,0.449
10-21-14:00:50:631  : 偏差值：CCD1,-1.237,44.256,-5.631,2.021,1.948,2.094,3.331,3.334,0.312,0.449
10-21-14:02:30:613  : 偏差值：CCD1,-1.237,44.256,-5.631,2.021,1.948,2.094,3.331,3.334,0.312,0.449
10-21-14:04:47:383  : 偏差值：CCD1,-1.237,44.256,-5.631,2.021,1.948,2.094,3.331,3.334,0.312,0.449
10-21-14:06:55:742  : 偏差值：CCD1,-1.237,44.256,-5.631,2.021,1.948,2.094,3.331,3.334,0.312,0.449
10-21-14:09:15:495  : 偏差值：CCD1,-1.237,44.256,-5.631,2.021,1.948,2.094,3.331,3.334,0.312,0.449
10-21-14:11:03:584  : 偏差值：CCD1,-1.237,44.256,-5.631,2.021,1.948,2.094,3.331,3.334,0.312,0.449
10-21-14:12:50:306  : 偏差值：CCD1,-1.237,44.256,-5.631,2.021,1.948,2.094,3.331,3.334,0.312,0.449
10-21-14:14:58:051  : 偏差值：CCD1,-1.237,44.256,-5.631,2.021,1.948,2.094,3.331,3.334,0.312,0.449
10-21-14:16:39:099  : 偏差值：CCD1,-1.237,44.256,-5.631,2.021,1.948,2.094,3.331,3.334,0.312,0.449
10-21-14:18:25:153  : 偏差值：CCD1,-1.237,44.256,-5.631,2.021,1.948,2.094,3.331,3.334,0.312,0.449
10-21-14:20:07:704  : 偏差值：CCD1,-1.237,44.256,-5.631,2.021,1.948,2.094,3.331,3.334,0.312,0.449
10-21-14:21:57:083  : 偏差值：CCD1,-1.237,44.256,-5.631,2.021,1.948,2.094,3.331,3.334,0.312,0.449
10-21-14:23:39:476  : 偏差值：CCD1,-1.237,44.256,-5.631,2.021,1.948,2.094,3.331,3.334,0.312,0.449
10-21-14:25:41:675  : 偏差值：CCD1,-1.237,44.256,-5.631,2.021,1.948,2.094,3.331,3.334,0.312,0.449
10-21-14:27:18:658  : 偏差值：CCD1,-1.237,44.256,-5.631,2.021,1.948,2.094,3.331,3.334,0.312,0.449
10-21-14:32:58:899  : 偏差值：CCD1,-1.181,44.289,-6.823,2.001,1.896,2.106,3.359,3.345,0.422,0.419
10-21-14:35:55:139  : 偏差值：CCD1,-1.2,44.291,-6.684,1.983,1.884,2.082,3.354,3.346,0.397,0.418
10-21-14:38:00:433  : 偏差值：CCD1,-1.242,44.301,-6.236,1.938,1.839,2.036,3.35,3.335,0.414,0.417
10-21-14:39:49:442  : 偏差值：CCD1,-1.194,44.291,-6.603,1.994,1.89,2.097,3.346,3.337,0.416,0.417
10-21-14:41:50:067  : 偏差值：CCD1,-1.368,44.289,-5.814,1.821,1.701,1.941,3.331,3.338,0.505,0.419
10-21-14:44:27:808  : 偏差值：CCD1,-1.416,44.29,-5.895,1.766,1.625,1.907,3.329,3.338,0.591,0.42
10-21-14:46:52:741  : 偏差值：CCD1,-1.188,44.286,-6.795,2.004,1.922,2.086,3.328,3.351,0.338,0.427
10-21-14:48:45:190  : 偏差值：CCD1,-1.188,44.281,-6.491,2,1.927,2.074,3.326,3.337,0.303,0.425
10-21-14:50:37:602  : 偏差值：CCD1,-1.204,44.277,-7.234,1.987,1.899,2.075,3.323,3.331,0.353,0.422
10-21-14:52:40:112  : 偏差值：CCD1,-1.167,44.277,-5.984,2.009,1.924,2.095,3.317,3.333,0.364,0.423
10-21-14:54:29:466  : 偏差值：CCD1,-1.195,44.285,-6.178,1.979,1.887,2.071,3.32,3.327,0.389,0.422
10-21-14:56:32:685  : 偏差值：CCD1,-1.191,44.288,-7.196,2,1.908,2.091,3.321,3.324,0.367,0.422
10-21-14:58:24:378  : 偏差值：CCD1,-1.148,44.284,-5.625,2.028,1.955,2.101,3.319,3.322,0.316,0.423
10-21-15:00:43:929  : 偏差值：CCD1,-1.089,44.282,-6.438,2.09,1.998,2.181,3.365,3.356,0.373,0.422
10-21-15:02:42:550  : 偏差值：CCD1,-1.092,44.281,-6.746,2.1,2.006,2.193,3.363,3.354,0.38,0.423
10-21-15:05:11:161  : 偏差值：CCD1,-1.131,44.277,-6.179,2.05,1.954,2.147,3.365,3.351,0.401,0.422
10-21-15:07:23:108  : 偏差值：CCD1,-1.167,44.284,-7.27,2.022,1.918,2.127,3.367,3.363,0.418,0.423
10-21-15:11:04:920  : 偏差值：CCD1,-1.172,44.289,-3.901,1.998,1.893,2.104,3.367,3.359,0.424,0.425
10-21-15:13:01:772  : 偏差值：CCD1,-1.34,44.285,-6.369,1.837,1.697,1.978,3.362,3.353,0.57,0.423
10-21-15:47:41:548  : 偏差值：CCD1,999,999,999,999
10-21-15:49:15:334  : 偏差值：CCD1,999,999,999,999
10-21-16:01:57:612  : 偏差值：CCD1,999,999,999,999
10-21-16:03:17:851  : 偏差值：CCD1,-0.37,44.215,-6.758,1.593,1.394,1.793,3.376,3.333,0.797,0.582
10-21-16:06:51:796  : 偏差值：CCD1,-0.069,44.458,-6.84,1.974,1.902,2.047,3.313,3.34,0.297,0.58
10-21-16:11:39:995  : 偏差值：CCD1,0.149,44.141,-6.81,2.092,2.069,2.115,3.352,3.335,0.094,0.734
10-21-16:13:28:386  : 后复检值：CCD1,-22.612,1.364,1.067,1.635,3.43,3.119
10-21-16:13:28:402  : 动态补偿值：-0.364
10-21-16:18:02:045  : 偏差值：CCD1,0.109,44.458,-6.485,2.047,1.96,2.134,3.362,3.363,0.359,0.52
10-21-16:18:59:856  : 后复检值：CCD1,999,999,999,999,999,999
10-21-16:22:35:575  : 偏差值：CCD1,-0.061,44.408,-6.753,2.001,1.905,2.097,3.327,3.333,0.402,0.497
10-21-16:23:34:290  : 后复检值：CCD1,-22.096,1.554,1.172,1.924,3.295,3.189
10-21-16:23:34:295  : 动态补偿值：-0.2235
10-21-16:27:11:459  : 偏差值：CCD1,0.148,43.509,-6.108,1.976,1.891,2.061,3.333,3.334,0.357,0.494
10-21-16:28:14:159  : 后复检值：CCD1,-17.069,2.159,2.037,2.283,3.038,3.081
10-21-16:28:14:172  : 动态补偿值：0.0915
10-21-16:31:28:280  : 复检值1：CCD1,999,999,999,999,999,999,999,999,999,999,999,999,999,999,999,999,999,999
10-21-17:02:27:855  : 复检值1：CCD1,3.719,3.16,1.125,1.142,3.167,2.609,1.013,1.233,3.214,3.439,0.205,0.003,3.198,1.831,1.405,0.996,1.433,0.927
10-21-17:04:45:079  : 偏差值：CCD1,0.244,44.319,-6.284,2.013,1.934,2.092,3.351,3.373,0.329,0.484
10-21-17:05:36:766  : 后复检值：CCD1,999,999,999,999,999,999
10-21-17:08:28:758  : 偏差值：CCD1,0.232,44.418,-5.84,2,1.908,2.093,3.336,3.337,0.391,0.448
10-21-17:09:19:029  : 后复检值：CCD1,-16.379,2.102,1.991,2.214,3.045,3.066
10-21-17:09:19:034  : 动态补偿值：0.051
10-21-17:11:56:365  : 复检值1：CCD1,3.386,3.251,1.125,1.142,3.266,3.363,1.013,1.233,3.272,3.441,0.205,0.003,3.392,3.481,1.405,0.996,1.433,0.927
10-21-17:18:37:468  : 偏差值：CCD1,0.249,44.41,-6.812,2.007,1.905,2.109,3.364,3.354,0.412,0.47
10-21-17:21:14:892  : 后复检值：CCD1,999,999,999,999,999,999
10-21-17:24:29:733  : 偏差值：CCD1,0.242,42.475,-6.746,2.007,1.958,2.055,3.354,3.389,0.2,0.468
10-21-17:25:17:286  : 后复检值：CCD1,-18.028,2.148,2.058,2.238,3.052,3.073
10-21-17:25:17:295  : 动态补偿值：0.0705
10-21-17:27:38:677  : 复检值1：CCD1,3.243,3.267,1.125,1.142,3.254,3.418,1.013,1.233,3.331,3.283,0.205,0.003,3.217,3.322,1.405,0.996,1.433,0.927
10-21-17:34:51:225  : 偏差值：CCD1,0.268,44.169,-6.408,2.022,1.979,2.064,3.363,3.369,0.177,0.513
10-21-17:35:39:904  : 后复检值：CCD1,-15.751,2.078,1.974,2.184,3.05,3.082
10-21-17:35:39:909  : 动态补偿值：0.028
10-21-17:38:13:866  : 复检值1：CCD1,3.433,3.279,1.125,1.142,3.287,3.177,1.013,1.233,3.393,3.358,0.205,0.003,3.215,3.554,1.405,0.996,1.433,0.927
10-21-18:13:09:720  : 偏差值：CCD1,-0.056,44.293,-6.492,1.974,1.965,1.983,3.379,3.342,0.036,0.521
10-21-18:14:05:557  : 后复检值：CCD1,-16.324,2.141,2.069,2.214,3.052,3.064
10-21-18:14:05:583  : 动态补偿值：0.0835
10-21-18:16:24:810  : 复检值1：CCD1,3.285,3.315,1.125,1.142,3.242,3.327,1.013,1.233,3.385,3.305,0.205,0.003,3.766,3.398,1.405,0.996,1.433,0.927
10-21-18:19:57:554  : 复检值1：CCD1,3.288,3.328,1.125,1.142,3.238,3.334,1.013,1.233,3.385,3.617,0.205,0.003,3.764,3.407,1.405,0.996,1.433,0.927
10-21-18:23:53:320  : 偏差值：CCD1,0.031,44.289,-6.976,2.066,2.045,2.088,3.367,3.328,0.086,0.511
10-21-18:24:50:633  : 后复检值：CCD1,-15.864,2.206,2.142,2.27,3.055,3.047
10-21-18:24:50:663  : 动态补偿值：0.07
10-21-18:27:14:567  : 复检值1：CCD1,3.292,3.324,1.125,1.142,3.21,3.296,1.013,1.233,3.314,3.32,0.205,0.003,3.785,3.37,1.405,0.996,1.433,0.927
10-21-18:44:10:321  : 偏差值：CCD1,-0.008,44.313,-6.44,2.021,1.959,2.083,3.357,3.359,0.26,0.481
10-21-18:44:58:243  : 后复检值：CCD1,-16.637,2.148,2.045,2.252,3.05,3.082
10-21-18:44:58:253  : 动态补偿值：0.0635
10-21-18:47:17:073  : 复检值1：CCD1,3.329,3.206,1.125,1.142,3.233,3.417,1.013,1.233,3.312,3.262,0.205,0.003,3.376,3.441,1.405,0.996,1.433,0.927
10-21-18:50:01:057  : 偏差值：CCD1,-0.069,44.249,-6.022,1.953,1.842,2.064,3.332,3.364,0.471,0.464
10-21-18:51:21:710  : 后复检值：CCD1,-15.677,2.104,1.998,2.211,3.042,3.05
10-21-18:51:21:721  : 动态补偿值：0.0755
10-21-18:53:45:398  : 复检值1：CCD1,3.313,3.225,1.125,1.142,3.222,3.23,1.013,1.233,3.355,3.306,0.205,0.003,3.408,3.404,1.405,0.996,1.433,0.927
10-21-18:56:01:360  : 偏差值：CCD1,-0.006,44.198,-6.817,2.018,1.928,2.108,3.344,3.35,0.372,0.503
10-21-18:56:58:381  : 后复检值：CCD1,-16.02,2.163,2.075,2.252,3.061,3.07
10-21-18:56:58:410  : 动态补偿值：0.0725
10-21-18:59:30:310  : 复检值1：CCD1,3.31,3.204,1.125,1.142,3.222,3.224,1.013,1.233,3.366,3.253,0.205,0.003,3.319,3.422,1.405,0.996,1.433,0.927
10-21-19:03:00:561  : 偏差值：CCD1,-0.159,44.092,-6.269,1.866,1.776,1.956,3.345,3.357,0.377,0.534
10-21-19:03:50:482  : 后复检值：CCD1,-16.144,2.155,2.07,2.239,3.047,3.052
10-21-19:03:50:515  : 动态补偿值：0.1445
10-21-19:06:13:843  : 复检值1：CCD1,3.187,3.365,1.125,1.142,3.338,3.626,1.013,1.233,3.542,3.198,0.205,0.003,3.583,3.282,1.405,0.996,1.433,0.927
10-21-19:10:27:981  : 偏差值：CCD1,-0.15,44.192,-6.685,1.876,1.756,1.997,3.365,3.361,0.488,0.525
10-21-19:11:31:215  : 后复检值：CCD1,-15.961,2.075,1.969,2.183,3.058,3.065
10-21-19:11:31:242  : 动态补偿值：0.0995
10-21-19:14:01:440  : 复检值1：CCD1,3.239,3.31,1.125,1.142,3.287,3.557,1.013,1.233,3.495,3.289,0.205,0.003,3.203,3.357,1.405,0.996,1.433,0.927
10-21-19:18:02:846  : 偏差值：CCD1,-0.136,44.384,-5.368,1.876,1.763,1.989,3.335,3.351,0.48,0.512
10-21-19:19:01:247  : 后复检值：CCD1,-16.428,2.126,2.029,2.226,3.04,3.085
10-21-19:19:01:257  : 动态补偿值：0.125
10-21-19:21:34:338  : 复检值1：CCD1,3.197,3.333,1.125,1.142,3.313,3.621,1.013,1.233,3.553,3.283,0.205,0.003,3.27,3.295,1.405,0.996,1.433,0.927
10-21-19:25:12:506  : 偏差值：CCD1,-0.135,44.315,-6.442,1.866,1.769,1.962,3.363,3.346,0.397,0.491
10-21-19:26:15:648  : 后复检值：CCD1,-15.1,2.129,2.043,2.216,3.054,3.061
10-21-19:26:15:677  : 动态补偿值：0.1315
10-21-19:29:23:831  : 复检值1：CCD1,3.179,3.356,1.125,1.142,3.324,3.7,1.013,1.233,3.665,3.162,0.205,0.003,3.203,3.253,1.405,0.996,1.433,0.927
10-21-19:32:23:418  : 偏差值：CCD1,-0.013,44.118,-5.856,1.939,1.852,2.026,3.356,3.364,0.362,0.511
10-21-19:33:23:498  : 后复检值：CCD1,-15.87,2.162,2.083,2.241,3.056,3.058
10-21-19:33:23:505  : 动态补偿值：0.1115
10-21-19:36:01:516  : 复检值1：CCD1,3.204,3.615,1.125,1.142,3.274,2.98,1.013,1.233,3.594,3.182,0.205,0.003,3.341,3.287,1.405,0.996,1.433,0.927
10-21-19:43:58:741  : 偏差值：CCD1,-0.154,44.072,-6.518,1.9,1.785,2.015,3.343,3.358,0.476,0.522
10-21-19:44:44:959  : 后复检值：CCD1,-16.114,2.104,1.999,2.21,3.054,3.078
10-21-19:44:44:998  : 动态补偿值：0.102
10-21-19:47:00:330  : 复检值1：CCD1,3.271,3.301,1.125,1.142,3.308,3.549,1.013,1.233,3.471,3.264,0.205,0.003,3.311,3.388,1.405,0.996,1.433,0.927
10-21-19:50:28:057  : 偏差值：CCD1,-0.149,44.166,-6.653,1.888,1.774,2.003,3.337,3.352,0.482,0.533
10-21-19:51:19:596  : 后复检值：CCD1,-16.656,2.129,2.044,2.214,3.042,3.085
10-21-19:51:19:604  : 动态补偿值：0.1205
10-21-19:53:40:000  : 复检值1：CCD1,3.2,3.284,1.125,1.142,3.29,3.5,1.013,1.233,3.455,3.19,0.205,0.003,3.265,3.368,1.405,0.996,1.433,0.927
10-21-19:56:57:199  : 偏差值：CCD1,-0.143,44.27,-6.492,1.893,1.814,1.971,3.367,3.356,0.32,0.504
10-21-19:58:00:733  : 后复检值：CCD1,-15.598,2.178,2.121,2.234,3.06,3.045
10-21-19:58:00:748  : 动态补偿值：0.1425
10-21-20:00:23:147  : 复检值1：CCD1,3.316,3.298,1.125,1.142,3.284,3.504,1.013,1.233,3.406,3.257,0.205,0.003,3.219,3.289,1.405,0.996,1.433,0.927
10-21-20:04:28:534  : 偏差值：CCD1,-0.142,44.161,-6.662,1.902,1.806,1.998,3.356,3.361,0.39,0.495
10-21-20:05:15:675  : 后复检值：CCD1,-15.993,2.17,2.096,2.245,3.057,3.077
10-21-20:05:15:681  : 动态补偿值：0.134
10-21-20:11:00:626  : 复检值1：CCD1,3.246,3.309,1.125,1.142,3.296,3.56,1.013,1.233,3.476,3.254,0.205,0.003,3.237,3.313,1.405,0.996,1.433,0.927
10-21-20:17:16:132  : 偏差值：CCD1,-0.148,44.12,-6.234,1.881,1.792,1.969,3.373,3.364,0.362,0.468
10-21-20:19:28:322  : 后复检值：CCD1,-15.978,2.145,2.082,2.207,3.059,3.056
10-21-20:19:28:332  : 动态补偿值：0.132
10-21-20:21:47:905  : 复检值1：CCD1,3.253,3.315,1.125,1.142,3.307,3.569,1.013,1.233,3.422,3.317,0.205,0.003,3.213,3.312,1.405,0.996,1.433,0.927
10-21-20:31:23:530  : 偏差值：CCD1,-0.055,44.057,-7.224,1.982,1.864,2.101,3.389,3.367,0.476,0.451
10-21-20:32:32:117  : 偏差值：CCD1,-0.068,44.071,-6.929,1.97,1.85,2.089,3.389,3.369,0.481,0.451
10-21-20:33:19:589  : 后复检值：CCD1,-17.726,2.27,2.18,2.36,3.063,3.081
10-21-20:33:19:601  : 动态补偿值：0.15
10-21-20:35:38:666  : 复检值1：CCD1,3.304,3.376,1.125,1.142,3.365,3.219,1.013,1.233,3.613,3.281,0.205,0.003,3.257,3.312,1.405,0.996,1.433,0.927
10-21-20:40:03:096  : 偏差值：CCD1,-0.091,44.029,-6.72,1.945,1.935,1.956,3.364,3.371,0.042,0.499
10-21-20:41:15:570  : 后复检值：CCD1,-16.123,2.145,2.132,2.157,3.047,3.072
10-21-20:41:15:578  : 动态补偿值：0.1
10-21-20:44:00:507  : 复检值1：CCD1,3.299,3.406,1.125,1.142,3.249,3.483,1.013,1.233,3.42,3.369,0.205,0.003,3.288,3.215,1.405,0.996,1.433,0.927
10-21-20:47:32:682  : 偏差值：CCD1,-0.177,44.158,-6.724,1.86,1.791,1.929,3.379,3.352,0.282,0.517
10-21-20:48:44:544  : 后复检值：CCD1,-15.583,2.115,2.075,2.155,3.042,3.074
10-21-20:48:44:585  : 动态补偿值：0.1275
10-21-20:52:24:369  : 复检值1：CCD1,3.314,3.299,1.125,1.142,3.292,3.311,1.013,1.233,3.292,3.363,0.205,0.003,3.209,3.191,1.405,0.996,1.433,0.927
10-21-20:54:23:967  : 偏差值：CCD1,-0.143,44.019,-7.241,1.894,1.837,1.952,3.388,3.381,0.233,0.503
10-21-20:55:41:611  : 后复检值：CCD1,-16.763,2.117,2.094,2.141,3.057,3.07
10-21-20:55:41:622  : 动态补偿值：0.1115
10-21-20:58:24:961  : 复检值1：CCD1,3.243,3.385,1.125,1.142,3.256,3.436,1.013,1.233,3.382,3.37,0.205,0.003,3.216,3.251,1.405,0.996,1.433,0.927
10-21-21:01:00:161  : 偏差值：CCD1,-0.241,43.975,-7.188,1.798,1.687,1.91,3.384,3.372,0.453,0.489
10-21-21:02:15:835  : 后复检值：CCD1,-17.161,2.085,2.041,2.13,3.049,3.067
10-21-21:02:15:875  : 动态补偿值：0.1435
10-21-21:04:39:660  : 复检值1：CCD1,3.334,3.306,1.125,1.142,3.29,3.268,1.013,1.233,3.385,3.322,0.205,0.003,3.291,3.238,1.405,0.996,1.433,0.927
10-21-21:07:13:828  : 偏差值：CCD1,-0.203,44.07,-3.382,1.804,1.709,1.9,3.363,3.346,0.401,0.475
10-21-21:08:46:382  : 后复检值：CCD1,-17.023,2.084,2.033,2.135,3.041,3.058
10-21-21:08:46:390  : 动态补偿值：0.14
10-21-21:11:28:403  : 复检值1：CCD1,3.306,3.259,1.125,1.142,3.256,3.335,1.013,1.233,3.304,3.307,0.205,0.003,3.302,3.219,1.405,0.996,1.433,0.927
