09-28-14:40:03:170  : 复检值：CCD1,999,999,999,999,999,999,999,999,999,999,999,999,999,999,999,999,999,999
09-28-14:59:52:642  : 复检值：CCD1,999,999,999,999,999,999,999,999,999,999,999,999,999,999,999,999,999,999
09-28-15:01:21:193  : 复检值：CCD1,999,999,999,999,999,999,999,999,999,999,999,999,999,999,999,999,999,999
09-28-15:14:40:774  : 偏差值：CCD1,0.421,44.054
09-28-15:18:52:603  : 复检值：CCD1,999,999,999,999,999,999,999,999,999,999,999,999,999,999,999,999,999,999
09-28-15:51:50:684  : 复检值：CCD1,999,999,999,999,999,999,999,999,999,999,999,999,999,999,999,999,999,999
09-28-16:24:43:711  : 偏差值：CCD1,0.483,43.846
09-28-16:27:44:439  : 复检值：CCD1,999,999,999,999,999,999,999,999,999,999,999,999,999,999,999,999,999,999
09-28-16:39:05:685  : 偏差值：CCD1,999,999
09-28-16:40:13:018  : 偏差值：CCD1,0.386,43.987
09-28-16:44:28:573  : 复检值：CCD1,999,999,999,999,999,999,999,999,999,999,999,999,999,999,999,999,999,999
09-28-17:10:50:436  : 复检值：CCD1,999,999,999,999,999,999,999,999,999,999,999,999,999,999,999,999,999,999
09-28-17:17:45:256  : 复检值：CCD1,0.008,0.341,0.021,0.009,0.012,0.08,0.008,0.179,0.017,0.185,0.249,0.247,0.237,1.102,0.433,0.312,2.206,1.362
09-28-17:22:42:470  : 偏差值：CCD1,-0.836,43.688
09-28-17:23:48:601  : 偏差值：CCD1,0.449,43.813
09-28-17:30:10:316  : 偏差值：CCD1,0.315,43.824
09-28-17:31:18:655  : 偏差值：CCD1,0.314,43.824
09-28-17:35:24:032  : 复检值：CCD1,999,999,999,999,999,999,999,999,999,999,999,999,999,999,999,999,999,999
09-28-17:39:18:476  : 复检值：CCD1,999,999,999,999,999,999,999,999,999,999,999,999,999,999,999,999,999,999
09-28-17:45:25:933  : 复检值：CCD1,0.216,0.51,0.017,0.037,0.386,0.118,0.476,0.932,0.061,0.272,0.216,0.288,0.335,1.211,0.468,0.294,0.624,0.331
09-28-17:50:14:944  : 复检值：CCD1,0.006,0.526,0.038,0.035,0.012,0.054,0.064,1.034,0.061,0.27,0.221,0.287,0.335,1.211,0.468,0.294,0.624,0.331
