10-14-09:10:30:497  : 偏差值：CCD1,0.438,43.655,2.155,2.224,-8.74,2.189
10-14-09:21:34:674  : 偏差值：CCD1,0.36,43.7,2.004,2.191,-8.877,2.098
10-14-09:31:05:375  : 偏差值：CCD1,0.37,43.741,2.029,2.164,-7.229,2.096
10-14-09:40:00:058  : 偏差值：CCD1,0.298,43.583,1.924,2.119,-8.6,2.021
10-14-09:50:02:290  : 偏差值：CCD1,0.296,43.704,1.915,2.136,-8.294,2.025
10-14-10:01:52:790  : 偏差值：CCD1,0.281,43.768,1.887,2.118,-9.217,2.003
10-14-10:13:31:087  : 偏差值：CCD1,0.238,43.949,1.862,2.062,-8.354,1.962
10-14-11:22:40:621  : 偏差值：CCD1,0.293,44.174,3.351,3.341,-8.806,2.015
10-14-13:20:38:784  : 偏差值：CCD1,0.339,43.525,3.355,3.364,-9.312,2.062
10-14-13:27:25:524  : 偏差值：CCD1,0.229,43.745,3.367,3.372,-7.696,1.95
10-14-13:41:12:888  : 偏差值：CCD1,0.325,43.725,3.372,3.38,-10.984,2.043
10-14-13:47:08:691  : 偏差值：CCD1,0.292,43.773,3.354,3.351,-8.799,2.005
10-14-15:24:56:350  : 偏差值：CCD1,0.406,43.831,3.37,3.388,-9.018,2.119
10-14-15:26:18:986  : 后复检值：CCD1,2.197,2.264,3.053,3.055,-12.618,2.23
10-14-15:26:20:516  : 动态补偿值：0.1110001
10-14-15:31:24:348  : 后复检值：CCD1,2.172,2.256,3.046,3.07,-13.252,2.214
10-14-15:32:07:097  : 后复检值：CCD1,2.176,2.254,3.056,3.068,-13.293,2.215
10-14-15:40:40:126  : 复检值1：CCD1,3.246,3.559,0.033,0.376,3.579,3.695,0.076,0.273,3.62,3.226,0.205,0.003,3.306,3.037,0.028,0.407,1.661,1.46
10-14-15:53:29:082  : 偏差值：CCD1,0.374,43.789,3.352,3.349,-9.241,2.096
10-14-15:55:07:812  : 后复检值：CCD1,2.119,2.194,3.025,3.063,-12.997,2.156
10-14-15:55:11:289  : 动态补偿值：0.02999997
10-14-15:59:56:290  : 复检值1：CCD1,999,999,999,999,999,999,999,999,999,999,999,999,999,999,999,999,999,999
10-14-16:28:47:493  : 偏差值：CCD1,0.378,44.234,3.362,3.362,-8.898,2.077
10-14-16:31:43:594  : 后复检值：CCD1,2.188,2.207,3.055,3.048,-12.466,2.198
10-14-16:32:07:286  : 动态补偿值：0.06050003
10-14-16:54:18:659  : 复检值1：CCD1,3.25,3.412,0.033,0.376,3.533,3.618,0.076,0.273,3.447,3.276,0.205,0.003,3.348,3.21,0.028,0.407,1.409,0.784
10-14-16:59:01:751  : 偏差值：CCD1,0.378,43.751,3.357,3.38,-9.773,2.078
10-14-17:00:07:270  : 后复检值：CCD1,2.171,2.27,3.027,3.064,-12.083,2.22
10-14-17:00:16:415  : 动态补偿值：0.07099998
10-14-17:05:25:533  : 复检值1：CCD1,999,999,999,999,999,999,999,999,999,999,999,999,999,999,999,999,999,999
10-14-18:25:31:535  : 偏差值：CCD1,0.396,43.987,3.342,3.356,-8.694,2.096
10-14-18:27:20:032  : 后复检值：CCD1,2.26,2.376,3.024,3.058,-15.825,2.317
10-14-18:27:31:531  : 动态补偿值：0.1105
10-14-18:30:06:737  : 复检值1：CCD1,3.253,3.368,0.033,0.376,3.68,3.39,0.076,0.273,3.471,3.282,0.205,0.003,3.331,3.168,0.028,0.407,1.358,1.359
10-14-18:36:24:414  : 偏差值：CCD1,0.378,43.886,3.351,3.364,-10.63,2.072
10-14-18:37:39:524  : 后复检值：CCD1,2.176,2.225,3.051,3.052,-12.977,2.2
10-14-18:37:39:535  : 动态补偿值：0.06400001
10-14-18:40:13:264  : 复检值1：CCD1,3.262,3.424,0.033,0.376,3.579,3.543,0.076,0.273,3.434,3.234,0.205,0.003,3.343,3.185,0.028,0.407,1.354,1.255
10-14-18:46:13:375  : 偏差值：CCD1,0.394,43.753,3.356,3.351,-9.245,2.083
10-14-18:47:14:726  : 后复检值：CCD1,2.24,2.31,3.037,3.049,-12.949,2.275
10-14-18:47:14:732  : 动态补偿值：0.09600008
10-14-18:49:57:351  : 复检值1：CCD1,3.297,3.41,0.033,0.376,3.512,3.346,0.076,0.273,3.485,3.328,0.205,0.003,3.341,3.169,0.028,0.407,1.454,0.504
