10-18-09:35:12:196  : 偏差值：CCD1,-0.138,42.188,-6.537,1.927,1.879,1.975,3.357,3.389,0.198,0.389
10-18-09:46:00:492  : 偏差值：CCD1,-0.133,44.239,-6.879,1.931,1.907,1.956,3.37,3.372,0.1,0.394
10-18-09:50:09:076  : 复检值1：CCD1,3.237,3.269,0.033,0.376,3.26,3.55,0.076,0.273,3.347,3.276,0.205,0.003,3.143,3.223,0.028,0.407,1.692,0.387
10-18-10:18:43:538  : 偏差值：CCD1,999,999,999,999
10-18-10:20:59:464  : 偏差值：CCD1,-0.108,46.838,-6.723,1.956,1.943,1.968,3.342,3.358,0.051,0.392
10-18-10:22:34:104  : 偏差值：CCD1,-0.092,44.306,-6.94,1.953,1.943,1.963,3.346,3.354,0.04,0.394
10-18-10:24:05:113  : 后复检值：CCD1,-15.684,2.122,2.097,2.147,3.068,3.092
10-18-10:24:05:136  : 动态补偿值：0.0845
10-18-10:27:02:457  : 复检值1：CCD1,3.231,3.271,0.033,0.376,3.268,3.373,0.076,0.273,3.357,3.292,0.205,0.003,3.147,3.198,0.028,0.407,1.533,1.364
10-18-11:26:32:415  : 偏差值：CCD1,-0.067,44.242,-7.558,1.969,1.978,1.959,3.338,3.352,359.96,0.315
10-18-11:27:42:941  : 后复检值：CCD1,-14.657,2.221,2.237,2.204,3.038,3.096
10-18-11:27:42:956  : 动态补偿值：0.126
10-18-11:33:21:165  : 复检值1：CCD1,3.264,3.2,0.033,0.376,3.203,3.534,0.076,0.273,3.311,3.443,0.205,0.003,3.247,3.051,0.028,0.407,1.233,1.595
10-18-11:45:57:249  : 复检值1：CCD1,3.26,3.197,0.033,0.376,3.203,3.353,0.076,0.273,3.312,3.445,0.205,0.003,3.251,3.25,0.028,0.407,1.204,1.584
10-18-12:00:03:397  : 偏差值：CCD1,-0.025,44.063,-6.5,2.049,2.051,2.047,3.386,3.348,359.992,0.331
10-18-12:01:07:110  : 后复检值：CCD1,-16.159,2.239,2.259,2.22,3.08,3.063
10-18-12:01:07:114  : 动态补偿值：0.095
10-18-12:03:38:566  : 复检值1：CCD1,3.27,3.249,0.033,0.376,3.23,3.368,0.076,0.273,3.389,3.396,0.205,0.003,3.158,3.208,0.028,0.407,1.341,0.926
10-18-13:16:20:073  : 偏差值：CCD1,-0.012,44.102,-7.043,2.006,1.975,2.036,3.375,3.378,0.125,0.312
10-18-13:17:19:626  : 后复检值：CCD1,-16.216,2.176,2.169,2.183,3.068,3.088
10-18-13:17:19:633  : 动态补偿值：0.085
10-18-13:20:07:191  : 复检值1：CCD1,3.242,3.283,0.033,0.376,3.283,3.385,0.076,0.273,3.406,3.301,0.205,0.003,3.147,3.268,0.028,0.407,1.426,3.381
10-18-13:26:44:495  : 复检值1：CCD1,999,999,999,999,999,999,999,999,999,999,999,999,999,999,999,999,999,999
10-18-13:34:32:905  : 偏差值：CCD1,-0.095,44.26,-6.729,2.115,2.09,2.14,3.376,3.373,0.1,0.323
10-18-13:35:44:510  : 后复检值：CCD1,-16.846,2.231,2.244,2.217,3.073,3.071
10-18-13:35:44:538  : 动态补偿值：0.058
10-18-13:38:28:014  : 复检值1：CCD1,3.287,3.219,0.033,0.376,3.22,3.232,0.076,0.273,3.298,3.369,0.205,0.003,3.19,3.216,0.028,0.407,1.687,1.108
10-18-13:50:43:426  : 偏差值：CCD1,-0.069,44.255,-6.794,2.105,2.093,2.117,3.356,3.38,0.05,0.418
10-18-13:51:45:178  : 后复检值：CCD1,-16.218,2.212,2.207,2.218,3.079,3.085
10-18-13:51:45:188  : 动态补偿值：0.0535
10-18-13:54:32:182  : 复检值1：CCD1,999,999,999,999,999,999,999,999,999,999,999,999,999,999,999,999,999,999
10-18-14:00:51:661  : 偏差值：CCD1,999,999,999,999
10-18-14:01:47:279  : 偏差值：CCD1,999,999,999,999
10-18-14:03:21:487  : 偏差值：CCD1,999,999,999,999
10-18-14:04:57:249  : 偏差值：CCD1,-0.048,45.201,-5.272,2.069,2.052,2.085,3.307,3.368,0.073,0.432
10-18-14:08:19:571  : 后复检值：CCD1,-16.088,2.22,2.211,2.23,3.033,3.095
10-18-14:08:19:586  : 动态补偿值：0.0755
10-18-14:13:20:310  : 偏差值：CCD1,-0.068,44.515,-6.589,1.974,1.957,1.99,3.327,3.35,0.069,0.423
10-18-14:14:22:143  : 后复检值：CCD1,-14.841,2.231,2.23,2.232,3.062,3.065
10-18-14:14:22:155  : 动态补偿值：0.1285
10-18-14:16:57:410  : 复检值1：CCD1,3.208,3.213,0.033,0.376,3.248,3.211,0.076,0.273,3.306,3.177,0.205,0.003,3.143,3.196,0.028,0.407,1.51,1.127
10-18-14:31:14:692  : 偏差值：CCD1,-0.021,44.057,-6.628,2.011,1.999,2.024,3.343,3.342,0.053,0.426
10-18-14:33:09:479  : 后复检值：CCD1,-16.454,2.205,2.207,2.202,3.059,3.089
10-18-14:33:09:487  : 动态补偿值：0.097
10-18-14:35:54:803  : 复检值1：CCD1,3.205,3.271,0.033,0.376,3.285,3.382,0.076,0.273,3.399,3.282,0.205,0.003,3.147,3.199,0.028,0.407,0.796,0.711
10-18-15:20:18:176  : 偏差值：CCD1,-0.031,44.335,-6.166,2.008,1.981,2.035,3.345,3.35,0.114,0.403
10-18-15:21:18:395  : 后复检值：CCD1,-16.064,2.174,2.164,2.184,3.056,3.07
10-18-15:21:18:403  : 动态补偿值：0.083
10-18-15:23:59:166  : 复检值1：CCD1,3.233,3.293,0.033,0.376,3.307,3.384,0.076,0.273,3.372,3.265,0.205,0.003,3.149,3.233,0.028,0.407,1.167,1.632
10-18-15:29:47:894  : 偏差值：CCD1,-0.001,44.008,-7.256,2.046,2.038,2.054,3.337,3.348,0.031,0.4
10-18-15:30:55:957  : 后复检值：CCD1,-16.476,2.205,2.205,2.206,3.068,3.068
10-18-15:30:55:963  : 动态补偿值：0.0795
10-18-15:35:00:771  : 复检值1：CCD1,3.226,3.274,0.033,0.376,3.286,3.365,0.076,0.273,3.357,3.308,0.205,0.003,3.15,3.23,0.028,0.407,1.433,1.079
10-18-15:45:10:434  : 偏差值：CCD1,-0.01,44.315,-7.719,2.035,1.995,2.075,3.344,3.374,0.166,0.396
10-18-15:46:12:284  : 后复检值：CCD1,-16.122,2.181,2.187,2.174,3.079,3.087
10-18-15:46:12:294  : 动态补偿值：0.073
10-18-15:49:37:197  : 复检值1：CCD1,3.252,3.305,0.033,0.376,3.307,3.382,0.076,0.273,3.405,3.29,0.205,0.003,3.152,3.279,0.028,0.407,1.678,2.051
10-18-16:00:33:017  : 偏差值：CCD1,-0.061,44.228,-7.128,1.983,1.96,2.006,3.375,3.346,0.094,0.395
10-18-16:01:49:423  : 后复检值：CCD1,-16.293,2.188,2.187,2.19,3.056,3.078
10-18-16:01:49:435  : 动态补偿值：0.1025
10-18-16:04:27:491  : 复检值1：CCD1,3.269,3.228,0.033,0.376,3.216,3.349,0.076,0.273,3.324,3.363,0.205,0.003,3.171,3.211,0.028,0.407,1.059,1.742
10-18-16:08:48:228  : 偏差值：CCD1,-0.091,44.444,-6.947,1.943,1.95,1.935,3.372,3.355,359.969,0.413
10-18-16:09:48:925  : 后复检值：CCD1,-16.195,2.192,2.193,2.19,3.07,3.03
10-18-16:09:48:954  : 动态补偿值：0.1245
10-18-16:12:24:121  : 复检值1：CCD1,3.265,3.201,0.033,0.376,3.203,3.345,0.076,0.273,3.298,3.399,0.205,0.003,3.167,3.207,0.028,0.407,1.312,1.247
10-18-16:49:39:799  : 偏差值：CCD1,-0.124,44.625,-6.338,1.908,1.892,1.925,3.339,3.361,0.068,0.39
10-18-16:50:44:755  : 后复检值：CCD1,-15.525,2.122,2.125,2.12,3.073,3.074
10-18-16:50:44:759  : 动态补偿值：0.107
10-18-16:53:30:416  : 复检值1：CCD1,3.224,3.249,0.033,0.376,3.243,3.298,0.076,0.273,3.334,3.316,0.205,0.003,3.154,3.166,0.028,0.407,1.343,1.094
10-18-17:01:46:358  : 偏差值：CCD1,999,999,999,999
10-18-17:08:35:614  : 偏差值：CCD1,-0.074,22.484,-7.154,1.959,1.974,1.945,3.356,3.359,359.941,0.394
10-18-17:12:39:336  : 偏差值：CCD1,-0.079,44.107,-7.051,1.954,1.971,1.938,3.357,3.354,359.93,0.394
10-18-17:13:45:685  : 后复检值：CCD1,-16.498,2.186,2.2,2.173,3.066,3.064
10-18-17:13:45:722  : 动态补偿值：0.116
10-18-17:16:24:460  : 复检值1：CCD1,3.286,3.187,0.033,0.376,3.193,3.353,0.076,0.273,3.324,3.426,0.205,0.003,3.195,3.16,0.028,0.407,1.179,1.381
10-18-17:26:44:928  : 偏差值：CCD1,-0.091,44.289,-6.759,1.945,1.953,1.937,3.343,3.33,359.968,0.408
10-18-17:27:49:480  : 后复检值：CCD1,-16.146,2.177,2.183,2.172,3.073,3.073
10-18-17:27:49:501  : 动态补偿值：0.116
10-18-17:30:21:822  : 复检值1：CCD1,3.254,3.186,0.033,0.376,3.184,3.621,0.076,0.273,3.333,3.413,0.205,0.003,3.334,3.189,0.028,0.407,1.757,1.069
10-18-18:00:33:557  : 偏差值：CCD1,-0.032,43.756,-5.945,1.999,1.967,2.031,3.336,3.34,0.134,0.393
10-18-18:03:26:964  : 后复检值：CCD1,999,999,999,999,999,999
10-18-18:11:18:472  : 偏差值：CCD1,-0.07,8.79,-6.436,1.95,1.974,1.926,3.333,3.355,359.898,0.389
10-18-18:12:19:291  : 偏差值：CCD1,-0.073,49.958,-6.27,1.95,1.975,1.924,3.335,3.354,359.893,0.386
10-18-18:16:21:173  : 偏差值：CCD1,-0.092,44.257,-6.448,1.933,1.954,1.911,3.333,3.347,359.91,0.389
10-18-18:20:28:604  : 后复检值：CCD1,-16.331,2.12,2.133,2.108,3.069,3.058
10-18-18:20:28:608  : 动态补偿值：0.0935
10-18-18:29:13:581  : 复检值1：CCD1,3.232,3.22,0.033,0.376,3.215,3.277,0.076,0.273,3.348,3.328,0.205,0.003,3.368,3.177,0.028,0.407,1.339,1.919
10-18-19:00:01:529  : 偏差值：CCD1,-0.116,44.167,-7.071,1.922,1.92,1.924,3.359,3.36,0.008,0.407
10-18-19:01:14:922  : 后复检值：CCD1,-17.582,2.099,2.074,2.124,3.076,3.091
10-18-19:01:14:932  : 动态补偿值：0.0885
10-18-19:08:34:800  : 复检值1：CCD1,3.226,3.234,0.033,0.376,3.225,3.321,0.076,0.273,3.317,3.279,0.205,0.003,3.147,3.214,0.028,0.407,1.389,0.509
10-18-19:10:40:588  : 复检值1：CCD1,3.226,3.229,0.033,0.376,3.233,3.305,0.076,0.273,3.318,3.279,0.205,0.003,3.148,3.214,0.028,0.407,1.393,0.492
