10-19-08:57:56:981  : 偏差值：CCD1,-0.119,44.388,-6.731,1.963,1.979,1.947,3.361,3.36,359.933,0.382
10-19-08:58:59:655  : 后复检值：CCD1,-17.262,2.067,2.078,2.057,3.102,3.077
10-19-08:58:59:678  : 动态补偿值：0.052
10-19-09:25:33:675  : 偏差值：CCD1,-0.14,43.021,-6.856,1.929,1.913,1.944,3.331,3.347,0.064,0.382
10-19-09:26:47:415  : 后复检值：CCD1,-17.478,2.159,2.163,2.155,3.058,3.073
10-19-09:26:47:427  : 动态补偿值：0.115
10-19-13:54:47:932  : 偏差值：CCD1,-0.171,44.596,-3.146,1.85,1.852,1.847,2.864,2.854,359.993,0.371
10-19-14:03:45:187  : 偏差值：CCD1,-0.303,44.449,-4.127,1.732,1.708,1.756,2.864,2.854,0.064,0.386
10-19-14:06:42:077  : 后复检值：CCD,0
10-19-14:07:27:077  : 后复检值：CCD,0
10-19-14:07:54:872  : 后复检值：CCD,0
10-19-14:08:15:871  : 后复检值：CCD,0
10-19-14:23:48:404  : 偏差值：CCD1,-0.285,44.241,-2.259,1.791,1.747,1.835,2.864,2.854,0.12,0.199
10-19-14:25:35:800  : 后复检值：CCD1,999,999,999,999,999,999
10-19-14:26:06:563  : 后复检值：CCD1,999,999,999,999,999,999
10-19-14:26:19:538  : 后复检值：CCD1,999,999,999,999,999,999
10-19-14:26:34:574  : 后复检值：CCD1,999,999,999,999,999,999
10-19-14:29:51:677  : 复检值1：CCD1,999,999,999,999,999,999,999,999,999,999,999,999,999,999,999,999,999,999
10-19-14:46:39:600  : 偏差值：CCD1,-0.299,44.361,-5.193,1.752,1.587,1.917,2.864,2.854,0.434,0.326
10-19-14:48:26:198  : 后复检值：CCD1,999,999,999,999,999,999
10-19-14:54:52:832  : 偏差值：CCD1,-0.239,44.21,-1.811,1.779,1.744,1.815,2.864,2.854,0.094,0.405
10-19-15:02:06:702  : 偏差值：CCD1,-0.042,44.33,-2.497,2.059,2.153,1.964,2.864,2.854,359.751,0.362
10-19-15:27:30:826  : 偏差值：CCD1,0.208,44.227,-1.851,1.787,1.678,1.895,2.864,2.854,0.297,0.424
10-19-15:34:45:082  : 偏差值：CCD1,0.248,44.226,-4.575,1.768,1.674,1.862,2.864,2.854,0.27,0.424
10-19-15:44:43:838  : 偏差值：CCD1,0.251,44.224,-4.576,1.771,1.679,1.863,2.864,2.854,0.264,0.43
10-19-15:59:54:833  : 偏差值：CCD1,-0.234,44.227,-2.512,1.776,1.682,1.869,2.864,2.854,0.25,0.43
10-19-16:11:35:214  : 偏差值：CCD1,-0.247,44.261,-3.821,1.763,1.671,1.856,2.864,2.854,0.24,0.437
10-19-16:22:59:256  : 偏差值：CCD1,-0.223,44.345,-2.067,1.786,1.696,1.876,2.864,2.854,0.235,0.412
10-19-16:40:41:108  : 偏差值：CCD1,-0.352,44.463,-5.182,1.68,1.57,1.791,2.864,2.854,0.291,0.396
10-19-17:12:36:048  : 偏差值：CCD1,-0.131,44.47,-4.024,1.884,1.828,1.941,2.864,2.854,0.15,0.387
10-19-17:34:09:984  : 偏差值：CCD1,-0.213,43.276,-2.071,1.854,1.772,1.935,2.864,2.854,0.212,0.237
10-19-18:27:52:692  : 偏差值：CCD1,999,999,999,999
10-19-18:34:07:906  : 偏差值：CCD1,-0.177,44.504,-4.921,1.869,2.109,1.629,2.864,2.854,359.376,0.418
10-19-18:40:41:446  : 偏差值：CCD1,-0.357,44.479,-2.786,1.678,1.728,1.629,2.864,2.854,359.873,0.413
10-19-20:07:08:678  : 偏差值：CCD1,999,999,999,999
10-19-20:08:20:840  : 偏差值：CCD1,999,999,999,999
10-19-20:15:54:192  : 偏差值：CCD1,-1.25,44.491,-2.9,1.967,1.983,1.952,2.864,2.854,359.959,0.372
10-19-21:01:14:717  : 偏差值：CCD1,-1.022,44.422,-2.753,2.188,1.999,2.378,2.864,2.854,0.479,0.414
10-19-21:18:20:729  : 偏差值：CCD1,-1.241,44.42,-5.077,1.985,1.914,2.056,2.864,2.854,0.186,0.387
10-19-21:36:19:531  : 偏差值：CCD1,-1.195,44.28,-2.223,2.005,1.977,2.032,2.864,2.854,0.069,0.395
10-19-21:38:37:670  : 偏差值：CCD1,-1.193,44.376,-2.29,2.001,1.979,2.023,2.864,2.854,0.057,0.386
10-19-21:55:10:805  : 偏差值：CCD1,-1.196,44.334,-4.338,2.036,1.921,2.152,2.864,2.854,0.311,0.311
10-19-22:00:23:021  : 偏差值：CCD1,-1.105,44.319,-2.471,2.116,2.099,2.132,2.864,2.854,0.044,0.313
10-19-22:16:50:098  : 偏差值：CCD1,-1.225,44.536,-5.186,1.994,1.854,2.134,2.864,2.854,0.371,0.429
10-19-22:28:00:805  : 偏差值：CCD1,-1.208,44.527,-5.209,2.015,1.856,2.174,2.864,2.854,0.417,0.434
