10-15-09:52:50:041  : 偏差值：CCD1,3.724,43.21,3.339,3.343,-8.398,2.092
10-15-10:00:03:558  : 偏差值：CCD1,0.402,44.278,3.34,3.343,-7.985,2.086
10-15-10:01:55:476  : 后复检值：CCD1,1.982,2.241,3.056,3.057,-12.409,2.112
10-15-10:01:55:484  : 动态补偿值：0.013
10-15-10:04:44:160  : 复检值1：CCD1,3.429,3.636,0.033,0.376,3.409,3.529,0.076,0.273,3.376,3.343,0.205,0.003,3.3,3.197,0.028,0.407,2.612,2.355
10-15-10:58:46:384  : 偏差值：CCD1,0.423,44.05,-8.948,2.111,2.009,2.214,3.367,3.388
10-15-11:00:33:328  : 后复检值：CCD1,-13.031,2.194,2.117,2.271,3.127,3.086
10-15-11:00:33:364  : 动态补偿值：0.0415
10-15-11:04:05:539  : 复检值1：CCD1,3.291,3.38,0.033,0.376,3.367,3.378,0.076,0.273,3.358,3.235,0.205,0.003,3.18,3.247,0.028,0.407,2.661,3.049
10-15-11:28:27:106  : 偏差值：CCD1,0.429,43.991,-8.952,2.107,1.999,2.215,3.374,3.381
10-15-11:29:29:219  : 后复检值：CCD1,-13.835,2.233,2.164,2.303,3.064,3.059
10-15-11:29:29:251  : 动态补偿值：0.063
10-15-11:32:06:086  : 复检值1：CCD1,999,999,999,999,999,999,999,999,999,999,999,999,999,999,999,999,999,999
10-15-16:14:22:607  : 偏差值：CCD1,0.477,43.874,-9.503,2.02,1.964,2.075,3.354,3.35,0.2,0.417
10-15-16:16:44:455  : 后复检值：CCD1,-17.288,2.184,2.196,2.172,3.132,3.136
10-15-16:16:44:469  : 动态补偿值：0.082
10-15-16:33:39:565  : 偏差值：CCD1,-0.063,44.288,-8.645,2.037,1.964,2.109,3.368,3.372,0.259,0.438
10-15-16:35:00:660  : 后复检值：CCD1,-13.539,2.145,2.107,2.183,3.065,3.072
10-15-16:35:00:670  : 动态补偿值：0.054
10-15-16:37:41:596  : 复检值1：CCD1,999,999,999,999,999,999,999,999,999,999,999,999,999,999,999,999,999,999
10-15-16:48:10:999  : 复检值1：CCD1,3.312,3.354,0.033,0.376,3.349,3.442,0.076,0.273,3.416,3.256,0.205,0.003,3.259,3.31,0.028,0.407,1.711,1.573
10-15-17:00:28:736  : 偏差值：CCD1,-0.089,44.312,-8.811,2.004,1.938,2.071,3.333,3.35,0.24,0.412
10-15-17:01:46:083  : 后复检值：CCD1,-13.601,2.157,2.135,2.18,3.048,3.066
10-15-17:01:46:105  : 动态补偿值：0.0765
10-15-17:04:25:077  : 复检值1：CCD1,999,999,999,999,999,999,999,999,999,999,999,999,999,999,999,999,999,999
10-15-17:10:57:191  : 复检值1：CCD1,3.246,3.311,0.033,0.376,3.294,3.382,0.076,0.273,3.372,3.342,0.205,0.003,3.181,3.218,0.028,0.407,1.579,1.583
10-15-17:12:00:245  : 复检值1：CCD1,3.246,3.309,0.033,0.376,3.296,3.391,0.076,0.273,3.372,3.337,0.205,0.003,3.181,3.218,0.028,0.407,1.58,1.662
10-15-17:13:03:383  : 复检值1：CCD1,3.245,3.309,0.033,0.376,3.296,3.389,0.076,0.273,3.372,3.337,0.205,0.003,3.181,3.218,0.028,0.407,1.577,1.611
10-15-17:25:19:731  : 偏差值：CCD1,999,999,999,999
10-15-17:29:10:018  : 偏差值：CCD1,-0.079,44.099,-8.826,2.009,1.938,2.081,3.347,3.378,0.261,0.406
10-15-17:30:19:864  : 后复检值：CCD1,-13.92,2.17,2.143,2.196,3.066,3.056
10-15-17:30:19:901  : 动态补偿值：0.0805
10-15-17:33:01:566  : 复检值1：CCD1,3.238,3.321,0.033,0.376,3.309,3.37,0.076,0.273,3.321,3.285,0.205,0.003,3.179,3.219,0.028,0.407,1.496,1.532
10-15-18:44:47:013  : 偏差值：CCD1,-0.032,44.347,-8.55,2.062,2.004,2.122,3.351,3.37,0.217,0.405
10-15-18:46:10:074  : 后复检值：CCD1,999,999,999,999,999,999
10-15-18:50:24:001  : 偏差值：CCD1,999,999,999,999
10-15-18:55:43:166  : 偏差值：CCD1,-0.108,44.338,-8.343,1.972,1.906,2.039,3.341,3.391,0.238,0.402
10-15-18:57:27:645  : 后复检值：CCD1,-13.601,2.141,2.117,2.165,3.061,3.072
10-15-18:57:27:656  : 动态补偿值：0.0845
10-15-19:00:05:725  : 复检值1：CCD1,3.247,3.302,0.033,0.376,3.291,3.387,0.076,0.273,3.375,3.317,0.205,0.003,3.178,3.204,0.028,0.407,1.645,1.473
10-15-19:05:55:921  : 偏差值：CCD1,-0.067,44.474,-8.308,2.008,1.947,2.069,3.338,3.357,0.223,0.406
10-15-19:07:02:014  : 后复检值：CCD1,999,999,999,999,999,999
10-15-19:13:27:370  : 偏差值：CCD1,999,999,999,999
10-15-19:15:16:395  : 偏差值：CCD1,-0.133,44.641,-9.209,1.935,1.862,2.007,3.361,3.361,0.257,0.388
10-15-19:16:17:359  : 后复检值：CCD1,-13.376,2.14,2.104,2.176,3.075,3.075
10-15-19:16:17:368  : 动态补偿值：0.1025
10-15-19:19:22:554  : 复检值1：CCD1,3.242,3.269,0.033,0.376,3.263,3.455,0.076,0.273,3.29,3.32,0.205,0.003,3.176,3.212,0.028,0.407,1.836,1.447
10-15-19:26:06:089  : 偏差值：CCD1,-0.146,44.42,-8.171,1.923,1.864,1.983,3.345,3.368,0.218,0.391
10-15-19:27:16:316  : 后复检值：CCD1,-13.72,2.132,2.088,2.175,3.07,3.058
10-15-19:27:16:323  : 动态补偿值：0.1045
10-15-19:29:56:650  : 复检值1：CCD1,3.242,3.26,0.033,0.376,3.234,3.397,0.076,0.273,3.302,3.29,0.205,0.003,3.2,3.193,0.028,0.407,1.418,1.659
10-15-19:35:24:885  : 偏差值：CCD1,-0.13,44.46,-9.005,1.945,1.864,2.025,3.344,3.357,0.285,0.417
10-15-19:36:26:724  : 后复检值：CCD1,-13.556,2.127,2.107,2.147,3.065,3.062
10-15-19:36:26:730  : 动态补偿值：0.091
10-15-19:39:02:892  : 复检值1：CCD1,3.257,3.278,0.033,0.376,3.263,2.974,0.076,0.273,3.335,3.345,0.205,0.003,3.246,3.201,0.028,0.407,1.305,1.531
10-15-19:45:24:185  : 偏差值：CCD1,-0.094,44.322,-8.664,1.976,1.904,2.049,3.359,3.373,0.259,0.416
10-15-19:46:23:122  : 后复检值：CCD1,-13.652,2.122,2.075,2.168,3.064,3.079
10-15-19:46:23:151  : 动态补偿值：0.073
10-15-19:49:01:793  : 复检值1：CCD1,3.282,3.34,0.033,0.376,3.319,2.606,0.076,0.273,3.358,3.238,0.205,0.003,3.205,3.293,0.028,0.407,1.601,1.506
10-15-19:53:52:662  : 偏差值：CCD1,-0.099,44.417,-8.746,1.974,1.9,2.048,3.354,3.366,0.265,0.413
10-15-19:55:01:212  : 后复检值：CCD1,-13.644,2.144,2.123,2.164,3.074,3.077
10-15-19:55:01:221  : 动态补偿值：0.085
10-15-19:57:38:128  : 复检值1：CCD1,3.234,3.295,0.033,0.376,3.277,3.376,0.076,0.273,3.307,3.207,0.205,0.003,3.175,3.205,0.028,0.407,1.415,1.585
10-15-20:03:04:070  : 偏差值：CCD1,-0.116,44.652,-8.779,1.956,1.877,2.036,3.333,3.364,0.285,0.412
10-15-20:04:10:067  : 后复检值：CCD1,-13.325,2.185,2.171,2.198,3.053,3.062
10-15-20:04:10:094  : 动态补偿值：0.1145
10-15-20:06:52:477  : 复检值1：CCD1,3.303,3.231,0.033,0.376,3.212,3.379,0.076,0.273,3.275,3.21,0.205,0.003,3.198,3.236,0.028,0.407,1.435,0.881
10-15-20:08:17:378  : 复检值1：CCD1,3.303,3.229,0.033,0.376,3.213,3.361,0.076,0.273,3.262,3.206,0.205,0.003,3.199,3.232,0.028,0.407,1.445,1.454
10-15-20:12:42:442  : 偏差值：CCD1,-0.087,44.597,-8.629,1.988,1.919,2.056,3.353,3.35,0.247,0.416
10-15-20:13:46:523  : 后复检值：CCD1,-13.511,2.185,2.175,2.196,3.068,3.053
10-15-20:13:46:535  : 动态补偿值：0.0985
10-15-20:16:26:990  : 复检值1：CCD1,3.266,3.272,0.033,0.376,3.244,3.374,0.076,0.273,3.279,3.345,0.205,0.003,3.19,3.19,0.028,0.407,1.463,1.309
10-15-20:19:49:290  : 偏差值：CCD1,-0.044,44.056,-11.664,2.055,1.997,2.113,3.363,3.372,0.204,0.424
10-15-20:22:10:669  : 后复检值：CCD1,-15.092,2.221,2.218,2.225,3.061,3.068
10-15-20:22:10:676  : 动态补偿值：0.083
10-15-20:24:56:559  : 复检值1：CCD1,3.243,3.302,0.033,0.376,3.281,3.368,0.076,0.273,3.417,3.263,0.205,0.003,3.198,3.197,0.028,0.407,1.512,0.686
10-15-20:26:04:300  : 复检值1：CCD1,3.246,3.297,0.033,0.376,3.28,3.375,0.076,0.273,3.419,3.229,0.205,0.003,3.2,3.199,0.028,0.407,1.518,1.242
10-15-20:27:11:971  : 复检值1：CCD1,3.247,3.299,0.033,0.376,3.28,3.37,0.076,0.273,3.418,3.229,0.205,0.003,3.199,3.201,0.028,0.407,1.515,1.308
10-15-20:31:01:833  : 偏差值：CCD1,-0.066,44.214,-8.583,2.009,1.958,2.061,3.329,3.38,0.189,0.422
10-15-20:32:12:000  : 后复检值：CCD1,-14.015,2.208,2.198,2.219,3.055,3.056
10-15-20:32:12:005  : 动态补偿值：0.0995
10-15-20:35:06:644  : 复检值1：CCD1,3.26,3.296,0.033,0.376,3.275,3.377,0.076,0.273,3.365,3.207,0.205,0.003,3.19,3.184,0.028,0.407,1.05,1.345
10-15-20:36:27:823  : 复检值1：CCD1,3.26,3.293,0.033,0.376,3.275,3.349,0.076,0.273,3.368,3.216,0.205,0.003,3.191,3.188,0.028,0.407,1.038,1.378
10-15-20:41:47:860  : 偏差值：CCD1,0.037,44.387,-8.797,2.042,1.97,2.114,3.366,3.369,0.256,0.398
10-15-20:43:05:609  : 后复检值：CCD1,-14.892,2.184,2.163,2.206,3.082,3.059
10-15-20:43:05:616  : 动态补偿值：0.071
10-15-20:46:07:435  : 复检值1：CCD1,3.329,3.419,0.033,0.376,3.428,3.483,0.076,0.273,3.503,3.268,0.205,0.003,3.187,3.328,0.028,0.407,1.513,1.484
