10-08-09:09:49:082  : 偏差值：CCD1,999,999
10-08-09:11:02:632  : 偏差值：CCD1,0.358,43.922
10-08-09:15:19:749  : 复检值：CCD1,0.02,0.224,0.009,0.071,0.003,0.007,0.057,0.261,0.299,0.219,0.157,0.008,0.209,0.333,0.197,0.12,2.861,0.694
10-08-09:22:28:169  : 偏差值：CCD1,0.338,43.764
10-08-09:26:49:730  : 复检值：CCD1,999,999,999,999,999,999,999,999,999,999,999,999,999,999,999,999,999,999
10-08-09:42:54:788  : 偏差值：CCD1,0.314,43.887
10-08-09:47:32:922  : 复检值：CCD1,999,999,999,999,999,999,999,999,999,999,999,999,999,999,999,999,999,999
10-08-10:18:32:048  : 偏差值：CCD1,0.314,43.853
10-08-10:50:38:732  : 偏差值：CCD1,0.245,44.005
10-08-11:20:34:064  : 偏差值：CCD1,0.409,44.019
10-08-11:29:52:977  : 偏差值：CCD1,0.282,43.725
10-08-11:38:31:057  : 偏差值：CCD1,0.305,43.672
10-08-13:05:40:045  : 偏差值：CCD1,0.368,43.902
10-08-13:13:00:764  : 偏差值：CCD1,0.342,43.794
10-08-13:20:13:585  : 偏差值：CCD1,0.271,43.648
10-08-13:26:41:040  : 偏差值：CCD1,0.328,44.142
10-08-13:38:48:284  : 偏差值：CCD1,0.295,44.068
10-08-13:47:10:942  : 偏差值：CCD1,0.321,43.839
10-08-13:55:36:009  : 偏差值：CCD1,0.298,43.707
10-08-14:56:25:106  : 偏差值：CCD1,999,999
10-08-15:04:46:848  : 偏差值：CCD1,0.262,45.034
10-08-15:14:08:991  : 复检值：CCD1,999,999,999,999,999,999,999,999,999,999,999,999,999,999,999,999,999,999
10-08-15:35:46:966  : 偏差值：CCD1,0.388,46.47
10-08-15:43:14:071  : 偏差值：CCD1,0.339,-235.174
10-08-15:51:07:777  : 偏差值：CCD1,0.256,46.52
10-08-17:04:03:797  : 偏差值：CCD1,999,999
10-08-17:12:11:908  : 偏差值：CCD1,0.349,44.24
10-08-17:16:52:337  : 复检值：CCD1,999,999,999,999,999,999,999,999,999,999,999,999,999,999,999,999,999,999
10-08-17:31:12:826  : 复检值：CCD1,0.011,0.379,0.15,0.097,0.253,0.218,0.029,0.318,0.113,0.965,0.28,0.003,0.213,0.128,0.038,0.41,1.959,0.84
10-08-17:41:11:515  : 复检值：CCD1,0.014,0.398,0.015,0.329,0.101,0.155,0.029,0.319,0.112,0.614,0.285,0.002,0.215,0.091,0.034,0.409,2.102,1.087
10-08-17:44:07:836  : 复检值：CCD1,0.012,0.375,0.015,0.332,0.101,0.21,0.028,0.32,0.112,0.612,0.284,0.002,0.535,0.149,0.035,0.409,1.773,1.041
10-08-17:48:14:643  : 复检值：CCD1,0.011,0.379,0.015,0.33,0.095,0.232,0.028,0.32,0.119,0.373,0.279,0.004,0.535,0.128,0.037,0.409,1.807,1.059
10-08-17:50:55:047  : 复检值：CCD1,999,999,999,999,999,999,999,999,999,999,999,999,999,999,999,999,999,999
10-08-17:54:24:334  : 复检值：CCD1,0.011,0.402,0.01,0.334,0.085,0.199,0.044,0.308,0.109,0.794,0.281,0.004,0.204,0.1,0.034,0.408,2.106,0.769
10-08-17:55:45:369  : 复检值：CCD1,0.016,0.407,0.014,0.33,0.087,0.227,0.031,0.315,0.117,0.33,0.281,0.003,0.256,1.204,0.033,0.408,1.774,0.756
10-08-17:56:53:144  : 复检值：CCD1,0.016,0.388,0.01,0.319,0.087,0.2,0.03,0.314,0.12,0.355,0.28,0.004,0.204,1.205,0.032,0.393,2.111,0.75
10-08-17:57:59:733  : 复检值：CCD1,0.016,0.377,0.01,0.321,0.085,0.225,0.029,0.314,0.119,0.325,0.28,0.004,0.245,0.159,0.031,0.409,1.774,0.815
10-08-17:59:09:183  : 复检值：CCD1,0.02,0.375,0.011,0.328,0.084,0.226,0.03,0.314,0.119,0.32,0.279,0.002,0.238,0.132,0.031,0.407,1.76,1.152
10-08-18:00:14:673  : 复检值：CCD1,0.016,0.379,0.015,0.328,0.1,0.154,0.031,0.315,0.111,0.32,0.275,0.002,0.281,0.122,0.032,0.407,1.715,0.899
10-08-18:05:09:696  : 偏差值：CCD1,999,999
10-08-18:09:15:570  : 复检值：CCD1,999,999,999,999,999,999,999,999,999,999,999,999,999,999,999,999,999,999
10-08-18:14:55:426  : 偏差值：CCD1,0.276,44.164
10-08-18:25:36:776  : 复检值：CCD1,999,999,999,999,999,999,999,999,999,999,999,999,999,999,999,999,999,999
10-08-18:28:57:108  : 复检值：CCD1,0.02,0.441,0.03,0.291,0.016,0.191,0.072,0.308,0.1,0.523,0.225,0.002,0.167,0.079,0.035,0.422,1.969,0.987
10-08-18:31:49:164  : 偏差值：CCD1,0.329,44.1
10-08-18:35:48:269  : 复检值：CCD1,0.045,0.21,0.079,0.117,0.033,0.243,0.081,0.011,0.118,0.343,0.076,0.007,0.075,0.274,0.034,0.451,1.821,0.958
10-08-18:52:33:246  : 偏差值：CCD1,0.702,44.236
10-08-18:58:31:279  : 复检值：CCD1,0.019,0.383,0.033,0.376,0.004,0.28,0.178,0.685,0.138,0.683,0.205,0.003,0.155,0.906,0.028,0.407,1.976,0.906
10-08-19:09:24:406  : 偏差值：CCD1,0.665,43.917
10-08-19:13:31:892  : 复检值：CCD1,0.032,0.199,0.107,0.31,0.032,0.155,0.2,0.346,0.108,0.508,0.217,0.008,0.225,0.882,0.011,0.173,1.721,0.715
10-08-19:17:32:784  : 偏差值：CCD1,0.749,44.017
10-08-19:21:40:307  : 复检值：CCD1,0.039,0.086,0.012,0.359,0.03,0.197,0.32,0.479,0.087,0.51,0.238,0.008,0.23,0.188,0.763,0.705,1.775,0.483
10-08-19:27:36:541  : 偏差值：CCD1,0.735,44.064
10-08-19:32:19:869  : 复检值：CCD1,0.233,0.277,0.106,0.265,0.062,0.2,0.23,0.292,0.089,0.556,0.217,0.007,0.212,0.162,0.017,0.163,1.813,0.574
